<?xml version="1.0" encoding="UTF-8"?>
<!-- Generated by org.testng.reporters.JUnitXMLReporter -->
<testsuite ignored="0" hostname="Farjanas-Air" failures="1" tests="1" name="Amazon Home" time="11.359" errors="0" timestamp="2020-09-05T07:18:53 EDT">
  <testcase classname="home.HomePageTest" name="testValidateWholeFoodBeverages" time="4.586">
    <failure type="java.lang.AssertionError" message="Test failed expected [Amazon.com: Whole Foods Market] but found [Amazon.com: Beverages: Whole Foods Market]">
      <![CDATA[java.lang.AssertionError: Test failed expected [Amazon.com: Whole Foods Market] but found [Amazon.com: Beverages: Whole Foods Market]
at home.HomePage.validateWholeFoodBeverages(HomePage.java:540)
at home.HomePageTest.testValidateWholeFoodBeverages(HomePageTest.java:188)
at java.base/java.util.ArrayList.forEach(ArrayList.java:1540)
... Removed 35 stack frames]]>
    </failure>
  </testcase> <!-- testValidateWholeFoodBeverages -->
</testsuite> <!-- Amazon Home -->
