<?xml version="1.0" encoding="UTF-8"?>
<!-- Generated by org.testng.reporters.JUnitXMLReporter -->
<testsuite ignored="0" hostname="DESKTOP-F15B8L7" failures="0" tests="7" name="Amazon Home" time="83.437" errors="0" timestamp="2020-08-31T21:17:33 PDT">
  <testcase classname="search.SearchTest" name="testSearchMultipleItems" time="4.769"/>
  <testcase classname="search.SearchTest" name="testSearchSingleItem" time="3.073"/>
  <testcase classname="search.SearchTest" name="testValidateAllDropDown" time="0.102"/>
  <testcase classname="search.SearchTest" name="testValidateSearchItemsFromMySQL" time="14.636"/>
  <testcase classname="search.SearchTest" name="testVerifyPurellTextIsDisplayed" time="4.585"/>
  <testcase classname="search.SearchTest" name="testVerifySearchRandomBooksByTitle" time="4.661"/>
  <testcase classname="search.SearchTest" name="testVerifySearchRandomBooksByURL" time="5.115"/>
</testsuite> <!-- Amazon Home -->
