<?xml version="1.0" encoding="UTF-8"?>
<!-- Generated by org.testng.reporters.JUnitXMLReporter -->
<testsuite ignored="8" hostname="DESKTOP-F15B8L7" failures="7" tests="54" name="Amazon Home" time="449.539" errors="0" timestamp="2020-09-25T23:29:06 PDT">
  <testcase classname="base.CommonAPI" name="@BeforeMethod setUp" time="59.097">
    <failure type="org.openqa.selenium.SessionNotCreatedException" message="session not created
from disconnected: unable to connect to renderer
  (Session info: chrome=85.0.4183.121)
Build info: version: &amp;apos;3.141.59&amp;apos;, revision: &amp;apos;e82be7d358&amp;apos;, time: &amp;apos;2018-11-14T08:17:03&amp;apos;
System info: host: &amp;apos;DESKTOP-F15B8L7&amp;apos;, ip: &amp;apos;169.254.252.52&amp;apos;, os.name: &amp;apos;Windows 10&amp;apos;, os.arch: &amp;apos;amd64&amp;apos;, os.version: &amp;apos;10.0&amp;apos;, java.version: &amp;apos;11.0.5&amp;apos;
Driver info: driver.version: ChromeDriver
remote stacktrace: Backtrace:
	Ordinal0 [0x00A287E3+2852835]
	Ordinal0 [0x00915BB1+1727409]
	Ordinal0 [0x007EE4B9+517305]
	Ordinal0 [0x007E4EA3+478883]
	Ordinal0 [0x007EF300+520960]
	Ordinal0 [0x0079E489+189577]
	Ordinal0 [0x0079D7FD+186365]
	Ordinal0 [0x0079B70B+177931]
	Ordinal0 [0x00782584+75140]
	Ordinal0 [0x00783650+79440]
	Ordinal0 [0x007835E9+79337]
	Ordinal0 [0x0092AD5C+1813852]
	GetHandleVerifier [0x00B4C616+1075574]
	GetHandleVerifier [0x00B4C367+1074887]
	GetHandleVerifier [0x00B57497+1120247]
	GetHandleVerifier [0x00B4CC16+1077110]
	Ordinal0 [0x00923206+1782278]
	Ordinal0 [0x0092C3BB+1819579]
	Ordinal0 [0x0092C523+1819939]
	Ordinal0 [0x00942B45+1911621]
	BaseThreadInitThunk [0x75C66359+25]
	RtlGetAppContainerNamedObjectPath [0x77077C24+228]
	RtlGetAppContainerNamedObjectPath [0x77077BF4+180]
">
      <![CDATA[org.openqa.selenium.SessionNotCreatedException: session not created
from disconnected: unable to connect to renderer
  (Session info: chrome=85.0.4183.121)
Build info: version: '3.141.59', revision: 'e82be7d358', time: '2018-11-14T08:17:03'
System info: host: 'DESKTOP-F15B8L7', ip: '169.254.252.52', os.name: 'Windows 10', os.arch: 'amd64', os.version: '10.0', java.version: '11.0.5'
Driver info: driver.version: ChromeDriver
remote stacktrace: Backtrace:
Ordinal0 [0x00A287E3+2852835]
Ordinal0 [0x00915BB1+1727409]
Ordinal0 [0x007EE4B9+517305]
Ordinal0 [0x007E4EA3+478883]
Ordinal0 [0x007EF300+520960]
Ordinal0 [0x0079E489+189577]
Ordinal0 [0x0079D7FD+186365]
Ordinal0 [0x0079B70B+177931]
Ordinal0 [0x00782584+75140]
Ordinal0 [0x00783650+79440]
Ordinal0 [0x007835E9+79337]
Ordinal0 [0x0092AD5C+1813852]
GetHandleVerifier [0x00B4C616+1075574]
GetHandleVerifier [0x00B4C367+1074887]
GetHandleVerifier [0x00B57497+1120247]
GetHandleVerifier [0x00B4CC16+1077110]
Ordinal0 [0x00923206+1782278]
Ordinal0 [0x0092C3BB+1819579]
Ordinal0 [0x0092C523+1819939]
Ordinal0 [0x00942B45+1911621]
BaseThreadInitThunk [0x75C66359+25]
RtlGetAppContainerNamedObjectPath [0x77077C24+228]
RtlGetAppContainerNamedObjectPath [0x77077BF4+180]

at org.openqa.selenium.remote.W3CHandshakeResponse.lambda$errorHandler$0(W3CHandshakeResponse.java:62)
at org.openqa.selenium.remote.HandshakeResponse.lambda$getResponseFunction$0(HandshakeResponse.java:30)
at org.openqa.selenium.remote.ProtocolHandshake.lambda$createSession$0(ProtocolHandshake.java:126)
at java.base/java.util.stream.ReferencePipeline$3$1.accept(ReferencePipeline.java:195)
at java.base/java.util.Spliterators$ArraySpliterator.tryAdvance(Spliterators.java:958)
at java.base/java.util.stream.ReferencePipeline.forEachWithCancel(ReferencePipeline.java:127)
at java.base/java.util.stream.AbstractPipeline.copyIntoWithCancel(AbstractPipeline.java:502)
at java.base/java.util.stream.AbstractPipeline.copyInto(AbstractPipeline.java:488)
at java.base/java.util.stream.AbstractPipeline.wrapAndCopyInto(AbstractPipeline.java:474)
at java.base/java.util.stream.FindOps$FindOp.evaluateSequential(FindOps.java:150)
at java.base/java.util.stream.AbstractPipeline.evaluate(AbstractPipeline.java:234)
at java.base/java.util.stream.ReferencePipeline.findFirst(ReferencePipeline.java:543)
at org.openqa.selenium.remote.ProtocolHandshake.createSession(ProtocolHandshake.java:128)
at org.openqa.selenium.remote.ProtocolHandshake.createSession(ProtocolHandshake.java:74)
at org.openqa.selenium.remote.HttpCommandExecutor.execute(HttpCommandExecutor.java:136)
at org.openqa.selenium.remote.service.DriverCommandExecutor.execute(DriverCommandExecutor.java:83)
at org.openqa.selenium.remote.RemoteWebDriver.execute(RemoteWebDriver.java:552)
at org.openqa.selenium.remote.RemoteWebDriver.startSession(RemoteWebDriver.java:213)
at org.openqa.selenium.remote.RemoteWebDriver.<init>(RemoteWebDriver.java:131)
at org.openqa.selenium.chrome.ChromeDriver.<init>(ChromeDriver.java:181)
at org.openqa.selenium.chrome.ChromeDriver.<init>(ChromeDriver.java:168)
at org.openqa.selenium.chrome.ChromeDriver.<init>(ChromeDriver.java:157)
at base.CommonAPI.getLocalDriver(CommonAPI.java:168)
at base.CommonAPI.setUp(CommonAPI.java:144)
at java.base/java.util.ArrayList.forEach(ArrayList.java:1540)
... Removed 39 stack frames]]>
    </failure>
  </testcase> <!-- @BeforeMethod setUp -->
  <testcase classname="base.CommonAPI" name="@BeforeMethod startExtent" time="-1.601101566577E9">
    <skipped/>
  </testcase> <!-- @BeforeMethod startExtent -->
  <testcase classname="home.HomePageTest" name="@BeforeMethod getInit" time="-1.601101566577E9">
    <skipped/>
  </testcase> <!-- @BeforeMethod getInit -->
  <testcase classname="base.CommonAPI" name="@AfterMethod afterEachTestMethod" time="-1.601101566579E9">
    <skipped/>
  </testcase> <!-- @AfterMethod afterEachTestMethod -->
  <testcase classname="base.CommonAPI" name="@BeforeMethod setUp" time="-1.60110156658E9">
    <skipped/>
  </testcase> <!-- @BeforeMethod setUp -->
  <testcase classname="base.CommonAPI" name="@BeforeMethod startExtent" time="-1.60110156658E9">
    <skipped/>
  </testcase> <!-- @BeforeMethod startExtent -->
  <testcase classname="home.HomePageTest" name="@BeforeMethod getInit" time="-1.60110156658E9">
    <skipped/>
  </testcase> <!-- @BeforeMethod getInit -->
  <testcase classname="base.CommonAPI" name="@AfterMethod afterEachTestMethod" time="-1.601101566581E9">
    <skipped/>
  </testcase> <!-- @AfterMethod afterEachTestMethod -->
  <testcase classname="base.CommonAPI" name="@BeforeMethod setUp" time="-1.601101566582E9">
    <skipped/>
  </testcase> <!-- @BeforeMethod setUp -->
  <testcase classname="base.CommonAPI" name="@BeforeMethod startExtent" time="-1.601101566582E9">
    <skipped/>
  </testcase> <!-- @BeforeMethod startExtent -->
  <testcase classname="home.HomePageTest" name="@BeforeMethod getInit" time="-1.601101566582E9">
    <skipped/>
  </testcase> <!-- @BeforeMethod getInit -->
  <testcase classname="base.CommonAPI" name="@AfterMethod afterEachTestMethod" time="-1.601101566582E9">
    <skipped/>
  </testcase> <!-- @AfterMethod afterEachTestMethod -->
  <testcase classname="base.CommonAPI" name="@BeforeMethod setUp" time="-1.601101566583E9">
    <skipped/>
  </testcase> <!-- @BeforeMethod setUp -->
  <testcase classname="base.CommonAPI" name="@BeforeMethod startExtent" time="-1.601101566583E9">
    <skipped/>
  </testcase> <!-- @BeforeMethod startExtent -->
  <testcase classname="home.HomePageTest" name="@BeforeMethod getInit" time="-1.601101566583E9">
    <skipped/>
  </testcase> <!-- @BeforeMethod getInit -->
  <testcase classname="base.CommonAPI" name="@AfterMethod afterEachTestMethod" time="-1.601101566584E9">
    <skipped/>
  </testcase> <!-- @AfterMethod afterEachTestMethod -->
  <testcase classname="base.CommonAPI" name="@BeforeMethod setUp" time="-1.601101566584E9">
    <skipped/>
  </testcase> <!-- @BeforeMethod setUp -->
  <testcase classname="base.CommonAPI" name="@BeforeMethod startExtent" time="-1.601101566585E9">
    <skipped/>
  </testcase> <!-- @BeforeMethod startExtent -->
  <testcase classname="home.HomePageTest" name="@BeforeMethod getInit" time="-1.601101566585E9">
    <skipped/>
  </testcase> <!-- @BeforeMethod getInit -->
  <testcase classname="base.CommonAPI" name="@AfterMethod afterEachTestMethod" time="-1.601101566585E9">
    <skipped/>
  </testcase> <!-- @AfterMethod afterEachTestMethod -->
  <testcase classname="base.CommonAPI" name="@BeforeMethod setUp" time="-1.601101566587E9">
    <skipped/>
  </testcase> <!-- @BeforeMethod setUp -->
  <testcase classname="base.CommonAPI" name="@BeforeMethod startExtent" time="-1.601101566587E9">
    <skipped/>
  </testcase> <!-- @BeforeMethod startExtent -->
  <testcase classname="home.HomePageTest" name="@BeforeMethod getInit" time="-1.601101566588E9">
    <skipped/>
  </testcase> <!-- @BeforeMethod getInit -->
  <testcase classname="base.CommonAPI" name="@AfterMethod afterEachTestMethod" time="-1.601101566589E9">
    <skipped/>
  </testcase> <!-- @AfterMethod afterEachTestMethod -->
  <testcase classname="base.CommonAPI" name="@BeforeMethod setUp" time="-1.601101566589E9">
    <skipped/>
  </testcase> <!-- @BeforeMethod setUp -->
  <testcase classname="base.CommonAPI" name="@BeforeMethod startExtent" time="-1.601101566593E9">
    <skipped/>
  </testcase> <!-- @BeforeMethod startExtent -->
  <testcase classname="home.HomePageTest" name="@BeforeMethod getInit" time="-1.601101566593E9">
    <skipped/>
  </testcase> <!-- @BeforeMethod getInit -->
  <testcase classname="base.CommonAPI" name="@AfterMethod afterEachTestMethod" time="-1.601101566594E9">
    <skipped/>
  </testcase> <!-- @AfterMethod afterEachTestMethod -->
  <testcase classname="base.CommonAPI" name="@BeforeMethod setUp" time="-1.601101566595E9">
    <skipped/>
  </testcase> <!-- @BeforeMethod setUp -->
  <testcase classname="base.CommonAPI" name="@BeforeMethod startExtent" time="-1.601101566595E9">
    <skipped/>
  </testcase> <!-- @BeforeMethod startExtent -->
  <testcase classname="home.HomePageTest" name="@BeforeMethod getInit" time="-1.601101566595E9">
    <skipped/>
  </testcase> <!-- @BeforeMethod getInit -->
  <testcase classname="base.CommonAPI" name="@AfterMethod afterEachTestMethod" time="-1.601101566596E9">
    <skipped/>
  </testcase> <!-- @AfterMethod afterEachTestMethod -->
  <testcase classname="base.CommonAPI" name="@BeforeMethod setUp" time="-1.601101566598E9">
    <skipped/>
  </testcase> <!-- @BeforeMethod setUp -->
  <testcase classname="base.CommonAPI" name="@BeforeMethod startExtent" time="-1.601101566598E9">
    <skipped/>
  </testcase> <!-- @BeforeMethod startExtent -->
  <testcase classname="home.HomePageTest" name="@BeforeMethod getInit" time="-1.601101566598E9">
    <skipped/>
  </testcase> <!-- @BeforeMethod getInit -->
  <testcase classname="base.CommonAPI" name="@AfterMethod afterEachTestMethod" time="-1.601101566598E9">
    <skipped/>
  </testcase> <!-- @AfterMethod afterEachTestMethod -->
  <testcase classname="base.CommonAPI" name="@BeforeMethod setUp" time="-1.6011015666E9">
    <skipped/>
  </testcase> <!-- @BeforeMethod setUp -->
  <testcase classname="base.CommonAPI" name="@BeforeMethod startExtent" time="-1.601101566602E9">
    <skipped/>
  </testcase> <!-- @BeforeMethod startExtent -->
  <testcase classname="home.HomePageTest" name="@BeforeMethod getInit" time="-1.601101566602E9">
    <skipped/>
  </testcase> <!-- @BeforeMethod getInit -->
  <testcase classname="base.CommonAPI" name="@AfterMethod afterEachTestMethod" time="-1.601101566603E9">
    <skipped/>
  </testcase> <!-- @AfterMethod afterEachTestMethod -->
  <testcase classname="base.CommonAPI" name="@BeforeMethod setUp" time="61.171">
    <failure type="org.openqa.selenium.SessionNotCreatedException" message="session not created
from disconnected: unable to connect to renderer
  (Session info: chrome=85.0.4183.121)
Build info: version: &amp;apos;3.141.59&amp;apos;, revision: &amp;apos;e82be7d358&amp;apos;, time: &amp;apos;2018-11-14T08:17:03&amp;apos;
System info: host: &amp;apos;DESKTOP-F15B8L7&amp;apos;, ip: &amp;apos;169.254.252.52&amp;apos;, os.name: &amp;apos;Windows 10&amp;apos;, os.arch: &amp;apos;amd64&amp;apos;, os.version: &amp;apos;10.0&amp;apos;, java.version: &amp;apos;11.0.5&amp;apos;
Driver info: driver.version: ChromeDriver
remote stacktrace: Backtrace:
	Ordinal0 [0x00A287E3+2852835]
	Ordinal0 [0x00915BB1+1727409]
	Ordinal0 [0x007EE4B9+517305]
	Ordinal0 [0x007E4EA3+478883]
	Ordinal0 [0x007EF300+520960]
	Ordinal0 [0x0079E489+189577]
	Ordinal0 [0x0079D7FD+186365]
	Ordinal0 [0x0079B70B+177931]
	Ordinal0 [0x00782584+75140]
	Ordinal0 [0x00783650+79440]
	Ordinal0 [0x007835E9+79337]
	Ordinal0 [0x0092AD5C+1813852]
	GetHandleVerifier [0x00B4C616+1075574]
	GetHandleVerifier [0x00B4C367+1074887]
	GetHandleVerifier [0x00B57497+1120247]
	GetHandleVerifier [0x00B4CC16+1077110]
	Ordinal0 [0x00923206+1782278]
	Ordinal0 [0x0092C3BB+1819579]
	Ordinal0 [0x0092C523+1819939]
	Ordinal0 [0x00942B45+1911621]
	BaseThreadInitThunk [0x75C66359+25]
	RtlGetAppContainerNamedObjectPath [0x77077C24+228]
	RtlGetAppContainerNamedObjectPath [0x77077BF4+180]
">
      <![CDATA[org.openqa.selenium.SessionNotCreatedException: session not created
from disconnected: unable to connect to renderer
  (Session info: chrome=85.0.4183.121)
Build info: version: '3.141.59', revision: 'e82be7d358', time: '2018-11-14T08:17:03'
System info: host: 'DESKTOP-F15B8L7', ip: '169.254.252.52', os.name: 'Windows 10', os.arch: 'amd64', os.version: '10.0', java.version: '11.0.5'
Driver info: driver.version: ChromeDriver
remote stacktrace: Backtrace:
Ordinal0 [0x00A287E3+2852835]
Ordinal0 [0x00915BB1+1727409]
Ordinal0 [0x007EE4B9+517305]
Ordinal0 [0x007E4EA3+478883]
Ordinal0 [0x007EF300+520960]
Ordinal0 [0x0079E489+189577]
Ordinal0 [0x0079D7FD+186365]
Ordinal0 [0x0079B70B+177931]
Ordinal0 [0x00782584+75140]
Ordinal0 [0x00783650+79440]
Ordinal0 [0x007835E9+79337]
Ordinal0 [0x0092AD5C+1813852]
GetHandleVerifier [0x00B4C616+1075574]
GetHandleVerifier [0x00B4C367+1074887]
GetHandleVerifier [0x00B57497+1120247]
GetHandleVerifier [0x00B4CC16+1077110]
Ordinal0 [0x00923206+1782278]
Ordinal0 [0x0092C3BB+1819579]
Ordinal0 [0x0092C523+1819939]
Ordinal0 [0x00942B45+1911621]
BaseThreadInitThunk [0x75C66359+25]
RtlGetAppContainerNamedObjectPath [0x77077C24+228]
RtlGetAppContainerNamedObjectPath [0x77077BF4+180]

at org.openqa.selenium.remote.W3CHandshakeResponse.lambda$errorHandler$0(W3CHandshakeResponse.java:62)
at org.openqa.selenium.remote.HandshakeResponse.lambda$getResponseFunction$0(HandshakeResponse.java:30)
at org.openqa.selenium.remote.ProtocolHandshake.lambda$createSession$0(ProtocolHandshake.java:126)
at java.base/java.util.stream.ReferencePipeline$3$1.accept(ReferencePipeline.java:195)
at java.base/java.util.Spliterators$ArraySpliterator.tryAdvance(Spliterators.java:958)
at java.base/java.util.stream.ReferencePipeline.forEachWithCancel(ReferencePipeline.java:127)
at java.base/java.util.stream.AbstractPipeline.copyIntoWithCancel(AbstractPipeline.java:502)
at java.base/java.util.stream.AbstractPipeline.copyInto(AbstractPipeline.java:488)
at java.base/java.util.stream.AbstractPipeline.wrapAndCopyInto(AbstractPipeline.java:474)
at java.base/java.util.stream.FindOps$FindOp.evaluateSequential(FindOps.java:150)
at java.base/java.util.stream.AbstractPipeline.evaluate(AbstractPipeline.java:234)
at java.base/java.util.stream.ReferencePipeline.findFirst(ReferencePipeline.java:543)
at org.openqa.selenium.remote.ProtocolHandshake.createSession(ProtocolHandshake.java:128)
at org.openqa.selenium.remote.ProtocolHandshake.createSession(ProtocolHandshake.java:74)
at org.openqa.selenium.remote.HttpCommandExecutor.execute(HttpCommandExecutor.java:136)
at org.openqa.selenium.remote.service.DriverCommandExecutor.execute(DriverCommandExecutor.java:83)
at org.openqa.selenium.remote.RemoteWebDriver.execute(RemoteWebDriver.java:552)
at org.openqa.selenium.remote.RemoteWebDriver.startSession(RemoteWebDriver.java:213)
at org.openqa.selenium.remote.RemoteWebDriver.<init>(RemoteWebDriver.java:131)
at org.openqa.selenium.chrome.ChromeDriver.<init>(ChromeDriver.java:181)
at org.openqa.selenium.chrome.ChromeDriver.<init>(ChromeDriver.java:168)
at org.openqa.selenium.chrome.ChromeDriver.<init>(ChromeDriver.java:157)
at base.CommonAPI.getLocalDriver(CommonAPI.java:168)
at base.CommonAPI.setUp(CommonAPI.java:144)
at java.base/java.util.ArrayList.forEach(ArrayList.java:1540)
... Removed 38 stack frames]]>
    </failure>
  </testcase> <!-- @BeforeMethod setUp -->
  <testcase classname="base.CommonAPI" name="@BeforeMethod startExtent" time="-1.601101627776E9">
    <skipped/>
  </testcase> <!-- @BeforeMethod startExtent -->
  <testcase classname="registration.RegistrationPageTest" name="@BeforeMethod getInit" time="-1.601101627776E9">
    <skipped/>
  </testcase> <!-- @BeforeMethod getInit -->
  <testcase classname="base.CommonAPI" name="@AfterMethod afterEachTestMethod" time="-1.601101627777E9">
    <skipped/>
  </testcase> <!-- @AfterMethod afterEachTestMethod -->
  <testcase classname="base.CommonAPI" name="@BeforeMethod setUp" time="-1.601101627777E9">
    <skipped/>
  </testcase> <!-- @BeforeMethod setUp -->
  <testcase classname="base.CommonAPI" name="@BeforeMethod startExtent" time="-1.601101627778E9">
    <skipped/>
  </testcase> <!-- @BeforeMethod startExtent -->
  <testcase classname="registration.RegistrationPageTest" name="@BeforeMethod getInit" time="-1.601101627778E9">
    <skipped/>
  </testcase> <!-- @BeforeMethod getInit -->
  <testcase classname="base.CommonAPI" name="@AfterMethod afterEachTestMethod" time="-1.601101627779E9">
    <skipped/>
  </testcase> <!-- @AfterMethod afterEachTestMethod -->
  <testcase classname="base.CommonAPI" name="@BeforeMethod setUp" time="-1.60110162778E9">
    <skipped/>
  </testcase> <!-- @BeforeMethod setUp -->
  <testcase classname="base.CommonAPI" name="@BeforeMethod startExtent" time="-1.60110162778E9">
    <skipped/>
  </testcase> <!-- @BeforeMethod startExtent -->
  <testcase classname="registration.RegistrationPageTest" name="@BeforeMethod getInit" time="-1.60110162778E9">
    <skipped/>
  </testcase> <!-- @BeforeMethod getInit -->
  <testcase classname="base.CommonAPI" name="@AfterMethod afterEachTestMethod" time="-1.601101627781E9">
    <skipped/>
  </testcase> <!-- @AfterMethod afterEachTestMethod -->
  <testcase classname="base.CommonAPI" name="@BeforeMethod setUp" time="-1.601101627781E9">
    <skipped/>
  </testcase> <!-- @BeforeMethod setUp -->
  <testcase classname="base.CommonAPI" name="@BeforeMethod startExtent" time="-1.601101627782E9">
    <skipped/>
  </testcase> <!-- @BeforeMethod startExtent -->
  <testcase classname="registration.RegistrationPageTest" name="@BeforeMethod getInit" time="-1.601101627782E9">
    <skipped/>
  </testcase> <!-- @BeforeMethod getInit -->
  <testcase classname="base.CommonAPI" name="@AfterMethod afterEachTestMethod" time="-1.601101627782E9">
    <skipped/>
  </testcase> <!-- @AfterMethod afterEachTestMethod -->
  <testcase classname="base.CommonAPI" name="@BeforeMethod setUp" time="-1.601101627783E9">
    <skipped/>
  </testcase> <!-- @BeforeMethod setUp -->
  <testcase classname="base.CommonAPI" name="@BeforeMethod startExtent" time="-1.601101627783E9">
    <skipped/>
  </testcase> <!-- @BeforeMethod startExtent -->
  <testcase classname="registration.RegistrationPageTest" name="@BeforeMethod getInit" time="-1.601101627783E9">
    <skipped/>
  </testcase> <!-- @BeforeMethod getInit -->
  <testcase classname="base.CommonAPI" name="@AfterMethod afterEachTestMethod" time="-1.601101627784E9">
    <skipped/>
  </testcase> <!-- @AfterMethod afterEachTestMethod -->
  <testcase classname="base.CommonAPI" name="@BeforeMethod setUp" time="-1.601101627785E9">
    <skipped/>
  </testcase> <!-- @BeforeMethod setUp -->
  <testcase classname="base.CommonAPI" name="@BeforeMethod startExtent" time="-1.601101627785E9">
    <skipped/>
  </testcase> <!-- @BeforeMethod startExtent -->
  <testcase classname="registration.RegistrationPageTest" name="@BeforeMethod getInit" time="-1.601101627785E9">
    <skipped/>
  </testcase> <!-- @BeforeMethod getInit -->
  <testcase classname="base.CommonAPI" name="@AfterMethod afterEachTestMethod" time="-1.601101627786E9">
    <skipped/>
  </testcase> <!-- @AfterMethod afterEachTestMethod -->
  <testcase classname="base.CommonAPI" name="@BeforeMethod setUp" time="-1.601101627787E9">
    <skipped/>
  </testcase> <!-- @BeforeMethod setUp -->
  <testcase classname="base.CommonAPI" name="@BeforeMethod startExtent" time="-1.601101627787E9">
    <skipped/>
  </testcase> <!-- @BeforeMethod startExtent -->
  <testcase classname="registration.RegistrationPageTest" name="@BeforeMethod getInit" time="-1.601101627788E9">
    <skipped/>
  </testcase> <!-- @BeforeMethod getInit -->
  <testcase classname="base.CommonAPI" name="@AfterMethod afterEachTestMethod" time="-1.601101627789E9">
    <skipped/>
  </testcase> <!-- @AfterMethod afterEachTestMethod -->
  <testcase classname="base.CommonAPI" name="@BeforeMethod setUp" time="-1.601101627791E9">
    <skipped/>
  </testcase> <!-- @BeforeMethod setUp -->
  <testcase classname="base.CommonAPI" name="@BeforeMethod startExtent" time="-1.601101627791E9">
    <skipped/>
  </testcase> <!-- @BeforeMethod startExtent -->
  <testcase classname="registration.RegistrationPageTest" name="@BeforeMethod getInit" time="-1.601101627791E9">
    <skipped/>
  </testcase> <!-- @BeforeMethod getInit -->
  <testcase classname="base.CommonAPI" name="@AfterMethod afterEachTestMethod" time="-1.601101627792E9">
    <skipped/>
  </testcase> <!-- @AfterMethod afterEachTestMethod -->
  <testcase classname="base.CommonAPI" name="@BeforeMethod setUp" time="-1.601101627793E9">
    <skipped/>
  </testcase> <!-- @BeforeMethod setUp -->
  <testcase classname="base.CommonAPI" name="@BeforeMethod startExtent" time="-1.601101627793E9">
    <skipped/>
  </testcase> <!-- @BeforeMethod startExtent -->
  <testcase classname="registration.RegistrationPageTest" name="@BeforeMethod getInit" time="-1.601101627793E9">
    <skipped/>
  </testcase> <!-- @BeforeMethod getInit -->
  <testcase classname="base.CommonAPI" name="@AfterMethod afterEachTestMethod" time="-1.601101627793E9">
    <skipped/>
  </testcase> <!-- @AfterMethod afterEachTestMethod -->
  <testcase classname="base.CommonAPI" name="@BeforeMethod setUp" time="-1.601101627794E9">
    <skipped/>
  </testcase> <!-- @BeforeMethod setUp -->
  <testcase classname="base.CommonAPI" name="@BeforeMethod startExtent" time="-1.601101627794E9">
    <skipped/>
  </testcase> <!-- @BeforeMethod startExtent -->
  <testcase classname="registration.RegistrationPageTest" name="@BeforeMethod getInit" time="-1.601101627794E9">
    <skipped/>
  </testcase> <!-- @BeforeMethod getInit -->
  <testcase classname="base.CommonAPI" name="@AfterMethod afterEachTestMethod" time="-1.601101627795E9">
    <skipped/>
  </testcase> <!-- @AfterMethod afterEachTestMethod -->
  <testcase classname="base.CommonAPI" name="@BeforeMethod setUp" time="59.716">
    <failure type="org.openqa.selenium.SessionNotCreatedException" message="session not created
from disconnected: unable to connect to renderer
  (Session info: chrome=85.0.4183.121)
Build info: version: &amp;apos;3.141.59&amp;apos;, revision: &amp;apos;e82be7d358&amp;apos;, time: &amp;apos;2018-11-14T08:17:03&amp;apos;
System info: host: &amp;apos;DESKTOP-F15B8L7&amp;apos;, ip: &amp;apos;169.254.252.52&amp;apos;, os.name: &amp;apos;Windows 10&amp;apos;, os.arch: &amp;apos;amd64&amp;apos;, os.version: &amp;apos;10.0&amp;apos;, java.version: &amp;apos;11.0.5&amp;apos;
Driver info: driver.version: ChromeDriver
remote stacktrace: Backtrace:
	Ordinal0 [0x00A287E3+2852835]
	Ordinal0 [0x00915BB1+1727409]
	Ordinal0 [0x007EE4B9+517305]
	Ordinal0 [0x007E4EA3+478883]
	Ordinal0 [0x007EF300+520960]
	Ordinal0 [0x0079E489+189577]
	Ordinal0 [0x0079D7FD+186365]
	Ordinal0 [0x0079B70B+177931]
	Ordinal0 [0x00782584+75140]
	Ordinal0 [0x00783650+79440]
	Ordinal0 [0x007835E9+79337]
	Ordinal0 [0x0092AD5C+1813852]
	GetHandleVerifier [0x00B4C616+1075574]
	GetHandleVerifier [0x00B4C367+1074887]
	GetHandleVerifier [0x00B57497+1120247]
	GetHandleVerifier [0x00B4CC16+1077110]
	Ordinal0 [0x00923206+1782278]
	Ordinal0 [0x0092C3BB+1819579]
	Ordinal0 [0x0092C523+1819939]
	Ordinal0 [0x00942B45+1911621]
	BaseThreadInitThunk [0x75C66359+25]
	RtlGetAppContainerNamedObjectPath [0x77077C24+228]
	RtlGetAppContainerNamedObjectPath [0x77077BF4+180]
">
      <![CDATA[org.openqa.selenium.SessionNotCreatedException: session not created
from disconnected: unable to connect to renderer
  (Session info: chrome=85.0.4183.121)
Build info: version: '3.141.59', revision: 'e82be7d358', time: '2018-11-14T08:17:03'
System info: host: 'DESKTOP-F15B8L7', ip: '169.254.252.52', os.name: 'Windows 10', os.arch: 'amd64', os.version: '10.0', java.version: '11.0.5'
Driver info: driver.version: ChromeDriver
remote stacktrace: Backtrace:
Ordinal0 [0x00A287E3+2852835]
Ordinal0 [0x00915BB1+1727409]
Ordinal0 [0x007EE4B9+517305]
Ordinal0 [0x007E4EA3+478883]
Ordinal0 [0x007EF300+520960]
Ordinal0 [0x0079E489+189577]
Ordinal0 [0x0079D7FD+186365]
Ordinal0 [0x0079B70B+177931]
Ordinal0 [0x00782584+75140]
Ordinal0 [0x00783650+79440]
Ordinal0 [0x007835E9+79337]
Ordinal0 [0x0092AD5C+1813852]
GetHandleVerifier [0x00B4C616+1075574]
GetHandleVerifier [0x00B4C367+1074887]
GetHandleVerifier [0x00B57497+1120247]
GetHandleVerifier [0x00B4CC16+1077110]
Ordinal0 [0x00923206+1782278]
Ordinal0 [0x0092C3BB+1819579]
Ordinal0 [0x0092C523+1819939]
Ordinal0 [0x00942B45+1911621]
BaseThreadInitThunk [0x75C66359+25]
RtlGetAppContainerNamedObjectPath [0x77077C24+228]
RtlGetAppContainerNamedObjectPath [0x77077BF4+180]

at org.openqa.selenium.remote.W3CHandshakeResponse.lambda$errorHandler$0(W3CHandshakeResponse.java:62)
at org.openqa.selenium.remote.HandshakeResponse.lambda$getResponseFunction$0(HandshakeResponse.java:30)
at org.openqa.selenium.remote.ProtocolHandshake.lambda$createSession$0(ProtocolHandshake.java:126)
at java.base/java.util.stream.ReferencePipeline$3$1.accept(ReferencePipeline.java:195)
at java.base/java.util.Spliterators$ArraySpliterator.tryAdvance(Spliterators.java:958)
at java.base/java.util.stream.ReferencePipeline.forEachWithCancel(ReferencePipeline.java:127)
at java.base/java.util.stream.AbstractPipeline.copyIntoWithCancel(AbstractPipeline.java:502)
at java.base/java.util.stream.AbstractPipeline.copyInto(AbstractPipeline.java:488)
at java.base/java.util.stream.AbstractPipeline.wrapAndCopyInto(AbstractPipeline.java:474)
at java.base/java.util.stream.FindOps$FindOp.evaluateSequential(FindOps.java:150)
at java.base/java.util.stream.AbstractPipeline.evaluate(AbstractPipeline.java:234)
at java.base/java.util.stream.ReferencePipeline.findFirst(ReferencePipeline.java:543)
at org.openqa.selenium.remote.ProtocolHandshake.createSession(ProtocolHandshake.java:128)
at org.openqa.selenium.remote.ProtocolHandshake.createSession(ProtocolHandshake.java:74)
at org.openqa.selenium.remote.HttpCommandExecutor.execute(HttpCommandExecutor.java:136)
at org.openqa.selenium.remote.service.DriverCommandExecutor.execute(DriverCommandExecutor.java:83)
at org.openqa.selenium.remote.RemoteWebDriver.execute(RemoteWebDriver.java:552)
at org.openqa.selenium.remote.RemoteWebDriver.startSession(RemoteWebDriver.java:213)
at org.openqa.selenium.remote.RemoteWebDriver.<init>(RemoteWebDriver.java:131)
at org.openqa.selenium.chrome.ChromeDriver.<init>(ChromeDriver.java:181)
at org.openqa.selenium.chrome.ChromeDriver.<init>(ChromeDriver.java:168)
at org.openqa.selenium.chrome.ChromeDriver.<init>(ChromeDriver.java:157)
at base.CommonAPI.getLocalDriver(CommonAPI.java:168)
at base.CommonAPI.setUp(CommonAPI.java:144)
at java.base/java.util.ArrayList.forEach(ArrayList.java:1540)
... Removed 38 stack frames]]>
    </failure>
  </testcase> <!-- @BeforeMethod setUp -->
  <testcase classname="base.CommonAPI" name="@BeforeMethod startExtent" time="-1.601101687512E9">
    <skipped/>
  </testcase> <!-- @BeforeMethod startExtent -->
  <testcase classname="search.SearchTest" name="@BeforeMethod getInit" time="-1.601101687512E9">
    <skipped/>
  </testcase> <!-- @BeforeMethod getInit -->
  <testcase classname="base.CommonAPI" name="@AfterMethod afterEachTestMethod" time="-1.601101687512E9">
    <skipped/>
  </testcase> <!-- @AfterMethod afterEachTestMethod -->
  <testcase classname="base.CommonAPI" name="@BeforeMethod setUp" time="-1.601101687513E9">
    <skipped/>
  </testcase> <!-- @BeforeMethod setUp -->
  <testcase classname="base.CommonAPI" name="@BeforeMethod startExtent" time="-1.601101687513E9">
    <skipped/>
  </testcase> <!-- @BeforeMethod startExtent -->
  <testcase classname="search.SearchTest" name="@BeforeMethod getInit" time="-1.601101687513E9">
    <skipped/>
  </testcase> <!-- @BeforeMethod getInit -->
  <testcase classname="base.CommonAPI" name="@AfterMethod afterEachTestMethod" time="-1.601101687515E9">
    <skipped/>
  </testcase> <!-- @AfterMethod afterEachTestMethod -->
  <testcase classname="base.CommonAPI" name="@BeforeMethod setUp" time="-1.601101687516E9">
    <skipped/>
  </testcase> <!-- @BeforeMethod setUp -->
  <testcase classname="base.CommonAPI" name="@BeforeMethod startExtent" time="-1.601101687516E9">
    <skipped/>
  </testcase> <!-- @BeforeMethod startExtent -->
  <testcase classname="search.SearchTest" name="@BeforeMethod getInit" time="-1.601101687516E9">
    <skipped/>
  </testcase> <!-- @BeforeMethod getInit -->
  <testcase classname="base.CommonAPI" name="@AfterMethod afterEachTestMethod" time="-1.601101687517E9">
    <skipped/>
  </testcase> <!-- @AfterMethod afterEachTestMethod -->
  <testcase classname="base.CommonAPI" name="@BeforeMethod setUp" time="-1.601101687517E9">
    <skipped/>
  </testcase> <!-- @BeforeMethod setUp -->
  <testcase classname="base.CommonAPI" name="@BeforeMethod startExtent" time="-1.601101687517E9">
    <skipped/>
  </testcase> <!-- @BeforeMethod startExtent -->
  <testcase classname="search.SearchTest" name="@BeforeMethod getInit" time="-1.601101687517E9">
    <skipped/>
  </testcase> <!-- @BeforeMethod getInit -->
  <testcase classname="base.CommonAPI" name="@AfterMethod afterEachTestMethod" time="-1.601101687518E9">
    <skipped/>
  </testcase> <!-- @AfterMethod afterEachTestMethod -->
  <testcase classname="base.CommonAPI" name="@BeforeMethod setUp" time="-1.601101687518E9">
    <skipped/>
  </testcase> <!-- @BeforeMethod setUp -->
  <testcase classname="base.CommonAPI" name="@BeforeMethod startExtent" time="-1.601101687519E9">
    <skipped/>
  </testcase> <!-- @BeforeMethod startExtent -->
  <testcase classname="search.SearchTest" name="@BeforeMethod getInit" time="-1.601101687519E9">
    <skipped/>
  </testcase> <!-- @BeforeMethod getInit -->
  <testcase classname="base.CommonAPI" name="@AfterMethod afterEachTestMethod" time="-1.601101687519E9">
    <skipped/>
  </testcase> <!-- @AfterMethod afterEachTestMethod -->
  <testcase classname="base.CommonAPI" name="@BeforeMethod setUp" time="-1.60110168752E9">
    <skipped/>
  </testcase> <!-- @BeforeMethod setUp -->
  <testcase classname="base.CommonAPI" name="@BeforeMethod startExtent" time="-1.601101687521E9">
    <skipped/>
  </testcase> <!-- @BeforeMethod startExtent -->
  <testcase classname="search.SearchTest" name="@BeforeMethod getInit" time="-1.601101687521E9">
    <skipped/>
  </testcase> <!-- @BeforeMethod getInit -->
  <testcase classname="base.CommonAPI" name="@AfterMethod afterEachTestMethod" time="-1.601101687522E9">
    <skipped/>
  </testcase> <!-- @AfterMethod afterEachTestMethod -->
  <testcase classname="base.CommonAPI" name="@BeforeMethod setUp" time="-1.601101687523E9">
    <skipped/>
  </testcase> <!-- @BeforeMethod setUp -->
  <testcase classname="base.CommonAPI" name="@BeforeMethod startExtent" time="-1.601101687523E9">
    <skipped/>
  </testcase> <!-- @BeforeMethod startExtent -->
  <testcase classname="search.SearchTest" name="@BeforeMethod getInit" time="-1.601101687524E9">
    <skipped/>
  </testcase> <!-- @BeforeMethod getInit -->
  <testcase classname="base.CommonAPI" name="@AfterMethod afterEachTestMethod" time="-1.601101687525E9">
    <skipped/>
  </testcase> <!-- @AfterMethod afterEachTestMethod -->
  <testcase classname="base.CommonAPI" name="@BeforeMethod setUp" time="-1.601101687526E9">
    <skipped/>
  </testcase> <!-- @BeforeMethod setUp -->
  <testcase classname="base.CommonAPI" name="@BeforeMethod startExtent" time="-1.601101687526E9">
    <skipped/>
  </testcase> <!-- @BeforeMethod startExtent -->
  <testcase classname="search.SearchTest" name="@BeforeMethod getInit" time="-1.601101687526E9">
    <skipped/>
  </testcase> <!-- @BeforeMethod getInit -->
  <testcase classname="base.CommonAPI" name="@AfterMethod afterEachTestMethod" time="-1.601101687527E9">
    <skipped/>
  </testcase> <!-- @AfterMethod afterEachTestMethod -->
  <testcase classname="base.CommonAPI" name="@BeforeMethod setUp" time="-1.601101687527E9">
    <skipped/>
  </testcase> <!-- @BeforeMethod setUp -->
  <testcase classname="base.CommonAPI" name="@BeforeMethod startExtent" time="-1.601101687528E9">
    <skipped/>
  </testcase> <!-- @BeforeMethod startExtent -->
  <testcase classname="search.SearchTest" name="@BeforeMethod getInit" time="-1.601101687528E9">
    <skipped/>
  </testcase> <!-- @BeforeMethod getInit -->
  <testcase classname="base.CommonAPI" name="@AfterMethod afterEachTestMethod" time="-1.601101687528E9">
    <skipped/>
  </testcase> <!-- @AfterMethod afterEachTestMethod -->
  <testcase classname="base.CommonAPI" name="@BeforeMethod setUp" time="58.381">
    <failure type="org.openqa.selenium.SessionNotCreatedException" message="session not created
from disconnected: unable to connect to renderer
  (Session info: chrome=85.0.4183.121)
Build info: version: &amp;apos;3.141.59&amp;apos;, revision: &amp;apos;e82be7d358&amp;apos;, time: &amp;apos;2018-11-14T08:17:03&amp;apos;
System info: host: &amp;apos;DESKTOP-F15B8L7&amp;apos;, ip: &amp;apos;169.254.252.52&amp;apos;, os.name: &amp;apos;Windows 10&amp;apos;, os.arch: &amp;apos;amd64&amp;apos;, os.version: &amp;apos;10.0&amp;apos;, java.version: &amp;apos;11.0.5&amp;apos;
Driver info: driver.version: ChromeDriver
remote stacktrace: Backtrace:
	Ordinal0 [0x00A287E3+2852835]
	Ordinal0 [0x00915BB1+1727409]
	Ordinal0 [0x007EE4B9+517305]
	Ordinal0 [0x007E4EA3+478883]
	Ordinal0 [0x007EF300+520960]
	Ordinal0 [0x0079E489+189577]
	Ordinal0 [0x0079D7FD+186365]
	Ordinal0 [0x0079B70B+177931]
	Ordinal0 [0x00782584+75140]
	Ordinal0 [0x00783650+79440]
	Ordinal0 [0x007835E9+79337]
	Ordinal0 [0x0092AD5C+1813852]
	GetHandleVerifier [0x00B4C616+1075574]
	GetHandleVerifier [0x00B4C367+1074887]
	GetHandleVerifier [0x00B57497+1120247]
	GetHandleVerifier [0x00B4CC16+1077110]
	Ordinal0 [0x00923206+1782278]
	Ordinal0 [0x0092C3BB+1819579]
	Ordinal0 [0x0092C523+1819939]
	Ordinal0 [0x00942B45+1911621]
	BaseThreadInitThunk [0x75C66359+25]
	RtlGetAppContainerNamedObjectPath [0x77077C24+228]
	RtlGetAppContainerNamedObjectPath [0x77077BF4+180]
">
      <![CDATA[org.openqa.selenium.SessionNotCreatedException: session not created
from disconnected: unable to connect to renderer
  (Session info: chrome=85.0.4183.121)
Build info: version: '3.141.59', revision: 'e82be7d358', time: '2018-11-14T08:17:03'
System info: host: 'DESKTOP-F15B8L7', ip: '169.254.252.52', os.name: 'Windows 10', os.arch: 'amd64', os.version: '10.0', java.version: '11.0.5'
Driver info: driver.version: ChromeDriver
remote stacktrace: Backtrace:
Ordinal0 [0x00A287E3+2852835]
Ordinal0 [0x00915BB1+1727409]
Ordinal0 [0x007EE4B9+517305]
Ordinal0 [0x007E4EA3+478883]
Ordinal0 [0x007EF300+520960]
Ordinal0 [0x0079E489+189577]
Ordinal0 [0x0079D7FD+186365]
Ordinal0 [0x0079B70B+177931]
Ordinal0 [0x00782584+75140]
Ordinal0 [0x00783650+79440]
Ordinal0 [0x007835E9+79337]
Ordinal0 [0x0092AD5C+1813852]
GetHandleVerifier [0x00B4C616+1075574]
GetHandleVerifier [0x00B4C367+1074887]
GetHandleVerifier [0x00B57497+1120247]
GetHandleVerifier [0x00B4CC16+1077110]
Ordinal0 [0x00923206+1782278]
Ordinal0 [0x0092C3BB+1819579]
Ordinal0 [0x0092C523+1819939]
Ordinal0 [0x00942B45+1911621]
BaseThreadInitThunk [0x75C66359+25]
RtlGetAppContainerNamedObjectPath [0x77077C24+228]
RtlGetAppContainerNamedObjectPath [0x77077BF4+180]

at org.openqa.selenium.remote.W3CHandshakeResponse.lambda$errorHandler$0(W3CHandshakeResponse.java:62)
at org.openqa.selenium.remote.HandshakeResponse.lambda$getResponseFunction$0(HandshakeResponse.java:30)
at org.openqa.selenium.remote.ProtocolHandshake.lambda$createSession$0(ProtocolHandshake.java:126)
at java.base/java.util.stream.ReferencePipeline$3$1.accept(ReferencePipeline.java:195)
at java.base/java.util.Spliterators$ArraySpliterator.tryAdvance(Spliterators.java:958)
at java.base/java.util.stream.ReferencePipeline.forEachWithCancel(ReferencePipeline.java:127)
at java.base/java.util.stream.AbstractPipeline.copyIntoWithCancel(AbstractPipeline.java:502)
at java.base/java.util.stream.AbstractPipeline.copyInto(AbstractPipeline.java:488)
at java.base/java.util.stream.AbstractPipeline.wrapAndCopyInto(AbstractPipeline.java:474)
at java.base/java.util.stream.FindOps$FindOp.evaluateSequential(FindOps.java:150)
at java.base/java.util.stream.AbstractPipeline.evaluate(AbstractPipeline.java:234)
at java.base/java.util.stream.ReferencePipeline.findFirst(ReferencePipeline.java:543)
at org.openqa.selenium.remote.ProtocolHandshake.createSession(ProtocolHandshake.java:128)
at org.openqa.selenium.remote.ProtocolHandshake.createSession(ProtocolHandshake.java:74)
at org.openqa.selenium.remote.HttpCommandExecutor.execute(HttpCommandExecutor.java:136)
at org.openqa.selenium.remote.service.DriverCommandExecutor.execute(DriverCommandExecutor.java:83)
at org.openqa.selenium.remote.RemoteWebDriver.execute(RemoteWebDriver.java:552)
at org.openqa.selenium.remote.RemoteWebDriver.startSession(RemoteWebDriver.java:213)
at org.openqa.selenium.remote.RemoteWebDriver.<init>(RemoteWebDriver.java:131)
at org.openqa.selenium.chrome.ChromeDriver.<init>(ChromeDriver.java:181)
at org.openqa.selenium.chrome.ChromeDriver.<init>(ChromeDriver.java:168)
at org.openqa.selenium.chrome.ChromeDriver.<init>(ChromeDriver.java:157)
at base.CommonAPI.getLocalDriver(CommonAPI.java:168)
at base.CommonAPI.setUp(CommonAPI.java:144)
at java.base/java.util.ArrayList.forEach(ArrayList.java:1540)
... Removed 38 stack frames]]>
    </failure>
  </testcase> <!-- @BeforeMethod setUp -->
  <testcase classname="base.CommonAPI" name="@BeforeMethod startExtent" time="-1.601101745911E9">
    <skipped/>
  </testcase> <!-- @BeforeMethod startExtent -->
  <testcase classname="signIn.SignInTest" name="@BeforeMethod getInit" time="-1.601101745912E9">
    <skipped/>
  </testcase> <!-- @BeforeMethod getInit -->
  <testcase classname="base.CommonAPI" name="@AfterMethod afterEachTestMethod" time="-1.601101745912E9">
    <skipped/>
  </testcase> <!-- @AfterMethod afterEachTestMethod -->
  <testcase classname="base.CommonAPI" name="@BeforeMethod setUp" time="-1.601101745913E9">
    <skipped/>
  </testcase> <!-- @BeforeMethod setUp -->
  <testcase classname="base.CommonAPI" name="@BeforeMethod startExtent" time="-1.601101745914E9">
    <skipped/>
  </testcase> <!-- @BeforeMethod startExtent -->
  <testcase classname="signIn.SignInTest" name="@BeforeMethod getInit" time="-1.601101745914E9">
    <skipped/>
  </testcase> <!-- @BeforeMethod getInit -->
  <testcase classname="base.CommonAPI" name="@AfterMethod afterEachTestMethod" time="-1.601101745917E9">
    <skipped/>
  </testcase> <!-- @AfterMethod afterEachTestMethod -->
  <testcase classname="base.CommonAPI" name="@BeforeMethod setUp" time="-1.601101745918E9">
    <skipped/>
  </testcase> <!-- @BeforeMethod setUp -->
  <testcase classname="base.CommonAPI" name="@BeforeMethod startExtent" time="-1.601101745918E9">
    <skipped/>
  </testcase> <!-- @BeforeMethod startExtent -->
  <testcase classname="signIn.SignInTest" name="@BeforeMethod getInit" time="-1.601101745918E9">
    <skipped/>
  </testcase> <!-- @BeforeMethod getInit -->
  <testcase classname="base.CommonAPI" name="@AfterMethod afterEachTestMethod" time="-1.601101745919E9">
    <skipped/>
  </testcase> <!-- @AfterMethod afterEachTestMethod -->
  <testcase classname="base.CommonAPI" name="@BeforeMethod setUp" time="-1.601101745919E9">
    <skipped/>
  </testcase> <!-- @BeforeMethod setUp -->
  <testcase classname="base.CommonAPI" name="@BeforeMethod startExtent" time="-1.60110174592E9">
    <skipped/>
  </testcase> <!-- @BeforeMethod startExtent -->
  <testcase classname="signIn.SignInTest" name="@BeforeMethod getInit" time="-1.60110174592E9">
    <skipped/>
  </testcase> <!-- @BeforeMethod getInit -->
  <testcase classname="base.CommonAPI" name="@AfterMethod afterEachTestMethod" time="-1.60110174592E9">
    <skipped/>
  </testcase> <!-- @AfterMethod afterEachTestMethod -->
  <testcase classname="base.CommonAPI" name="@BeforeMethod setUp" time="-1.601101745921E9">
    <skipped/>
  </testcase> <!-- @BeforeMethod setUp -->
  <testcase classname="base.CommonAPI" name="@BeforeMethod startExtent" time="-1.601101745921E9">
    <skipped/>
  </testcase> <!-- @BeforeMethod startExtent -->
  <testcase classname="signIn.SignInTest" name="@BeforeMethod getInit" time="-1.601101745921E9">
    <skipped/>
  </testcase> <!-- @BeforeMethod getInit -->
  <testcase classname="base.CommonAPI" name="@AfterMethod afterEachTestMethod" time="-1.601101745922E9">
    <skipped/>
  </testcase> <!-- @AfterMethod afterEachTestMethod -->
  <testcase classname="base.CommonAPI" name="@BeforeMethod setUp" time="-1.601101745922E9">
    <skipped/>
  </testcase> <!-- @BeforeMethod setUp -->
  <testcase classname="base.CommonAPI" name="@BeforeMethod startExtent" time="-1.601101745922E9">
    <skipped/>
  </testcase> <!-- @BeforeMethod startExtent -->
  <testcase classname="signIn.SignInTest" name="@BeforeMethod getInit" time="-1.601101745922E9">
    <skipped/>
  </testcase> <!-- @BeforeMethod getInit -->
  <testcase classname="base.CommonAPI" name="@AfterMethod afterEachTestMethod" time="-1.601101745923E9">
    <skipped/>
  </testcase> <!-- @AfterMethod afterEachTestMethod -->
  <testcase classname="base.CommonAPI" name="@BeforeMethod setUp" time="-1.601101745923E9">
    <skipped/>
  </testcase> <!-- @BeforeMethod setUp -->
  <testcase classname="base.CommonAPI" name="@BeforeMethod startExtent" time="-1.601101745923E9">
    <skipped/>
  </testcase> <!-- @BeforeMethod startExtent -->
  <testcase classname="signIn.SignInTest" name="@BeforeMethod getInit" time="-1.601101745923E9">
    <skipped/>
  </testcase> <!-- @BeforeMethod getInit -->
  <testcase classname="base.CommonAPI" name="@AfterMethod afterEachTestMethod" time="-1.601101745924E9">
    <skipped/>
  </testcase> <!-- @AfterMethod afterEachTestMethod -->
  <testcase classname="base.CommonAPI" name="@BeforeMethod setUp" time="-1.601101745927E9">
    <skipped/>
  </testcase> <!-- @BeforeMethod setUp -->
  <testcase classname="base.CommonAPI" name="@BeforeMethod startExtent" time="-1.601101745928E9">
    <skipped/>
  </testcase> <!-- @BeforeMethod startExtent -->
  <testcase classname="signIn.SignInTest" name="@BeforeMethod getInit" time="-1.601101745928E9">
    <skipped/>
  </testcase> <!-- @BeforeMethod getInit -->
  <testcase classname="base.CommonAPI" name="@AfterMethod afterEachTestMethod" time="-1.601101745928E9">
    <skipped/>
  </testcase> <!-- @AfterMethod afterEachTestMethod -->
  <testcase classname="base.CommonAPI" name="@BeforeMethod setUp" time="-1.601101745928E9">
    <skipped/>
  </testcase> <!-- @BeforeMethod setUp -->
  <testcase classname="base.CommonAPI" name="@BeforeMethod startExtent" time="-1.601101745928E9">
    <skipped/>
  </testcase> <!-- @BeforeMethod startExtent -->
  <testcase classname="signIn.SignInTest" name="@BeforeMethod getInit" time="-1.601101745929E9">
    <skipped/>
  </testcase> <!-- @BeforeMethod getInit -->
  <testcase classname="base.CommonAPI" name="@AfterMethod afterEachTestMethod" time="-1.601101745929E9">
    <skipped/>
  </testcase> <!-- @AfterMethod afterEachTestMethod -->
  <testcase classname="base.CommonAPI" name="@BeforeMethod setUp" time="-1.601101745932E9">
    <skipped/>
  </testcase> <!-- @BeforeMethod setUp -->
  <testcase classname="base.CommonAPI" name="@BeforeMethod startExtent" time="-1.601101745933E9">
    <skipped/>
  </testcase> <!-- @BeforeMethod startExtent -->
  <testcase classname="signIn.SignInTest" name="@BeforeMethod getInit" time="-1.601101745933E9">
    <skipped/>
  </testcase> <!-- @BeforeMethod getInit -->
  <testcase classname="base.CommonAPI" name="@AfterMethod afterEachTestMethod" time="-1.601101745934E9">
    <skipped/>
  </testcase> <!-- @AfterMethod afterEachTestMethod -->
  <testcase classname="cart.CartTest" name="TestValidateAllDropDown" time="20.589">
    <failure type="org.openqa.selenium.NoSuchElementException" message="no such element: Unable to locate element: {&amp;quot;method&amp;quot;:&amp;quot;xpath&amp;quot;,&amp;quot;selector&amp;quot;:&amp;quot;//span[contains(text(),&amp;apos;WDBPKJ0050BBK&amp;apos;)]&amp;quot;}
  (Session info: chrome=85.0.4183.121)
For documentation on this error, please visit: https://www.seleniumhq.org/exceptions/no_such_element.html
Build info: version: &amp;apos;3.141.59&amp;apos;, revision: &amp;apos;e82be7d358&amp;apos;, time: &amp;apos;2018-11-14T08:17:03&amp;apos;
System info: host: &amp;apos;DESKTOP-F15B8L7&amp;apos;, ip: &amp;apos;169.254.252.52&amp;apos;, os.name: &amp;apos;Windows 10&amp;apos;, os.arch: &amp;apos;amd64&amp;apos;, os.version: &amp;apos;10.0&amp;apos;, java.version: &amp;apos;11.0.5&amp;apos;
Driver info: org.openqa.selenium.chrome.ChromeDriver
Capabilities {acceptInsecureCerts: false, browserName: chrome, browserVersion: 85.0.4183.121, chrome: {chromedriverVersion: 84.0.4147.30 (48b3e868b4cc0..., userDataDir: C:\Users\Shakir\AppData\Loc...}, goog:chromeOptions: {debuggerAddress: localhost:24971}, javascriptEnabled: true, networkConnectionEnabled: false, pageLoadStrategy: normal, platform: WINDOWS, platformName: WINDOWS, proxy: Proxy(), setWindowRect: true, strictFileInteractability: false, timeouts: {implicit: 0, pageLoad: 300000, script: 30000}, unhandledPromptBehavior: dismiss and notify, webauthn:virtualAuthenticators: true}
Session ID: cff95eedec3eac9ff1a353bfb95796f1
*** Element info: {Using=xpath, value=//span[contains(text(),&amp;apos;WDBPKJ0050BBK&amp;apos;)]}">
      <![CDATA[org.openqa.selenium.NoSuchElementException: no such element: Unable to locate element: {"method":"xpath","selector":"//span[contains(text(),'WDBPKJ0050BBK')]"}
  (Session info: chrome=85.0.4183.121)
For documentation on this error, please visit: https://www.seleniumhq.org/exceptions/no_such_element.html
Build info: version: '3.141.59', revision: 'e82be7d358', time: '2018-11-14T08:17:03'
System info: host: 'DESKTOP-F15B8L7', ip: '169.254.252.52', os.name: 'Windows 10', os.arch: 'amd64', os.version: '10.0', java.version: '11.0.5'
Driver info: org.openqa.selenium.chrome.ChromeDriver
Capabilities {acceptInsecureCerts: false, browserName: chrome, browserVersion: 85.0.4183.121, chrome: {chromedriverVersion: 84.0.4147.30 (48b3e868b4cc0..., userDataDir: C:\Users\Shakir\AppData\Loc...}, goog:chromeOptions: {debuggerAddress: localhost:24971}, javascriptEnabled: true, networkConnectionEnabled: false, pageLoadStrategy: normal, platform: WINDOWS, platformName: WINDOWS, proxy: Proxy(), setWindowRect: true, strictFileInteractability: false, timeouts: {implicit: 0, pageLoad: 300000, script: 30000}, unhandledPromptBehavior: dismiss and notify, webauthn:virtualAuthenticators: true}
Session ID: cff95eedec3eac9ff1a353bfb95796f1
*** Element info: {Using=xpath, value=//span[contains(text(),'WDBPKJ0050BBK')]}
at org.openqa.selenium.remote.http.W3CHttpResponseCodec.createException(W3CHttpResponseCodec.java:187)
at org.openqa.selenium.remote.http.W3CHttpResponseCodec.decode(W3CHttpResponseCodec.java:122)
at org.openqa.selenium.remote.http.W3CHttpResponseCodec.decode(W3CHttpResponseCodec.java:49)
at org.openqa.selenium.remote.HttpCommandExecutor.execute(HttpCommandExecutor.java:158)
at org.openqa.selenium.remote.service.DriverCommandExecutor.execute(DriverCommandExecutor.java:83)
at org.openqa.selenium.remote.RemoteWebDriver.execute(RemoteWebDriver.java:552)
at org.openqa.selenium.remote.RemoteWebDriver.findElement(RemoteWebDriver.java:323)
at org.openqa.selenium.remote.RemoteWebDriver.findElementByXPath(RemoteWebDriver.java:428)
at org.openqa.selenium.By$ByXPath.findElement(By.java:353)
at org.openqa.selenium.remote.RemoteWebDriver.findElement(RemoteWebDriver.java:315)
at org.openqa.selenium.support.pagefactory.DefaultElementLocator.findElement(DefaultElementLocator.java:69)
at org.openqa.selenium.support.pagefactory.internal.LocatingElementHandler.invoke(LocatingElementHandler.java:38)
at com.sun.proxy.$Proxy15.click(Unknown Source)
at cart.Cart.clickOnWD5TBHardDriveItem(Cart.java:87)
at cart.Cart.addWDPassportHardDriveToCart(Cart.java:149)
at cart.Cart.clickOnQtyDropDown(Cart.java:244)
at cart.CartTest.TestValidateAllDropDown(CartTest.java:56)
at java.base/java.util.ArrayList.forEach(ArrayList.java:1540)
... Removed 35 stack frames]]>
    </failure>
  </testcase> <!-- TestValidateAllDropDown -->
  <testcase classname="cart.CartTest" name="testCheckoutAfterAddingAnItemToCart" time="7.945">
    <failure type="org.openqa.selenium.NoSuchElementException" message="no such element: Unable to locate element: {&amp;quot;method&amp;quot;:&amp;quot;xpath&amp;quot;,&amp;quot;selector&amp;quot;:&amp;quot;//span[contains(text(),&amp;apos;WDBPKJ0050BBK&amp;apos;)]&amp;quot;}
  (Session info: chrome=85.0.4183.121)
For documentation on this error, please visit: https://www.seleniumhq.org/exceptions/no_such_element.html
Build info: version: &amp;apos;3.141.59&amp;apos;, revision: &amp;apos;e82be7d358&amp;apos;, time: &amp;apos;2018-11-14T08:17:03&amp;apos;
System info: host: &amp;apos;DESKTOP-F15B8L7&amp;apos;, ip: &amp;apos;169.254.252.52&amp;apos;, os.name: &amp;apos;Windows 10&amp;apos;, os.arch: &amp;apos;amd64&amp;apos;, os.version: &amp;apos;10.0&amp;apos;, java.version: &amp;apos;11.0.5&amp;apos;
Driver info: org.openqa.selenium.chrome.ChromeDriver
Capabilities {acceptInsecureCerts: false, browserName: chrome, browserVersion: 85.0.4183.121, chrome: {chromedriverVersion: 84.0.4147.30 (48b3e868b4cc0..., userDataDir: C:\Users\Shakir\AppData\Loc...}, goog:chromeOptions: {debuggerAddress: localhost:25069}, javascriptEnabled: true, networkConnectionEnabled: false, pageLoadStrategy: normal, platform: WINDOWS, platformName: WINDOWS, proxy: Proxy(), setWindowRect: true, strictFileInteractability: false, timeouts: {implicit: 0, pageLoad: 300000, script: 30000}, unhandledPromptBehavior: dismiss and notify, webauthn:virtualAuthenticators: true}
Session ID: 517e686b6d98de8842fb744a2a1e45b8
*** Element info: {Using=xpath, value=//span[contains(text(),&amp;apos;WDBPKJ0050BBK&amp;apos;)]}">
      <![CDATA[org.openqa.selenium.NoSuchElementException: no such element: Unable to locate element: {"method":"xpath","selector":"//span[contains(text(),'WDBPKJ0050BBK')]"}
  (Session info: chrome=85.0.4183.121)
For documentation on this error, please visit: https://www.seleniumhq.org/exceptions/no_such_element.html
Build info: version: '3.141.59', revision: 'e82be7d358', time: '2018-11-14T08:17:03'
System info: host: 'DESKTOP-F15B8L7', ip: '169.254.252.52', os.name: 'Windows 10', os.arch: 'amd64', os.version: '10.0', java.version: '11.0.5'
Driver info: org.openqa.selenium.chrome.ChromeDriver
Capabilities {acceptInsecureCerts: false, browserName: chrome, browserVersion: 85.0.4183.121, chrome: {chromedriverVersion: 84.0.4147.30 (48b3e868b4cc0..., userDataDir: C:\Users\Shakir\AppData\Loc...}, goog:chromeOptions: {debuggerAddress: localhost:25069}, javascriptEnabled: true, networkConnectionEnabled: false, pageLoadStrategy: normal, platform: WINDOWS, platformName: WINDOWS, proxy: Proxy(), setWindowRect: true, strictFileInteractability: false, timeouts: {implicit: 0, pageLoad: 300000, script: 30000}, unhandledPromptBehavior: dismiss and notify, webauthn:virtualAuthenticators: true}
Session ID: 517e686b6d98de8842fb744a2a1e45b8
*** Element info: {Using=xpath, value=//span[contains(text(),'WDBPKJ0050BBK')]}
at org.openqa.selenium.remote.http.W3CHttpResponseCodec.createException(W3CHttpResponseCodec.java:187)
at org.openqa.selenium.remote.http.W3CHttpResponseCodec.decode(W3CHttpResponseCodec.java:122)
at org.openqa.selenium.remote.http.W3CHttpResponseCodec.decode(W3CHttpResponseCodec.java:49)
at org.openqa.selenium.remote.HttpCommandExecutor.execute(HttpCommandExecutor.java:158)
at org.openqa.selenium.remote.service.DriverCommandExecutor.execute(DriverCommandExecutor.java:83)
at org.openqa.selenium.remote.RemoteWebDriver.execute(RemoteWebDriver.java:552)
at org.openqa.selenium.remote.RemoteWebDriver.findElement(RemoteWebDriver.java:323)
at org.openqa.selenium.remote.RemoteWebDriver.findElementByXPath(RemoteWebDriver.java:428)
at org.openqa.selenium.By$ByXPath.findElement(By.java:353)
at org.openqa.selenium.remote.RemoteWebDriver.findElement(RemoteWebDriver.java:315)
at org.openqa.selenium.support.pagefactory.DefaultElementLocator.findElement(DefaultElementLocator.java:69)
at org.openqa.selenium.support.pagefactory.internal.LocatingElementHandler.invoke(LocatingElementHandler.java:38)
at com.sun.proxy.$Proxy15.click(Unknown Source)
at cart.Cart.clickOnWD5TBHardDriveItem(Cart.java:87)
at cart.Cart.addWDPassportHardDriveToCart(Cart.java:149)
at cart.Cart.checkoutAfterAddingAnItemToCart(Cart.java:226)
at cart.CartTest.testCheckoutAfterAddingAnItemToCart(CartTest.java:48)
at java.base/java.util.ArrayList.forEach(ArrayList.java:1540)
... Removed 35 stack frames]]>
    </failure>
  </testcase> <!-- testCheckoutAfterAddingAnItemToCart -->
  <testcase classname="cart.CartTest" name="testItemAddedToCartByGoingIntoCart" time="7.86">
    <failure type="org.openqa.selenium.NoSuchElementException" message="no such element: Unable to locate element: {&amp;quot;method&amp;quot;:&amp;quot;xpath&amp;quot;,&amp;quot;selector&amp;quot;:&amp;quot;//span[contains(text(),&amp;apos;WDBPKJ0050BBK&amp;apos;)]&amp;quot;}
  (Session info: chrome=85.0.4183.121)
For documentation on this error, please visit: https://www.seleniumhq.org/exceptions/no_such_element.html
Build info: version: &amp;apos;3.141.59&amp;apos;, revision: &amp;apos;e82be7d358&amp;apos;, time: &amp;apos;2018-11-14T08:17:03&amp;apos;
System info: host: &amp;apos;DESKTOP-F15B8L7&amp;apos;, ip: &amp;apos;169.254.252.52&amp;apos;, os.name: &amp;apos;Windows 10&amp;apos;, os.arch: &amp;apos;amd64&amp;apos;, os.version: &amp;apos;10.0&amp;apos;, java.version: &amp;apos;11.0.5&amp;apos;
Driver info: org.openqa.selenium.chrome.ChromeDriver
Capabilities {acceptInsecureCerts: false, browserName: chrome, browserVersion: 85.0.4183.121, chrome: {chromedriverVersion: 84.0.4147.30 (48b3e868b4cc0..., userDataDir: C:\Users\Shakir\AppData\Loc...}, goog:chromeOptions: {debuggerAddress: localhost:25164}, javascriptEnabled: true, networkConnectionEnabled: false, pageLoadStrategy: normal, platform: WINDOWS, platformName: WINDOWS, proxy: Proxy(), setWindowRect: true, strictFileInteractability: false, timeouts: {implicit: 0, pageLoad: 300000, script: 30000}, unhandledPromptBehavior: dismiss and notify, webauthn:virtualAuthenticators: true}
Session ID: 85163cbed98b52f168e9423a75c65f62
*** Element info: {Using=xpath, value=//span[contains(text(),&amp;apos;WDBPKJ0050BBK&amp;apos;)]}">
      <![CDATA[org.openqa.selenium.NoSuchElementException: no such element: Unable to locate element: {"method":"xpath","selector":"//span[contains(text(),'WDBPKJ0050BBK')]"}
  (Session info: chrome=85.0.4183.121)
For documentation on this error, please visit: https://www.seleniumhq.org/exceptions/no_such_element.html
Build info: version: '3.141.59', revision: 'e82be7d358', time: '2018-11-14T08:17:03'
System info: host: 'DESKTOP-F15B8L7', ip: '169.254.252.52', os.name: 'Windows 10', os.arch: 'amd64', os.version: '10.0', java.version: '11.0.5'
Driver info: org.openqa.selenium.chrome.ChromeDriver
Capabilities {acceptInsecureCerts: false, browserName: chrome, browserVersion: 85.0.4183.121, chrome: {chromedriverVersion: 84.0.4147.30 (48b3e868b4cc0..., userDataDir: C:\Users\Shakir\AppData\Loc...}, goog:chromeOptions: {debuggerAddress: localhost:25164}, javascriptEnabled: true, networkConnectionEnabled: false, pageLoadStrategy: normal, platform: WINDOWS, platformName: WINDOWS, proxy: Proxy(), setWindowRect: true, strictFileInteractability: false, timeouts: {implicit: 0, pageLoad: 300000, script: 30000}, unhandledPromptBehavior: dismiss and notify, webauthn:virtualAuthenticators: true}
Session ID: 85163cbed98b52f168e9423a75c65f62
*** Element info: {Using=xpath, value=//span[contains(text(),'WDBPKJ0050BBK')]}
at org.openqa.selenium.remote.http.W3CHttpResponseCodec.createException(W3CHttpResponseCodec.java:187)
at org.openqa.selenium.remote.http.W3CHttpResponseCodec.decode(W3CHttpResponseCodec.java:122)
at org.openqa.selenium.remote.http.W3CHttpResponseCodec.decode(W3CHttpResponseCodec.java:49)
at org.openqa.selenium.remote.HttpCommandExecutor.execute(HttpCommandExecutor.java:158)
at org.openqa.selenium.remote.service.DriverCommandExecutor.execute(DriverCommandExecutor.java:83)
at org.openqa.selenium.remote.RemoteWebDriver.execute(RemoteWebDriver.java:552)
at org.openqa.selenium.remote.RemoteWebDriver.findElement(RemoteWebDriver.java:323)
at org.openqa.selenium.remote.RemoteWebDriver.findElementByXPath(RemoteWebDriver.java:428)
at org.openqa.selenium.By$ByXPath.findElement(By.java:353)
at org.openqa.selenium.remote.RemoteWebDriver.findElement(RemoteWebDriver.java:315)
at org.openqa.selenium.support.pagefactory.DefaultElementLocator.findElement(DefaultElementLocator.java:69)
at org.openqa.selenium.support.pagefactory.internal.LocatingElementHandler.invoke(LocatingElementHandler.java:38)
at com.sun.proxy.$Proxy15.click(Unknown Source)
at cart.Cart.clickOnWD5TBHardDriveItem(Cart.java:87)
at cart.Cart.addWDPassportHardDriveToCart(Cart.java:149)
at cart.CartTest.testItemAddedToCartByGoingIntoCart(CartTest.java:32)
at java.base/java.util.ArrayList.forEach(ArrayList.java:1540)
... Removed 35 stack frames]]>
    </failure>
  </testcase> <!-- testItemAddedToCartByGoingIntoCart -->
  <testcase classname="cart.CartTest" name="testItemAddedToCartWithoutGoingIntoCart" time="7.457">
    <failure type="org.openqa.selenium.NoSuchElementException" message="no such element: Unable to locate element: {&amp;quot;method&amp;quot;:&amp;quot;xpath&amp;quot;,&amp;quot;selector&amp;quot;:&amp;quot;//span[contains(text(),&amp;apos;WDBPKJ0050BBK&amp;apos;)]&amp;quot;}
  (Session info: chrome=85.0.4183.121)
For documentation on this error, please visit: https://www.seleniumhq.org/exceptions/no_such_element.html
Build info: version: &amp;apos;3.141.59&amp;apos;, revision: &amp;apos;e82be7d358&amp;apos;, time: &amp;apos;2018-11-14T08:17:03&amp;apos;
System info: host: &amp;apos;DESKTOP-F15B8L7&amp;apos;, ip: &amp;apos;169.254.252.52&amp;apos;, os.name: &amp;apos;Windows 10&amp;apos;, os.arch: &amp;apos;amd64&amp;apos;, os.version: &amp;apos;10.0&amp;apos;, java.version: &amp;apos;11.0.5&amp;apos;
Driver info: org.openqa.selenium.chrome.ChromeDriver
Capabilities {acceptInsecureCerts: false, browserName: chrome, browserVersion: 85.0.4183.121, chrome: {chromedriverVersion: 84.0.4147.30 (48b3e868b4cc0..., userDataDir: C:\Users\Shakir\AppData\Loc...}, goog:chromeOptions: {debuggerAddress: localhost:25253}, javascriptEnabled: true, networkConnectionEnabled: false, pageLoadStrategy: normal, platform: WINDOWS, platformName: WINDOWS, proxy: Proxy(), setWindowRect: true, strictFileInteractability: false, timeouts: {implicit: 0, pageLoad: 300000, script: 30000}, unhandledPromptBehavior: dismiss and notify, webauthn:virtualAuthenticators: true}
Session ID: 3843f5846967806f7625e2e8a4748d29
*** Element info: {Using=xpath, value=//span[contains(text(),&amp;apos;WDBPKJ0050BBK&amp;apos;)]}">
      <![CDATA[org.openqa.selenium.NoSuchElementException: no such element: Unable to locate element: {"method":"xpath","selector":"//span[contains(text(),'WDBPKJ0050BBK')]"}
  (Session info: chrome=85.0.4183.121)
For documentation on this error, please visit: https://www.seleniumhq.org/exceptions/no_such_element.html
Build info: version: '3.141.59', revision: 'e82be7d358', time: '2018-11-14T08:17:03'
System info: host: 'DESKTOP-F15B8L7', ip: '169.254.252.52', os.name: 'Windows 10', os.arch: 'amd64', os.version: '10.0', java.version: '11.0.5'
Driver info: org.openqa.selenium.chrome.ChromeDriver
Capabilities {acceptInsecureCerts: false, browserName: chrome, browserVersion: 85.0.4183.121, chrome: {chromedriverVersion: 84.0.4147.30 (48b3e868b4cc0..., userDataDir: C:\Users\Shakir\AppData\Loc...}, goog:chromeOptions: {debuggerAddress: localhost:25253}, javascriptEnabled: true, networkConnectionEnabled: false, pageLoadStrategy: normal, platform: WINDOWS, platformName: WINDOWS, proxy: Proxy(), setWindowRect: true, strictFileInteractability: false, timeouts: {implicit: 0, pageLoad: 300000, script: 30000}, unhandledPromptBehavior: dismiss and notify, webauthn:virtualAuthenticators: true}
Session ID: 3843f5846967806f7625e2e8a4748d29
*** Element info: {Using=xpath, value=//span[contains(text(),'WDBPKJ0050BBK')]}
at org.openqa.selenium.remote.http.W3CHttpResponseCodec.createException(W3CHttpResponseCodec.java:187)
at org.openqa.selenium.remote.http.W3CHttpResponseCodec.decode(W3CHttpResponseCodec.java:122)
at org.openqa.selenium.remote.http.W3CHttpResponseCodec.decode(W3CHttpResponseCodec.java:49)
at org.openqa.selenium.remote.HttpCommandExecutor.execute(HttpCommandExecutor.java:158)
at org.openqa.selenium.remote.service.DriverCommandExecutor.execute(DriverCommandExecutor.java:83)
at org.openqa.selenium.remote.RemoteWebDriver.execute(RemoteWebDriver.java:552)
at org.openqa.selenium.remote.RemoteWebDriver.findElement(RemoteWebDriver.java:323)
at org.openqa.selenium.remote.RemoteWebDriver.findElementByXPath(RemoteWebDriver.java:428)
at org.openqa.selenium.By$ByXPath.findElement(By.java:353)
at org.openqa.selenium.remote.RemoteWebDriver.findElement(RemoteWebDriver.java:315)
at org.openqa.selenium.support.pagefactory.DefaultElementLocator.findElement(DefaultElementLocator.java:69)
at org.openqa.selenium.support.pagefactory.internal.LocatingElementHandler.invoke(LocatingElementHandler.java:38)
at com.sun.proxy.$Proxy15.click(Unknown Source)
at cart.Cart.clickOnWD5TBHardDriveItem(Cart.java:87)
at cart.Cart.addWDPassportHardDriveToCart(Cart.java:149)
at cart.CartTest.testItemAddedToCartWithoutGoingIntoCart(CartTest.java:24)
at java.base/java.util.ArrayList.forEach(ArrayList.java:1540)
... Removed 35 stack frames]]>
    </failure>
  </testcase> <!-- testItemAddedToCartWithoutGoingIntoCart -->
  <testcase classname="cart.CartTest" name="testItemDeletedFromCart" time="7.47">
    <failure type="org.openqa.selenium.NoSuchElementException" message="no such element: Unable to locate element: {&amp;quot;method&amp;quot;:&amp;quot;xpath&amp;quot;,&amp;quot;selector&amp;quot;:&amp;quot;//span[contains(text(),&amp;apos;WDBPKJ0050BBK&amp;apos;)]&amp;quot;}
  (Session info: chrome=85.0.4183.121)
For documentation on this error, please visit: https://www.seleniumhq.org/exceptions/no_such_element.html
Build info: version: &amp;apos;3.141.59&amp;apos;, revision: &amp;apos;e82be7d358&amp;apos;, time: &amp;apos;2018-11-14T08:17:03&amp;apos;
System info: host: &amp;apos;DESKTOP-F15B8L7&amp;apos;, ip: &amp;apos;169.254.252.52&amp;apos;, os.name: &amp;apos;Windows 10&amp;apos;, os.arch: &amp;apos;amd64&amp;apos;, os.version: &amp;apos;10.0&amp;apos;, java.version: &amp;apos;11.0.5&amp;apos;
Driver info: org.openqa.selenium.chrome.ChromeDriver
Capabilities {acceptInsecureCerts: false, browserName: chrome, browserVersion: 85.0.4183.121, chrome: {chromedriverVersion: 84.0.4147.30 (48b3e868b4cc0..., userDataDir: C:\Users\Shakir\AppData\Loc...}, goog:chromeOptions: {debuggerAddress: localhost:25341}, javascriptEnabled: true, networkConnectionEnabled: false, pageLoadStrategy: normal, platform: WINDOWS, platformName: WINDOWS, proxy: Proxy(), setWindowRect: true, strictFileInteractability: false, timeouts: {implicit: 0, pageLoad: 300000, script: 30000}, unhandledPromptBehavior: dismiss and notify, webauthn:virtualAuthenticators: true}
Session ID: fb948533160872e4bfb6267ff6deaa43
*** Element info: {Using=xpath, value=//span[contains(text(),&amp;apos;WDBPKJ0050BBK&amp;apos;)]}">
      <![CDATA[org.openqa.selenium.NoSuchElementException: no such element: Unable to locate element: {"method":"xpath","selector":"//span[contains(text(),'WDBPKJ0050BBK')]"}
  (Session info: chrome=85.0.4183.121)
For documentation on this error, please visit: https://www.seleniumhq.org/exceptions/no_such_element.html
Build info: version: '3.141.59', revision: 'e82be7d358', time: '2018-11-14T08:17:03'
System info: host: 'DESKTOP-F15B8L7', ip: '169.254.252.52', os.name: 'Windows 10', os.arch: 'amd64', os.version: '10.0', java.version: '11.0.5'
Driver info: org.openqa.selenium.chrome.ChromeDriver
Capabilities {acceptInsecureCerts: false, browserName: chrome, browserVersion: 85.0.4183.121, chrome: {chromedriverVersion: 84.0.4147.30 (48b3e868b4cc0..., userDataDir: C:\Users\Shakir\AppData\Loc...}, goog:chromeOptions: {debuggerAddress: localhost:25341}, javascriptEnabled: true, networkConnectionEnabled: false, pageLoadStrategy: normal, platform: WINDOWS, platformName: WINDOWS, proxy: Proxy(), setWindowRect: true, strictFileInteractability: false, timeouts: {implicit: 0, pageLoad: 300000, script: 30000}, unhandledPromptBehavior: dismiss and notify, webauthn:virtualAuthenticators: true}
Session ID: fb948533160872e4bfb6267ff6deaa43
*** Element info: {Using=xpath, value=//span[contains(text(),'WDBPKJ0050BBK')]}
at org.openqa.selenium.remote.http.W3CHttpResponseCodec.createException(W3CHttpResponseCodec.java:187)
at org.openqa.selenium.remote.http.W3CHttpResponseCodec.decode(W3CHttpResponseCodec.java:122)
at org.openqa.selenium.remote.http.W3CHttpResponseCodec.decode(W3CHttpResponseCodec.java:49)
at org.openqa.selenium.remote.HttpCommandExecutor.execute(HttpCommandExecutor.java:158)
at org.openqa.selenium.remote.service.DriverCommandExecutor.execute(DriverCommandExecutor.java:83)
at org.openqa.selenium.remote.RemoteWebDriver.execute(RemoteWebDriver.java:552)
at org.openqa.selenium.remote.RemoteWebDriver.findElement(RemoteWebDriver.java:323)
at org.openqa.selenium.remote.RemoteWebDriver.findElementByXPath(RemoteWebDriver.java:428)
at org.openqa.selenium.By$ByXPath.findElement(By.java:353)
at org.openqa.selenium.remote.RemoteWebDriver.findElement(RemoteWebDriver.java:315)
at org.openqa.selenium.support.pagefactory.DefaultElementLocator.findElement(DefaultElementLocator.java:69)
at org.openqa.selenium.support.pagefactory.internal.LocatingElementHandler.invoke(LocatingElementHandler.java:38)
at com.sun.proxy.$Proxy15.click(Unknown Source)
at cart.Cart.clickOnWD5TBHardDriveItem(Cart.java:87)
at cart.Cart.addWDPassportHardDriveToCart(Cart.java:149)
at cart.Cart.deleteWD5tbPassport(Cart.java:209)
at cart.CartTest.testItemDeletedFromCart(CartTest.java:40)
at java.base/java.util.ArrayList.forEach(ArrayList.java:1540)
... Removed 35 stack frames]]>
    </failure>
  </testcase> <!-- testItemDeletedFromCart -->
  <testcase classname="cart.CartTest" name="testValidateIncreaseQuantityTo2" time="10.643">
    <failure type="org.openqa.selenium.NoSuchElementException" message="no such element: Unable to locate element: {&amp;quot;method&amp;quot;:&amp;quot;xpath&amp;quot;,&amp;quot;selector&amp;quot;:&amp;quot;//span[contains(text(),&amp;apos;WDBPKJ0050BBK&amp;apos;)]&amp;quot;}
  (Session info: chrome=85.0.4183.121)
For documentation on this error, please visit: https://www.seleniumhq.org/exceptions/no_such_element.html
Build info: version: &amp;apos;3.141.59&amp;apos;, revision: &amp;apos;e82be7d358&amp;apos;, time: &amp;apos;2018-11-14T08:17:03&amp;apos;
System info: host: &amp;apos;DESKTOP-F15B8L7&amp;apos;, ip: &amp;apos;169.254.252.52&amp;apos;, os.name: &amp;apos;Windows 10&amp;apos;, os.arch: &amp;apos;amd64&amp;apos;, os.version: &amp;apos;10.0&amp;apos;, java.version: &amp;apos;11.0.5&amp;apos;
Driver info: org.openqa.selenium.chrome.ChromeDriver
Capabilities {acceptInsecureCerts: false, browserName: chrome, browserVersion: 85.0.4183.121, chrome: {chromedriverVersion: 84.0.4147.30 (48b3e868b4cc0..., userDataDir: C:\Users\Shakir\AppData\Loc...}, goog:chromeOptions: {debuggerAddress: localhost:25425}, javascriptEnabled: true, networkConnectionEnabled: false, pageLoadStrategy: normal, platform: WINDOWS, platformName: WINDOWS, proxy: Proxy(), setWindowRect: true, strictFileInteractability: false, timeouts: {implicit: 0, pageLoad: 300000, script: 30000}, unhandledPromptBehavior: dismiss and notify, webauthn:virtualAuthenticators: true}
Session ID: 07f276cec3a555e91ce9fae4aff34d54
*** Element info: {Using=xpath, value=//span[contains(text(),&amp;apos;WDBPKJ0050BBK&amp;apos;)]}">
      <![CDATA[org.openqa.selenium.NoSuchElementException: no such element: Unable to locate element: {"method":"xpath","selector":"//span[contains(text(),'WDBPKJ0050BBK')]"}
  (Session info: chrome=85.0.4183.121)
For documentation on this error, please visit: https://www.seleniumhq.org/exceptions/no_such_element.html
Build info: version: '3.141.59', revision: 'e82be7d358', time: '2018-11-14T08:17:03'
System info: host: 'DESKTOP-F15B8L7', ip: '169.254.252.52', os.name: 'Windows 10', os.arch: 'amd64', os.version: '10.0', java.version: '11.0.5'
Driver info: org.openqa.selenium.chrome.ChromeDriver
Capabilities {acceptInsecureCerts: false, browserName: chrome, browserVersion: 85.0.4183.121, chrome: {chromedriverVersion: 84.0.4147.30 (48b3e868b4cc0..., userDataDir: C:\Users\Shakir\AppData\Loc...}, goog:chromeOptions: {debuggerAddress: localhost:25425}, javascriptEnabled: true, networkConnectionEnabled: false, pageLoadStrategy: normal, platform: WINDOWS, platformName: WINDOWS, proxy: Proxy(), setWindowRect: true, strictFileInteractability: false, timeouts: {implicit: 0, pageLoad: 300000, script: 30000}, unhandledPromptBehavior: dismiss and notify, webauthn:virtualAuthenticators: true}
Session ID: 07f276cec3a555e91ce9fae4aff34d54
*** Element info: {Using=xpath, value=//span[contains(text(),'WDBPKJ0050BBK')]}
at org.openqa.selenium.remote.http.W3CHttpResponseCodec.createException(W3CHttpResponseCodec.java:187)
at org.openqa.selenium.remote.http.W3CHttpResponseCodec.decode(W3CHttpResponseCodec.java:122)
at org.openqa.selenium.remote.http.W3CHttpResponseCodec.decode(W3CHttpResponseCodec.java:49)
at org.openqa.selenium.remote.HttpCommandExecutor.execute(HttpCommandExecutor.java:158)
at org.openqa.selenium.remote.service.DriverCommandExecutor.execute(DriverCommandExecutor.java:83)
at org.openqa.selenium.remote.RemoteWebDriver.execute(RemoteWebDriver.java:552)
at org.openqa.selenium.remote.RemoteWebDriver.findElement(RemoteWebDriver.java:323)
at org.openqa.selenium.remote.RemoteWebDriver.findElementByXPath(RemoteWebDriver.java:428)
at org.openqa.selenium.By$ByXPath.findElement(By.java:353)
at org.openqa.selenium.remote.RemoteWebDriver.findElement(RemoteWebDriver.java:315)
at org.openqa.selenium.support.pagefactory.DefaultElementLocator.findElement(DefaultElementLocator.java:69)
at org.openqa.selenium.support.pagefactory.internal.LocatingElementHandler.invoke(LocatingElementHandler.java:38)
at com.sun.proxy.$Proxy15.click(Unknown Source)
at cart.Cart.clickOnWD5TBHardDriveItem(Cart.java:87)
at cart.Cart.addWDPassportHardDriveToCart(Cart.java:149)
at cart.Cart.increaseQtyTo2(Cart.java:294)
at cart.CartTest.testValidateIncreaseQuantityTo2(CartTest.java:66)
at java.base/java.util.ArrayList.forEach(ArrayList.java:1540)
... Removed 35 stack frames]]>
    </failure>
  </testcase> <!-- testValidateIncreaseQuantityTo2 -->
  <testcase classname="home.HomePageTest" name="testValidateClickCustomerServiceTab" time="2.056"/>
  <testcase classname="home.HomePageTest" name="testValidateClickCustomerServiceTabByText" time="2.195"/>
  <testcase classname="home.HomePageTest" name="testValidateClickGiftCardsTabByTitle" time="4.449"/>
  <testcase classname="home.HomePageTest" name="testValidateClickRegistryTabByTitle" time="1.828"/>
  <testcase classname="home.HomePageTest" name="testValidateHomePageTitle" time="0.084"/>
  <testcase classname="home.HomePageTest" name="testValidateNavigateToComputersAndTabletsWithShopByCategoryHamburger" time="2.266"/>
  <testcase classname="home.HomePageTest" name="testValidateTodaysDealTabByDealsAndPromotionsText" time="2.846"/>
  <testcase classname="home.HomePageTest" name="testValidateTodaysDealTabByTitle" time="4.093"/>
  <testcase classname="home.HomePageTest" name="testVerifyAmazonMusicByTitle" time="3.065">
    <failure type="java.lang.AssertionError" message="expected [Amazon Music Unlimited - Stream 60 million songs online now.] but found [Amazon Music]">
      <![CDATA[java.lang.AssertionError: expected [Amazon Music Unlimited - Stream 60 million songs online now.] but found [Amazon Music]
at home.HomePage.verifyAmazonMusicByTitle(HomePage.java:368)
at home.HomePageTest.testVerifyAmazonMusicByTitle(HomePageTest.java:121)
at java.base/java.util.ArrayList.forEach(ArrayList.java:1540)
... Removed 36 stack frames]]>
    </failure>
  </testcase> <!-- testVerifyAmazonMusicByTitle -->
  <testcase classname="home.HomePageTest" name="testVerifyClickOnAmazonAdvertisingByText" time="0.0">
    <skipped/>
  </testcase> <!-- testVerifyClickOnAmazonAdvertisingByText -->
  <testcase classname="home.HomePageTest" name="testVerifyClickOnAmazonAdvertisingByTitle" time="0.0">
    <skipped/>
  </testcase> <!-- testVerifyClickOnAmazonAdvertisingByTitle -->
  <testcase classname="home.HomePageTest" name="testVerifyClickOnAmazonAdvertisingByURL" time="0.0">
    <skipped/>
  </testcase> <!-- testVerifyClickOnAmazonAdvertisingByURL -->
  <testcase classname="home.HomePageTest" name="testVerifyClickOnHPFeaturedBrandSelection" time="0.001">
    <skipped/>
  </testcase> <!-- testVerifyClickOnHPFeaturedBrandSelection -->
  <testcase classname="home.HomePageTest" name="testVerifyClickOnMusicLink" time="0.0">
    <skipped/>
  </testcase> <!-- testVerifyClickOnMusicLink -->
  <testcase classname="home.HomePageTest" name="testVerifyClickOnMusicLinkByTitle" time="0.0">
    <skipped/>
  </testcase> <!-- testVerifyClickOnMusicLinkByTitle -->
  <testcase classname="home.HomePageTest" name="testVerifyClickOnStartASellingAccount" time="0.0">
    <skipped/>
  </testcase> <!-- testVerifyClickOnStartASellingAccount -->
  <testcase classname="home.HomePageTest" name="testVerifySellVerificationTextIsDisplayed" time="0.0">
    <skipped/>
  </testcase> <!-- testVerifySellVerificationTextIsDisplayed -->
  <testcase classname="home.HomePageTest" name="testvalidateClickSellTabByTitle" time="0.0">
    <skipped/>
  </testcase> <!-- testvalidateClickSellTabByTitle -->
  <testcase classname="home.HomePageTest" name="testverifyClickGiftCardsTabByText" time="0.0">
    <skipped/>
  </testcase> <!-- testverifyClickGiftCardsTabByText -->
  <testcase classname="registration.RegistrationPageTest" name="testPasswordMustBeAtLeast6CharacterAlertSignIsEnabled" time="0.0">
    <skipped/>
  </testcase> <!-- testPasswordMustBeAtLeast6CharacterAlertSignIsEnabled -->
  <testcase classname="registration.RegistrationPageTest" name="testVerifyClickStartHere" time="0.0">
    <skipped/>
  </testcase> <!-- testVerifyClickStartHere -->
  <testcase classname="registration.RegistrationPageTest" name="testVerifyEnterAValidEmailAddressAlertSignIsDisplayed" time="0.0">
    <skipped/>
  </testcase> <!-- testVerifyEnterAValidEmailAddressAlertSignIsDisplayed -->
  <testcase classname="registration.RegistrationPageTest" name="testVerifyEnterYourEmailAlertSignIsDisplayed" time="0.0">
    <skipped/>
  </testcase> <!-- testVerifyEnterYourEmailAlertSignIsDisplayed -->
  <testcase classname="registration.RegistrationPageTest" name="testVerifyEnterYourNameAlertSignIsDisplayed" time="0.0">
    <skipped/>
  </testcase> <!-- testVerifyEnterYourNameAlertSignIsDisplayed -->
  <testcase classname="registration.RegistrationPageTest" name="testVerifyEnterYourPasswordAlertSignIsDisplayed" time="0.0">
    <skipped/>
  </testcase> <!-- testVerifyEnterYourPasswordAlertSignIsDisplayed -->
  <testcase classname="registration.RegistrationPageTest" name="testVerifyNavigateToAmazonSellerSignUpPageByTitle" time="0.0">
    <skipped/>
  </testcase> <!-- testVerifyNavigateToAmazonSellerSignUpPageByTitle -->
  <testcase classname="registration.RegistrationPageTest" name="testVerifyNewAccountCaptchaIsDisplayed" time="0.0">
    <skipped/>
  </testcase> <!-- testVerifyNewAccountCaptchaIsDisplayed -->
  <testcase classname="registration.RegistrationPageTest" name="testVerifyPasswordsMustMatchAlertIsDisplayed" time="0.0">
    <skipped/>
  </testcase> <!-- testVerifyPasswordsMustMatchAlertIsDisplayed -->
  <testcase classname="registration.RegistrationPageTest" name="testVerifyTypeYourPasswordAgainAlertSignIsDisplayed" time="0.0">
    <skipped/>
  </testcase> <!-- testVerifyTypeYourPasswordAgainAlertSignIsDisplayed -->
  <testcase classname="search.SearchTest" name="testSearchMultipleItems" time="0.0">
    <skipped/>
  </testcase> <!-- testSearchMultipleItems -->
  <testcase classname="search.SearchTest" name="testSearchSingleItem" time="0.0">
    <skipped/>
  </testcase> <!-- testSearchSingleItem -->
  <testcase classname="search.SearchTest" name="testValidateAllDropDown" time="0.0">
    <skipped/>
  </testcase> <!-- testValidateAllDropDown -->
  <testcase classname="search.SearchTest" name="testValidateSearchItemsFromExcel" time="0.0">
    <skipped/>
  </testcase> <!-- testValidateSearchItemsFromExcel -->
  <testcase classname="search.SearchTest" name="testValidateSearchItemsFromMySQL" time="0.0">
    <skipped/>
  </testcase> <!-- testValidateSearchItemsFromMySQL -->
  <testcase classname="search.SearchTest" name="testValidateSelectComputersFromAllDropdown" time="0.0">
    <skipped/>
  </testcase> <!-- testValidateSelectComputersFromAllDropdown -->
  <testcase classname="search.SearchTest" name="testVerifyPurellTextIsDisplayed" time="0.0">
    <skipped/>
  </testcase> <!-- testVerifyPurellTextIsDisplayed -->
  <testcase classname="search.SearchTest" name="testVerifySearchRandomBooksByTitle" time="0.0">
    <skipped/>
  </testcase> <!-- testVerifySearchRandomBooksByTitle -->
  <testcase classname="search.SearchTest" name="testVerifySearchRandomBooksByURL" time="0.0">
    <skipped/>
  </testcase> <!-- testVerifySearchRandomBooksByURL -->
  <testcase classname="signIn.SignInTest" name="testVerifyEnterYourEmailOrMobilePhoneNumberAlertIsDisplayed" time="0.0">
    <skipped/>
  </testcase> <!-- testVerifyEnterYourEmailOrMobilePhoneNumberAlertIsDisplayed -->
  <testcase classname="signIn.SignInTest" name="testVerifyEnterYourPasswordAlertIsDisplayed" time="0.0">
    <skipped/>
  </testcase> <!-- testVerifyEnterYourPasswordAlertIsDisplayed -->
  <testcase classname="signIn.SignInTest" name="testVerifyForgotYourPasswordTitle" time="0.0">
    <skipped/>
  </testcase> <!-- testVerifyForgotYourPasswordTitle -->
  <testcase classname="signIn.SignInTest" name="testVerifyIncorrectPhoneNumberAlertIsDispalyed" time="0.0">
    <skipped/>
  </testcase> <!-- testVerifyIncorrectPhoneNumberAlertIsDispalyed -->
  <testcase classname="signIn.SignInTest" name="testVerifyLoginWithInvalidPassword" time="0.0">
    <skipped/>
  </testcase> <!-- testVerifyLoginWithInvalidPassword -->
  <testcase classname="signIn.SignInTest" name="testVerifyThatErrorIsDisplayedWhenLoggingInWithInvalidEmailAddressFormat" time="0.0">
    <skipped/>
  </testcase> <!-- testVerifyThatErrorIsDisplayedWhenLoggingInWithInvalidEmailAddressFormat -->
  <testcase classname="signIn.SignInTest" name="testVerifyWeCannotFindAnAccountWithThatEmailAddressAlertIsDisplayed" time="0.0">
    <skipped/>
  </testcase> <!-- testVerifyWeCannotFindAnAccountWithThatEmailAddressAlertIsDisplayed -->
  <testcase classname="signIn.SignInTest" name="testTwoUsersCanLogin" time="0.0">
    <skipped/>
  </testcase> <!-- testTwoUsersCanLogin -->
  <testcase classname="signIn.SignInTest" name="testTwoUsersCanLogin" time="0.0">
    <skipped/>
  </testcase> <!-- testTwoUsersCanLogin -->
  <testcase classname="signIn.SignInTest" name="testVerifySignInTitle" time="0.0">
    <skipped/>
  </testcase> <!-- testVerifySignInTitle -->
  <testcase classname="base.CommonAPI" name="@AfterSuite generateReport" time="0.0">
    <ignored/>
  </testcase> <!-- @AfterSuite generateReport -->
  <testcase classname="base.CommonAPI" name="@AfterSuite generateReport" time="0.0">
    <ignored/>
  </testcase> <!-- @AfterSuite generateReport -->
  <testcase classname="base.CommonAPI" name="@AfterSuite generateReport" time="0.0">
    <ignored/>
  </testcase> <!-- @AfterSuite generateReport -->
  <testcase classname="base.CommonAPI" name="@AfterSuite generateReport" time="0.0">
    <ignored/>
  </testcase> <!-- @AfterSuite generateReport -->
  <testcase classname="base.CommonAPI" name="@BeforeSuite extentSetup" time="0.0">
    <ignored/>
  </testcase> <!-- @BeforeSuite extentSetup -->
  <testcase classname="base.CommonAPI" name="@BeforeSuite extentSetup" time="0.0">
    <ignored/>
  </testcase> <!-- @BeforeSuite extentSetup -->
  <testcase classname="base.CommonAPI" name="@BeforeSuite extentSetup" time="0.0">
    <ignored/>
  </testcase> <!-- @BeforeSuite extentSetup -->
  <testcase classname="base.CommonAPI" name="@BeforeSuite extentSetup" time="0.0">
    <ignored/>
  </testcase> <!-- @BeforeSuite extentSetup -->
</testsuite> <!-- Amazon Home -->
