<?xml version="1.0" encoding="UTF-8"?>
<!-- Generated by org.testng.reporters.JUnitXMLReporter -->
<testsuite ignored="1" hostname="Waqas" failures="1" tests="6" name="Amazon Home" time="113.231" errors="0" timestamp="2020-09-26T04:55:00 EDT">
  <testcase classname="search.SearchTest" name="testSearchMultipleItems" time="8.39"/>
  <testcase classname="search.SearchTest" name="testSearchSingleItem" time="5.106"/>
  <testcase classname="search.SearchTest" name="testValidateAllDropDown" time="0.097"/>
  <testcase classname="search.SearchTest" name="testVerifyPurellTextIsDisplayed" time="8.531"/>
  <testcase classname="search.SearchTest" name="testVerifySearchRandomBooksByTitle" time="10.63"/>
  <testcase classname="search.SearchTest" name="testVerifySearchRandomBooksByURL" time="10.837">
    <failure type="java.lang.AssertionError" message="expected [https://www.amazon.com/s?k=Lilies+of+the+Field&amp;amp;i=stripbooks-intl-ship&amp;amp;ref=nb_sb_noss] but found [https://www.amazon.com/s?k=Lilies+of+the+Field&amp;amp;i=stripbooks&amp;amp;ref=nb_sb_noss]">
      <![CDATA[java.lang.AssertionError: expected [https://www.amazon.com/s?k=Lilies+of+the+Field&i=stripbooks-intl-ship&ref=nb_sb_noss] but found [https://www.amazon.com/s?k=Lilies+of+the+Field&i=stripbooks&ref=nb_sb_noss]
at search.Search.verifySearchRandomBookByURL(Search.java:253)
at search.SearchTest.testVerifySearchRandomBooksByURL(SearchTest.java:84)
at java.base/java.util.ArrayList.forEach(ArrayList.java:1541)
... Removed 36 stack frames]]>
    </failure>
  </testcase> <!-- testVerifySearchRandomBooksByURL -->
  <testcase classname="search.SearchTest" name="testValidateSearchItemsFromMySQL" time="0.0">
    <ignored/>
  </testcase> <!-- testValidateSearchItemsFromMySQL -->
</testsuite> <!-- Amazon Home -->
