<?xml version="1.0" encoding="UTF-8"?>
<!-- Generated by org.testng.reporters.JUnitXMLReporter -->
<testsuite ignored="0" hostname="DESKTOP-F15B8L7" failures="0" tests="7" name="Amazon Home" time="86.834" errors="0" timestamp="2020-08-30T20:51:12 PDT">
  <testcase classname="search.SearchTest" name="testSearchMultipleItems" time="7.164"/>
  <testcase classname="search.SearchTest" name="testSearchSingleItem" time="3.507"/>
  <testcase classname="search.SearchTest" name="testValidateAllDropDown" time="0.327"/>
  <testcase classname="search.SearchTest" name="testValidateSearchItemsFromMySQL" time="8.166"/>
  <testcase classname="search.SearchTest" name="testVerifyPurellTextIsDisplayed" time="5.592"/>
  <testcase classname="search.SearchTest" name="testVerifySearchRandomBooksByTitle" time="5.606"/>
  <testcase classname="search.SearchTest" name="testVerifySearchRandomBooksByURL" time="4.905"/>
</testsuite> <!-- Amazon Home -->
