<?xml version="1.0" encoding="UTF-8"?>
<!-- Generated by org.testng.reporters.JUnitXMLReporter -->
<testsuite ignored="0" hostname="DESKTOP-F15B8L7" failures="0" tests="5" name="Amazon Home" time="54.047" errors="0" timestamp="2020-08-30T19:58:01 PDT">
  <testcase classname="search.SearchTest" name="testSearchMultipleItems" time="5.802"/>
  <testcase classname="search.SearchTest" name="testSearchSingleItem" time="2.871"/>
  <testcase classname="search.SearchTest" name="testValidateAllDropDown" time="0.294"/>
  <testcase classname="search.SearchTest" name="testVerifySearchRandomBooksByTitle" time="5.566"/>
  <testcase classname="search.SearchTest" name="testVerifySearchRandomBooksByURL" time="5.64"/>
</testsuite> <!-- Amazon Home -->
