<?xml version="1.0" encoding="UTF-8"?>
<!-- Generated by org.testng.reporters.JUnitXMLReporter -->
<testsuite ignored="0" hostname="Farjanas-Air" failures="1" tests="10" name="Marriott Home" time="223.74" errors="0" timestamp="2020-09-26T02:31:31 EDT">
  <testcase classname="home.MarriottHomePageTest" name="testAndValidateAdultGuestNumber" time="11.507"/>
  <testcase classname="home.MarriottHomePageTest" name="testAndValidateCalendar" time="9.814"/>
  <testcase classname="home.MarriottHomePageTest" name="testAndValidateChildGuest" time="4.292"/>
  <testcase classname="home.MarriottHomePageTest" name="testAndValidateDestinationBox" time="11.968"/>
  <testcase classname="home.MarriottHomePageTest" name="testAndValidateDeutsch" time="9.912"/>
  <testcase classname="home.MarriottHomePageTest" name="testAndValidateEspanol" time="7.939"/>
  <testcase classname="home.MarriottHomePageTest" name="testAndValidateHotelFindingProcess" time="22.862">
    <failure type="org.openqa.selenium.ElementClickInterceptedException" message="element click intercepted: Element &amp;lt;label for=&amp;quot;ZMG9B3QL_useRewardsPoints&amp;quot; class=&amp;quot;l-userewards-checkmark js-use-rewards&amp;quot;&amp;gt;...&amp;lt;/label&amp;gt; is not clickable at point (873, 11). Other element would receive the click: &amp;lt;a href=&amp;quot;https://help.marriott.com/s/&amp;quot; class=&amp;quot;t-control-link tile-quick-link-item t-font-s t-line-height-m l-padding-three-quarters l-display-inline-block  &amp;quot; data-component-id=&amp;quot;QuickLinkItem_02_bc7e&amp;quot; data-component-name=&amp;quot;quickLinkItem&amp;quot; data-component-endpoint=&amp;quot;/aries-content/v1/quickLinkItem.comp&amp;quot;&amp;gt;...&amp;lt;/a&amp;gt;
  (Session info: chrome=85.0.4183.121)
Build info: version: &amp;apos;3.141.59&amp;apos;, revision: &amp;apos;e82be7d358&amp;apos;, time: &amp;apos;2018-11-14T08:17:03&amp;apos;
System info: host: &amp;apos;Farjanas-Air&amp;apos;, ip: &amp;apos;2604:2000:1700:1c:aca7:63da:436f:f5a%en0&amp;apos;, os.name: &amp;apos;Mac OS X&amp;apos;, os.arch: &amp;apos;x86_64&amp;apos;, os.version: &amp;apos;10.13.6&amp;apos;, java.version: &amp;apos;11.0.6&amp;apos;
Driver info: org.openqa.selenium.chrome.ChromeDriver
Capabilities {acceptInsecureCerts: false, browserName: chrome, browserVersion: 85.0.4183.121, chrome: {chromedriverVersion: 85.0.4183.87 (cd6713ebf92fa..., userDataDir: /var/folders/27/nmfyzmzj1c7...}, goog:chromeOptions: {debuggerAddress: localhost:55026}, javascriptEnabled: true, networkConnectionEnabled: false, pageLoadStrategy: normal, platform: MAC, platformName: MAC, proxy: Proxy(), setWindowRect: true, strictFileInteractability: false, timeouts: {implicit: 0, pageLoad: 300000, script: 30000}, unhandledPromptBehavior: dismiss and notify, webauthn:virtualAuthenticators: true}
Session ID: a2230185a315a17e0b9eb7c14ffadf71">
      <![CDATA[org.openqa.selenium.ElementClickInterceptedException: element click intercepted: Element <label for="ZMG9B3QL_useRewardsPoints" class="l-userewards-checkmark js-use-rewards">...</label> is not clickable at point (873, 11). Other element would receive the click: <a href="https://help.marriott.com/s/" class="t-control-link tile-quick-link-item t-font-s t-line-height-m l-padding-three-quarters l-display-inline-block  " data-component-id="QuickLinkItem_02_bc7e" data-component-name="quickLinkItem" data-component-endpoint="/aries-content/v1/quickLinkItem.comp">...</a>
  (Session info: chrome=85.0.4183.121)
Build info: version: '3.141.59', revision: 'e82be7d358', time: '2018-11-14T08:17:03'
System info: host: 'Farjanas-Air', ip: '2604:2000:1700:1c:aca7:63da:436f:f5a%en0', os.name: 'Mac OS X', os.arch: 'x86_64', os.version: '10.13.6', java.version: '11.0.6'
Driver info: org.openqa.selenium.chrome.ChromeDriver
Capabilities {acceptInsecureCerts: false, browserName: chrome, browserVersion: 85.0.4183.121, chrome: {chromedriverVersion: 85.0.4183.87 (cd6713ebf92fa..., userDataDir: /var/folders/27/nmfyzmzj1c7...}, goog:chromeOptions: {debuggerAddress: localhost:55026}, javascriptEnabled: true, networkConnectionEnabled: false, pageLoadStrategy: normal, platform: MAC, platformName: MAC, proxy: Proxy(), setWindowRect: true, strictFileInteractability: false, timeouts: {implicit: 0, pageLoad: 300000, script: 30000}, unhandledPromptBehavior: dismiss and notify, webauthn:virtualAuthenticators: true}
Session ID: a2230185a315a17e0b9eb7c14ffadf71
at org.openqa.selenium.remote.http.W3CHttpResponseCodec.createException(W3CHttpResponseCodec.java:187)
at org.openqa.selenium.remote.http.W3CHttpResponseCodec.decode(W3CHttpResponseCodec.java:122)
at org.openqa.selenium.remote.http.W3CHttpResponseCodec.decode(W3CHttpResponseCodec.java:49)
at org.openqa.selenium.remote.HttpCommandExecutor.execute(HttpCommandExecutor.java:158)
at org.openqa.selenium.remote.service.DriverCommandExecutor.execute(DriverCommandExecutor.java:83)
at org.openqa.selenium.remote.RemoteWebDriver.execute(RemoteWebDriver.java:552)
at org.openqa.selenium.remote.RemoteWebElement.execute(RemoteWebElement.java:285)
at org.openqa.selenium.remote.RemoteWebElement.click(RemoteWebElement.java:84)
at org.openqa.selenium.support.pagefactory.internal.LocatingElementHandler.invoke(LocatingElementHandler.java:51)
at com.sun.proxy.$Proxy14.click(Unknown Source)
at home.MarriottHomePage.checkHotelFindingProcess(MarriottHomePage.java:177)
at home.MarriottHomePageTest.testAndValidateHotelFindingProcess(MarriottHomePageTest.java:74)
at java.base/java.util.ArrayList.forEach(ArrayList.java:1540)
... Removed 38 stack frames]]>
    </failure>
  </testcase> <!-- testAndValidateHotelFindingProcess -->
  <testcase classname="home.MarriottHomePageTest" name="testAndValidateNumberOfRooms" time="13.711"/>
  <testcase classname="home.MarriottHomePageTest" name="testAndValidateSpecialRate" time="16.277"/>
  <testcase classname="home.MarriottHomePageTest" name="testAndValidateUsePointCheckBox" time="10.092"/>
</testsuite> <!-- Marriott Home -->
