<?xml version="1.0" encoding="UTF-8"?>
<testng-results ignored="8" total="51" passed="39" failed="4" skipped="0">
  <reporter-output>
    <line>
      <![CDATA[Extent Report DirectoryC:\Study\Selenium\Selenium\Frameworks\WebAutomationFramework_Team1\Amazon\target\surefire-reports\html]]>
    </line>
  </reporter-output>
  <suite started-at="2020-08-30T19:01:56 PDT" name="Surefire suite" finished-at="2020-08-30T19:09:33 PDT" duration-ms="457525">
    <groups>
    </groups>
    <test started-at="2020-08-30T19:01:56 PDT" name="Surefire test" finished-at="2020-08-30T19:09:33 PDT" duration-ms="457525">
      <class name="signIn.SignInTest">
        <test-method is-config="true" signature="setUp(boolean, java.lang.String, java.lang.String, java.lang.String, java.lang.String, java.lang.String, java.lang.String)[pri:0, instance:signIn.SignInTest@5b94b04d]" started-at="2020-08-30T19:08:31 PDT" name="setUp" finished-at="2020-08-30T19:08:37 PDT" duration-ms="5824" status="PASS">
          <params>
            <param index="0">
              <value>
                <![CDATA[false]]>
              </value>
            </param>
            <param index="1">
              <value>
                <![CDATA[false]]>
              </value>
            </param>
            <param index="2">
              <value>
                <![CDATA[windows]]>
              </value>
            </param>
            <param index="3">
              <value>
                <![CDATA[10]]>
              </value>
            </param>
            <param index="4">
              <value>
                <![CDATA[chrome-options]]>
              </value>
            </param>
            <param index="5">
              <value>
                <![CDATA[34]]>
              </value>
            </param>
            <param index="6">
              <value>
                <![CDATA[https://www.amazon.com]]>
              </value>
            </param>
          </params>
          <reporter-output>
          </reporter-output>
        </test-method> <!-- setUp -->
        <test-method is-config="true" signature="getInit()[pri:0, instance:signIn.SignInTest@5b94b04d]" started-at="2020-08-30T19:08:37 PDT" name="getInit" finished-at="2020-08-30T19:08:37 PDT" duration-ms="13" status="PASS">
          <reporter-output>
          </reporter-output>
        </test-method> <!-- getInit -->
        <test-method is-config="true" signature="startExtent(java.lang.reflect.Method)[pri:0, instance:signIn.SignInTest@5b94b04d]" started-at="2020-08-30T19:08:37 PDT" name="startExtent" finished-at="2020-08-30T19:08:37 PDT" duration-ms="0" status="PASS">
          <params>
            <param index="0">
              <value>
                <![CDATA[public void signIn.SignInTest.testVerifyEnterYourEmailOrMobilePhoneNumberAlertIsDisplayed()]]>
              </value>
            </param>
          </params>
          <reporter-output>
          </reporter-output>
        </test-method> <!-- startExtent -->
        <test-method signature="testVerifyEnterYourEmailOrMobilePhoneNumberAlertIsDisplayed()[pri:0, instance:signIn.SignInTest@5b94b04d]" started-at="2020-08-30T19:08:37 PDT" name="testVerifyEnterYourEmailOrMobilePhoneNumberAlertIsDisplayed" finished-at="2020-08-30T19:08:38 PDT" duration-ms="1387" status="PASS">
          <reporter-output>
          </reporter-output>
        </test-method> <!-- testVerifyEnterYourEmailOrMobilePhoneNumberAlertIsDisplayed -->
        <test-method is-config="true" signature="afterEachTestMethod(org.testng.ITestResult)[pri:0, instance:signIn.SignInTest@5b94b04d]" started-at="2020-08-30T19:08:38 PDT" name="afterEachTestMethod" finished-at="2020-08-30T19:08:39 PDT" duration-ms="1222" status="PASS">
          <params>
            <param index="0">
              <value>
                <![CDATA[[TestResult name=testVerifyEnterYourEmailOrMobilePhoneNumberAlertIsDisplayed status=SUCCESS method=SignInTest.testVerifyEnterYourEmailOrMobilePhoneNumberAlertIsDisplayed()[pri:0, instance:signIn.SignInTest@5b94b04d] output={null}]]]>
              </value>
            </param>
          </params>
          <reporter-output>
          </reporter-output>
        </test-method> <!-- afterEachTestMethod -->
        <test-method is-config="true" signature="cleanUp()[pri:0, instance:signIn.SignInTest@5b94b04d]" started-at="2020-08-30T19:08:39 PDT" name="cleanUp" finished-at="2020-08-30T19:08:39 PDT" duration-ms="0" status="PASS">
          <reporter-output>
          </reporter-output>
        </test-method> <!-- cleanUp -->
        <test-method is-config="true" signature="setUp(boolean, java.lang.String, java.lang.String, java.lang.String, java.lang.String, java.lang.String, java.lang.String)[pri:0, instance:signIn.SignInTest@5b94b04d]" started-at="2020-08-30T19:08:39 PDT" name="setUp" finished-at="2020-08-30T19:08:45 PDT" duration-ms="5864" status="PASS">
          <params>
            <param index="0">
              <value>
                <![CDATA[false]]>
              </value>
            </param>
            <param index="1">
              <value>
                <![CDATA[false]]>
              </value>
            </param>
            <param index="2">
              <value>
                <![CDATA[windows]]>
              </value>
            </param>
            <param index="3">
              <value>
                <![CDATA[10]]>
              </value>
            </param>
            <param index="4">
              <value>
                <![CDATA[chrome-options]]>
              </value>
            </param>
            <param index="5">
              <value>
                <![CDATA[34]]>
              </value>
            </param>
            <param index="6">
              <value>
                <![CDATA[https://www.amazon.com]]>
              </value>
            </param>
          </params>
          <reporter-output>
          </reporter-output>
        </test-method> <!-- setUp -->
        <test-method signature="testVerifyEnterYourPasswordAlertIsDisplayed()[pri:0, instance:signIn.SignInTest@5b94b04d]" started-at="2020-08-30T19:08:45 PDT" name="testVerifyEnterYourPasswordAlertIsDisplayed" finished-at="2020-08-30T19:08:48 PDT" duration-ms="2495" status="PASS">
          <reporter-output>
          </reporter-output>
        </test-method> <!-- testVerifyEnterYourPasswordAlertIsDisplayed -->
        <test-method is-config="true" signature="getInit()[pri:0, instance:signIn.SignInTest@5b94b04d]" started-at="2020-08-30T19:08:45 PDT" name="getInit" finished-at="2020-08-30T19:08:45 PDT" duration-ms="0" status="PASS">
          <reporter-output>
          </reporter-output>
        </test-method> <!-- getInit -->
        <test-method is-config="true" signature="startExtent(java.lang.reflect.Method)[pri:0, instance:signIn.SignInTest@5b94b04d]" started-at="2020-08-30T19:08:45 PDT" name="startExtent" finished-at="2020-08-30T19:08:45 PDT" duration-ms="0" status="PASS">
          <params>
            <param index="0">
              <value>
                <![CDATA[public void signIn.SignInTest.testVerifyEnterYourPasswordAlertIsDisplayed()]]>
              </value>
            </param>
          </params>
          <reporter-output>
          </reporter-output>
        </test-method> <!-- startExtent -->
        <test-method is-config="true" signature="afterEachTestMethod(org.testng.ITestResult)[pri:0, instance:signIn.SignInTest@5b94b04d]" started-at="2020-08-30T19:08:48 PDT" name="afterEachTestMethod" finished-at="2020-08-30T19:08:48 PDT" duration-ms="871" status="PASS">
          <params>
            <param index="0">
              <value>
                <![CDATA[[TestResult name=testVerifyEnterYourPasswordAlertIsDisplayed status=SUCCESS method=SignInTest.testVerifyEnterYourPasswordAlertIsDisplayed()[pri:0, instance:signIn.SignInTest@5b94b04d] output={null}]]]>
              </value>
            </param>
          </params>
          <reporter-output>
          </reporter-output>
        </test-method> <!-- afterEachTestMethod -->
        <test-method is-config="true" signature="cleanUp()[pri:0, instance:signIn.SignInTest@5b94b04d]" started-at="2020-08-30T19:08:48 PDT" name="cleanUp" finished-at="2020-08-30T19:08:48 PDT" duration-ms="0" status="PASS">
          <reporter-output>
          </reporter-output>
        </test-method> <!-- cleanUp -->
        <test-method is-config="true" signature="setUp(boolean, java.lang.String, java.lang.String, java.lang.String, java.lang.String, java.lang.String, java.lang.String)[pri:0, instance:signIn.SignInTest@5b94b04d]" started-at="2020-08-30T19:08:48 PDT" name="setUp" finished-at="2020-08-30T19:08:54 PDT" duration-ms="5315" status="PASS">
          <params>
            <param index="0">
              <value>
                <![CDATA[false]]>
              </value>
            </param>
            <param index="1">
              <value>
                <![CDATA[false]]>
              </value>
            </param>
            <param index="2">
              <value>
                <![CDATA[windows]]>
              </value>
            </param>
            <param index="3">
              <value>
                <![CDATA[10]]>
              </value>
            </param>
            <param index="4">
              <value>
                <![CDATA[chrome-options]]>
              </value>
            </param>
            <param index="5">
              <value>
                <![CDATA[34]]>
              </value>
            </param>
            <param index="6">
              <value>
                <![CDATA[https://www.amazon.com]]>
              </value>
            </param>
          </params>
          <reporter-output>
          </reporter-output>
        </test-method> <!-- setUp -->
        <test-method is-config="true" signature="startExtent(java.lang.reflect.Method)[pri:0, instance:signIn.SignInTest@5b94b04d]" started-at="2020-08-30T19:08:54 PDT" name="startExtent" finished-at="2020-08-30T19:08:54 PDT" duration-ms="1" status="PASS">
          <params>
            <param index="0">
              <value>
                <![CDATA[public void signIn.SignInTest.testVerifyForgotYourPasswordTitle()]]>
              </value>
            </param>
          </params>
          <reporter-output>
          </reporter-output>
        </test-method> <!-- startExtent -->
        <test-method signature="testVerifyForgotYourPasswordTitle()[pri:0, instance:signIn.SignInTest@5b94b04d]" started-at="2020-08-30T19:08:54 PDT" name="testVerifyForgotYourPasswordTitle" finished-at="2020-08-30T19:08:57 PDT" duration-ms="2950" status="PASS">
          <reporter-output>
          </reporter-output>
        </test-method> <!-- testVerifyForgotYourPasswordTitle -->
        <test-method is-config="true" signature="getInit()[pri:0, instance:signIn.SignInTest@5b94b04d]" started-at="2020-08-30T19:08:54 PDT" name="getInit" finished-at="2020-08-30T19:08:54 PDT" duration-ms="0" status="PASS">
          <reporter-output>
          </reporter-output>
        </test-method> <!-- getInit -->
        <test-method is-config="true" signature="afterEachTestMethod(org.testng.ITestResult)[pri:0, instance:signIn.SignInTest@5b94b04d]" started-at="2020-08-30T19:08:57 PDT" name="afterEachTestMethod" finished-at="2020-08-30T19:08:58 PDT" duration-ms="875" status="PASS">
          <params>
            <param index="0">
              <value>
                <![CDATA[[TestResult name=testVerifyForgotYourPasswordTitle status=SUCCESS method=SignInTest.testVerifyForgotYourPasswordTitle()[pri:0, instance:signIn.SignInTest@5b94b04d] output={null}]]]>
              </value>
            </param>
          </params>
          <reporter-output>
          </reporter-output>
        </test-method> <!-- afterEachTestMethod -->
        <test-method is-config="true" signature="setUp(boolean, java.lang.String, java.lang.String, java.lang.String, java.lang.String, java.lang.String, java.lang.String)[pri:0, instance:signIn.SignInTest@5b94b04d]" started-at="2020-08-30T19:08:58 PDT" name="setUp" finished-at="2020-08-30T19:09:03 PDT" duration-ms="5795" status="PASS">
          <params>
            <param index="0">
              <value>
                <![CDATA[false]]>
              </value>
            </param>
            <param index="1">
              <value>
                <![CDATA[false]]>
              </value>
            </param>
            <param index="2">
              <value>
                <![CDATA[windows]]>
              </value>
            </param>
            <param index="3">
              <value>
                <![CDATA[10]]>
              </value>
            </param>
            <param index="4">
              <value>
                <![CDATA[chrome-options]]>
              </value>
            </param>
            <param index="5">
              <value>
                <![CDATA[34]]>
              </value>
            </param>
            <param index="6">
              <value>
                <![CDATA[https://www.amazon.com]]>
              </value>
            </param>
          </params>
          <reporter-output>
          </reporter-output>
        </test-method> <!-- setUp -->
        <test-method is-config="true" signature="cleanUp()[pri:0, instance:signIn.SignInTest@5b94b04d]" started-at="2020-08-30T19:08:58 PDT" name="cleanUp" finished-at="2020-08-30T19:08:58 PDT" duration-ms="0" status="PASS">
          <reporter-output>
          </reporter-output>
        </test-method> <!-- cleanUp -->
        <test-method is-config="true" signature="startExtent(java.lang.reflect.Method)[pri:0, instance:signIn.SignInTest@5b94b04d]" started-at="2020-08-30T19:09:03 PDT" name="startExtent" finished-at="2020-08-30T19:09:03 PDT" duration-ms="1" status="PASS">
          <params>
            <param index="0">
              <value>
                <![CDATA[public void signIn.SignInTest.testVerifyIncorrectPhoneNumberAlertIsDispalyed()]]>
              </value>
            </param>
          </params>
          <reporter-output>
          </reporter-output>
        </test-method> <!-- startExtent -->
        <test-method is-config="true" signature="getInit()[pri:0, instance:signIn.SignInTest@5b94b04d]" started-at="2020-08-30T19:09:03 PDT" name="getInit" finished-at="2020-08-30T19:09:03 PDT" duration-ms="0" status="PASS">
          <reporter-output>
          </reporter-output>
        </test-method> <!-- getInit -->
        <test-method signature="testVerifyIncorrectPhoneNumberAlertIsDispalyed()[pri:0, instance:signIn.SignInTest@5b94b04d]" started-at="2020-08-30T19:09:03 PDT" name="testVerifyIncorrectPhoneNumberAlertIsDispalyed" finished-at="2020-08-30T19:09:06 PDT" duration-ms="2265" status="PASS">
          <reporter-output>
          </reporter-output>
        </test-method> <!-- testVerifyIncorrectPhoneNumberAlertIsDispalyed -->
        <test-method is-config="true" signature="afterEachTestMethod(org.testng.ITestResult)[pri:0, instance:signIn.SignInTest@5b94b04d]" started-at="2020-08-30T19:09:06 PDT" name="afterEachTestMethod" finished-at="2020-08-30T19:09:07 PDT" duration-ms="1738" status="PASS">
          <params>
            <param index="0">
              <value>
                <![CDATA[[TestResult name=testVerifyIncorrectPhoneNumberAlertIsDispalyed status=SUCCESS method=SignInTest.testVerifyIncorrectPhoneNumberAlertIsDispalyed()[pri:0, instance:signIn.SignInTest@5b94b04d] output={null}]]]>
              </value>
            </param>
          </params>
          <reporter-output>
          </reporter-output>
        </test-method> <!-- afterEachTestMethod -->
        <test-method is-config="true" signature="cleanUp()[pri:0, instance:signIn.SignInTest@5b94b04d]" started-at="2020-08-30T19:09:07 PDT" name="cleanUp" finished-at="2020-08-30T19:09:07 PDT" duration-ms="0" status="PASS">
          <reporter-output>
          </reporter-output>
        </test-method> <!-- cleanUp -->
        <test-method is-config="true" signature="setUp(boolean, java.lang.String, java.lang.String, java.lang.String, java.lang.String, java.lang.String, java.lang.String)[pri:0, instance:signIn.SignInTest@5b94b04d]" started-at="2020-08-30T19:09:07 PDT" name="setUp" finished-at="2020-08-30T19:09:13 PDT" duration-ms="5892" status="PASS">
          <params>
            <param index="0">
              <value>
                <![CDATA[false]]>
              </value>
            </param>
            <param index="1">
              <value>
                <![CDATA[false]]>
              </value>
            </param>
            <param index="2">
              <value>
                <![CDATA[windows]]>
              </value>
            </param>
            <param index="3">
              <value>
                <![CDATA[10]]>
              </value>
            </param>
            <param index="4">
              <value>
                <![CDATA[chrome-options]]>
              </value>
            </param>
            <param index="5">
              <value>
                <![CDATA[34]]>
              </value>
            </param>
            <param index="6">
              <value>
                <![CDATA[https://www.amazon.com]]>
              </value>
            </param>
          </params>
          <reporter-output>
          </reporter-output>
        </test-method> <!-- setUp -->
        <test-method signature="testVerifyThatErrorIsDisplayedWhenLoggingInWithInvalidEmailAddressFormat()[pri:0, instance:signIn.SignInTest@5b94b04d]" started-at="2020-08-30T19:09:13 PDT" name="testVerifyThatErrorIsDisplayedWhenLoggingInWithInvalidEmailAddressFormat" finished-at="2020-08-30T19:09:16 PDT" duration-ms="2381" status="PASS">
          <reporter-output>
          </reporter-output>
        </test-method> <!-- testVerifyThatErrorIsDisplayedWhenLoggingInWithInvalidEmailAddressFormat -->
        <test-method is-config="true" signature="startExtent(java.lang.reflect.Method)[pri:0, instance:signIn.SignInTest@5b94b04d]" started-at="2020-08-30T19:09:13 PDT" name="startExtent" finished-at="2020-08-30T19:09:13 PDT" duration-ms="0" status="PASS">
          <params>
            <param index="0">
              <value>
                <![CDATA[public void signIn.SignInTest.testVerifyThatErrorIsDisplayedWhenLoggingInWithInvalidEmailAddressFormat()]]>
              </value>
            </param>
          </params>
          <reporter-output>
          </reporter-output>
        </test-method> <!-- startExtent -->
        <test-method is-config="true" signature="getInit()[pri:0, instance:signIn.SignInTest@5b94b04d]" started-at="2020-08-30T19:09:13 PDT" name="getInit" finished-at="2020-08-30T19:09:13 PDT" duration-ms="0" status="PASS">
          <reporter-output>
          </reporter-output>
        </test-method> <!-- getInit -->
        <test-method is-config="true" signature="afterEachTestMethod(org.testng.ITestResult)[pri:0, instance:signIn.SignInTest@5b94b04d]" started-at="2020-08-30T19:09:16 PDT" name="afterEachTestMethod" finished-at="2020-08-30T19:09:17 PDT" duration-ms="1090" status="PASS">
          <params>
            <param index="0">
              <value>
                <![CDATA[[TestResult name=testVerifyThatErrorIsDisplayedWhenLoggingInWithInvalidEmailAddressFormat status=SUCCESS method=SignInTest.testVerifyThatErrorIsDisplayedWhenLoggingInWithInvalidEmailAddressFormat()[pri:0, instance:signIn.SignInTest@5b94b04d] output={null}]]]>
              </value>
            </param>
          </params>
          <reporter-output>
          </reporter-output>
        </test-method> <!-- afterEachTestMethod -->
        <test-method is-config="true" signature="setUp(boolean, java.lang.String, java.lang.String, java.lang.String, java.lang.String, java.lang.String, java.lang.String)[pri:0, instance:signIn.SignInTest@5b94b04d]" started-at="2020-08-30T19:09:17 PDT" name="setUp" finished-at="2020-08-30T19:09:22 PDT" duration-ms="5236" status="PASS">
          <params>
            <param index="0">
              <value>
                <![CDATA[false]]>
              </value>
            </param>
            <param index="1">
              <value>
                <![CDATA[false]]>
              </value>
            </param>
            <param index="2">
              <value>
                <![CDATA[windows]]>
              </value>
            </param>
            <param index="3">
              <value>
                <![CDATA[10]]>
              </value>
            </param>
            <param index="4">
              <value>
                <![CDATA[chrome-options]]>
              </value>
            </param>
            <param index="5">
              <value>
                <![CDATA[34]]>
              </value>
            </param>
            <param index="6">
              <value>
                <![CDATA[https://www.amazon.com]]>
              </value>
            </param>
          </params>
          <reporter-output>
          </reporter-output>
        </test-method> <!-- setUp -->
        <test-method is-config="true" signature="cleanUp()[pri:0, instance:signIn.SignInTest@5b94b04d]" started-at="2020-08-30T19:09:17 PDT" name="cleanUp" finished-at="2020-08-30T19:09:17 PDT" duration-ms="0" status="PASS">
          <reporter-output>
          </reporter-output>
        </test-method> <!-- cleanUp -->
        <test-method is-config="true" signature="startExtent(java.lang.reflect.Method)[pri:0, instance:signIn.SignInTest@5b94b04d]" started-at="2020-08-30T19:09:22 PDT" name="startExtent" finished-at="2020-08-30T19:09:22 PDT" duration-ms="1" status="PASS">
          <params>
            <param index="0">
              <value>
                <![CDATA[public void signIn.SignInTest.testVerifyWeCannotFindAnAccountWithThatEmailAddressAlertIsDisplayed()]]>
              </value>
            </param>
          </params>
          <reporter-output>
          </reporter-output>
        </test-method> <!-- startExtent -->
        <test-method signature="testVerifyWeCannotFindAnAccountWithThatEmailAddressAlertIsDisplayed()[pri:0, instance:signIn.SignInTest@5b94b04d]" started-at="2020-08-30T19:09:22 PDT" name="testVerifyWeCannotFindAnAccountWithThatEmailAddressAlertIsDisplayed" finished-at="2020-08-30T19:09:25 PDT" duration-ms="2554" status="PASS">
          <reporter-output>
          </reporter-output>
        </test-method> <!-- testVerifyWeCannotFindAnAccountWithThatEmailAddressAlertIsDisplayed -->
        <test-method is-config="true" signature="getInit()[pri:0, instance:signIn.SignInTest@5b94b04d]" started-at="2020-08-30T19:09:22 PDT" name="getInit" finished-at="2020-08-30T19:09:22 PDT" duration-ms="0" status="PASS">
          <reporter-output>
          </reporter-output>
        </test-method> <!-- getInit -->
        <test-method is-config="true" signature="afterEachTestMethod(org.testng.ITestResult)[pri:0, instance:signIn.SignInTest@5b94b04d]" started-at="2020-08-30T19:09:25 PDT" name="afterEachTestMethod" finished-at="2020-08-30T19:09:26 PDT" duration-ms="1043" status="PASS">
          <params>
            <param index="0">
              <value>
                <![CDATA[[TestResult name=testVerifyWeCannotFindAnAccountWithThatEmailAddressAlertIsDisplayed status=SUCCESS method=SignInTest.testVerifyWeCannotFindAnAccountWithThatEmailAddressAlertIsDisplayed()[pri:0, instance:signIn.SignInTest@5b94b04d] output={null}]]]>
              </value>
            </param>
          </params>
          <reporter-output>
          </reporter-output>
        </test-method> <!-- afterEachTestMethod -->
        <test-method is-config="true" signature="cleanUp()[pri:0, instance:signIn.SignInTest@5b94b04d]" started-at="2020-08-30T19:09:26 PDT" name="cleanUp" finished-at="2020-08-30T19:09:26 PDT" duration-ms="0" status="PASS">
          <reporter-output>
          </reporter-output>
        </test-method> <!-- cleanUp -->
        <test-method is-config="true" signature="setUp(boolean, java.lang.String, java.lang.String, java.lang.String, java.lang.String, java.lang.String, java.lang.String)[pri:0, instance:signIn.SignInTest@5b94b04d]" started-at="2020-08-30T19:09:26 PDT" name="setUp" finished-at="2020-08-30T19:09:31 PDT" duration-ms="5402" status="PASS">
          <params>
            <param index="0">
              <value>
                <![CDATA[false]]>
              </value>
            </param>
            <param index="1">
              <value>
                <![CDATA[false]]>
              </value>
            </param>
            <param index="2">
              <value>
                <![CDATA[windows]]>
              </value>
            </param>
            <param index="3">
              <value>
                <![CDATA[10]]>
              </value>
            </param>
            <param index="4">
              <value>
                <![CDATA[chrome-options]]>
              </value>
            </param>
            <param index="5">
              <value>
                <![CDATA[34]]>
              </value>
            </param>
            <param index="6">
              <value>
                <![CDATA[https://www.amazon.com]]>
              </value>
            </param>
          </params>
          <reporter-output>
          </reporter-output>
        </test-method> <!-- setUp -->
        <test-method is-config="true" signature="getInit()[pri:0, instance:signIn.SignInTest@5b94b04d]" started-at="2020-08-30T19:09:31 PDT" name="getInit" finished-at="2020-08-30T19:09:31 PDT" duration-ms="0" status="PASS">
          <reporter-output>
          </reporter-output>
        </test-method> <!-- getInit -->
        <test-method signature="testVerifySignInTitle()[pri:1, instance:signIn.SignInTest@5b94b04d]" started-at="2020-08-30T19:09:31 PDT" name="testVerifySignInTitle" finished-at="2020-08-30T19:09:32 PDT" duration-ms="1429" status="PASS">
          <reporter-output>
          </reporter-output>
        </test-method> <!-- testVerifySignInTitle -->
        <test-method is-config="true" signature="startExtent(java.lang.reflect.Method)[pri:0, instance:signIn.SignInTest@5b94b04d]" started-at="2020-08-30T19:09:31 PDT" name="startExtent" finished-at="2020-08-30T19:09:31 PDT" duration-ms="0" status="PASS">
          <params>
            <param index="0">
              <value>
                <![CDATA[public void signIn.SignInTest.testVerifySignInTitle()]]>
              </value>
            </param>
          </params>
          <reporter-output>
          </reporter-output>
        </test-method> <!-- startExtent -->
        <test-method is-config="true" signature="afterEachTestMethod(org.testng.ITestResult)[pri:0, instance:signIn.SignInTest@5b94b04d]" started-at="2020-08-30T19:09:32 PDT" name="afterEachTestMethod" finished-at="2020-08-30T19:09:33 PDT" duration-ms="821" status="PASS">
          <params>
            <param index="0">
              <value>
                <![CDATA[[TestResult name=testVerifySignInTitle status=SUCCESS method=SignInTest.testVerifySignInTitle()[pri:1, instance:signIn.SignInTest@5b94b04d] output={null}]]]>
              </value>
            </param>
          </params>
          <reporter-output>
          </reporter-output>
        </test-method> <!-- afterEachTestMethod -->
        <test-method is-config="true" signature="cleanUp()[pri:0, instance:signIn.SignInTest@5b94b04d]" started-at="2020-08-30T19:09:33 PDT" name="cleanUp" finished-at="2020-08-30T19:09:33 PDT" duration-ms="0" status="PASS">
          <reporter-output>
          </reporter-output>
        </test-method> <!-- cleanUp -->
      </class> <!-- signIn.SignInTest -->
      <class name="cart.CartTest">
        <test-method is-config="true" signature="extentSetup(org.testng.ITestContext)[pri:0, instance:cart.CartTest@45b4c3a9]" started-at="2020-08-30T19:01:55 PDT" name="extentSetup" finished-at="2020-08-30T19:01:56 PDT" duration-ms="406" status="PASS">
          <params>
            <param index="0">
              <value>
                <![CDATA[org.testng.TestRunner@74a680d3]]>
              </value>
            </param>
          </params>
          <reporter-output>
            <line>
              <![CDATA[Extent Report DirectoryC:\Study\Selenium\Selenium\Frameworks\WebAutomationFramework_Team1\Amazon\target\surefire-reports\html]]>
            </line>
          </reporter-output>
        </test-method> <!-- extentSetup -->
        <test-method is-config="true" signature="setUp(boolean, java.lang.String, java.lang.String, java.lang.String, java.lang.String, java.lang.String, java.lang.String)[pri:0, instance:cart.CartTest@45b4c3a9]" started-at="2020-08-30T19:01:56 PDT" name="setUp" finished-at="2020-08-30T19:02:03 PDT" duration-ms="6808" status="PASS">
          <params>
            <param index="0">
              <value>
                <![CDATA[false]]>
              </value>
            </param>
            <param index="1">
              <value>
                <![CDATA[false]]>
              </value>
            </param>
            <param index="2">
              <value>
                <![CDATA[windows]]>
              </value>
            </param>
            <param index="3">
              <value>
                <![CDATA[10]]>
              </value>
            </param>
            <param index="4">
              <value>
                <![CDATA[chrome-options]]>
              </value>
            </param>
            <param index="5">
              <value>
                <![CDATA[34]]>
              </value>
            </param>
            <param index="6">
              <value>
                <![CDATA[https://www.amazon.com]]>
              </value>
            </param>
          </params>
          <reporter-output>
          </reporter-output>
        </test-method> <!-- setUp -->
        <test-method is-config="true" signature="startExtent(java.lang.reflect.Method)[pri:0, instance:cart.CartTest@45b4c3a9]" started-at="2020-08-30T19:02:03 PDT" name="startExtent" finished-at="2020-08-30T19:02:03 PDT" duration-ms="7" status="PASS">
          <params>
            <param index="0">
              <value>
                <![CDATA[public void cart.CartTest.TestValidateAllDropDown()]]>
              </value>
            </param>
          </params>
          <reporter-output>
          </reporter-output>
        </test-method> <!-- startExtent -->
        <test-method is-config="true" signature="getInit()[pri:0, instance:cart.CartTest@45b4c3a9]" started-at="2020-08-30T19:02:03 PDT" name="getInit" finished-at="2020-08-30T19:02:03 PDT" duration-ms="58" status="PASS">
          <reporter-output>
          </reporter-output>
        </test-method> <!-- getInit -->
        <test-method signature="TestValidateAllDropDown()[pri:0, instance:cart.CartTest@45b4c3a9]" started-at="2020-08-30T19:02:03 PDT" name="TestValidateAllDropDown" finished-at="2020-08-30T19:02:11 PDT" duration-ms="8051" status="PASS">
          <reporter-output>
          </reporter-output>
        </test-method> <!-- TestValidateAllDropDown -->
        <test-method is-config="true" signature="afterEachTestMethod(org.testng.ITestResult)[pri:0, instance:cart.CartTest@45b4c3a9]" started-at="2020-08-30T19:02:11 PDT" name="afterEachTestMethod" finished-at="2020-08-30T19:02:13 PDT" duration-ms="2561" status="PASS">
          <params>
            <param index="0">
              <value>
                <![CDATA[[TestResult name=TestValidateAllDropDown status=SUCCESS method=CartTest.TestValidateAllDropDown()[pri:0, instance:cart.CartTest@45b4c3a9] output={null}]]]>
              </value>
            </param>
          </params>
          <reporter-output>
          </reporter-output>
        </test-method> <!-- afterEachTestMethod -->
        <test-method is-config="true" signature="cleanUp()[pri:0, instance:cart.CartTest@45b4c3a9]" started-at="2020-08-30T19:02:13 PDT" name="cleanUp" finished-at="2020-08-30T19:02:13 PDT" duration-ms="0" status="PASS">
          <reporter-output>
          </reporter-output>
        </test-method> <!-- cleanUp -->
        <test-method is-config="true" signature="setUp(boolean, java.lang.String, java.lang.String, java.lang.String, java.lang.String, java.lang.String, java.lang.String)[pri:0, instance:cart.CartTest@45b4c3a9]" started-at="2020-08-30T19:02:13 PDT" name="setUp" finished-at="2020-08-30T19:02:20 PDT" duration-ms="6278" status="PASS">
          <params>
            <param index="0">
              <value>
                <![CDATA[false]]>
              </value>
            </param>
            <param index="1">
              <value>
                <![CDATA[false]]>
              </value>
            </param>
            <param index="2">
              <value>
                <![CDATA[windows]]>
              </value>
            </param>
            <param index="3">
              <value>
                <![CDATA[10]]>
              </value>
            </param>
            <param index="4">
              <value>
                <![CDATA[chrome-options]]>
              </value>
            </param>
            <param index="5">
              <value>
                <![CDATA[34]]>
              </value>
            </param>
            <param index="6">
              <value>
                <![CDATA[https://www.amazon.com]]>
              </value>
            </param>
          </params>
          <reporter-output>
          </reporter-output>
        </test-method> <!-- setUp -->
        <test-method is-config="true" signature="startExtent(java.lang.reflect.Method)[pri:0, instance:cart.CartTest@45b4c3a9]" started-at="2020-08-30T19:02:20 PDT" name="startExtent" finished-at="2020-08-30T19:02:20 PDT" duration-ms="1" status="PASS">
          <params>
            <param index="0">
              <value>
                <![CDATA[public void cart.CartTest.testCheckoutAfterAddingAnItemToCart()]]>
              </value>
            </param>
          </params>
          <reporter-output>
          </reporter-output>
        </test-method> <!-- startExtent -->
        <test-method is-config="true" signature="getInit()[pri:0, instance:cart.CartTest@45b4c3a9]" started-at="2020-08-30T19:02:20 PDT" name="getInit" finished-at="2020-08-30T19:02:20 PDT" duration-ms="2" status="PASS">
          <reporter-output>
          </reporter-output>
        </test-method> <!-- getInit -->
        <test-method signature="testCheckoutAfterAddingAnItemToCart()[pri:0, instance:cart.CartTest@45b4c3a9]" started-at="2020-08-30T19:02:20 PDT" name="testCheckoutAfterAddingAnItemToCart" finished-at="2020-08-30T19:02:27 PDT" duration-ms="7807" status="FAIL">
          <exception class="java.lang.AssertionError">
            <message>
              <![CDATA[expected [true] but found [false]]]>
            </message>
            <full-stacktrace>
              <![CDATA[java.lang.AssertionError: expected [true] but found [false]
at org.testng.Assert.fail(Assert.java:97)
at org.testng.Assert.failNotEquals(Assert.java:969)
at org.testng.Assert.assertTrue(Assert.java:43)
at org.testng.Assert.assertTrue(Assert.java:53)
at cart.Cart.verifyCheckoutAfterAddingAnItemToCart(Cart.java:236)
at cart.CartTest.testCheckoutAfterAddingAnItemToCart(CartTest.java:40)
at java.base/jdk.internal.reflect.NativeMethodAccessorImpl.invoke0(Native Method)
at java.base/jdk.internal.reflect.NativeMethodAccessorImpl.invoke(NativeMethodAccessorImpl.java:62)
at java.base/jdk.internal.reflect.DelegatingMethodAccessorImpl.invoke(DelegatingMethodAccessorImpl.java:43)
at java.base/java.lang.reflect.Method.invoke(Method.java:566)
at org.testng.internal.MethodInvocationHelper.invokeMethod(MethodInvocationHelper.java:134)
at org.testng.internal.TestInvoker.invokeMethod(TestInvoker.java:597)
at org.testng.internal.TestInvoker.invokeTestMethod(TestInvoker.java:173)
at org.testng.internal.MethodRunner.runInSequence(MethodRunner.java:46)
at org.testng.internal.TestInvoker$MethodInvocationAgent.invoke(TestInvoker.java:816)
at org.testng.internal.TestInvoker.invokeTestMethods(TestInvoker.java:146)
at org.testng.internal.TestMethodWorker.invokeTestMethods(TestMethodWorker.java:146)
at org.testng.internal.TestMethodWorker.run(TestMethodWorker.java:128)
at java.base/java.util.ArrayList.forEach(ArrayList.java:1540)
at org.testng.TestRunner.privateRun(TestRunner.java:766)
at org.testng.TestRunner.run(TestRunner.java:587)
at org.testng.SuiteRunner.runTest(SuiteRunner.java:384)
at org.testng.SuiteRunner.runSequentially(SuiteRunner.java:378)
at org.testng.SuiteRunner.privateRun(SuiteRunner.java:337)
at org.testng.SuiteRunner.run(SuiteRunner.java:286)
at org.testng.SuiteRunnerWorker.runSuite(SuiteRunnerWorker.java:53)
at org.testng.SuiteRunnerWorker.run(SuiteRunnerWorker.java:96)
at org.testng.TestNG.runSuitesSequentially(TestNG.java:1187)
at org.testng.TestNG.runSuitesLocally(TestNG.java:1109)
at org.testng.TestNG.runSuites(TestNG.java:1039)
at org.testng.TestNG.run(TestNG.java:1007)
at org.apache.maven.surefire.testng.TestNGExecutor.run(TestNGExecutor.java:136)
at org.apache.maven.surefire.testng.TestNGDirectoryTestSuite.executeMulti(TestNGDirectoryTestSuite.java:193)
at org.apache.maven.surefire.testng.TestNGDirectoryTestSuite.execute(TestNGDirectoryTestSuite.java:94)
at org.apache.maven.surefire.testng.TestNGProvider.invoke(TestNGProvider.java:145)
at org.apache.maven.surefire.booter.ForkedBooter.runSuitesInProcess(ForkedBooter.java:428)
at org.apache.maven.surefire.booter.ForkedBooter.execute(ForkedBooter.java:162)
at org.apache.maven.surefire.booter.ForkedBooter.run(ForkedBooter.java:562)
at org.apache.maven.surefire.booter.ForkedBooter.main(ForkedBooter.java:548)
]]>
            </full-stacktrace>
          </exception> <!-- java.lang.AssertionError -->
          <reporter-output>
          </reporter-output>
        </test-method> <!-- testCheckoutAfterAddingAnItemToCart -->
        <test-method is-config="true" signature="afterEachTestMethod(org.testng.ITestResult)[pri:0, instance:cart.CartTest@45b4c3a9]" started-at="2020-08-30T19:02:27 PDT" name="afterEachTestMethod" finished-at="2020-08-30T19:02:29 PDT" duration-ms="1583" status="PASS">
          <params>
            <param index="0">
              <value>
                <![CDATA[[TestResult name=testCheckoutAfterAddingAnItemToCart status=FAILURE method=CartTest.testCheckoutAfterAddingAnItemToCart()[pri:0, instance:cart.CartTest@45b4c3a9] output={null}]]]>
              </value>
            </param>
          </params>
          <reporter-output>
          </reporter-output>
        </test-method> <!-- afterEachTestMethod -->
        <test-method is-config="true" signature="cleanUp()[pri:0, instance:cart.CartTest@45b4c3a9]" started-at="2020-08-30T19:02:29 PDT" name="cleanUp" finished-at="2020-08-30T19:02:29 PDT" duration-ms="0" status="PASS">
          <reporter-output>
          </reporter-output>
        </test-method> <!-- cleanUp -->
        <test-method is-config="true" signature="setUp(boolean, java.lang.String, java.lang.String, java.lang.String, java.lang.String, java.lang.String, java.lang.String)[pri:0, instance:cart.CartTest@45b4c3a9]" started-at="2020-08-30T19:02:29 PDT" name="setUp" finished-at="2020-08-30T19:02:34 PDT" duration-ms="5276" status="PASS">
          <params>
            <param index="0">
              <value>
                <![CDATA[false]]>
              </value>
            </param>
            <param index="1">
              <value>
                <![CDATA[false]]>
              </value>
            </param>
            <param index="2">
              <value>
                <![CDATA[windows]]>
              </value>
            </param>
            <param index="3">
              <value>
                <![CDATA[10]]>
              </value>
            </param>
            <param index="4">
              <value>
                <![CDATA[chrome-options]]>
              </value>
            </param>
            <param index="5">
              <value>
                <![CDATA[34]]>
              </value>
            </param>
            <param index="6">
              <value>
                <![CDATA[https://www.amazon.com]]>
              </value>
            </param>
          </params>
          <reporter-output>
          </reporter-output>
        </test-method> <!-- setUp -->
        <test-method is-config="true" signature="getInit()[pri:0, instance:cart.CartTest@45b4c3a9]" started-at="2020-08-30T19:02:34 PDT" name="getInit" finished-at="2020-08-30T19:02:34 PDT" duration-ms="1" status="PASS">
          <reporter-output>
          </reporter-output>
        </test-method> <!-- getInit -->
        <test-method is-config="true" signature="startExtent(java.lang.reflect.Method)[pri:0, instance:cart.CartTest@45b4c3a9]" started-at="2020-08-30T19:02:34 PDT" name="startExtent" finished-at="2020-08-30T19:02:34 PDT" duration-ms="0" status="PASS">
          <params>
            <param index="0">
              <value>
                <![CDATA[public void cart.CartTest.testItemAddedToCartByGoingIntoCart()]]>
              </value>
            </param>
          </params>
          <reporter-output>
          </reporter-output>
        </test-method> <!-- startExtent -->
        <test-method signature="testItemAddedToCartByGoingIntoCart()[pri:0, instance:cart.CartTest@45b4c3a9]" started-at="2020-08-30T19:02:34 PDT" name="testItemAddedToCartByGoingIntoCart" finished-at="2020-08-30T19:02:41 PDT" duration-ms="6588" status="PASS">
          <reporter-output>
          </reporter-output>
        </test-method> <!-- testItemAddedToCartByGoingIntoCart -->
        <test-method is-config="true" signature="afterEachTestMethod(org.testng.ITestResult)[pri:0, instance:cart.CartTest@45b4c3a9]" started-at="2020-08-30T19:02:41 PDT" name="afterEachTestMethod" finished-at="2020-08-30T19:02:42 PDT" duration-ms="932" status="PASS">
          <params>
            <param index="0">
              <value>
                <![CDATA[[TestResult name=testItemAddedToCartByGoingIntoCart status=SUCCESS method=CartTest.testItemAddedToCartByGoingIntoCart()[pri:0, instance:cart.CartTest@45b4c3a9] output={null}]]]>
              </value>
            </param>
          </params>
          <reporter-output>
          </reporter-output>
        </test-method> <!-- afterEachTestMethod -->
        <test-method is-config="true" signature="setUp(boolean, java.lang.String, java.lang.String, java.lang.String, java.lang.String, java.lang.String, java.lang.String)[pri:0, instance:cart.CartTest@45b4c3a9]" started-at="2020-08-30T19:02:42 PDT" name="setUp" finished-at="2020-08-30T19:02:47 PDT" duration-ms="5590" status="PASS">
          <params>
            <param index="0">
              <value>
                <![CDATA[false]]>
              </value>
            </param>
            <param index="1">
              <value>
                <![CDATA[false]]>
              </value>
            </param>
            <param index="2">
              <value>
                <![CDATA[windows]]>
              </value>
            </param>
            <param index="3">
              <value>
                <![CDATA[10]]>
              </value>
            </param>
            <param index="4">
              <value>
                <![CDATA[chrome-options]]>
              </value>
            </param>
            <param index="5">
              <value>
                <![CDATA[34]]>
              </value>
            </param>
            <param index="6">
              <value>
                <![CDATA[https://www.amazon.com]]>
              </value>
            </param>
          </params>
          <reporter-output>
          </reporter-output>
        </test-method> <!-- setUp -->
        <test-method is-config="true" signature="cleanUp()[pri:0, instance:cart.CartTest@45b4c3a9]" started-at="2020-08-30T19:02:42 PDT" name="cleanUp" finished-at="2020-08-30T19:02:42 PDT" duration-ms="0" status="PASS">
          <reporter-output>
          </reporter-output>
        </test-method> <!-- cleanUp -->
        <test-method is-config="true" signature="startExtent(java.lang.reflect.Method)[pri:0, instance:cart.CartTest@45b4c3a9]" started-at="2020-08-30T19:02:47 PDT" name="startExtent" finished-at="2020-08-30T19:02:47 PDT" duration-ms="1" status="PASS">
          <params>
            <param index="0">
              <value>
                <![CDATA[public void cart.CartTest.testItemAddedToCartWithoutGoingIntoCart()]]>
              </value>
            </param>
          </params>
          <reporter-output>
          </reporter-output>
        </test-method> <!-- startExtent -->
        <test-method is-config="true" signature="getInit()[pri:0, instance:cart.CartTest@45b4c3a9]" started-at="2020-08-30T19:02:47 PDT" name="getInit" finished-at="2020-08-30T19:02:47 PDT" duration-ms="1" status="PASS">
          <reporter-output>
          </reporter-output>
        </test-method> <!-- getInit -->
        <test-method signature="testItemAddedToCartWithoutGoingIntoCart()[pri:0, instance:cart.CartTest@45b4c3a9]" started-at="2020-08-30T19:02:47 PDT" name="testItemAddedToCartWithoutGoingIntoCart" finished-at="2020-08-30T19:02:53 PDT" duration-ms="5869" status="PASS">
          <reporter-output>
          </reporter-output>
        </test-method> <!-- testItemAddedToCartWithoutGoingIntoCart -->
        <test-method is-config="true" signature="afterEachTestMethod(org.testng.ITestResult)[pri:0, instance:cart.CartTest@45b4c3a9]" started-at="2020-08-30T19:02:53 PDT" name="afterEachTestMethod" finished-at="2020-08-30T19:02:54 PDT" duration-ms="930" status="PASS">
          <params>
            <param index="0">
              <value>
                <![CDATA[[TestResult name=testItemAddedToCartWithoutGoingIntoCart status=SUCCESS method=CartTest.testItemAddedToCartWithoutGoingIntoCart()[pri:0, instance:cart.CartTest@45b4c3a9] output={null}]]]>
              </value>
            </param>
          </params>
          <reporter-output>
          </reporter-output>
        </test-method> <!-- afterEachTestMethod -->
        <test-method is-config="true" signature="cleanUp()[pri:0, instance:cart.CartTest@45b4c3a9]" started-at="2020-08-30T19:02:54 PDT" name="cleanUp" finished-at="2020-08-30T19:02:54 PDT" duration-ms="0" status="PASS">
          <reporter-output>
          </reporter-output>
        </test-method> <!-- cleanUp -->
        <test-method is-config="true" signature="setUp(boolean, java.lang.String, java.lang.String, java.lang.String, java.lang.String, java.lang.String, java.lang.String)[pri:0, instance:cart.CartTest@45b4c3a9]" started-at="2020-08-30T19:02:54 PDT" name="setUp" finished-at="2020-08-30T19:03:00 PDT" duration-ms="5881" status="PASS">
          <params>
            <param index="0">
              <value>
                <![CDATA[false]]>
              </value>
            </param>
            <param index="1">
              <value>
                <![CDATA[false]]>
              </value>
            </param>
            <param index="2">
              <value>
                <![CDATA[windows]]>
              </value>
            </param>
            <param index="3">
              <value>
                <![CDATA[10]]>
              </value>
            </param>
            <param index="4">
              <value>
                <![CDATA[chrome-options]]>
              </value>
            </param>
            <param index="5">
              <value>
                <![CDATA[34]]>
              </value>
            </param>
            <param index="6">
              <value>
                <![CDATA[https://www.amazon.com]]>
              </value>
            </param>
          </params>
          <reporter-output>
          </reporter-output>
        </test-method> <!-- setUp -->
        <test-method is-config="true" signature="startExtent(java.lang.reflect.Method)[pri:0, instance:cart.CartTest@45b4c3a9]" started-at="2020-08-30T19:03:00 PDT" name="startExtent" finished-at="2020-08-30T19:03:00 PDT" duration-ms="1" status="PASS">
          <params>
            <param index="0">
              <value>
                <![CDATA[public void cart.CartTest.testItemDeletedFromCart()]]>
              </value>
            </param>
          </params>
          <reporter-output>
          </reporter-output>
        </test-method> <!-- startExtent -->
        <test-method is-config="true" signature="getInit()[pri:0, instance:cart.CartTest@45b4c3a9]" started-at="2020-08-30T19:03:00 PDT" name="getInit" finished-at="2020-08-30T19:03:00 PDT" duration-ms="1" status="PASS">
          <reporter-output>
          </reporter-output>
        </test-method> <!-- getInit -->
        <test-method signature="testItemDeletedFromCart()[pri:0, instance:cart.CartTest@45b4c3a9]" started-at="2020-08-30T19:03:00 PDT" name="testItemDeletedFromCart" finished-at="2020-08-30T19:03:09 PDT" duration-ms="8799" status="PASS">
          <reporter-output>
          </reporter-output>
        </test-method> <!-- testItemDeletedFromCart -->
        <test-method is-config="true" signature="afterEachTestMethod(org.testng.ITestResult)[pri:0, instance:cart.CartTest@45b4c3a9]" started-at="2020-08-30T19:03:09 PDT" name="afterEachTestMethod" finished-at="2020-08-30T19:03:10 PDT" duration-ms="1054" status="PASS">
          <params>
            <param index="0">
              <value>
                <![CDATA[[TestResult name=testItemDeletedFromCart status=SUCCESS method=CartTest.testItemDeletedFromCart()[pri:0, instance:cart.CartTest@45b4c3a9] output={null}]]]>
              </value>
            </param>
          </params>
          <reporter-output>
          </reporter-output>
        </test-method> <!-- afterEachTestMethod -->
        <test-method is-config="true" signature="cleanUp()[pri:0, instance:cart.CartTest@45b4c3a9]" started-at="2020-08-30T19:03:10 PDT" name="cleanUp" finished-at="2020-08-30T19:03:10 PDT" duration-ms="0" status="PASS">
          <reporter-output>
          </reporter-output>
        </test-method> <!-- cleanUp -->
        <test-method is-config="true" signature="generateReport()[pri:0, instance:cart.CartTest@45b4c3a9]" started-at="2020-08-30T19:09:33 PDT" name="generateReport" finished-at="2020-08-30T19:09:33 PDT" duration-ms="46" status="PASS">
          <reporter-output>
          </reporter-output>
        </test-method> <!-- generateReport -->
      </class> <!-- cart.CartTest -->
      <class name="registration.RegistrationPageTest">
        <test-method is-config="true" signature="setUp(boolean, java.lang.String, java.lang.String, java.lang.String, java.lang.String, java.lang.String, java.lang.String)[pri:0, instance:registration.RegistrationPageTest@291caca8]" started-at="2020-08-30T19:06:13 PDT" name="setUp" finished-at="2020-08-30T19:06:19 PDT" duration-ms="5518" status="PASS">
          <params>
            <param index="0">
              <value>
                <![CDATA[false]]>
              </value>
            </param>
            <param index="1">
              <value>
                <![CDATA[false]]>
              </value>
            </param>
            <param index="2">
              <value>
                <![CDATA[windows]]>
              </value>
            </param>
            <param index="3">
              <value>
                <![CDATA[10]]>
              </value>
            </param>
            <param index="4">
              <value>
                <![CDATA[chrome-options]]>
              </value>
            </param>
            <param index="5">
              <value>
                <![CDATA[34]]>
              </value>
            </param>
            <param index="6">
              <value>
                <![CDATA[https://www.amazon.com]]>
              </value>
            </param>
          </params>
          <reporter-output>
          </reporter-output>
        </test-method> <!-- setUp -->
        <test-method is-config="true" signature="startExtent(java.lang.reflect.Method)[pri:0, instance:registration.RegistrationPageTest@291caca8]" started-at="2020-08-30T19:06:19 PDT" name="startExtent" finished-at="2020-08-30T19:06:19 PDT" duration-ms="1" status="PASS">
          <params>
            <param index="0">
              <value>
                <![CDATA[public void registration.RegistrationPageTest.testPasswordMustBeAtLeast6CharacterAlertSignIsEnabled()]]>
              </value>
            </param>
          </params>
          <reporter-output>
          </reporter-output>
        </test-method> <!-- startExtent -->
        <test-method is-config="true" signature="getInit()[pri:0, instance:registration.RegistrationPageTest@291caca8]" started-at="2020-08-30T19:06:19 PDT" name="getInit" finished-at="2020-08-30T19:06:19 PDT" duration-ms="3" status="PASS">
          <reporter-output>
          </reporter-output>
        </test-method> <!-- getInit -->
        <test-method signature="testPasswordMustBeAtLeast6CharacterAlertSignIsEnabled()[pri:0, instance:registration.RegistrationPageTest@291caca8]" started-at="2020-08-30T19:06:19 PDT" name="testPasswordMustBeAtLeast6CharacterAlertSignIsEnabled" finished-at="2020-08-30T19:06:22 PDT" duration-ms="3011" status="PASS">
          <reporter-output>
          </reporter-output>
        </test-method> <!-- testPasswordMustBeAtLeast6CharacterAlertSignIsEnabled -->
        <test-method is-config="true" signature="afterEachTestMethod(org.testng.ITestResult)[pri:0, instance:registration.RegistrationPageTest@291caca8]" started-at="2020-08-30T19:06:22 PDT" name="afterEachTestMethod" finished-at="2020-08-30T19:06:23 PDT" duration-ms="1324" status="PASS">
          <params>
            <param index="0">
              <value>
                <![CDATA[[TestResult name=testPasswordMustBeAtLeast6CharacterAlertSignIsEnabled status=SUCCESS method=RegistrationPageTest.testPasswordMustBeAtLeast6CharacterAlertSignIsEnabled()[pri:0, instance:registration.RegistrationPageTest@291caca8] output={null}]]]>
              </value>
            </param>
          </params>
          <reporter-output>
          </reporter-output>
        </test-method> <!-- afterEachTestMethod -->
        <test-method is-config="true" signature="cleanUp()[pri:0, instance:registration.RegistrationPageTest@291caca8]" started-at="2020-08-30T19:06:23 PDT" name="cleanUp" finished-at="2020-08-30T19:06:23 PDT" duration-ms="0" status="PASS">
          <reporter-output>
          </reporter-output>
        </test-method> <!-- cleanUp -->
        <test-method is-config="true" signature="setUp(boolean, java.lang.String, java.lang.String, java.lang.String, java.lang.String, java.lang.String, java.lang.String)[pri:0, instance:registration.RegistrationPageTest@291caca8]" started-at="2020-08-30T19:06:23 PDT" name="setUp" finished-at="2020-08-30T19:06:29 PDT" duration-ms="5703" status="PASS">
          <params>
            <param index="0">
              <value>
                <![CDATA[false]]>
              </value>
            </param>
            <param index="1">
              <value>
                <![CDATA[false]]>
              </value>
            </param>
            <param index="2">
              <value>
                <![CDATA[windows]]>
              </value>
            </param>
            <param index="3">
              <value>
                <![CDATA[10]]>
              </value>
            </param>
            <param index="4">
              <value>
                <![CDATA[chrome-options]]>
              </value>
            </param>
            <param index="5">
              <value>
                <![CDATA[34]]>
              </value>
            </param>
            <param index="6">
              <value>
                <![CDATA[https://www.amazon.com]]>
              </value>
            </param>
          </params>
          <reporter-output>
          </reporter-output>
        </test-method> <!-- setUp -->
        <test-method is-config="true" signature="startExtent(java.lang.reflect.Method)[pri:0, instance:registration.RegistrationPageTest@291caca8]" started-at="2020-08-30T19:06:29 PDT" name="startExtent" finished-at="2020-08-30T19:06:29 PDT" duration-ms="0" status="PASS">
          <params>
            <param index="0">
              <value>
                <![CDATA[public void registration.RegistrationPageTest.testVerifyClickStartHere()]]>
              </value>
            </param>
          </params>
          <reporter-output>
          </reporter-output>
        </test-method> <!-- startExtent -->
        <test-method is-config="true" signature="getInit()[pri:0, instance:registration.RegistrationPageTest@291caca8]" started-at="2020-08-30T19:06:29 PDT" name="getInit" finished-at="2020-08-30T19:06:29 PDT" duration-ms="0" status="PASS">
          <reporter-output>
          </reporter-output>
        </test-method> <!-- getInit -->
        <test-method signature="testVerifyClickStartHere()[pri:0, instance:registration.RegistrationPageTest@291caca8]" started-at="2020-08-30T19:06:29 PDT" name="testVerifyClickStartHere" finished-at="2020-08-30T19:06:30 PDT" duration-ms="1457" status="PASS">
          <reporter-output>
          </reporter-output>
        </test-method> <!-- testVerifyClickStartHere -->
        <test-method is-config="true" signature="afterEachTestMethod(org.testng.ITestResult)[pri:0, instance:registration.RegistrationPageTest@291caca8]" started-at="2020-08-30T19:06:30 PDT" name="afterEachTestMethod" finished-at="2020-08-30T19:06:31 PDT" duration-ms="987" status="PASS">
          <params>
            <param index="0">
              <value>
                <![CDATA[[TestResult name=testVerifyClickStartHere status=SUCCESS method=RegistrationPageTest.testVerifyClickStartHere()[pri:0, instance:registration.RegistrationPageTest@291caca8] output={null}]]]>
              </value>
            </param>
          </params>
          <reporter-output>
          </reporter-output>
        </test-method> <!-- afterEachTestMethod -->
        <test-method is-config="true" signature="setUp(boolean, java.lang.String, java.lang.String, java.lang.String, java.lang.String, java.lang.String, java.lang.String)[pri:0, instance:registration.RegistrationPageTest@291caca8]" started-at="2020-08-30T19:06:31 PDT" name="setUp" finished-at="2020-08-30T19:06:38 PDT" duration-ms="6325" status="PASS">
          <params>
            <param index="0">
              <value>
                <![CDATA[false]]>
              </value>
            </param>
            <param index="1">
              <value>
                <![CDATA[false]]>
              </value>
            </param>
            <param index="2">
              <value>
                <![CDATA[windows]]>
              </value>
            </param>
            <param index="3">
              <value>
                <![CDATA[10]]>
              </value>
            </param>
            <param index="4">
              <value>
                <![CDATA[chrome-options]]>
              </value>
            </param>
            <param index="5">
              <value>
                <![CDATA[34]]>
              </value>
            </param>
            <param index="6">
              <value>
                <![CDATA[https://www.amazon.com]]>
              </value>
            </param>
          </params>
          <reporter-output>
          </reporter-output>
        </test-method> <!-- setUp -->
        <test-method is-config="true" signature="cleanUp()[pri:0, instance:registration.RegistrationPageTest@291caca8]" started-at="2020-08-30T19:06:31 PDT" name="cleanUp" finished-at="2020-08-30T19:06:31 PDT" duration-ms="0" status="PASS">
          <reporter-output>
          </reporter-output>
        </test-method> <!-- cleanUp -->
        <test-method is-config="true" signature="getInit()[pri:0, instance:registration.RegistrationPageTest@291caca8]" started-at="2020-08-30T19:06:38 PDT" name="getInit" finished-at="2020-08-30T19:06:38 PDT" duration-ms="1" status="PASS">
          <reporter-output>
          </reporter-output>
        </test-method> <!-- getInit -->
        <test-method is-config="true" signature="startExtent(java.lang.reflect.Method)[pri:0, instance:registration.RegistrationPageTest@291caca8]" started-at="2020-08-30T19:06:38 PDT" name="startExtent" finished-at="2020-08-30T19:06:38 PDT" duration-ms="0" status="PASS">
          <params>
            <param index="0">
              <value>
                <![CDATA[public void registration.RegistrationPageTest.testVerifyEnterAValidEmailAddressAlertSignIsDisplayed()]]>
              </value>
            </param>
          </params>
          <reporter-output>
          </reporter-output>
        </test-method> <!-- startExtent -->
        <test-method signature="testVerifyEnterAValidEmailAddressAlertSignIsDisplayed()[pri:0, instance:registration.RegistrationPageTest@291caca8]" started-at="2020-08-30T19:06:38 PDT" name="testVerifyEnterAValidEmailAddressAlertSignIsDisplayed" finished-at="2020-08-30T19:06:42 PDT" duration-ms="4078" status="PASS">
          <reporter-output>
          </reporter-output>
        </test-method> <!-- testVerifyEnterAValidEmailAddressAlertSignIsDisplayed -->
        <test-method is-config="true" signature="afterEachTestMethod(org.testng.ITestResult)[pri:0, instance:registration.RegistrationPageTest@291caca8]" started-at="2020-08-30T19:06:42 PDT" name="afterEachTestMethod" finished-at="2020-08-30T19:06:43 PDT" duration-ms="819" status="PASS">
          <params>
            <param index="0">
              <value>
                <![CDATA[[TestResult name=testVerifyEnterAValidEmailAddressAlertSignIsDisplayed status=SUCCESS method=RegistrationPageTest.testVerifyEnterAValidEmailAddressAlertSignIsDisplayed()[pri:0, instance:registration.RegistrationPageTest@291caca8] output={null}]]]>
              </value>
            </param>
          </params>
          <reporter-output>
          </reporter-output>
        </test-method> <!-- afterEachTestMethod -->
        <test-method is-config="true" signature="cleanUp()[pri:0, instance:registration.RegistrationPageTest@291caca8]" started-at="2020-08-30T19:06:43 PDT" name="cleanUp" finished-at="2020-08-30T19:06:43 PDT" duration-ms="0" status="PASS">
          <reporter-output>
          </reporter-output>
        </test-method> <!-- cleanUp -->
        <test-method is-config="true" signature="setUp(boolean, java.lang.String, java.lang.String, java.lang.String, java.lang.String, java.lang.String, java.lang.String)[pri:0, instance:registration.RegistrationPageTest@291caca8]" started-at="2020-08-30T19:06:43 PDT" name="setUp" finished-at="2020-08-30T19:06:48 PDT" duration-ms="5453" status="PASS">
          <params>
            <param index="0">
              <value>
                <![CDATA[false]]>
              </value>
            </param>
            <param index="1">
              <value>
                <![CDATA[false]]>
              </value>
            </param>
            <param index="2">
              <value>
                <![CDATA[windows]]>
              </value>
            </param>
            <param index="3">
              <value>
                <![CDATA[10]]>
              </value>
            </param>
            <param index="4">
              <value>
                <![CDATA[chrome-options]]>
              </value>
            </param>
            <param index="5">
              <value>
                <![CDATA[34]]>
              </value>
            </param>
            <param index="6">
              <value>
                <![CDATA[https://www.amazon.com]]>
              </value>
            </param>
          </params>
          <reporter-output>
          </reporter-output>
        </test-method> <!-- setUp -->
        <test-method is-config="true" signature="startExtent(java.lang.reflect.Method)[pri:0, instance:registration.RegistrationPageTest@291caca8]" started-at="2020-08-30T19:06:48 PDT" name="startExtent" finished-at="2020-08-30T19:06:48 PDT" duration-ms="0" status="PASS">
          <params>
            <param index="0">
              <value>
                <![CDATA[public void registration.RegistrationPageTest.testVerifyEnterYourEmailAlertSignIsDisplayed()]]>
              </value>
            </param>
          </params>
          <reporter-output>
          </reporter-output>
        </test-method> <!-- startExtent -->
        <test-method is-config="true" signature="getInit()[pri:0, instance:registration.RegistrationPageTest@291caca8]" started-at="2020-08-30T19:06:48 PDT" name="getInit" finished-at="2020-08-30T19:06:48 PDT" duration-ms="1" status="PASS">
          <reporter-output>
          </reporter-output>
        </test-method> <!-- getInit -->
        <test-method signature="testVerifyEnterYourEmailAlertSignIsDisplayed()[pri:0, instance:registration.RegistrationPageTest@291caca8]" started-at="2020-08-30T19:06:48 PDT" name="testVerifyEnterYourEmailAlertSignIsDisplayed" finished-at="2020-08-30T19:06:51 PDT" duration-ms="2842" status="PASS">
          <reporter-output>
          </reporter-output>
        </test-method> <!-- testVerifyEnterYourEmailAlertSignIsDisplayed -->
        <test-method is-config="true" signature="afterEachTestMethod(org.testng.ITestResult)[pri:0, instance:registration.RegistrationPageTest@291caca8]" started-at="2020-08-30T19:06:51 PDT" name="afterEachTestMethod" finished-at="2020-08-30T19:06:52 PDT" duration-ms="932" status="PASS">
          <params>
            <param index="0">
              <value>
                <![CDATA[[TestResult name=testVerifyEnterYourEmailAlertSignIsDisplayed status=SUCCESS method=RegistrationPageTest.testVerifyEnterYourEmailAlertSignIsDisplayed()[pri:0, instance:registration.RegistrationPageTest@291caca8] output={null}]]]>
              </value>
            </param>
          </params>
          <reporter-output>
          </reporter-output>
        </test-method> <!-- afterEachTestMethod -->
        <test-method is-config="true" signature="cleanUp()[pri:0, instance:registration.RegistrationPageTest@291caca8]" started-at="2020-08-30T19:06:52 PDT" name="cleanUp" finished-at="2020-08-30T19:06:52 PDT" duration-ms="1" status="PASS">
          <reporter-output>
          </reporter-output>
        </test-method> <!-- cleanUp -->
        <test-method is-config="true" signature="setUp(boolean, java.lang.String, java.lang.String, java.lang.String, java.lang.String, java.lang.String, java.lang.String)[pri:0, instance:registration.RegistrationPageTest@291caca8]" started-at="2020-08-30T19:06:52 PDT" name="setUp" finished-at="2020-08-30T19:06:59 PDT" duration-ms="6720" status="PASS">
          <params>
            <param index="0">
              <value>
                <![CDATA[false]]>
              </value>
            </param>
            <param index="1">
              <value>
                <![CDATA[false]]>
              </value>
            </param>
            <param index="2">
              <value>
                <![CDATA[windows]]>
              </value>
            </param>
            <param index="3">
              <value>
                <![CDATA[10]]>
              </value>
            </param>
            <param index="4">
              <value>
                <![CDATA[chrome-options]]>
              </value>
            </param>
            <param index="5">
              <value>
                <![CDATA[34]]>
              </value>
            </param>
            <param index="6">
              <value>
                <![CDATA[https://www.amazon.com]]>
              </value>
            </param>
          </params>
          <reporter-output>
          </reporter-output>
        </test-method> <!-- setUp -->
        <test-method is-config="true" signature="getInit()[pri:0, instance:registration.RegistrationPageTest@291caca8]" started-at="2020-08-30T19:06:59 PDT" name="getInit" finished-at="2020-08-30T19:06:59 PDT" duration-ms="1" status="PASS">
          <reporter-output>
          </reporter-output>
        </test-method> <!-- getInit -->
        <test-method is-config="true" signature="startExtent(java.lang.reflect.Method)[pri:0, instance:registration.RegistrationPageTest@291caca8]" started-at="2020-08-30T19:06:59 PDT" name="startExtent" finished-at="2020-08-30T19:06:59 PDT" duration-ms="0" status="PASS">
          <params>
            <param index="0">
              <value>
                <![CDATA[public void registration.RegistrationPageTest.testVerifyEnterYourNameAlertSignIsDisplayed()]]>
              </value>
            </param>
          </params>
          <reporter-output>
          </reporter-output>
        </test-method> <!-- startExtent -->
        <test-method signature="testVerifyEnterYourNameAlertSignIsDisplayed()[pri:0, instance:registration.RegistrationPageTest@291caca8]" started-at="2020-08-30T19:06:59 PDT" name="testVerifyEnterYourNameAlertSignIsDisplayed" finished-at="2020-08-30T19:07:02 PDT" duration-ms="3280" status="PASS">
          <reporter-output>
          </reporter-output>
        </test-method> <!-- testVerifyEnterYourNameAlertSignIsDisplayed -->
        <test-method is-config="true" signature="afterEachTestMethod(org.testng.ITestResult)[pri:0, instance:registration.RegistrationPageTest@291caca8]" started-at="2020-08-30T19:07:02 PDT" name="afterEachTestMethod" finished-at="2020-08-30T19:07:03 PDT" duration-ms="886" status="PASS">
          <params>
            <param index="0">
              <value>
                <![CDATA[[TestResult name=testVerifyEnterYourNameAlertSignIsDisplayed status=SUCCESS method=RegistrationPageTest.testVerifyEnterYourNameAlertSignIsDisplayed()[pri:0, instance:registration.RegistrationPageTest@291caca8] output={null}]]]>
              </value>
            </param>
          </params>
          <reporter-output>
          </reporter-output>
        </test-method> <!-- afterEachTestMethod -->
        <test-method is-config="true" signature="cleanUp()[pri:0, instance:registration.RegistrationPageTest@291caca8]" started-at="2020-08-30T19:07:03 PDT" name="cleanUp" finished-at="2020-08-30T19:07:03 PDT" duration-ms="0" status="PASS">
          <reporter-output>
          </reporter-output>
        </test-method> <!-- cleanUp -->
        <test-method is-config="true" signature="setUp(boolean, java.lang.String, java.lang.String, java.lang.String, java.lang.String, java.lang.String, java.lang.String)[pri:0, instance:registration.RegistrationPageTest@291caca8]" started-at="2020-08-30T19:07:03 PDT" name="setUp" finished-at="2020-08-30T19:07:09 PDT" duration-ms="6702" status="PASS">
          <params>
            <param index="0">
              <value>
                <![CDATA[false]]>
              </value>
            </param>
            <param index="1">
              <value>
                <![CDATA[false]]>
              </value>
            </param>
            <param index="2">
              <value>
                <![CDATA[windows]]>
              </value>
            </param>
            <param index="3">
              <value>
                <![CDATA[10]]>
              </value>
            </param>
            <param index="4">
              <value>
                <![CDATA[chrome-options]]>
              </value>
            </param>
            <param index="5">
              <value>
                <![CDATA[34]]>
              </value>
            </param>
            <param index="6">
              <value>
                <![CDATA[https://www.amazon.com]]>
              </value>
            </param>
          </params>
          <reporter-output>
          </reporter-output>
        </test-method> <!-- setUp -->
        <test-method is-config="true" signature="startExtent(java.lang.reflect.Method)[pri:0, instance:registration.RegistrationPageTest@291caca8]" started-at="2020-08-30T19:07:09 PDT" name="startExtent" finished-at="2020-08-30T19:07:09 PDT" duration-ms="1" status="PASS">
          <params>
            <param index="0">
              <value>
                <![CDATA[public void registration.RegistrationPageTest.testVerifyEnterYourPasswordAlertSignIsDisplayed()]]>
              </value>
            </param>
          </params>
          <reporter-output>
          </reporter-output>
        </test-method> <!-- startExtent -->
        <test-method is-config="true" signature="getInit()[pri:0, instance:registration.RegistrationPageTest@291caca8]" started-at="2020-08-30T19:07:09 PDT" name="getInit" finished-at="2020-08-30T19:07:09 PDT" duration-ms="0" status="PASS">
          <reporter-output>
          </reporter-output>
        </test-method> <!-- getInit -->
        <test-method signature="testVerifyEnterYourPasswordAlertSignIsDisplayed()[pri:0, instance:registration.RegistrationPageTest@291caca8]" started-at="2020-08-30T19:07:09 PDT" name="testVerifyEnterYourPasswordAlertSignIsDisplayed" finished-at="2020-08-30T19:07:12 PDT" duration-ms="2546" status="PASS">
          <reporter-output>
          </reporter-output>
        </test-method> <!-- testVerifyEnterYourPasswordAlertSignIsDisplayed -->
        <test-method is-config="true" signature="afterEachTestMethod(org.testng.ITestResult)[pri:0, instance:registration.RegistrationPageTest@291caca8]" started-at="2020-08-30T19:07:12 PDT" name="afterEachTestMethod" finished-at="2020-08-30T19:07:13 PDT" duration-ms="917" status="PASS">
          <params>
            <param index="0">
              <value>
                <![CDATA[[TestResult name=testVerifyEnterYourPasswordAlertSignIsDisplayed status=SUCCESS method=RegistrationPageTest.testVerifyEnterYourPasswordAlertSignIsDisplayed()[pri:0, instance:registration.RegistrationPageTest@291caca8] output={null}]]]>
              </value>
            </param>
          </params>
          <reporter-output>
          </reporter-output>
        </test-method> <!-- afterEachTestMethod -->
        <test-method is-config="true" signature="setUp(boolean, java.lang.String, java.lang.String, java.lang.String, java.lang.String, java.lang.String, java.lang.String)[pri:0, instance:registration.RegistrationPageTest@291caca8]" started-at="2020-08-30T19:07:13 PDT" name="setUp" finished-at="2020-08-30T19:07:18 PDT" duration-ms="5457" status="PASS">
          <params>
            <param index="0">
              <value>
                <![CDATA[false]]>
              </value>
            </param>
            <param index="1">
              <value>
                <![CDATA[false]]>
              </value>
            </param>
            <param index="2">
              <value>
                <![CDATA[windows]]>
              </value>
            </param>
            <param index="3">
              <value>
                <![CDATA[10]]>
              </value>
            </param>
            <param index="4">
              <value>
                <![CDATA[chrome-options]]>
              </value>
            </param>
            <param index="5">
              <value>
                <![CDATA[34]]>
              </value>
            </param>
            <param index="6">
              <value>
                <![CDATA[https://www.amazon.com]]>
              </value>
            </param>
          </params>
          <reporter-output>
          </reporter-output>
        </test-method> <!-- setUp -->
        <test-method is-config="true" signature="cleanUp()[pri:0, instance:registration.RegistrationPageTest@291caca8]" started-at="2020-08-30T19:07:13 PDT" name="cleanUp" finished-at="2020-08-30T19:07:13 PDT" duration-ms="0" status="PASS">
          <reporter-output>
          </reporter-output>
        </test-method> <!-- cleanUp -->
        <test-method is-config="true" signature="startExtent(java.lang.reflect.Method)[pri:0, instance:registration.RegistrationPageTest@291caca8]" started-at="2020-08-30T19:07:18 PDT" name="startExtent" finished-at="2020-08-30T19:07:18 PDT" duration-ms="0" status="PASS">
          <params>
            <param index="0">
              <value>
                <![CDATA[public void registration.RegistrationPageTest.testVerifyPasswordsMustMatchAlertIsDisplayed()]]>
              </value>
            </param>
          </params>
          <reporter-output>
          </reporter-output>
        </test-method> <!-- startExtent -->
        <test-method is-config="true" signature="getInit()[pri:0, instance:registration.RegistrationPageTest@291caca8]" started-at="2020-08-30T19:07:18 PDT" name="getInit" finished-at="2020-08-30T19:07:18 PDT" duration-ms="1" status="PASS">
          <reporter-output>
          </reporter-output>
        </test-method> <!-- getInit -->
        <test-method signature="testVerifyPasswordsMustMatchAlertIsDisplayed()[pri:0, instance:registration.RegistrationPageTest@291caca8]" started-at="2020-08-30T19:07:18 PDT" name="testVerifyPasswordsMustMatchAlertIsDisplayed" finished-at="2020-08-30T19:07:21 PDT" duration-ms="2982" status="PASS">
          <reporter-output>
          </reporter-output>
        </test-method> <!-- testVerifyPasswordsMustMatchAlertIsDisplayed -->
        <test-method is-config="true" signature="afterEachTestMethod(org.testng.ITestResult)[pri:0, instance:registration.RegistrationPageTest@291caca8]" started-at="2020-08-30T19:07:21 PDT" name="afterEachTestMethod" finished-at="2020-08-30T19:07:23 PDT" duration-ms="1338" status="PASS">
          <params>
            <param index="0">
              <value>
                <![CDATA[[TestResult name=testVerifyPasswordsMustMatchAlertIsDisplayed status=SUCCESS method=RegistrationPageTest.testVerifyPasswordsMustMatchAlertIsDisplayed()[pri:0, instance:registration.RegistrationPageTest@291caca8] output={null}]]]>
              </value>
            </param>
          </params>
          <reporter-output>
          </reporter-output>
        </test-method> <!-- afterEachTestMethod -->
        <test-method is-config="true" signature="cleanUp()[pri:0, instance:registration.RegistrationPageTest@291caca8]" started-at="2020-08-30T19:07:23 PDT" name="cleanUp" finished-at="2020-08-30T19:07:23 PDT" duration-ms="0" status="PASS">
          <reporter-output>
          </reporter-output>
        </test-method> <!-- cleanUp -->
        <test-method is-config="true" signature="setUp(boolean, java.lang.String, java.lang.String, java.lang.String, java.lang.String, java.lang.String, java.lang.String)[pri:0, instance:registration.RegistrationPageTest@291caca8]" started-at="2020-08-30T19:07:23 PDT" name="setUp" finished-at="2020-08-30T19:07:29 PDT" duration-ms="6278" status="PASS">
          <params>
            <param index="0">
              <value>
                <![CDATA[false]]>
              </value>
            </param>
            <param index="1">
              <value>
                <![CDATA[false]]>
              </value>
            </param>
            <param index="2">
              <value>
                <![CDATA[windows]]>
              </value>
            </param>
            <param index="3">
              <value>
                <![CDATA[10]]>
              </value>
            </param>
            <param index="4">
              <value>
                <![CDATA[chrome-options]]>
              </value>
            </param>
            <param index="5">
              <value>
                <![CDATA[34]]>
              </value>
            </param>
            <param index="6">
              <value>
                <![CDATA[https://www.amazon.com]]>
              </value>
            </param>
          </params>
          <reporter-output>
          </reporter-output>
        </test-method> <!-- setUp -->
        <test-method is-config="true" signature="startExtent(java.lang.reflect.Method)[pri:0, instance:registration.RegistrationPageTest@291caca8]" started-at="2020-08-30T19:07:29 PDT" name="startExtent" finished-at="2020-08-30T19:07:29 PDT" duration-ms="0" status="PASS">
          <params>
            <param index="0">
              <value>
                <![CDATA[public void registration.RegistrationPageTest.testVerifyTypeYourPasswordAgainAlertSignIsDisplayed()]]>
              </value>
            </param>
          </params>
[...]
          <reporter-output>
          </reporter-output>
        </test-method> <!-- getInit -->
        <test-method signature="testVerifyClickOnMusicLinkByTitle()[pri:0, instance:home.HomePageTest@399c4be1]" started-at="2020-08-30T19:05:28 PDT" name="testVerifyClickOnMusicLinkByTitle" finished-at="2020-08-30T19:05:30 PDT" duration-ms="1601" status="FAIL">
          <exception class="java.lang.AssertionError">
            <message>
              <![CDATA[expected [true] but found [false]]]>
            </message>
            <full-stacktrace>
              <![CDATA[java.lang.AssertionError: expected [true] but found [false]
at org.testng.Assert.fail(Assert.java:97)
at org.testng.Assert.failNotEquals(Assert.java:969)
at org.testng.Assert.assertTrue(Assert.java:43)
at org.testng.Assert.assertTrue(Assert.java:53)
at home.HomePage.verifyClickOnMusicLinkByTitle(HomePage.java:240)
at home.HomePageTest.testVerifyClickOnMusicLinkByTitle(HomePageTest.java:85)
at java.base/jdk.internal.reflect.NativeMethodAccessorImpl.invoke0(Native Method)
at java.base/jdk.internal.reflect.NativeMethodAccessorImpl.invoke(NativeMethodAccessorImpl.java:62)
at java.base/jdk.internal.reflect.DelegatingMethodAccessorImpl.invoke(DelegatingMethodAccessorImpl.java:43)
at java.base/java.lang.reflect.Method.invoke(Method.java:566)
at org.testng.internal.MethodInvocationHelper.invokeMethod(MethodInvocationHelper.java:134)
at org.testng.internal.TestInvoker.invokeMethod(TestInvoker.java:597)
at org.testng.internal.TestInvoker.invokeTestMethod(TestInvoker.java:173)
at org.testng.internal.MethodRunner.runInSequence(MethodRunner.java:46)
at org.testng.internal.TestInvoker$MethodInvocationAgent.invoke(TestInvoker.java:816)
at org.testng.internal.TestInvoker.invokeTestMethods(TestInvoker.java:146)
at org.testng.internal.TestMethodWorker.invokeTestMethods(TestMethodWorker.java:146)
at org.testng.internal.TestMethodWorker.run(TestMethodWorker.java:128)
at java.base/java.util.ArrayList.forEach(ArrayList.java:1540)
at org.testng.TestRunner.privateRun(TestRunner.java:766)
at org.testng.TestRunner.run(TestRunner.java:587)
at org.testng.SuiteRunner.runTest(SuiteRunner.java:384)
at org.testng.SuiteRunner.runSequentially(SuiteRunner.java:378)
at org.testng.SuiteRunner.privateRun(SuiteRunner.java:337)
at org.testng.SuiteRunner.run(SuiteRunner.java:286)
at org.testng.SuiteRunnerWorker.runSuite(SuiteRunnerWorker.java:53)
at org.testng.SuiteRunnerWorker.run(SuiteRunnerWorker.java:96)
at org.testng.TestNG.runSuitesSequentially(TestNG.java:1187)
at org.testng.TestNG.runSuitesLocally(TestNG.java:1109)
at org.testng.TestNG.runSuites(TestNG.java:1039)
at org.testng.TestNG.run(TestNG.java:1007)
at org.apache.maven.surefire.testng.TestNGExecutor.run(TestNGExecutor.java:136)
at org.apache.maven.surefire.testng.TestNGDirectoryTestSuite.executeMulti(TestNGDirectoryTestSuite.java:193)
at org.apache.maven.surefire.testng.TestNGDirectoryTestSuite.execute(TestNGDirectoryTestSuite.java:94)
at org.apache.maven.surefire.testng.TestNGProvider.invoke(TestNGProvider.java:145)
at org.apache.maven.surefire.booter.ForkedBooter.runSuitesInProcess(ForkedBooter.java:428)
at org.apache.maven.surefire.booter.ForkedBooter.execute(ForkedBooter.java:162)
at org.apache.maven.surefire.booter.ForkedBooter.run(ForkedBooter.java:562)
at org.apache.maven.surefire.booter.ForkedBooter.main(ForkedBooter.java:548)
]]>
            </full-stacktrace>
          </exception> <!-- java.lang.AssertionError -->
          <reporter-output>
          </reporter-output>
        </test-method> <!-- testVerifyClickOnMusicLinkByTitle -->
        <test-method is-config="true" signature="afterEachTestMethod(org.testng.ITestResult)[pri:0, instance:home.HomePageTest@399c4be1]" started-at="2020-08-30T19:05:30 PDT" name="afterEachTestMethod" finished-at="2020-08-30T19:05:32 PDT" duration-ms="2481" status="PASS">
          <params>
            <param index="0">
              <value>
                <![CDATA[[TestResult name=testVerifyClickOnMusicLinkByTitle status=FAILURE method=HomePageTest.testVerifyClickOnMusicLinkByTitle()[pri:0, instance:home.HomePageTest@399c4be1] output={null}]]]>
              </value>
            </param>
          </params>
          <reporter-output>
          </reporter-output>
        </test-method> <!-- afterEachTestMethod -->
        <test-method is-config="true" signature="cleanUp()[pri:0, instance:home.HomePageTest@399c4be1]" started-at="2020-08-30T19:05:32 PDT" name="cleanUp" finished-at="2020-08-30T19:05:32 PDT" duration-ms="1" status="PASS">
          <reporter-output>
          </reporter-output>
        </test-method> <!-- cleanUp -->
        <test-method is-config="true" signature="setUp(boolean, java.lang.String, java.lang.String, java.lang.String, java.lang.String, java.lang.String, java.lang.String)[pri:0, instance:home.HomePageTest@399c4be1]" started-at="2020-08-30T19:05:32 PDT" name="setUp" finished-at="2020-08-30T19:05:38 PDT" duration-ms="5744" status="PASS">
          <params>
            <param index="0">
              <value>
                <![CDATA[false]]>
              </value>
            </param>
            <param index="1">
              <value>
                <![CDATA[false]]>
              </value>
            </param>
            <param index="2">
              <value>
                <![CDATA[windows]]>
              </value>
            </param>
            <param index="3">
              <value>
                <![CDATA[10]]>
              </value>
            </param>
            <param index="4">
              <value>
                <![CDATA[chrome-options]]>
              </value>
            </param>
            <param index="5">
              <value>
                <![CDATA[34]]>
              </value>
            </param>
            <param index="6">
              <value>
                <![CDATA[https://www.amazon.com]]>
              </value>
            </param>
          </params>
          <reporter-output>
          </reporter-output>
        </test-method> <!-- setUp -->
        <test-method is-config="true" signature="getInit()[pri:0, instance:home.HomePageTest@399c4be1]" started-at="2020-08-30T19:05:38 PDT" name="getInit" finished-at="2020-08-30T19:05:38 PDT" duration-ms="1" status="PASS">
          <reporter-output>
          </reporter-output>
        </test-method> <!-- getInit -->
        <test-method is-config="true" signature="startExtent(java.lang.reflect.Method)[pri:0, instance:home.HomePageTest@399c4be1]" started-at="2020-08-30T19:05:38 PDT" name="startExtent" finished-at="2020-08-30T19:05:38 PDT" duration-ms="0" status="PASS">
          <params>
            <param index="0">
              <value>
                <![CDATA[public void home.HomePageTest.testVerifyClickOnStartASellingAccount()]]>
              </value>
            </param>
          </params>
          <reporter-output>
          </reporter-output>
        </test-method> <!-- startExtent -->
        <test-method signature="testVerifyClickOnStartASellingAccount()[pri:0, instance:home.HomePageTest@399c4be1]" started-at="2020-08-30T19:05:38 PDT" name="testVerifyClickOnStartASellingAccount" finished-at="2020-08-30T19:05:42 PDT" duration-ms="3823" status="PASS">
          <reporter-output>
          </reporter-output>
        </test-method> <!-- testVerifyClickOnStartASellingAccount -->
        <test-method is-config="true" signature="afterEachTestMethod(org.testng.ITestResult)[pri:0, instance:home.HomePageTest@399c4be1]" started-at="2020-08-30T19:05:42 PDT" name="afterEachTestMethod" finished-at="2020-08-30T19:05:43 PDT" duration-ms="1004" status="PASS">
          <params>
            <param index="0">
              <value>
                <![CDATA[[TestResult name=testVerifyClickOnStartASellingAccount status=SUCCESS method=HomePageTest.testVerifyClickOnStartASellingAccount()[pri:0, instance:home.HomePageTest@399c4be1] output={null}]]]>
              </value>
            </param>
          </params>
          <reporter-output>
          </reporter-output>
        </test-method> <!-- afterEachTestMethod -->
        <test-method is-config="true" signature="setUp(boolean, java.lang.String, java.lang.String, java.lang.String, java.lang.String, java.lang.String, java.lang.String)[pri:0, instance:home.HomePageTest@399c4be1]" started-at="2020-08-30T19:05:43 PDT" name="setUp" finished-at="2020-08-30T19:05:48 PDT" duration-ms="5117" status="PASS">
          <params>
            <param index="0">
              <value>
                <![CDATA[false]]>
              </value>
            </param>
            <param index="1">
              <value>
                <![CDATA[false]]>
              </value>
            </param>
            <param index="2">
              <value>
                <![CDATA[windows]]>
              </value>
            </param>
            <param index="3">
              <value>
                <![CDATA[10]]>
              </value>
            </param>
            <param index="4">
              <value>
                <![CDATA[chrome-options]]>
              </value>
            </param>
            <param index="5">
              <value>
                <![CDATA[34]]>
              </value>
            </param>
            <param index="6">
              <value>
                <![CDATA[https://www.amazon.com]]>
              </value>
            </param>
          </params>
          <reporter-output>
          </reporter-output>
        </test-method> <!-- setUp -->
        <test-method is-config="true" signature="cleanUp()[pri:0, instance:home.HomePageTest@399c4be1]" started-at="2020-08-30T19:05:43 PDT" name="cleanUp" finished-at="2020-08-30T19:05:43 PDT" duration-ms="0" status="PASS">
          <reporter-output>
          </reporter-output>
        </test-method> <!-- cleanUp -->
        <test-method is-config="true" signature="getInit()[pri:0, instance:home.HomePageTest@399c4be1]" started-at="2020-08-30T19:05:48 PDT" name="getInit" finished-at="2020-08-30T19:05:48 PDT" duration-ms="2" status="PASS">
          <reporter-output>
          </reporter-output>
        </test-method> <!-- getInit -->
        <test-method is-config="true" signature="startExtent(java.lang.reflect.Method)[pri:0, instance:home.HomePageTest@399c4be1]" started-at="2020-08-30T19:05:48 PDT" name="startExtent" finished-at="2020-08-30T19:05:48 PDT" duration-ms="0" status="PASS">
          <params>
            <param index="0">
              <value>
                <![CDATA[public void home.HomePageTest.testVerifySellVerificationTextIsDisplayed()]]>
              </value>
            </param>
          </params>
          <reporter-output>
          </reporter-output>
        </test-method> <!-- startExtent -->
        <test-method signature="testVerifySellVerificationTextIsDisplayed()[pri:0, instance:home.HomePageTest@399c4be1]" started-at="2020-08-30T19:05:48 PDT" name="testVerifySellVerificationTextIsDisplayed" finished-at="2020-08-30T19:05:53 PDT" duration-ms="4579" status="PASS">
          <reporter-output>
          </reporter-output>
        </test-method> <!-- testVerifySellVerificationTextIsDisplayed -->
        <test-method is-config="true" signature="afterEachTestMethod(org.testng.ITestResult)[pri:0, instance:home.HomePageTest@399c4be1]" started-at="2020-08-30T19:05:53 PDT" name="afterEachTestMethod" finished-at="2020-08-30T19:05:54 PDT" duration-ms="1399" status="PASS">
          <params>
            <param index="0">
              <value>
                <![CDATA[[TestResult name=testVerifySellVerificationTextIsDisplayed status=SUCCESS method=HomePageTest.testVerifySellVerificationTextIsDisplayed()[pri:0, instance:home.HomePageTest@399c4be1] output={null}]]]>
              </value>
            </param>
          </params>
          <reporter-output>
          </reporter-output>
        </test-method> <!-- afterEachTestMethod -->
        <test-method is-config="true" signature="cleanUp()[pri:0, instance:home.HomePageTest@399c4be1]" started-at="2020-08-30T19:05:54 PDT" name="cleanUp" finished-at="2020-08-30T19:05:54 PDT" duration-ms="0" status="PASS">
          <reporter-output>
          </reporter-output>
        </test-method> <!-- cleanUp -->
        <test-method is-config="true" signature="setUp(boolean, java.lang.String, java.lang.String, java.lang.String, java.lang.String, java.lang.String, java.lang.String)[pri:0, instance:home.HomePageTest@399c4be1]" started-at="2020-08-30T19:05:54 PDT" name="setUp" finished-at="2020-08-30T19:05:59 PDT" duration-ms="5419" status="PASS">
          <params>
            <param index="0">
              <value>
                <![CDATA[false]]>
              </value>
            </param>
            <param index="1">
              <value>
                <![CDATA[false]]>
              </value>
            </param>
            <param index="2">
              <value>
                <![CDATA[windows]]>
              </value>
            </param>
            <param index="3">
              <value>
                <![CDATA[10]]>
              </value>
            </param>
            <param index="4">
              <value>
                <![CDATA[chrome-options]]>
              </value>
            </param>
            <param index="5">
              <value>
                <![CDATA[34]]>
              </value>
            </param>
            <param index="6">
              <value>
                <![CDATA[https://www.amazon.com]]>
              </value>
            </param>
          </params>
          <reporter-output>
          </reporter-output>
        </test-method> <!-- setUp -->
        <test-method is-config="true" signature="startExtent(java.lang.reflect.Method)[pri:0, instance:home.HomePageTest@399c4be1]" started-at="2020-08-30T19:05:59 PDT" name="startExtent" finished-at="2020-08-30T19:05:59 PDT" duration-ms="1" status="PASS">
          <params>
            <param index="0">
              <value>
                <![CDATA[public void home.HomePageTest.testvalidateClickSellTabByTitle()]]>
              </value>
            </param>
          </params>
          <reporter-output>
          </reporter-output>
        </test-method> <!-- startExtent -->
        <test-method is-config="true" signature="getInit()[pri:0, instance:home.HomePageTest@399c4be1]" started-at="2020-08-30T19:05:59 PDT" name="getInit" finished-at="2020-08-30T19:05:59 PDT" duration-ms="1" status="PASS">
          <reporter-output>
          </reporter-output>
        </test-method> <!-- getInit -->
        <test-method signature="testvalidateClickSellTabByTitle()[pri:0, instance:home.HomePageTest@399c4be1]" started-at="2020-08-30T19:05:59 PDT" name="testvalidateClickSellTabByTitle" finished-at="2020-08-30T19:06:03 PDT" duration-ms="4014" status="PASS">
          <reporter-output>
          </reporter-output>
        </test-method> <!-- testvalidateClickSellTabByTitle -->
        <test-method is-config="true" signature="afterEachTestMethod(org.testng.ITestResult)[pri:0, instance:home.HomePageTest@399c4be1]" started-at="2020-08-30T19:06:03 PDT" name="afterEachTestMethod" finished-at="2020-08-30T19:06:05 PDT" duration-ms="1188" status="PASS">
          <params>
            <param index="0">
              <value>
                <![CDATA[[TestResult name=testvalidateClickSellTabByTitle status=SUCCESS method=HomePageTest.testvalidateClickSellTabByTitle()[pri:0, instance:home.HomePageTest@399c4be1] output={null}]]]>
              </value>
            </param>
          </params>
          <reporter-output>
          </reporter-output>
        </test-method> <!-- afterEachTestMethod -->
        <test-method is-config="true" signature="cleanUp()[pri:0, instance:home.HomePageTest@399c4be1]" started-at="2020-08-30T19:06:05 PDT" name="cleanUp" finished-at="2020-08-30T19:06:05 PDT" duration-ms="0" status="PASS">
          <reporter-output>
          </reporter-output>
        </test-method> <!-- cleanUp -->
        <test-method is-config="true" signature="setUp(boolean, java.lang.String, java.lang.String, java.lang.String, java.lang.String, java.lang.String, java.lang.String)[pri:0, instance:home.HomePageTest@399c4be1]" started-at="2020-08-30T19:06:05 PDT" name="setUp" finished-at="2020-08-30T19:06:10 PDT" duration-ms="5228" status="PASS">
          <params>
            <param index="0">
              <value>
                <![CDATA[false]]>
              </value>
            </param>
            <param index="1">
              <value>
                <![CDATA[false]]>
              </value>
            </param>
            <param index="2">
              <value>
                <![CDATA[windows]]>
              </value>
            </param>
            <param index="3">
              <value>
                <![CDATA[10]]>
              </value>
            </param>
            <param index="4">
              <value>
                <![CDATA[chrome-options]]>
              </value>
            </param>
            <param index="5">
              <value>
                <![CDATA[34]]>
              </value>
            </param>
            <param index="6">
              <value>
                <![CDATA[https://www.amazon.com]]>
              </value>
            </param>
          </params>
          <reporter-output>
          </reporter-output>
        </test-method> <!-- setUp -->
        <test-method is-config="true" signature="startExtent(java.lang.reflect.Method)[pri:0, instance:home.HomePageTest@399c4be1]" started-at="2020-08-30T19:06:10 PDT" name="startExtent" finished-at="2020-08-30T19:06:10 PDT" duration-ms="0" status="PASS">
          <params>
            <param index="0">
              <value>
                <![CDATA[public void home.HomePageTest.testverifyClickGiftCardsTabByText()]]>
              </value>
            </param>
          </params>
          <reporter-output>
          </reporter-output>
        </test-method> <!-- startExtent -->
        <test-method is-config="true" signature="getInit()[pri:0, instance:home.HomePageTest@399c4be1]" started-at="2020-08-30T19:06:10 PDT" name="getInit" finished-at="2020-08-30T19:06:10 PDT" duration-ms="1" status="PASS">
          <reporter-output>
          </reporter-output>
        </test-method> <!-- getInit -->
        <test-method signature="testverifyClickGiftCardsTabByText()[pri:0, instance:home.HomePageTest@399c4be1]" started-at="2020-08-30T19:06:10 PDT" name="testverifyClickGiftCardsTabByText" finished-at="2020-08-30T19:06:12 PDT" duration-ms="2611" status="PASS">
          <reporter-output>
          </reporter-output>
        </test-method> <!-- testverifyClickGiftCardsTabByText -->
        <test-method is-config="true" signature="afterEachTestMethod(org.testng.ITestResult)[pri:0, instance:home.HomePageTest@399c4be1]" started-at="2020-08-30T19:06:12 PDT" name="afterEachTestMethod" finished-at="2020-08-30T19:06:13 PDT" duration-ms="1000" status="PASS">
          <params>
            <param index="0">
              <value>
                <![CDATA[[TestResult name=testverifyClickGiftCardsTabByText status=SUCCESS method=HomePageTest.testverifyClickGiftCardsTabByText()[pri:0, instance:home.HomePageTest@399c4be1] output={null}]]]>
              </value>
            </param>
          </params>
          <reporter-output>
          </reporter-output>
        </test-method> <!-- afterEachTestMethod -->
        <test-method is-config="true" signature="cleanUp()[pri:0, instance:home.HomePageTest@399c4be1]" started-at="2020-08-30T19:06:13 PDT" name="cleanUp" finished-at="2020-08-30T19:06:13 PDT" duration-ms="0" status="PASS">
          <reporter-output>
          </reporter-output>
        </test-method> <!-- cleanUp -->
      </class> <!-- home.HomePageTest -->
    </test> <!-- Surefire test -->
  </suite> <!-- Surefire suite -->
</testng-results>
