<?xml version="1.0" encoding="UTF-8"?>
<testng-results ignored="0" total="1" passed="1" failed="0" skipped="0">
  <reporter-output>
    <line>
      <![CDATA[Extent Report DirectoryC:\Users\Waqas\IdeaProjects\WebAutomationFramework_Team1\Amazon\target\surefire-reports\html]]>
    </line>
    <line>
      <![CDATA[SearchTest: test Search Single Item]]>
    </line>
  </reporter-output>
  <suite started-at="2020-09-04T23:35:53 EDT" name="Amazon Automation Test" finished-at="2020-09-04T23:36:12 EDT" duration-ms="18754">
    <groups>
    </groups>
    <test started-at="2020-09-04T23:35:53 EDT" name="Amazon Home" finished-at="2020-09-04T23:36:12 EDT" duration-ms="18754">
      <class name="search.SearchTest">
        <test-method is-config="true" signature="extentSetup(org.testng.ITestContext)[pri:0, instance:search.SearchTest@4cc8eb05]" started-at="2020-09-04T23:35:53 EDT" name="extentSetup" finished-at="2020-09-04T23:35:53 EDT" duration-ms="205" status="PASS">
          <params>
            <param index="0">
              <value>
                <![CDATA[org.testng.TestRunner@29ea78b1]]>
              </value>
            </param>
          </params>
          <reporter-output>
            <line>
              <![CDATA[Extent Report DirectoryC:\Users\Waqas\IdeaProjects\WebAutomationFramework_Team1\Amazon\target\surefire-reports\html]]>
            </line>
          </reporter-output>
        </test-method> <!-- extentSetup -->
        <test-method is-config="true" signature="setUp(boolean, java.lang.String, java.lang.String, java.lang.String, java.lang.String, java.lang.String, java.lang.String)[pri:0, instance:search.SearchTest@4cc8eb05]" started-at="2020-09-04T23:35:53 EDT" name="setUp" finished-at="2020-09-04T23:36:07 EDT" duration-ms="14375" status="PASS">
          <params>
            <param index="0">
              <value>
                <![CDATA[false]]>
              </value>
            </param>
            <param index="1">
              <value>
                <![CDATA[browserstack]]>
              </value>
            </param>
            <param index="2">
              <value>
                <![CDATA[Windows]]>
              </value>
            </param>
            <param index="3">
              <value>
                <![CDATA[10]]>
              </value>
            </param>
            <param index="4">
              <value>
                <![CDATA[chrome-options]]>
              </value>
            </param>
            <param index="5">
              <value>
                <![CDATA[85.0]]>
              </value>
            </param>
            <param index="6">
              <value>
                <![CDATA[https://www.amazon.com/]]>
              </value>
            </param>
          </params>
          <reporter-output>
          </reporter-output>
        </test-method> <!-- setUp -->
        <test-method is-config="true" signature="startExtent(java.lang.reflect.Method)[pri:0, instance:search.SearchTest@4cc8eb05]" started-at="2020-09-04T23:36:07 EDT" name="startExtent" finished-at="2020-09-04T23:36:07 EDT" duration-ms="4" status="PASS">
          <params>
            <param index="0">
              <value>
                <![CDATA[public void search.SearchTest.testSearchSingleItem()]]>
              </value>
            </param>
          </params>
          <reporter-output>
          </reporter-output>
        </test-method> <!-- startExtent -->
        <test-method is-config="true" signature="getInit()[pri:0, instance:search.SearchTest@4cc8eb05]" started-at="2020-09-04T23:36:07 EDT" name="getInit" finished-at="2020-09-04T23:36:07 EDT" duration-ms="26" status="PASS">
          <reporter-output>
          </reporter-output>
        </test-method> <!-- getInit -->
        <test-method signature="testSearchSingleItem()[pri:0, instance:search.SearchTest@4cc8eb05]" started-at="2020-09-04T23:36:07 EDT" name="testSearchSingleItem" finished-at="2020-09-04T23:36:10 EDT" duration-ms="3189" status="PASS">
          <reporter-output>
            <line>
              <![CDATA[SearchTest: test Search Single Item]]>
            </line>
          </reporter-output>
        </test-method> <!-- testSearchSingleItem -->
        <test-method is-config="true" signature="afterEachTestMethod(org.testng.ITestResult)[pri:0, instance:search.SearchTest@4cc8eb05]" started-at="2020-09-04T23:36:10 EDT" name="afterEachTestMethod" finished-at="2020-09-04T23:36:12 EDT" duration-ms="1138" status="PASS">
          <params>
            <param index="0">
              <value>
                <![CDATA[[TestResult name=testSearchSingleItem status=SUCCESS method=SearchTest.testSearchSingleItem()[pri:0, instance:search.SearchTest@4cc8eb05] output=SearchTest: test Search Single Item]]]>
              </value>
            </param>
          </params>
          <reporter-output>
          </reporter-output>
        </test-method> <!-- afterEachTestMethod -->
        <test-method is-config="true" signature="cleanUp()[pri:0, instance:search.SearchTest@4cc8eb05]" started-at="2020-09-04T23:36:12 EDT" name="cleanUp" finished-at="2020-09-04T23:36:12 EDT" duration-ms="0" status="PASS">
          <reporter-output>
          </reporter-output>
        </test-method> <!-- cleanUp -->
        <test-method is-config="true" signature="generateReport()[pri:0, instance:search.SearchTest@4cc8eb05]" started-at="2020-09-04T23:36:12 EDT" name="generateReport" finished-at="2020-09-04T23:36:12 EDT" duration-ms="269" status="PASS">
          <reporter-output>
          </reporter-output>
        </test-method> <!-- generateReport -->
      </class> <!-- search.SearchTest -->
    </test> <!-- Amazon Home -->
  </suite> <!-- Amazon Automation Test -->
</testng-results>
