<?xml version="1.0" encoding="UTF-8"?>
<testng-results ignored="8" total="59" passed="47" failed="4" skipped="0">
  <reporter-output>
    <line>
      <![CDATA[Extent Report DirectoryC:\Study\Selenium\Selenium\Frameworks\WebAutomationFramework_Team1\Amazon\target\surefire-reports\html]]>
    </line>
  </reporter-output>
  <suite started-at="2020-08-29T13:59:14 PDT" name="Surefire suite" finished-at="2020-08-29T14:09:34 PDT" duration-ms="619871">
    <groups>
    </groups>
    <test started-at="2020-08-29T13:59:14 PDT" name="Surefire test" finished-at="2020-08-29T14:09:34 PDT" duration-ms="619871">
      <class name="signIn.SignInTest">
        <test-method is-config="true" signature="setUp(java.lang.String)[pri:0, instance:signIn.SignInTest@13b6aecc]" started-at="2020-08-29T14:07:55 PDT" name="setUp" finished-at="2020-08-29T14:08:01 PDT" duration-ms="5953" status="PASS">
          <params>
            <param index="0">
              <value>
                <![CDATA[https://www.amazon.com]]>
              </value>
            </param>
          </params>
          <reporter-output>
          </reporter-output>
        </test-method> <!-- setUp -->
        <test-method is-config="true" signature="startExtent(java.lang.reflect.Method)[pri:0, instance:signIn.SignInTest@13b6aecc]" started-at="2020-08-29T14:08:01 PDT" name="startExtent" finished-at="2020-08-29T14:08:01 PDT" duration-ms="1" status="PASS">
          <params>
            <param index="0">
              <value>
                <![CDATA[public void signIn.SignInTest.testVerifyEnterYourEmailOrMobilePhoneNumberAlertIsDisplayed()]]>
              </value>
            </param>
          </params>
          <reporter-output>
          </reporter-output>
        </test-method> <!-- startExtent -->
        <test-method is-config="true" signature="getInit()[pri:0, instance:signIn.SignInTest@13b6aecc]" started-at="2020-08-29T14:08:01 PDT" name="getInit" finished-at="2020-08-29T14:08:01 PDT" duration-ms="4" status="PASS">
          <reporter-output>
          </reporter-output>
        </test-method> <!-- getInit -->
        <test-method signature="testVerifyEnterYourEmailOrMobilePhoneNumberAlertIsDisplayed()[pri:0, instance:signIn.SignInTest@13b6aecc]" started-at="2020-08-29T14:08:01 PDT" name="testVerifyEnterYourEmailOrMobilePhoneNumberAlertIsDisplayed" finished-at="2020-08-29T14:08:03 PDT" duration-ms="1663" status="PASS">
          <reporter-output>
          </reporter-output>
        </test-method> <!-- testVerifyEnterYourEmailOrMobilePhoneNumberAlertIsDisplayed -->
        <test-method is-config="true" signature="afterEachTestMethod(org.testng.ITestResult)[pri:0, instance:signIn.SignInTest@13b6aecc]" started-at="2020-08-29T14:08:03 PDT" name="afterEachTestMethod" finished-at="2020-08-29T14:08:04 PDT" duration-ms="848" status="PASS">
          <params>
            <param index="0">
              <value>
                <![CDATA[[TestResult name=testVerifyEnterYourEmailOrMobilePhoneNumberAlertIsDisplayed status=SUCCESS method=SignInTest.testVerifyEnterYourEmailOrMobilePhoneNumberAlertIsDisplayed()[pri:0, instance:signIn.SignInTest@13b6aecc] output={null}]]]>
              </value>
            </param>
          </params>
          <reporter-output>
          </reporter-output>
        </test-method> <!-- afterEachTestMethod -->
        <test-method is-config="true" signature="cleanUp()[pri:0, instance:signIn.SignInTest@13b6aecc]" started-at="2020-08-29T14:08:04 PDT" name="cleanUp" finished-at="2020-08-29T14:08:04 PDT" duration-ms="0" status="PASS">
          <reporter-output>
          </reporter-output>
        </test-method> <!-- cleanUp -->
        <test-method is-config="true" signature="setUp(java.lang.String)[pri:0, instance:signIn.SignInTest@13b6aecc]" started-at="2020-08-29T14:08:04 PDT" name="setUp" finished-at="2020-08-29T14:08:09 PDT" duration-ms="5137" status="PASS">
          <params>
            <param index="0">
              <value>
                <![CDATA[https://www.amazon.com]]>
              </value>
            </param>
          </params>
          <reporter-output>
          </reporter-output>
        </test-method> <!-- setUp -->
        <test-method is-config="true" signature="startExtent(java.lang.reflect.Method)[pri:0, instance:signIn.SignInTest@13b6aecc]" started-at="2020-08-29T14:08:09 PDT" name="startExtent" finished-at="2020-08-29T14:08:09 PDT" duration-ms="0" status="PASS">
          <params>
            <param index="0">
              <value>
                <![CDATA[public void signIn.SignInTest.testVerifyEnterYourPasswordAlertIsDisplayed()]]>
              </value>
            </param>
          </params>
          <reporter-output>
          </reporter-output>
        </test-method> <!-- startExtent -->
        <test-method is-config="true" signature="getInit()[pri:0, instance:signIn.SignInTest@13b6aecc]" started-at="2020-08-29T14:08:09 PDT" name="getInit" finished-at="2020-08-29T14:08:09 PDT" duration-ms="1" status="PASS">
          <reporter-output>
          </reporter-output>
        </test-method> <!-- getInit -->
        <test-method signature="testVerifyEnterYourPasswordAlertIsDisplayed()[pri:0, instance:signIn.SignInTest@13b6aecc]" started-at="2020-08-29T14:08:09 PDT" name="testVerifyEnterYourPasswordAlertIsDisplayed" finished-at="2020-08-29T14:08:13 PDT" duration-ms="3756" status="PASS">
          <reporter-output>
          </reporter-output>
        </test-method> <!-- testVerifyEnterYourPasswordAlertIsDisplayed -->
        <test-method is-config="true" signature="afterEachTestMethod(org.testng.ITestResult)[pri:0, instance:signIn.SignInTest@13b6aecc]" started-at="2020-08-29T14:08:13 PDT" name="afterEachTestMethod" finished-at="2020-08-29T14:08:13 PDT" duration-ms="844" status="PASS">
          <params>
            <param index="0">
              <value>
                <![CDATA[[TestResult name=testVerifyEnterYourPasswordAlertIsDisplayed status=SUCCESS method=SignInTest.testVerifyEnterYourPasswordAlertIsDisplayed()[pri:0, instance:signIn.SignInTest@13b6aecc] output={null}]]]>
              </value>
            </param>
          </params>
          <reporter-output>
          </reporter-output>
        </test-method> <!-- afterEachTestMethod -->
        <test-method is-config="true" signature="setUp(java.lang.String)[pri:0, instance:signIn.SignInTest@13b6aecc]" started-at="2020-08-29T14:08:13 PDT" name="setUp" finished-at="2020-08-29T14:08:19 PDT" duration-ms="5192" status="PASS">
          <params>
            <param index="0">
              <value>
                <![CDATA[https://www.amazon.com]]>
              </value>
            </param>
          </params>
          <reporter-output>
          </reporter-output>
        </test-method> <!-- setUp -->
        <test-method is-config="true" signature="cleanUp()[pri:0, instance:signIn.SignInTest@13b6aecc]" started-at="2020-08-29T14:08:13 PDT" name="cleanUp" finished-at="2020-08-29T14:08:13 PDT" duration-ms="0" status="PASS">
          <reporter-output>
          </reporter-output>
        </test-method> <!-- cleanUp -->
        <test-method is-config="true" signature="startExtent(java.lang.reflect.Method)[pri:0, instance:signIn.SignInTest@13b6aecc]" started-at="2020-08-29T14:08:19 PDT" name="startExtent" finished-at="2020-08-29T14:08:19 PDT" duration-ms="1" status="PASS">
          <params>
            <param index="0">
              <value>
                <![CDATA[public void signIn.SignInTest.testVerifyForgotYourPasswordTitle()]]>
              </value>
            </param>
          </params>
          <reporter-output>
          </reporter-output>
        </test-method> <!-- startExtent -->
        <test-method is-config="true" signature="getInit()[pri:0, instance:signIn.SignInTest@13b6aecc]" started-at="2020-08-29T14:08:19 PDT" name="getInit" finished-at="2020-08-29T14:08:19 PDT" duration-ms="2" status="PASS">
          <reporter-output>
          </reporter-output>
        </test-method> <!-- getInit -->
        <test-method signature="testVerifyForgotYourPasswordTitle()[pri:0, instance:signIn.SignInTest@13b6aecc]" started-at="2020-08-29T14:08:19 PDT" name="testVerifyForgotYourPasswordTitle" finished-at="2020-08-29T14:08:23 PDT" duration-ms="4094" status="PASS">
          <reporter-output>
          </reporter-output>
        </test-method> <!-- testVerifyForgotYourPasswordTitle -->
        <test-method is-config="true" signature="afterEachTestMethod(org.testng.ITestResult)[pri:0, instance:signIn.SignInTest@13b6aecc]" started-at="2020-08-29T14:08:23 PDT" name="afterEachTestMethod" finished-at="2020-08-29T14:08:24 PDT" duration-ms="1054" status="PASS">
          <params>
            <param index="0">
              <value>
                <![CDATA[[TestResult name=testVerifyForgotYourPasswordTitle status=SUCCESS method=SignInTest.testVerifyForgotYourPasswordTitle()[pri:0, instance:signIn.SignInTest@13b6aecc] output={null}]]]>
              </value>
            </param>
          </params>
          <reporter-output>
          </reporter-output>
        </test-method> <!-- afterEachTestMethod -->
        <test-method is-config="true" signature="cleanUp()[pri:0, instance:signIn.SignInTest@13b6aecc]" started-at="2020-08-29T14:08:24 PDT" name="cleanUp" finished-at="2020-08-29T14:08:24 PDT" duration-ms="0" status="PASS">
          <reporter-output>
          </reporter-output>
        </test-method> <!-- cleanUp -->
        <test-method is-config="true" signature="setUp(java.lang.String)[pri:0, instance:signIn.SignInTest@13b6aecc]" started-at="2020-08-29T14:08:24 PDT" name="setUp" finished-at="2020-08-29T14:08:29 PDT" duration-ms="5622" status="PASS">
          <params>
            <param index="0">
              <value>
                <![CDATA[https://www.amazon.com]]>
              </value>
            </param>
          </params>
          <reporter-output>
          </reporter-output>
        </test-method> <!-- setUp -->
        <test-method is-config="true" signature="getInit()[pri:0, instance:signIn.SignInTest@13b6aecc]" started-at="2020-08-29T14:08:29 PDT" name="getInit" finished-at="2020-08-29T14:08:29 PDT" duration-ms="1" status="PASS">
          <reporter-output>
          </reporter-output>
        </test-method> <!-- getInit -->
        <test-method is-config="true" signature="startExtent(java.lang.reflect.Method)[pri:0, instance:signIn.SignInTest@13b6aecc]" started-at="2020-08-29T14:08:29 PDT" name="startExtent" finished-at="2020-08-29T14:08:29 PDT" duration-ms="0" status="PASS">
          <params>
            <param index="0">
              <value>
                <![CDATA[public void signIn.SignInTest.testVerifyIncorrectPhoneNumberAlertIsDispalyed()]]>
              </value>
            </param>
          </params>
          <reporter-output>
          </reporter-output>
        </test-method> <!-- startExtent -->
        <test-method signature="testVerifyIncorrectPhoneNumberAlertIsDispalyed()[pri:0, instance:signIn.SignInTest@13b6aecc]" started-at="2020-08-29T14:08:29 PDT" name="testVerifyIncorrectPhoneNumberAlertIsDispalyed" finished-at="2020-08-29T14:08:33 PDT" duration-ms="3249" status="PASS">
          <reporter-output>
          </reporter-output>
        </test-method> <!-- testVerifyIncorrectPhoneNumberAlertIsDispalyed -->
        <test-method is-config="true" signature="afterEachTestMethod(org.testng.ITestResult)[pri:0, instance:signIn.SignInTest@13b6aecc]" started-at="2020-08-29T14:08:33 PDT" name="afterEachTestMethod" finished-at="2020-08-29T14:08:33 PDT" duration-ms="849" status="PASS">
          <params>
            <param index="0">
              <value>
                <![CDATA[[TestResult name=testVerifyIncorrectPhoneNumberAlertIsDispalyed status=SUCCESS method=SignInTest.testVerifyIncorrectPhoneNumberAlertIsDispalyed()[pri:0, instance:signIn.SignInTest@13b6aecc] output={null}]]]>
              </value>
            </param>
          </params>
          <reporter-output>
          </reporter-output>
        </test-method> <!-- afterEachTestMethod -->
        <test-method is-config="true" signature="cleanUp()[pri:0, instance:signIn.SignInTest@13b6aecc]" started-at="2020-08-29T14:08:33 PDT" name="cleanUp" finished-at="2020-08-29T14:08:33 PDT" duration-ms="0" status="PASS">
          <reporter-output>
          </reporter-output>
        </test-method> <!-- cleanUp -->
        <test-method is-config="true" signature="setUp(java.lang.String)[pri:0, instance:signIn.SignInTest@13b6aecc]" started-at="2020-08-29T14:08:33 PDT" name="setUp" finished-at="2020-08-29T14:08:39 PDT" duration-ms="5427" status="PASS">
          <params>
            <param index="0">
              <value>
                <![CDATA[https://www.amazon.com]]>
              </value>
            </param>
          </params>
          <reporter-output>
          </reporter-output>
        </test-method> <!-- setUp -->
        <test-method is-config="true" signature="getInit()[pri:0, instance:signIn.SignInTest@13b6aecc]" started-at="2020-08-29T14:08:39 PDT" name="getInit" finished-at="2020-08-29T14:08:39 PDT" duration-ms="0" status="PASS">
          <reporter-output>
          </reporter-output>
        </test-method> <!-- getInit -->
        <test-method is-config="true" signature="startExtent(java.lang.reflect.Method)[pri:0, instance:signIn.SignInTest@13b6aecc]" started-at="2020-08-29T14:08:39 PDT" name="startExtent" finished-at="2020-08-29T14:08:39 PDT" duration-ms="0" status="PASS">
          <params>
            <param index="0">
              <value>
                <![CDATA[public void signIn.SignInTest.testVerifyLoginWithInvalidPassword()]]>
              </value>
            </param>
          </params>
          <reporter-output>
          </reporter-output>
        </test-method> <!-- startExtent -->
        <test-method signature="testVerifyLoginWithInvalidPassword()[pri:0, instance:signIn.SignInTest@13b6aecc]" started-at="2020-08-29T14:08:39 PDT" name="testVerifyLoginWithInvalidPassword" finished-at="2020-08-29T14:08:45 PDT" duration-ms="5924" status="PASS">
          <reporter-output>
          </reporter-output>
        </test-method> <!-- testVerifyLoginWithInvalidPassword -->
        <test-method is-config="true" signature="afterEachTestMethod(org.testng.ITestResult)[pri:0, instance:signIn.SignInTest@13b6aecc]" started-at="2020-08-29T14:08:45 PDT" name="afterEachTestMethod" finished-at="2020-08-29T14:08:46 PDT" duration-ms="1281" status="PASS">
          <params>
            <param index="0">
              <value>
                <![CDATA[[TestResult name=testVerifyLoginWithInvalidPassword status=SUCCESS method=SignInTest.testVerifyLoginWithInvalidPassword()[pri:0, instance:signIn.SignInTest@13b6aecc] output={null}]]]>
              </value>
            </param>
          </params>
          <reporter-output>
          </reporter-output>
        </test-method> <!-- afterEachTestMethod -->
        <test-method is-config="true" signature="cleanUp()[pri:0, instance:signIn.SignInTest@13b6aecc]" started-at="2020-08-29T14:08:46 PDT" name="cleanUp" finished-at="2020-08-29T14:08:46 PDT" duration-ms="0" status="PASS">
          <reporter-output>
          </reporter-output>
        </test-method> <!-- cleanUp -->
        <test-method is-config="true" signature="setUp(java.lang.String)[pri:0, instance:signIn.SignInTest@13b6aecc]" started-at="2020-08-29T14:08:46 PDT" name="setUp" finished-at="2020-08-29T14:08:51 PDT" duration-ms="5422" status="PASS">
          <params>
            <param index="0">
              <value>
                <![CDATA[https://www.amazon.com]]>
              </value>
            </param>
          </params>
          <reporter-output>
          </reporter-output>
        </test-method> <!-- setUp -->
        <test-method is-config="true" signature="startExtent(java.lang.reflect.Method)[pri:0, instance:signIn.SignInTest@13b6aecc]" started-at="2020-08-29T14:08:51 PDT" name="startExtent" finished-at="2020-08-29T14:08:51 PDT" duration-ms="1" status="PASS">
          <params>
            <param index="0">
              <value>
                <![CDATA[public void signIn.SignInTest.testVerifyThatErrorIsDisplayedWhenLoggingInWithInvalidEmailAddressFormat()]]>
              </value>
            </param>
          </params>
          <reporter-output>
          </reporter-output>
        </test-method> <!-- startExtent -->
        <test-method signature="testVerifyThatErrorIsDisplayedWhenLoggingInWithInvalidEmailAddressFormat()[pri:0, instance:signIn.SignInTest@13b6aecc]" started-at="2020-08-29T14:08:51 PDT" name="testVerifyThatErrorIsDisplayedWhenLoggingInWithInvalidEmailAddressFormat" finished-at="2020-08-29T14:08:54 PDT" duration-ms="2434" status="PASS">
          <reporter-output>
          </reporter-output>
        </test-method> <!-- testVerifyThatErrorIsDisplayedWhenLoggingInWithInvalidEmailAddressFormat -->
        <test-method is-config="true" signature="getInit()[pri:0, instance:signIn.SignInTest@13b6aecc]" started-at="2020-08-29T14:08:51 PDT" name="getInit" finished-at="2020-08-29T14:08:51 PDT" duration-ms="0" status="PASS">
          <reporter-output>
          </reporter-output>
        </test-method> <!-- getInit -->
        <test-method is-config="true" signature="afterEachTestMethod(org.testng.ITestResult)[pri:0, instance:signIn.SignInTest@13b6aecc]" started-at="2020-08-29T14:08:54 PDT" name="afterEachTestMethod" finished-at="2020-08-29T14:08:55 PDT" duration-ms="883" status="PASS">
          <params>
            <param index="0">
              <value>
                <![CDATA[[TestResult name=testVerifyThatErrorIsDisplayedWhenLoggingInWithInvalidEmailAddressFormat status=SUCCESS method=SignInTest.testVerifyThatErrorIsDisplayedWhenLoggingInWithInvalidEmailAddressFormat()[pri:0, instance:signIn.SignInTest@13b6aecc] output={null}]]]>
              </value>
            </param>
          </params>
          <reporter-output>
          </reporter-output>
        </test-method> <!-- afterEachTestMethod -->
        <test-method is-config="true" signature="setUp(java.lang.String)[pri:0, instance:signIn.SignInTest@13b6aecc]" started-at="2020-08-29T14:08:55 PDT" name="setUp" finished-at="2020-08-29T14:09:00 PDT" duration-ms="5113" status="PASS">
          <params>
            <param index="0">
              <value>
                <![CDATA[https://www.amazon.com]]>
              </value>
            </param>
          </params>
          <reporter-output>
          </reporter-output>
        </test-method> <!-- setUp -->
        <test-method is-config="true" signature="cleanUp()[pri:0, instance:signIn.SignInTest@13b6aecc]" started-at="2020-08-29T14:08:55 PDT" name="cleanUp" finished-at="2020-08-29T14:08:55 PDT" duration-ms="0" status="PASS">
          <reporter-output>
          </reporter-output>
        </test-method> <!-- cleanUp -->
        <test-method signature="testVerifyWeCannotFindAnAccountWithThatEmailAddressAlertIsDisplayed()[pri:0, instance:signIn.SignInTest@13b6aecc]" started-at="2020-08-29T14:09:00 PDT" name="testVerifyWeCannotFindAnAccountWithThatEmailAddressAlertIsDisplayed" finished-at="2020-08-29T14:09:02 PDT" duration-ms="2226" status="PASS">
          <reporter-output>
          </reporter-output>
        </test-method> <!-- testVerifyWeCannotFindAnAccountWithThatEmailAddressAlertIsDisplayed -->
        <test-method is-config="true" signature="getInit()[pri:0, instance:signIn.SignInTest@13b6aecc]" started-at="2020-08-29T14:09:00 PDT" name="getInit" finished-at="2020-08-29T14:09:00 PDT" duration-ms="0" status="PASS">
          <reporter-output>
          </reporter-output>
        </test-method> <!-- getInit -->
        <test-method is-config="true" signature="startExtent(java.lang.reflect.Method)[pri:0, instance:signIn.SignInTest@13b6aecc]" started-at="2020-08-29T14:09:00 PDT" name="startExtent" finished-at="2020-08-29T14:09:00 PDT" duration-ms="0" status="PASS">
          <params>
            <param index="0">
              <value>
                <![CDATA[public void signIn.SignInTest.testVerifyWeCannotFindAnAccountWithThatEmailAddressAlertIsDisplayed()]]>
              </value>
            </param>
          </params>
          <reporter-output>
          </reporter-output>
        </test-method> <!-- startExtent -->
        <test-method is-config="true" signature="afterEachTestMethod(org.testng.ITestResult)[pri:0, instance:signIn.SignInTest@13b6aecc]" started-at="2020-08-29T14:09:02 PDT" name="afterEachTestMethod" finished-at="2020-08-29T14:09:03 PDT" duration-ms="974" status="PASS">
          <params>
            <param index="0">
              <value>
                <![CDATA[[TestResult name=testVerifyWeCannotFindAnAccountWithThatEmailAddressAlertIsDisplayed status=SUCCESS method=SignInTest.testVerifyWeCannotFindAnAccountWithThatEmailAddressAlertIsDisplayed()[pri:0, instance:signIn.SignInTest@13b6aecc] output={null}]]]>
              </value>
            </param>
          </params>
          <reporter-output>
          </reporter-output>
        </test-method> <!-- afterEachTestMethod -->
        <test-method is-config="true" signature="cleanUp()[pri:0, instance:signIn.SignInTest@13b6aecc]" started-at="2020-08-29T14:09:03 PDT" name="cleanUp" finished-at="2020-08-29T14:09:03 PDT" duration-ms="0" status="PASS">
          <reporter-output>
          </reporter-output>
        </test-method> <!-- cleanUp -->
        <test-method is-config="true" signature="setUp(java.lang.String)[pri:0, instance:signIn.SignInTest@13b6aecc]" started-at="2020-08-29T14:09:03 PDT" name="setUp" finished-at="2020-08-29T14:09:08 PDT" duration-ms="5364" status="PASS">
          <params>
            <param index="0">
              <value>
                <![CDATA[https://www.amazon.com]]>
              </value>
            </param>
          </params>
          <reporter-output>
          </reporter-output>
        </test-method> <!-- setUp -->
        <test-method is-config="true" signature="getInit()[pri:0, instance:signIn.SignInTest@13b6aecc]" started-at="2020-08-29T14:09:08 PDT" name="getInit" finished-at="2020-08-29T14:09:08 PDT" duration-ms="0" status="PASS">
          <reporter-output>
          </reporter-output>
        </test-method> <!-- getInit -->
        <test-method is-config="true" signature="startExtent(java.lang.reflect.Method)[pri:0, instance:signIn.SignInTest@13b6aecc]" started-at="2020-08-29T14:09:08 PDT" name="startExtent" finished-at="2020-08-29T14:09:08 PDT" duration-ms="0" status="PASS">
          <params>
            <param index="0">
              <value>
                <![CDATA[public void signIn.SignInTest.testTwoUsersCanLogin(java.lang.String,java.lang.String)]]>
              </value>
            </param>
          </params>
          <reporter-output>
          </reporter-output>
        </test-method> <!-- startExtent -->
        <test-method signature="testTwoUsersCanLogin(java.lang.String, java.lang.String)[pri:1, instance:signIn.SignInTest@13b6aecc]" started-at="2020-08-29T14:09:08 PDT" name="testTwoUsersCanLogin" data-provider="validLogins" finished-at="2020-08-29T14:09:14 PDT" duration-ms="5119" status="PASS">
          <params>
            <param index="0">
              <value>
                <![CDATA[shakir.jahangir83@gmail.com]]>
              </value>
            </param>
            <param index="1">
              <value>
                <![CDATA[BugBusters]]>
              </value>
            </param>
          </params>
          <reporter-output>
          </reporter-output>
        </test-method> <!-- testTwoUsersCanLogin -->
        <test-method is-config="true" signature="afterEachTestMethod(org.testng.ITestResult)[pri:0, instance:signIn.SignInTest@13b6aecc]" started-at="2020-08-29T14:09:14 PDT" name="afterEachTestMethod" finished-at="2020-08-29T14:09:15 PDT" duration-ms="890" status="PASS">
          <params>
            <param index="0">
              <value>
                <![CDATA[[TestResult name=testTwoUsersCanLogin status=SUCCESS method=SignInTest.testTwoUsersCanLogin(java.lang.String, java.lang.String)[pri:1, instance:signIn.SignInTest@13b6aecc] output={null}]]]>
              </value>
            </param>
          </params>
          <reporter-output>
          </reporter-output>
        </test-method> <!-- afterEachTestMethod -->
        <test-method is-config="true" signature="cleanUp()[pri:0, instance:signIn.SignInTest@13b6aecc]" started-at="2020-08-29T14:09:15 PDT" name="cleanUp" finished-at="2020-08-29T14:09:15 PDT" duration-ms="0" status="PASS">
          <reporter-output>
          </reporter-output>
        </test-method> <!-- cleanUp -->
        <test-method is-config="true" signature="setUp(java.lang.String)[pri:0, instance:signIn.SignInTest@13b6aecc]" started-at="2020-08-29T14:09:15 PDT" name="setUp" finished-at="2020-08-29T14:09:20 PDT" duration-ms="5767" status="PASS">
          <params>
            <param index="0">
              <value>
                <![CDATA[https://www.amazon.com]]>
              </value>
            </param>
          </params>
          <reporter-output>
          </reporter-output>
        </test-method> <!-- setUp -->
        <test-method is-config="true" signature="startExtent(java.lang.reflect.Method)[pri:0, instance:signIn.SignInTest@13b6aecc]" started-at="2020-08-29T14:09:20 PDT" name="startExtent" finished-at="2020-08-29T14:09:20 PDT" duration-ms="0" status="PASS">
          <params>
            <param index="0">
              <value>
                <![CDATA[public void signIn.SignInTest.testTwoUsersCanLogin(java.lang.String,java.lang.String)]]>
              </value>
            </param>
          </params>
          <reporter-output>
          </reporter-output>
        </test-method> <!-- startExtent -->
        <test-method signature="testTwoUsersCanLogin(java.lang.String, java.lang.String)[pri:1, instance:signIn.SignInTest@13b6aecc]" started-at="2020-08-29T14:09:20 PDT" name="testTwoUsersCanLogin" data-provider="validLogins" finished-at="2020-08-29T14:09:25 PDT" duration-ms="4997" status="PASS">
          <params>
            <param index="0">
              <value>
                <![CDATA[ciara105@xhanimatedm.com]]>
              </value>
            </param>
            <param index="1">
              <value>
                <![CDATA[BugBusters]]>
              </value>
            </param>
          </params>
          <reporter-output>
          </reporter-output>
        </test-method> <!-- testTwoUsersCanLogin -->
        <test-method is-config="true" signature="getInit()[pri:0, instance:signIn.SignInTest@13b6aecc]" started-at="2020-08-29T14:09:20 PDT" name="getInit" finished-at="2020-08-29T14:09:20 PDT" duration-ms="0" status="PASS">
          <reporter-output>
          </reporter-output>
        </test-method> <!-- getInit -->
        <test-method is-config="true" signature="afterEachTestMethod(org.testng.ITestResult)[pri:0, instance:signIn.SignInTest@13b6aecc]" started-at="2020-08-29T14:09:25 PDT" name="afterEachTestMethod" finished-at="2020-08-29T14:09:26 PDT" duration-ms="835" status="PASS">
          <params>
            <param index="0">
              <value>
                <![CDATA[[TestResult name=testTwoUsersCanLogin status=SUCCESS method=SignInTest.testTwoUsersCanLogin(java.lang.String, java.lang.String)[pri:1, instance:signIn.SignInTest@13b6aecc] output={null}]]]>
              </value>
            </param>
          </params>
          <reporter-output>
          </reporter-output>
        </test-method> <!-- afterEachTestMethod -->
        <test-method is-config="true" signature="cleanUp()[pri:0, instance:signIn.SignInTest@13b6aecc]" started-at="2020-08-29T14:09:26 PDT" name="cleanUp" finished-at="2020-08-29T14:09:26 PDT" duration-ms="0" status="PASS">
          <reporter-output>
          </reporter-output>
        </test-method> <!-- cleanUp -->
        <test-method is-config="true" signature="setUp(java.lang.String)[pri:0, instance:signIn.SignInTest@13b6aecc]" started-at="2020-08-29T14:09:26 PDT" name="setUp" finished-at="2020-08-29T14:09:31 PDT" duration-ms="4993" status="PASS">
          <params>
            <param index="0">
              <value>
                <![CDATA[https://www.amazon.com]]>
              </value>
            </param>
          </params>
          <reporter-output>
          </reporter-output>
        </test-method> <!-- setUp -->
        <test-method is-config="true" signature="startExtent(java.lang.reflect.Method)[pri:0, instance:signIn.SignInTest@13b6aecc]" started-at="2020-08-29T14:09:31 PDT" name="startExtent" finished-at="2020-08-29T14:09:31 PDT" duration-ms="1" status="PASS">
          <params>
            <param index="0">
              <value>
                <![CDATA[public void signIn.SignInTest.testVerifySignInTitle()]]>
              </value>
            </param>
          </params>
          <reporter-output>
          </reporter-output>
        </test-method> <!-- startExtent -->
        <test-method is-config="true" signature="getInit()[pri:0, instance:signIn.SignInTest@13b6aecc]" started-at="2020-08-29T14:09:31 PDT" name="getInit" finished-at="2020-08-29T14:09:31 PDT" duration-ms="1" status="PASS">
          <reporter-output>
          </reporter-output>
        </test-method> <!-- getInit -->
        <test-method signature="testVerifySignInTitle()[pri:1, instance:signIn.SignInTest@13b6aecc]" started-at="2020-08-29T14:09:31 PDT" name="testVerifySignInTitle" finished-at="2020-08-29T14:09:33 PDT" duration-ms="2274" status="PASS">
          <reporter-output>
          </reporter-output>
        </test-method> <!-- testVerifySignInTitle -->
        <test-method is-config="true" signature="afterEachTestMethod(org.testng.ITestResult)[pri:0, instance:signIn.SignInTest@13b6aecc]" started-at="2020-08-29T14:09:33 PDT" name="afterEachTestMethod" finished-at="2020-08-29T14:09:34 PDT" duration-ms="907" status="PASS">
          <params>
            <param index="0">
              <value>
                <![CDATA[[TestResult name=testVerifySignInTitle status=SUCCESS method=SignInTest.testVerifySignInTitle()[pri:1, instance:signIn.SignInTest@13b6aecc] output={null}]]]>
              </value>
            </param>
          </params>
          <reporter-output>
          </reporter-output>
        </test-method> <!-- afterEachTestMethod -->
        <test-method is-config="true" signature="cleanUp()[pri:0, instance:signIn.SignInTest@13b6aecc]" started-at="2020-08-29T14:09:34 PDT" name="cleanUp" finished-at="2020-08-29T14:09:34 PDT" duration-ms="1" status="PASS">
          <reporter-output>
          </reporter-output>
        </test-method> <!-- cleanUp -->
      </class> <!-- signIn.SignInTest -->
      <class name="cart.CartTest">
        <test-method is-config="true" signature="extentSetup(org.testng.ITestContext)[pri:0, instance:cart.CartTest@bccb269]" started-at="2020-08-29T13:59:12 PDT" name="extentSetup" finished-at="2020-08-29T13:59:14 PDT" duration-ms="1943" status="PASS">
          <params>
            <param index="0">
              <value>
                <![CDATA[org.testng.TestRunner@36f2a2a3]]>
              </value>
            </param>
          </params>
          <reporter-output>
            <line>
              <![CDATA[Extent Report DirectoryC:\Study\Selenium\Selenium\Frameworks\WebAutomationFramework_Team1\Amazon\target\surefire-reports\html]]>
            </line>
          </reporter-output>
        </test-method> <!-- extentSetup -->
        <test-method is-config="true" signature="setUp(java.lang.String)[pri:0, instance:cart.CartTest@bccb269]" started-at="2020-08-29T13:59:14 PDT" name="setUp" finished-at="2020-08-29T13:59:34 PDT" duration-ms="19697" status="PASS">
          <params>
            <param index="0">
              <value>
                <![CDATA[https://www.amazon.com]]>
              </value>
            </param>
          </params>
          <reporter-output>
          </reporter-output>
        </test-method> <!-- setUp -->
        <test-method is-config="true" signature="startExtent(java.lang.reflect.Method)[pri:0, instance:cart.CartTest@bccb269]" started-at="2020-08-29T13:59:34 PDT" name="startExtent" finished-at="2020-08-29T13:59:34 PDT" duration-ms="8" status="PASS">
          <params>
            <param index="0">
              <value>
                <![CDATA[public void cart.CartTest.TestValidateAllDropDown()]]>
              </value>
            </param>
          </params>
          <reporter-output>
          </reporter-output>
        </test-method> <!-- startExtent -->
        <test-method is-config="true" signature="getInit()[pri:0, instance:cart.CartTest@bccb269]" started-at="2020-08-29T13:59:34 PDT" name="getInit" finished-at="2020-08-29T13:59:34 PDT" duration-ms="47" status="PASS">
          <reporter-output>
          </reporter-output>
        </test-method> <!-- getInit -->
        <test-method signature="TestValidateAllDropDown()[pri:0, instance:cart.CartTest@bccb269]" started-at="2020-08-29T13:59:34 PDT" name="TestValidateAllDropDown" finished-at="2020-08-29T13:59:53 PDT" duration-ms="18611" status="PASS">
          <reporter-output>
          </reporter-output>
        </test-method> <!-- TestValidateAllDropDown -->
        <test-method is-config="true" signature="afterEachTestMethod(org.testng.ITestResult)[pri:0, instance:cart.CartTest@bccb269]" started-at="2020-08-29T13:59:53 PDT" name="afterEachTestMethod" finished-at="2020-08-29T14:00:15 PDT" duration-ms="22265" status="PASS">
          <params>
            <param index="0">
              <value>
                <![CDATA[[TestResult name=TestValidateAllDropDown status=SUCCESS method=CartTest.TestValidateAllDropDown()[pri:0, instance:cart.CartTest@bccb269] output={null}]]]>
              </value>
            </param>
          </params>
          <reporter-output>
          </reporter-output>
        </test-method> <!-- afterEachTestMethod -->
        <test-method is-config="true" signature="cleanUp()[pri:0, instance:cart.CartTest@bccb269]" started-at="2020-08-29T14:00:15 PDT" name="cleanUp" finished-at="2020-08-29T14:00:15 PDT" duration-ms="0" status="PASS">
          <reporter-output>
          </reporter-output>
        </test-method> <!-- cleanUp -->
        <test-method is-config="true" signature="setUp(java.lang.String)[pri:0, instance:cart.CartTest@bccb269]" started-at="2020-08-29T14:00:15 PDT" name="setUp" finished-at="2020-08-29T14:00:21 PDT" duration-ms="6151" status="PASS">
          <params>
            <param index="0">
              <value>
                <![CDATA[https://www.amazon.com]]>
              </value>
            </param>
          </params>
          <reporter-output>
          </reporter-output>
        </test-method> <!-- setUp -->
        <test-method is-config="true" signature="startExtent(java.lang.reflect.Method)[pri:0, instance:cart.CartTest@bccb269]" started-at="2020-08-29T14:00:21 PDT" name="startExtent" finished-at="2020-08-29T14:00:21 PDT" duration-ms="0" status="PASS">
          <params>
            <param index="0">
              <value>
                <![CDATA[public void cart.CartTest.testCheckoutAfterAddingAnItemToCart()]]>
              </value>
            </param>
          </params>
          <reporter-output>
          </reporter-output>
        </test-method> <!-- startExtent -->
        <test-method is-config="true" signature="getInit()[pri:0, instance:cart.CartTest@bccb269]" started-at="2020-08-29T14:00:21 PDT" name="getInit" finished-at="2020-08-29T14:00:21 PDT" duration-ms="2" status="PASS">
          <reporter-output>
          </reporter-output>
        </test-method> <!-- getInit -->
        <test-method signature="testCheckoutAfterAddingAnItemToCart()[pri:0, instance:cart.CartTest@bccb269]" started-at="2020-08-29T14:00:21 PDT" name="testCheckoutAfterAddingAnItemToCart" finished-at="2020-08-29T14:00:41 PDT" duration-ms="20123" status="PASS">
          <reporter-output>
          </reporter-output>
        </test-method> <!-- testCheckoutAfterAddingAnItemToCart -->
        <test-method is-config="true" signature="afterEachTestMethod(org.testng.ITestResult)[pri:0, instance:cart.CartTest@bccb269]" started-at="2020-08-29T14:00:41 PDT" name="afterEachTestMethod" finished-at="2020-08-29T14:00:43 PDT" duration-ms="1320" status="PASS">
          <params>
            <param index="0">
              <value>
                <![CDATA[[TestResult name=testCheckoutAfterAddingAnItemToCart status=SUCCESS method=CartTest.testCheckoutAfterAddingAnItemToCart()[pri:0, instance:cart.CartTest@bccb269] output={null}]]]>
              </value>
            </param>
          </params>
          <reporter-output>
          </reporter-output>
        </test-method> <!-- afterEachTestMethod -->
        <test-method is-config="true" signature="cleanUp()[pri:0, instance:cart.CartTest@bccb269]" started-at="2020-08-29T14:00:43 PDT" name="cleanUp" finished-at="2020-08-29T14:00:43 PDT" duration-ms="1" status="PASS">
          <reporter-output>
          </reporter-output>
        </test-method> <!-- cleanUp -->
        <test-method is-config="true" signature="setUp(java.lang.String)[pri:0, instance:cart.CartTest@bccb269]" started-at="2020-08-29T14:00:43 PDT" name="setUp" finished-at="2020-08-29T14:00:49 PDT" duration-ms="5806" status="PASS">
          <params>
            <param index="0">
              <value>
                <![CDATA[https://www.amazon.com]]>
              </value>
            </param>
          </params>
          <reporter-output>
          </reporter-output>
        </test-method> <!-- setUp -->
        <test-method is-config="true" signature="startExtent(java.lang.reflect.Method)[pri:0, instance:cart.CartTest@bccb269]" started-at="2020-08-29T14:00:49 PDT" name="startExtent" finished-at="2020-08-29T14:00:49 PDT" duration-ms="1" status="PASS">
          <params>
            <param index="0">
              <value>
                <![CDATA[public void cart.CartTest.testItemAddedToCartByGoingIntoCart()]]>
              </value>
            </param>
          </params>
          <reporter-output>
          </reporter-output>
        </test-method> <!-- startExtent -->
        <test-method is-config="true" signature="getInit()[pri:0, instance:cart.CartTest@bccb269]" started-at="2020-08-29T14:00:49 PDT" name="getInit" finished-at="2020-08-29T14:00:49 PDT" duration-ms="1" status="PASS">
          <reporter-output>
          </reporter-output>
        </test-method> <!-- getInit -->
        <test-method signature="testItemAddedToCartByGoingIntoCart()[pri:0, instance:cart.CartTest@bccb269]" started-at="2020-08-29T14:00:49 PDT" name="testItemAddedToCartByGoingIntoCart" finished-at="2020-08-29T14:00:56 PDT" duration-ms="7927" status="PASS">
          <reporter-output>
          </reporter-output>
        </test-method> <!-- testItemAddedToCartByGoingIntoCart -->
        <test-method is-config="true" signature="afterEachTestMethod(org.testng.ITestResult)[pri:0, instance:cart.CartTest@bccb269]" started-at="2020-08-29T14:00:56 PDT" name="afterEachTestMethod" finished-at="2020-08-29T14:00:57 PDT" duration-ms="957" status="PASS">
          <params>
            <param index="0">
              <value>
                <![CDATA[[TestResult name=testItemAddedToCartByGoingIntoCart status=SUCCESS method=CartTest.testItemAddedToCartByGoingIntoCart()[pri:0, instance:cart.CartTest@bccb269] output={null}]]]>
              </value>
            </param>
          </params>
          <reporter-output>
          </reporter-output>
        </test-method> <!-- afterEachTestMethod -->
        <test-method is-config="true" signature="cleanUp()[pri:0, instance:cart.CartTest@bccb269]" started-at="2020-08-29T14:00:57 PDT" name="cleanUp" finished-at="2020-08-29T14:00:57 PDT" duration-ms="1" status="PASS">
          <reporter-output>
          </reporter-output>
        </test-method> <!-- cleanUp -->
        <test-method is-config="true" signature="setUp(java.lang.String)[pri:0, instance:cart.CartTest@bccb269]" started-at="2020-08-29T14:00:57 PDT" name="setUp" finished-at="2020-08-29T14:01:02 PDT" duration-ms="4857" status="PASS">
          <params>
            <param index="0">
              <value>
                <![CDATA[https://www.amazon.com]]>
              </value>
            </param>
          </params>
          <reporter-output>
          </reporter-output>
        </test-method> <!-- setUp -->
        <test-method is-config="true" signature="getInit()[pri:0, instance:cart.CartTest@bccb269]" started-at="2020-08-29T14:01:02 PDT" name="getInit" finished-at="2020-08-29T14:01:02 PDT" duration-ms="1" status="PASS">
          <reporter-output>
          </reporter-output>
        </test-method> <!-- getInit -->
        <test-method is-config="true" signature="startExtent(java.lang.reflect.Method)[pri:0, instance:cart.CartTest@bccb269]" started-at="2020-08-29T14:01:02 PDT" name="startExtent" finished-at="2020-08-29T14:01:02 PDT" duration-ms="0" status="PASS">
          <params>
            <param index="0">
              <value>
                <![CDATA[public void cart.CartTest.testItemAddedToCartWithoutGoingIntoCart()]]>
              </value>
            </param>
          </params>
          <reporter-output>
          </reporter-output>
        </test-method> <!-- startExtent -->
        <test-method signature="testItemAddedToCartWithoutGoingIntoCart()[pri:0, instance:cart.CartTest@bccb269]" started-at="2020-08-29T14:01:02 PDT" name="testItemAddedToCartWithoutGoingIntoCart" finished-at="2020-08-29T14:01:08 PDT" duration-ms="5973" status="PASS">
          <reporter-output>
          </reporter-output>
        </test-method> <!-- testItemAddedToCartWithoutGoingIntoCart -->
        <test-method is-config="true" signature="afterEachTestMethod(org.testng.ITestResult)[pri:0, instance:cart.CartTest@bccb269]" started-at="2020-08-29T14:01:08 PDT" name="afterEachTestMethod" finished-at="2020-08-29T14:01:09 PDT" duration-ms="971" status="PASS">
          <params>
            <param index="0">
              <value>
                <![CDATA[[TestResult name=testItemAddedToCartWithoutGoingIntoCart status=SUCCESS method=CartTest.testItemAddedToCartWithoutGoingIntoCart()[pri:0, instance:cart.CartTest@bccb269] output={null}]]]>
              </value>
            </param>
          </params>
          <reporter-output>
          </reporter-output>
        </test-method> <!-- afterEachTestMethod -->
        <test-method is-config="true" signature="cleanUp()[pri:0, instance:cart.CartTest@bccb269]" started-at="2020-08-29T14:01:09 PDT" name="cleanUp" finished-at="2020-08-29T14:01:09 PDT" duration-ms="2" status="PASS">
          <reporter-output>
          </reporter-output>
        </test-method> <!-- cleanUp -->
        <test-method is-config="true" signature="setUp(java.lang.String)[pri:0, instance:cart.CartTest@bccb269]" started-at="2020-08-29T14:01:09 PDT" name="setUp" finished-at="2020-08-29T14:01:15 PDT" duration-ms="5853" status="PASS">
          <params>
            <param index="0">
              <value>
                <![CDATA[https://www.amazon.com]]>
              </value>
            </param>
          </params>
          <reporter-output>
          </reporter-output>
        </test-method> <!-- setUp -->
        <test-method is-config="true" signature="startExtent(java.lang.reflect.Method)[pri:0, instance:cart.CartTest@bccb269]" started-at="2020-08-29T14:01:15 PDT" name="startExtent" finished-at="2020-08-29T14:01:15 PDT" duration-ms="0" status="PASS">
          <params>
            <param index="0">
              <value>
                <![CDATA[public void cart.CartTest.testItemDeletedFromCart()]]>
              </value>
            </param>
          </params>
          <reporter-output>
          </reporter-output>
        </test-method> <!-- startExtent -->
        <test-method is-config="true" signature="getInit()[pri:0, instance:cart.CartTest@bccb269]" started-at="2020-08-29T14:01:15 PDT" name="getInit" finished-at="2020-08-29T14:01:15 PDT" duration-ms="1" status="PASS">
          <reporter-output>
          </reporter-output>
        </test-method> <!-- getInit -->
        <test-method signature="testItemDeletedFromCart()[pri:0, instance:cart.CartTest@bccb269]" started-at="2020-08-29T14:01:15 PDT" name="testItemDeletedFromCart" finished-at="2020-08-29T14:01:26 PDT" duration-ms="10772" status="PASS">
          <reporter-output>
          </reporter-output>
        </test-method> <!-- testItemDeletedFromCart -->
        <test-method is-config="true" signature="afterEachTestMethod(org.testng.ITestResult)[pri:0, instance:cart.CartTest@bccb269]" started-at="2020-08-29T14:01:26 PDT" name="afterEachTestMethod" finished-at="2020-08-29T14:01:27 PDT" duration-ms="1143" status="PASS">
          <params>
            <param index="0">
              <value>
                <![CDATA[[TestResult name=testItemDeletedFromCart status=SUCCESS method=CartTest.testItemDeletedFromCart()[pri:0, instance:cart.CartTest@bccb269] output={null}]]]>
              </value>
            </param>
          </params>
          <reporter-output>
          </reporter-output>
        </test-method> <!-- afterEachTestMethod -->
        <test-method is-config="true" signature="cleanUp()[pri:0, instance:cart.CartTest@bccb269]" started-at="2020-08-29T14:01:27 PDT" name="cleanUp" finished-at="2020-08-29T14:01:27 PDT" duration-ms="0" status="PASS">
          <reporter-output>
          </reporter-output>
        </test-method> <!-- cleanUp -->
        <test-method is-config="true" signature="generateReport()[pri:0, instance:cart.CartTest@bccb269]" started-at="2020-08-29T14:09:34 PDT" name="generateReport" finished-at="2020-08-29T14:09:34 PDT" duration-ms="38" status="PASS">
          <reporter-output>
          </reporter-output>
        </test-method> <!-- generateReport -->
      </class> <!-- cart.CartTest -->
      <class name="registration.RegistrationPageTest">
        <test-method is-config="true" signature="setUp(java.lang.String)[pri:0, instance:registration.RegistrationPageTest@17f7cd29]" started-at="2020-08-29T14:04:48 PDT" name="setUp" finished-at="2020-08-29T14:04:53 PDT" duration-ms="5020" status="PASS">
          <params>
            <param index="0">
              <value>
                <![CDATA[https://www.amazon.com]]>
              </value>
            </param>
          </params>
          <reporter-output>
          </reporter-output>
        </test-method> <!-- setUp -->
        <test-method is-config="true" signature="startExtent(java.lang.reflect.Method)[pri:0, instance:registration.RegistrationPageTest@17f7cd29]" started-at="2020-08-29T14:04:53 PDT" name="startExtent" finished-at="2020-08-29T14:04:53 PDT" duration-ms="1" status="PASS">
          <params>
            <param index="0">
              <value>
                <![CDATA[public void registration.RegistrationPageTest.testPasswordMustBeAtLeast6CharacterAlertSignIsEnabled()]]>
              </value>
            </param>
          </params>
          <reporter-output>
          </reporter-output>
        </test-method> <!-- startExtent -->
        <test-method is-config="true" signature="getInit()[pri:0, instance:registration.RegistrationPageTest@17f7cd29]" started-at="2020-08-29T14:04:53 PDT" name="getInit" finished-at="2020-08-29T14:04:53 PDT" duration-ms="3" status="PASS">
          <reporter-output>
          </reporter-output>
        </test-method> <!-- getInit -->
        <test-method signature="testPasswordMustBeAtLeast6CharacterAlertSignIsEnabled()[pri:0, instance:registration.RegistrationPageTest@17f7cd29]" started-at="2020-08-29T14:04:53 PDT" name="testPasswordMustBeAtLeast6CharacterAlertSignIsEnabled" finished-at="2020-08-29T14:04:57 PDT" duration-ms="3982" status="PASS">
          <reporter-output>
          </reporter-output>
        </test-method> <!-- testPasswordMustBeAtLeast6CharacterAlertSignIsEnabled -->
        <test-method is-config="true" signature="afterEachTestMethod(org.testng.ITestResult)[pri:0, instance:registration.RegistrationPageTest@17f7cd29]" started-at="2020-08-29T14:04:57 PDT" name="afterEachTestMethod" finished-at="2020-08-29T14:04:59 PDT" duration-ms="1865" status="PASS">
          <params>
            <param index="0">
              <value>
                <![CDATA[[TestResult name=testPasswordMustBeAtLeast6CharacterAlertSignIsEnabled status=SUCCESS method=RegistrationPageTest.testPasswordMustBeAtLeast6CharacterAlertSignIsEnabled()[pri:0, instance:registration.RegistrationPageTest@17f7cd29] output={null}]]]>
              </value>
            </param>
          </params>
          <reporter-output>
          </reporter-output>
        </test-method> <!-- afterEachTestMethod -->
        <test-method is-config="true" signature="cleanUp()[pri:0, instance:registration.RegistrationPageTest@17f7cd29]" started-at="2020-08-29T14:04:59 PDT" name="cleanUp" finished-at="2020-08-29T14:04:59 PDT" duration-ms="0" status="PASS">
          <reporter-output>
          </reporter-output>
        </test-method> <!-- cleanUp -->
        <test-method is-config="true" signature="setUp(java.lang.String)[pri:0, instance:registration.RegistrationPageTest@17f7cd29]" started-at="2020-08-29T14:04:59 PDT" name="setUp" finished-at="2020-08-29T14:05:04 PDT" duration-ms="5329" status="PASS">
          <params>
            <param index="0">
              <value>
                <![CDATA[https://www.amazon.com]]>
              </value>
            </param>
          </params>
          <reporter-output>
          </reporter-output>
        </test-method> <!-- setUp -->
        <test-method is-config="true" signature="getInit()[pri:0, instance:registration.RegistrationPageTest@17f7cd29]" started-at="2020-08-29T14:05:04 PDT" name="getInit" finished-at="2020-08-29T14:05:04 PDT" duration-ms="1" status="PASS">
          <reporter-output>
          </reporter-output>
        </test-method> <!-- getInit -->
        <test-method is-config="true" signature="startExtent(java.lang.reflect.Method)[pri:0, instance:registration.RegistrationPageTest@17f7cd29]" started-at="2020-08-29T14:05:04 PDT" name="startExtent" finished-at="2020-08-29T14:05:04 PDT" duration-ms="0" status="PASS">
          <params>
            <param index="0">
              <value>
                <![CDATA[public void registration.RegistrationPageTest.testVerifyClickStartHere()]]>
              </value>
            </param>
          </params>
          <reporter-output>
          </reporter-output>
        </test-method> <!-- startExtent -->
        <test-method signature="testVerifyClickStartHere()[pri:0, instance:registration.RegistrationPageTest@17f7cd29]" started-at="2020-08-29T14:05:04 PDT" name="testVerifyClickStartHere" finished-at="2020-08-29T14:05:06 PDT" duration-ms="1564" status="PASS">
          <reporter-output>
          </reporter-output>
        </test-method> <!-- testVerifyClickStartHere -->
        <test-method is-config="true" signature="afterEachTestMethod(org.testng.ITestResult)[pri:0, instance:registration.RegistrationPageTest@17f7cd29]" started-at="2020-08-29T14:05:06 PDT" name="afterEachTestMethod" finished-at="2020-08-29T14:05:07 PDT" duration-ms="1329" status="PASS">
          <params>
            <param index="0">
              <value>
                <![CDATA[[TestResult name=testVerifyClickStartHere status=SUCCESS method=RegistrationPageTest.testVerifyClickStartHere()[pri:0, instance:registration.RegistrationPageTest@17f7cd29] output={null}]]]>
              </value>
            </param>
          </params>
          <reporter-output>
          </reporter-output>
        </test-method> <!-- afterEachTestMethod -->
        <test-method is-config="true" signature="cleanUp()[pri:0, instance:registration.RegistrationPageTest@17f7cd29]" started-at="2020-08-29T14:05:07 PDT" name="cleanUp" finished-at="2020-08-29T14:05:07 PDT" duration-ms="1" status="PASS">
          <reporter-output>
          </reporter-output>
        </test-method> <!-- cleanUp -->
        <test-method is-config="true" signature="setUp(java.lang.String)[pri:0, instance:registration.RegistrationPageTest@17f7cd29]" started-at="2020-08-29T14:05:07 PDT" name="setUp" finished-at="2020-08-29T14:05:13 PDT" duration-ms="5409" status="PASS">
          <params>
            <param index="0">
              <value>
                <![CDATA[https://www.amazon.com]]>
              </value>
            </param>
          </params>
          <reporter-output>
          </reporter-output>
        </test-method> <!-- setUp -->
        <test-method is-config="true" signature="startExtent(java.lang.reflect.Method)[pri:0, instance:registration.RegistrationPageTest@17f7cd29]" started-at="2020-08-29T14:05:13 PDT" name="startExtent" finished-at="2020-08-29T14:05:13 PDT" duration-ms="0" status="PASS">
          <params>
            <param index="0">
              <value>
                <![CDATA[public void registration.RegistrationPageTest.testVerifyEnterAValidEmailAddressAlertSignIsDisplayed()]]>
              </value>
            </param>
          </params>
          <reporter-output>
          </reporter-output>
        </test-method> <!-- startExtent -->
        <test-method is-config="true" signature="getInit()[pri:0, instance:registration.RegistrationPageTest@17f7cd29]" started-at="2020-08-29T14:05:13 PDT" name="getInit" finished-at="2020-08-29T14:05:13 PDT" duration-ms="1" status="PASS">
          <reporter-output>
          </reporter-output>
        </test-method> <!-- getInit -->
        <test-method signature="testVerifyEnterAValidEmailAddressAlertSignIsDisplayed()[pri:0, instance:registration.RegistrationPageTest@17f7cd29]" started-at="2020-08-29T14:05:13 PDT" name="testVerifyEnterAValidEmailAddressAlertSignIsDisplayed" finished-at="2020-08-29T14:05:17 PDT" duration-ms="4336" status="PASS">
          <reporter-output>
          </reporter-output>
        </test-method> <!-- testVerifyEnterAValidEmailAddressAlertSignIsDisplayed -->
        <test-method is-config="true" signature="afterEachTestMethod(org.testng.ITestResult)[pri:0, instance:registration.RegistrationPageTest@17f7cd29]" started-at="2020-08-29T14:05:17 PDT" name="afterEachTestMethod" finished-at="2020-08-29T14:05:18 PDT" duration-ms="1253" status="PASS">
          <params>
            <param index="0">
              <value>
                <![CDATA[[TestResult name=testVerifyEnterAValidEmailAddressAlertSignIsDisplayed status=SUCCESS method=RegistrationPageTest.testVerifyEnterAValidEmailAddressAlertSignIsDisplayed()[pri:0, instance:registration.RegistrationPageTest@17f7cd29] output={null}]]]>
              </value>
            </param>
          </params>
          <reporter-output>
          </reporter-output>
        </test-method> <!-- afterEachTestMethod -->
        <test-method is-config="true" signature="cleanUp()[pri:0, instance:registration.RegistrationPageTest@17f7cd29]" started-at="2020-08-29T14:05:18 PDT" name="cleanUp" finished-at="2020-08-29T14:05:18 PDT" duration-ms="0" status="PASS">
          <reporter-output>
          </reporter-output>
        </test-method> <!-- cleanUp -->
        <test-method is-config="true" signature="setUp(java.lang.String)[pri:0, instance:registration.RegistrationPageTest@17f7cd29]" started-at="2020-08-29T14:05:18 PDT" name="setUp" finished-at="2020-08-29T14:05:23 PDT" duration-ms="5232" status="PASS">
          <params>
            <param index="0">
              <value>
                <![CDATA[https://www.amazon.com]]>
              </value>
            </param>
          </params>
          <reporter-output>
          </reporter-output>
        </test-method> <!-- setUp -->
        <test-method is-config="true" signature="getInit()[pri:0, instance:registration.RegistrationPageTest@17f7cd29]" started-at="2020-08-29T14:05:23 PDT" name="getInit" finished-at="2020-08-29T14:05:23 PDT" duration-ms="1" status="PASS">
          <reporter-output>
          </reporter-output>
        </test-method> <!-- getInit -->
        <test-method is-config="true" signature="startExtent(java.lang.reflect.Method)[pri:0, instance:registration.RegistrationPageTest@17f7cd29]" started-at="2020-08-29T14:05:23 PDT" name="startExtent" finished-at="2020-08-29T14:05:23 PDT" duration-ms="0" status="PASS">
          <params>
            <param index="0">
              <value>
                <![CDATA[public void registration.RegistrationPageTest.testVerifyEnterYourEmailAlertSignIsDisplayed()]]>
              </value>
            </param>
          </params>
          <reporter-output>
          </reporter-output>
        </test-method> <!-- startExtent -->
        <test-method signature="testVerifyEnterYourEmailAlertSignIsDisplayed()[pri:0, instance:registration.RegistrationPageTest@17f7cd29]" started-at="2020-08-29T14:05:23 PDT" name="testVerifyEnterYourEmailAlertSignIsDisplayed" finished-at="2020-08-29T14:05:27 PDT" duration-ms="3402" status="PASS">
          <reporter-output>
          </reporter-output>
        </test-method> <!-- testVerifyEnterYourEmailAlertSignIsDisplayed -->
        <test-method is-config="true" signature="afterEachTestMethod(org.testng.ITestResult)[pri:0, instance:registration.RegistrationPageTest@17f7cd29]" started-at="2020-08-29T14:05:27 PDT" name="afterEachTestMethod" finished-at="2020-08-29T14:05:28 PDT" duration-ms="878" status="PASS">
          <params>
            <param index="0">
              <value>
                <![CDATA[[TestResult name=testVerifyEnterYourEmailAlertSignIsDisplayed status=SUCCESS method=RegistrationPageTest.testVerifyEnterYourEmailAlertSignIsDisplayed()[pri:0, instance:registration.RegistrationPageTest@17f7cd29] output={null}]]]>
              </value>
            </param>
          </params>
          <reporter-output>
          </reporter-output>
        </test-method> <!-- afterEachTestMethod -->
        <test-method is-config="true" signature="setUp(java.lang.String)[pri:0, instance:registration.RegistrationPageTest@17f7cd29]" started-at="2020-08-29T14:05:28 PDT" name="setUp" finished-at="2020-08-29T14:05:33 PDT" duration-ms="5419" status="PASS">
          <params>
            <param index="0">
              <value>
                <![CDATA[https://www.amazon.com]]>
              </value>
            </param>
          </params>
          <reporter-output>
          </reporter-output>
        </test-method> <!-- setUp -->
        <test-method is-config="true" signature="cleanUp()[pri:0, instance:registration.RegistrationPageTest@17f7cd29]" started-at="2020-08-29T14:05:28 PDT" name="cleanUp" finished-at="2020-08-29T14:05:28 PDT" duration-ms="0" status="PASS">
          <reporter-output>
          </reporter-output>
        </test-method> <!-- cleanUp -->
        <test-method is-config="true" signature="startExtent(java.lang.reflect.Method)[pri:0, instance:registration.RegistrationPageTest@17f7cd29]" started-at="2020-08-29T14:05:33 PDT" name="startExtent" finished-at="2020-08-29T14:05:33 PDT" duration-ms="1" status="PASS">
          <params>
            <param index="0">
              <value>
                <![CDATA[public void registration.RegistrationPageTest.testVerifyEnterYourNameAlertSignIsDisplayed()]]>
              </value>
            </param>
          </params>
          <reporter-output>
          </reporter-output>
        </test-method> <!-- startExtent -->
        <test-method is-config="true" signature="getInit()[pri:0, instance:registration.RegistrationPageTest@17f7cd29]" started-at="2020-08-29T14:05:33 PDT" name="getInit" finished-at="2020-08-29T14:05:33 PDT" duration-ms="1" status="PASS">
          <reporter-output>
          </reporter-output>
        </test-method> <!-- getInit -->
        <test-method signature="testVerifyEnterYourNameAlertSignIsDisplayed()[pri:0, instance:registration.RegistrationPageTest@17f7cd29]" started-at="2020-08-29T14:05:33 PDT" name="testVerifyEnterYourNameAlertSignIsDisplayed" finished-at="2020-08-29T14:05:36 PDT" duration-ms="2461" status="PASS">
          <reporter-output>
          </reporter-output>
        </test-method> <!-- testVerifyEnterYourNameAlertSignIsDisplayed -->
        <test-method is-config="true" signature="afterEachTestMethod(org.testng.ITestResult)[pri:0, instance:registration.RegistrationPageTest@17f7cd29]" started-at="2020-08-29T14:05:36 PDT" name="afterEachTestMethod" finished-at="2020-08-29T14:05:36 PDT" duration-ms="795" status="PASS">
          <params>
            <param index="0">
              <value>
                <![CDATA[[TestResult name=testVerifyEnterYourNameAlertSignIsDisplayed status=SUCCESS method=RegistrationPageTest.testVerifyEnterYourNameAlertSignIsDisplayed()[pri:0, instance:registration.RegistrationPageTest@17f7cd29] output={null}]]]>
              </value>
            </param>
          </params>
          <reporter-output>
          </reporter-output>
        </test-method> <!-- afterEachTestMethod -->
        <test-method is-config="true" signature="cleanUp()[pri:0, instance:registration.RegistrationPageTest@17f7cd29]" started-at="2020-08-29T14:05:36 PDT" name="cleanUp" finished-at="2020-08-29T14:05:36 PDT" duration-ms="0" status="PASS">
          <reporter-output>
          </reporter-output>
        </test-method> <!-- cleanUp -->
        <test-method is-config="true" signature="setUp(java.lang.String)[pri:0, instance:registration.RegistrationPageTest@17f7cd29]" started-at="2020-08-29T14:05:36 PDT" name="setUp" finished-at="2020-08-29T14:05:41 PDT" duration-ms="5064" status="PASS">
          <params>
            <param index="0">
              <value>
                <![CDATA[https://www.amazon.com]]>
              </value>
            </param>
          </params>
          <reporter-output>
          </reporter-output>
        </test-method> <!-- setUp -->
        <test-method is-config="true" signature="startExtent(java.lang.reflect.Method)[pri:0, instance:registration.RegistrationPageTest@17f7cd29]" started-at="2020-08-29T14:05:41 PDT" name="startExtent" finished-at="2020-08-29T14:05:41 PDT" duration-ms="0" status="PASS">
          <params>
            <param index="0">
              <value>
                <![CDATA[public void registration.RegistrationPageTest.testVerifyEnterYourPasswordAlertSignIsDisplayed()]]>
              </value>
            </param>
          </params>
          <reporter-output>
          </reporter-output>
        </test-method> <!-- startExtent -->
        <test-method is-config="true" signature="getInit()[pri:0, instance:registration.RegistrationPageTest@17f7cd29]" started-at="2020-08-29T14:05:41 PDT" name="getInit" finished-at="2020-08-29T14:05:41 PDT" duration-ms="0" status="PASS">
          <reporter-output>
          </reporter-output>
        </test-method> <!-- getInit -->
        <test-method signature="testVerifyEnterYourPasswordAlertSignIsDisplayed()[pri:0, instance:registration.RegistrationPageTest@17f7cd29]" started-at="2020-08-29T14:05:41 PDT" name="testVerifyEnterYourPasswordAlertSignIsDisplayed" finished-at="2020-08-29T14:05:44 PDT" duration-ms="2445" status="PASS">
          <reporter-output>
          </reporter-output>
        </test-method> <!-- testVerifyEnterYourPasswordAlertSignIsDisplayed -->
        <test-method is-config="true" signature="afterEachTestMethod(org.testng.ITestResult)[pri:0, instance:registration.RegistrationPageTest@17f7cd29]" started-at="2020-08-29T14:05:44 PDT" name="afterEachTestMethod" finished-at="2020-08-29T14:05:45 PDT" duration-ms="1329" status="PASS">
          <params>
            <param index="0">
              <value>
                <![CDATA[[TestResult name=testVerifyEnterYourPasswordAlertSignIsDisplayed status=SUCCESS method=RegistrationPageTest.testVerifyEnterYourPasswordAlertSignIsDisplayed()[pri:0, instance:registration.RegistrationPageTest@17f7cd29] output={null}]]]>
              </value>
            </param>
          </params>
          <reporter-output>
          </reporter-output>
        </test-method> <!-- afterEachTestMethod -->
        <test-method is-config="true" signature="cleanUp()[pri:0, instance:registration.RegistrationPageTest@17f7cd29]" started-at="2020-08-29T14:05:45 PDT" name="cleanUp" finished-at="2020-08-29T14:05:45 PDT" duration-ms="1" status="PASS">
          <reporter-output>
          </reporter-output>
        </test-method> <!-- cleanUp -->
        <test-method is-config="true" signature="setUp(java.lang.String)[pri:0, instance:registration.RegistrationPageTest@17f7cd29]" started-at="2020-08-29T14:05:45 PDT" name="setUp" finished-at="2020-08-29T14:05:50 PDT" duration-ms="5116" status="PASS">
          <params>
            <param index="0">
              <value>
                <![CDATA[https://www.amazon.com]]>
              </value>
            </param>
          </params>
          <reporter-output>
          </reporter-output>
        </test-method> <!-- setUp -->
        <test-method is-config="true" signature="getInit()[pri:0, instance:registration.RegistrationPageTest@17f7cd29]" started-at="2020-08-29T14:05:50 PDT" name="getInit" finished-at="2020-08-29T14:05:50 PDT" duration-ms="1" status="PASS">
          <reporter-output>
          </reporter-output>
        </test-method> <!-- getInit -->
        <test-method is-config="true" signature="startExtent(java.lang.reflect.Method)[pri:0, instance:registration.RegistrationPageTest@17f7cd29]" started-at="2020-08-29T14:05:50 PDT" name="startExtent" finished-at="2020-08-29T14:05:50 PDT" duration-ms="0" status="PASS">
          <params>
            <param index="0">
              <value>
                <![CDATA[public void registration.RegistrationPageTest.testVerifyNavigateToAmazonSellerSignUpPageByTitle()]]>
              </value>
            </param>
          </params>
          <reporter-output>
          </reporter-output>
        </test-method> <!-- startExtent -->
        <test-method signature="testVerifyNavigateToAmazonSellerSignUpPageByTitle()[pri:0, instance:registration.RegistrationPageTest@17f7cd29]" started-at="2020-08-29T14:05:50 PDT" name="testVerifyNavigateToAmazonSellerSignUpPageByTitle" finished-at="2020-08-29T14:05:57 PDT" duration-ms="6326" status="PASS">
          <reporter-output>
          </reporter-output>
        </test-method> <!-- testVerifyNavigateToAmazonSellerSignUpPageByTitle -->
        <test-method is-config="true" signature="afterEachTestMethod(org.testng.ITestResult)[pri:0, instance:registration.RegistrationPageTest@17f7cd29]" started-at="2020-08-29T14:05:57 PDT" name="afterEachTestMethod" finished-at="2020-08-29T14:05:58 PDT" duration-ms="985" status="PASS">
          <params>
            <param index="0">
              <value>
                <![CDATA[[TestResult name=testVerifyNavigateToAmazonSellerSignUpPageByTitle status=SUCCESS method=RegistrationPageTest.testVerifyNavigateToAmazonSellerSignUpPageByTitle()[pri:0, instance:registration.RegistrationPageTest@17f7cd29] output={null}]]]>
              </value>
            </param>
          </params>
          <reporter-output>
          </reporter-output>
        </test-method> <!-- afterEachTestMethod -->
        <test-method is-config="true" signature="cleanUp()[pri:0, instance:registration.RegistrationPageTest@17f7cd29]" started-at="2020-08-29T14:05:58 PDT" name="cleanUp" finished-at="2020-08-29T14:05:58 PDT" duration-ms="1" status="PASS">
          <reporter-output>
          </reporter-output>
        </test-method> <!-- cleanUp -->
        <test-method is-config="true" signature="setUp(java.lang.String)[pri:0, instance:registration.RegistrationPageTest@17f7cd29]" started-at="2020-08-29T14:05:58 PDT" name="setUp" finished-at="2020-08-29T14:06:03 PDT" duration-ms="5591" status="PASS">
          <params>
            <param index="0">
              <value>
                <![CDATA[https://www.amazon.com]]>
              </value>
            </param>
          </params>
          <reporter-output>
          </reporter-output>
        </test-method> <!-- setUp -->
        <test-method is-config="true" signature="startExtent(java.lang.reflect.Method)[pri:0, instance:registration.RegistrationPageTest@17f7cd29]" started-at="2020-08-29T14:06:03 PDT" name="startExtent" finished-at="2020-08-29T14:06:03 PDT" duration-ms="1" status="PASS">
          <params>
            <param index="0">
              <value>
                <![CDATA[public void registration.RegistrationPageTest.testVerifyNewAccountCaptchaIsDisplayed()]]>
              </value>
            </param>
          </params>
          <reporter-output>
          </reporter-output>
        </test-method> <!-- startExtent -->
        <test-method is-config="true" signature="getInit()[pri:0, instance:registration.RegistrationPageTest@17f7cd29]" started-at="2020-08-29T14:06:03 PDT" name="getInit" finished-at="2020-08-29T14:06:03 PDT" duration-ms="0" status="PASS">
          <reporter-output>
          </reporter-output>
        </test-method> <!-- getInit -->
        <test-method signature="testVerifyNewAccountCaptchaIsDisplayed()[pri:0, instance:registration.RegistrationPageTest@17f7cd29]" started-at="2020-08-29T14:06:03 PDT" name="testVerifyNewAccountCaptchaIsDisplayed" finished-at="2020-08-29T14:06:08 PDT" duration-ms="4405" status="PASS">
          <reporter-output>
          </reporter-output>
        </test-method> <!-- testVerifyNewAccountCaptchaIsDisplayed -->
        <test-method is-config="true" signature="afterEachTestMethod(org.testng.ITestResult)[pri:0, instance:registration.RegistrationPageTest@17f7cd29]" started-at="2020-08-29T14:06:08 PDT" name="afterEachTestMethod" finished-at="2020-08-29T14:06:09 PDT" duration-ms="1062" status="PASS">
          <params>
            <param index="0">
              <value>
                <![CDATA[[TestResult name=testVerifyNewAccountCaptchaIsDisplayed status=SUCCESS method=RegistrationPageTest.testVerifyNewAccountCaptchaIsDisplayed()[pri:0, instance:registration.RegistrationPageTest@17f7cd29] output={null}]]]>
              </value>
            </param>
          </params>
          <reporter-output>
          </reporter-output>
        </test-method> <!-- afterEachTestMethod -->
        <test-method is-config="true" signature="cleanUp()[pri:0, instance:registration.RegistrationPageTest@17f7cd29]" started-at="2020-08-29T14:06:09 PDT" name="cleanUp" finished-at="2020-08-29T14:06:09 PDT" duration-ms="0" status="PASS">
          <reporter-output>
          </reporter-output>
        </test-method> <!-- cleanUp -->
        <test-method is-config="true" signature="setUp(java.lang.String)[pri:0, instance:registration.RegistrationPageTest@17f7cd29]" started-at="2020-08-29T14:06:09 PDT" name="setUp" finished-at="2020-08-29T14:06:14 PDT" duration-ms="5361" status="PASS">
          <params>
            <param index="0">
              <value>
                <![CDATA[https://www.amazon.com]]>
              </value>
            </param>
          </params>
          <reporter-output>
          </reporter-output>
        </test-method> <!-- setUp -->
        <test-method is-config="true" signature="startExtent(java.lang.reflect.Method)[pri:0, instance:registration.RegistrationPageTest@17f7cd29]" started-at="2020-08-29T14:06:14 PDT" name="startExtent" finished-at="2020-08-29T14:06:14 PDT" duration-ms="1" status="PASS">
          <params>
            <param index="0">
              <value>
                <![CDATA[public void registration.RegistrationPageTest.testVerifyPasswordsMustMatchAlertIsDisplayed()]]>
              </value>
            </param>
          </params>
          <reporter-output>
          </reporter-output>
        </test-method> <!-- startExtent -->
        <test-method is-config="true" signature="getInit()[pri:0, instance:registration.RegistrationPageTest@17f7cd29]" started-at="2020-08-29T14:06:14 PDT" name="getInit" finished-at="2020-08-29T14:06:14 PDT" duration-ms="3" status="PASS">
          <reporter-output>
          </reporter-output>
        </test-method> <!-- getInit -->
        <test-method signature="testVerifyPasswordsMustMatchAlertIsDisplayed()[pri:0, instance:registration.RegistrationPageTest@17f7cd29]" started-at="2020-08-29T14:06:14 PDT" name="testVerifyPasswordsMustMatchAlertIsDisplayed" finished-at="2020-08-29T14:06:18 PDT" duration-ms="3524" status="PASS">
          <reporter-output>
          </reporter-output>
        </test-method> <!-- testVerifyPasswordsMustMatchAlertIsDisplayed -->
        <test-method is-config="true" signature="afterEachTestMethod(org.testng.ITestResult)[pri:0, instance:registration.RegistrationPageTest@17f7cd29]" started-at="2020-08-29T14:06:18 PDT" name="afterEachTestMethod" finished-at="2020-08-29T14:06:19 PDT" duration-ms="1035" status="PASS">
          <params>
            <param index="0">
              <value>
                <![CDATA[[TestResult name=testVerifyPasswordsMustMatchAlertIsDisplayed status=SUCCESS method=RegistrationPageTest.testVerifyPasswordsMustMatchAlertIsDisplayed()[pri:0, instance:registration.RegistrationPageTest@17f7cd29] output={null}]]]>
              </value>
            </param>
          </params>
          <reporter-output>
          </reporter-output>
        </test-method> <!-- afterEachTestMethod -->
        <test-method is-config="true" signature="cleanUp()[pri:0, instance:registration.RegistrationPageTest@17f7cd29]" started-at="2020-08-29T14:06:19 PDT" name="cleanUp" finished-at="2020-08-29T14:06:19 PDT" duration-ms="0" status="PASS">
          <reporter-output>
          </reporter-output>
        </test-method> <!-- cleanUp -->
        <test-method is-config="true" signature="setUp(java.lang.String)[pri:0, instance:registration.RegistrationPageTest@17f7cd29]" started-at="2020-08-29T14:06:19 PDT" name="setUp" finished-at="2020-08-29T14:06:24 PDT" duration-ms="4897" status="PASS">
          <params>
            <param index="0">
              <value>
                <![CDATA[https://www.amazon.com]]>
              </value>
            </param>
          </params>
          <reporter-output>
          </reporter-output>
        </test-method> <!-- setUp -->
        <test-method is-config="true" signature="getInit()[pri:0, instance:registration.RegistrationPageTest@17f7cd29]" started-at="2020-08-29T14:06:24 PDT" name="getInit" finished-at="2020-08-29T14:06:24 PDT" duration-ms="1" status="PASS">
          <reporter-output>
          </reporter-output>
        </test-method> <!-- getInit -->
        <test-method is-config="true" signature="startExtent(java.lang.reflect.Method)[pri:0, instance:registration.RegistrationPageTest@17f7cd29]" started-at="2020-08-29T14:06:24 PDT" name="startExtent" finished-at="2020-08-29T14:06:24 PDT" duration-ms="0" status="PASS">
          <params>
            <param index="0">
              <value>
                <![CDATA[public void registration.RegistrationPageTest.testVerifyTypeYourPasswordAgainAlertSignIsDisplayed()]]>
              </value>
            </param>
          </params>
          <reporter-output>
          </reporter-output>
        </test-method> <!-- startExtent -->
        <test-method signature="testVerifyTypeYourPasswordAgainAlertSignIsDisplayed()[pri:0, instance:registration.RegistrationPageTest@17f7cd29]" started-at="2020-08-29T14:06:24 PDT" name="testVerifyTypeYourPasswordAgainAlertSignIsDisplayed" finished-at="2020-08-29T14:06:27 PDT" duration-ms="3847" status="PASS">
          <reporter-output>
          </reporter-output>
        </test-method> <!-- testVerifyTypeYourPasswordAgainAlertSignIsDisplayed -->
        <test-method is-config="true" signature="afterEachTestMethod(org.testng.ITestResult)[pri:0, instance:registration.RegistrationPageTest@17f7cd29]" started-at="2020-08-29T14:06:27 PDT" name="afterEachTestMethod" finished-at="2020-08-29T14:06:28 PDT" duration-ms="879" status="PASS">
          <params>
            <param index="0">
              <value>
                <![CDATA[[TestResult name=testVerifyTypeYourPasswordAgainAlertSignIsDisplayed status=SUCCESS method=RegistrationPageTest.testVerifyTypeYourPasswordAgainAlertSignIsDisplayed()[pri:0, instance:registration.RegistrationPageTest@17f7cd29] output={null}]]]>
              </value>
            </param>
          </params>
          <reporter-output>
          </reporter-output>
        </test-method> <!-- afterEachTestMethod -->
        <test-method is-config="true" signature="cleanUp()[pri:0, instance:registration.RegistrationPageTest@17f7cd29]" started-at="2020-08-29T14:06:28 PDT" name="cleanUp" finished-at="2020-08-29T14:06:28 PDT" duration-ms="1" status="PASS">
          <reporter-output>
          </reporter-output>
        </test-method> <!-- cleanUp -->
      </class> <!-- registration.RegistrationPageTest -->
      <class name="search.SearchTest">
        <test-method is-config="true" signature="setUp(java.lang.String)[pri:0, instance:search.SearchTest@7d8704ef]" started-at="2020-08-29T14:06:28 PDT" name="setUp" finished-at="2020-08-29T14:06:33 PDT" duration-ms="5140" status="PASS">
          <params>
            <param index="0">
              <value>
                <![CDATA[https://www.amazon.com]]>
              </value>
            </param>
          </params>
          <reporter-output>
          </reporter-output>
        </test-method> <!-- setUp -->
        <test-method is-config="true" signature="startExtent(java.lang.reflect.Method)[pri:0, instance:search.SearchTest@7d8704ef]" started-at="2020-08-29T14:06:33 PDT" name="startExtent" finished-at="2020-08-29T14:06:33 PDT" duration-ms="0" status="PASS">
          <params>
            <param index="0">
              <value>
                <![CDATA[public void search.SearchTest.testSearchMultipleItems()]]>
              </value>
            </param>
          </params>
          <reporter-output>
          </reporter-output>
        </test-method> <!-- startExtent -->
        <test-method is-config="true" signature="getInit()[pri:0, instance:search.SearchTest@7d8704ef]" started-at="2020-08-29T14:06:33 PDT" name="getInit" finished-at="2020-08-29T14:06:33 PDT" duration-ms="5" status="PASS">
          <reporter-output>
          </reporter-output>
        </test-method> <!-- getInit -->
        <test-method signature="testSearchMultipleItems()[pri:0, instance:search.SearchTest@7d8704ef]" started-at="2020-08-29T14:06:33 PDT" name="testSearchMultipleItems" finished-at="2020-08-29T14:06:40 PDT" duration-ms="6599" status="PASS">
          <reporter-output>
          </reporter-output>
        </test-method> <!-- testSearchMultipleItems -->
        <test-method is-config="true" signature="afterEachTestMethod(org.testng.ITestResult)[pri:0, instance:search.SearchTest@7d8704ef]" started-at="2020-08-29T14:06:40 PDT" name="afterEachTestMethod" finished-at="2020-08-29T14:06:41 PDT" duration-ms="1037" status="PASS">
          <params>
            <param index="0">
              <value>
                <![CDATA[[TestResult name=testSearchMultipleItems status=SUCCESS method=SearchTest.testSearchMultipleItems()[pri:0, instance:search.SearchTest@7d8704ef] output={null}]]]>
              </value>
            </param>
          </params>
          <reporter-output>
          </reporter-output>
        </test-method> <!-- afterEachTestMethod -->
        <test-method is-config="true" signature="cleanUp()[pri:0, instance:search.SearchTest@7d8704ef]" started-at="2020-08-29T14:06:41 PDT" name="cleanUp" finished-at="2020-08-29T14:06:41 PDT" duration-ms="0" status="PASS">
          <reporter-output>
          </reporter-output>
        </test-method> <!-- cleanUp -->
        <test-method is-config="true" signature="setUp(java.lang.String)[pri:0, instance:search.SearchTest@7d8704ef]" started-at="2020-08-29T14:06:41 PDT" name="setUp" finished-at="2020-08-29T14:06:47 PDT" duration-ms="5747" status="PASS">
          <params>
            <param index="0">
              <value>
                <![CDATA[https://www.amazon.com]]>
              </value>
            </param>
[...]
          </reporter-output>
        </test-method> <!-- setUp -->
        <test-method is-config="true" signature="startExtent(java.lang.reflect.Method)[pri:0, instance:home.HomePageTest@609cd4d8]" started-at="2020-08-29T14:03:51 PDT" name="startExtent" finished-at="2020-08-29T14:03:51 PDT" duration-ms="0" status="PASS">
          <params>
            <param index="0">
              <value>
                <![CDATA[public void home.HomePageTest.testVerifyClickOnMusicLink()]]>
              </value>
            </param>
          </params>
          <reporter-output>
          </reporter-output>
        </test-method> <!-- startExtent -->
        <test-method is-config="true" signature="getInit()[pri:0, instance:home.HomePageTest@609cd4d8]" started-at="2020-08-29T14:03:51 PDT" name="getInit" finished-at="2020-08-29T14:03:51 PDT" duration-ms="1" status="PASS">
          <reporter-output>
          </reporter-output>
        </test-method> <!-- getInit -->
        <test-method signature="testVerifyClickOnMusicLink()[pri:0, instance:home.HomePageTest@609cd4d8]" started-at="2020-08-29T14:03:51 PDT" name="testVerifyClickOnMusicLink" finished-at="2020-08-29T14:03:54 PDT" duration-ms="3482" status="FAIL">
          <exception class="java.lang.AssertionError">
            <message>
              <![CDATA[expected [true] but found [false]]]>
            </message>
            <full-stacktrace>
              <![CDATA[java.lang.AssertionError: expected [true] but found [false]
at org.testng.Assert.fail(Assert.java:97)
at org.testng.Assert.failNotEquals(Assert.java:969)
at org.testng.Assert.assertTrue(Assert.java:43)
at org.testng.Assert.assertTrue(Assert.java:53)
at home.HomePage.verifyClickOnMusicLinkByURL(HomePage.java:232)
at home.HomePageTest.testVerifyClickOnMusicLink(HomePageTest.java:79)
at java.base/jdk.internal.reflect.NativeMethodAccessorImpl.invoke0(Native Method)
at java.base/jdk.internal.reflect.NativeMethodAccessorImpl.invoke(NativeMethodAccessorImpl.java:62)
at java.base/jdk.internal.reflect.DelegatingMethodAccessorImpl.invoke(DelegatingMethodAccessorImpl.java:43)
at java.base/java.lang.reflect.Method.invoke(Method.java:566)
at org.testng.internal.MethodInvocationHelper.invokeMethod(MethodInvocationHelper.java:134)
at org.testng.internal.TestInvoker.invokeMethod(TestInvoker.java:597)
at org.testng.internal.TestInvoker.invokeTestMethod(TestInvoker.java:173)
at org.testng.internal.MethodRunner.runInSequence(MethodRunner.java:46)
at org.testng.internal.TestInvoker$MethodInvocationAgent.invoke(TestInvoker.java:816)
at org.testng.internal.TestInvoker.invokeTestMethods(TestInvoker.java:146)
at org.testng.internal.TestMethodWorker.invokeTestMethods(TestMethodWorker.java:146)
at org.testng.internal.TestMethodWorker.run(TestMethodWorker.java:128)
at java.base/java.util.ArrayList.forEach(ArrayList.java:1540)
at org.testng.TestRunner.privateRun(TestRunner.java:766)
at org.testng.TestRunner.run(TestRunner.java:587)
at org.testng.SuiteRunner.runTest(SuiteRunner.java:384)
at org.testng.SuiteRunner.runSequentially(SuiteRunner.java:378)
at org.testng.SuiteRunner.privateRun(SuiteRunner.java:337)
at org.testng.SuiteRunner.run(SuiteRunner.java:286)
at org.testng.SuiteRunnerWorker.runSuite(SuiteRunnerWorker.java:53)
at org.testng.SuiteRunnerWorker.run(SuiteRunnerWorker.java:96)
at org.testng.TestNG.runSuitesSequentially(TestNG.java:1187)
at org.testng.TestNG.runSuitesLocally(TestNG.java:1109)
at org.testng.TestNG.runSuites(TestNG.java:1039)
at org.testng.TestNG.run(TestNG.java:1007)
at org.apache.maven.surefire.testng.TestNGExecutor.run(TestNGExecutor.java:136)
at org.apache.maven.surefire.testng.TestNGDirectoryTestSuite.executeMulti(TestNGDirectoryTestSuite.java:193)
at org.apache.maven.surefire.testng.TestNGDirectoryTestSuite.execute(TestNGDirectoryTestSuite.java:94)
at org.apache.maven.surefire.testng.TestNGProvider.invoke(TestNGProvider.java:145)
at org.apache.maven.surefire.booter.ForkedBooter.runSuitesInProcess(ForkedBooter.java:428)
at org.apache.maven.surefire.booter.ForkedBooter.execute(ForkedBooter.java:162)
at org.apache.maven.surefire.booter.ForkedBooter.run(ForkedBooter.java:562)
at org.apache.maven.surefire.booter.ForkedBooter.main(ForkedBooter.java:548)
]]>
            </full-stacktrace>
          </exception> <!-- java.lang.AssertionError -->
          <reporter-output>
          </reporter-output>
        </test-method> <!-- testVerifyClickOnMusicLink -->
        <test-method is-config="true" signature="afterEachTestMethod(org.testng.ITestResult)[pri:0, instance:home.HomePageTest@609cd4d8]" started-at="2020-08-29T14:03:54 PDT" name="afterEachTestMethod" finished-at="2020-08-29T14:03:57 PDT" duration-ms="2590" status="PASS">
          <params>
            <param index="0">
              <value>
                <![CDATA[[TestResult name=testVerifyClickOnMusicLink status=FAILURE method=HomePageTest.testVerifyClickOnMusicLink()[pri:0, instance:home.HomePageTest@609cd4d8] output={null}]]]>
              </value>
            </param>
          </params>
          <reporter-output>
          </reporter-output>
        </test-method> <!-- afterEachTestMethod -->
        <test-method is-config="true" signature="cleanUp()[pri:0, instance:home.HomePageTest@609cd4d8]" started-at="2020-08-29T14:03:57 PDT" name="cleanUp" finished-at="2020-08-29T14:03:57 PDT" duration-ms="0" status="PASS">
          <reporter-output>
          </reporter-output>
        </test-method> <!-- cleanUp -->
        <test-method is-config="true" signature="setUp(java.lang.String)[pri:0, instance:home.HomePageTest@609cd4d8]" started-at="2020-08-29T14:03:57 PDT" name="setUp" finished-at="2020-08-29T14:04:02 PDT" duration-ms="4785" status="PASS">
          <params>
            <param index="0">
              <value>
                <![CDATA[https://www.amazon.com]]>
              </value>
            </param>
          </params>
          <reporter-output>
          </reporter-output>
        </test-method> <!-- setUp -->
        <test-method is-config="true" signature="startExtent(java.lang.reflect.Method)[pri:0, instance:home.HomePageTest@609cd4d8]" started-at="2020-08-29T14:04:02 PDT" name="startExtent" finished-at="2020-08-29T14:04:02 PDT" duration-ms="1" status="PASS">
          <params>
            <param index="0">
              <value>
                <![CDATA[public void home.HomePageTest.testVerifyClickOnMusicLinkByTitle()]]>
              </value>
            </param>
          </params>
          <reporter-output>
          </reporter-output>
        </test-method> <!-- startExtent -->
        <test-method signature="testVerifyClickOnMusicLinkByTitle()[pri:0, instance:home.HomePageTest@609cd4d8]" started-at="2020-08-29T14:04:02 PDT" name="testVerifyClickOnMusicLinkByTitle" finished-at="2020-08-29T14:04:05 PDT" duration-ms="3078" status="PASS">
          <reporter-output>
          </reporter-output>
        </test-method> <!-- testVerifyClickOnMusicLinkByTitle -->
        <test-method is-config="true" signature="getInit()[pri:0, instance:home.HomePageTest@609cd4d8]" started-at="2020-08-29T14:04:02 PDT" name="getInit" finished-at="2020-08-29T14:04:02 PDT" duration-ms="0" status="PASS">
          <reporter-output>
          </reporter-output>
        </test-method> <!-- getInit -->
        <test-method is-config="true" signature="afterEachTestMethod(org.testng.ITestResult)[pri:0, instance:home.HomePageTest@609cd4d8]" started-at="2020-08-29T14:04:05 PDT" name="afterEachTestMethod" finished-at="2020-08-29T14:04:06 PDT" duration-ms="1570" status="PASS">
          <params>
            <param index="0">
              <value>
                <![CDATA[[TestResult name=testVerifyClickOnMusicLinkByTitle status=SUCCESS method=HomePageTest.testVerifyClickOnMusicLinkByTitle()[pri:0, instance:home.HomePageTest@609cd4d8] output={null}]]]>
              </value>
            </param>
          </params>
          <reporter-output>
          </reporter-output>
        </test-method> <!-- afterEachTestMethod -->
        <test-method is-config="true" signature="cleanUp()[pri:0, instance:home.HomePageTest@609cd4d8]" started-at="2020-08-29T14:04:06 PDT" name="cleanUp" finished-at="2020-08-29T14:04:06 PDT" duration-ms="0" status="PASS">
          <reporter-output>
          </reporter-output>
        </test-method> <!-- cleanUp -->
        <test-method is-config="true" signature="setUp(java.lang.String)[pri:0, instance:home.HomePageTest@609cd4d8]" started-at="2020-08-29T14:04:06 PDT" name="setUp" finished-at="2020-08-29T14:04:12 PDT" duration-ms="5345" status="PASS">
          <params>
            <param index="0">
              <value>
                <![CDATA[https://www.amazon.com]]>
              </value>
            </param>
          </params>
          <reporter-output>
          </reporter-output>
        </test-method> <!-- setUp -->
        <test-method is-config="true" signature="startExtent(java.lang.reflect.Method)[pri:0, instance:home.HomePageTest@609cd4d8]" started-at="2020-08-29T14:04:12 PDT" name="startExtent" finished-at="2020-08-29T14:04:12 PDT" duration-ms="1" status="PASS">
          <params>
            <param index="0">
              <value>
                <![CDATA[public void home.HomePageTest.testVerifyClickOnStartASellingAccount()]]>
              </value>
            </param>
          </params>
          <reporter-output>
          </reporter-output>
        </test-method> <!-- startExtent -->
        <test-method is-config="true" signature="getInit()[pri:0, instance:home.HomePageTest@609cd4d8]" started-at="2020-08-29T14:04:12 PDT" name="getInit" finished-at="2020-08-29T14:04:12 PDT" duration-ms="1" status="PASS">
          <reporter-output>
          </reporter-output>
        </test-method> <!-- getInit -->
        <test-method signature="testVerifyClickOnStartASellingAccount()[pri:0, instance:home.HomePageTest@609cd4d8]" started-at="2020-08-29T14:04:12 PDT" name="testVerifyClickOnStartASellingAccount" finished-at="2020-08-29T14:04:16 PDT" duration-ms="4211" status="PASS">
          <reporter-output>
          </reporter-output>
        </test-method> <!-- testVerifyClickOnStartASellingAccount -->
        <test-method is-config="true" signature="afterEachTestMethod(org.testng.ITestResult)[pri:0, instance:home.HomePageTest@609cd4d8]" started-at="2020-08-29T14:04:16 PDT" name="afterEachTestMethod" finished-at="2020-08-29T14:04:17 PDT" duration-ms="936" status="PASS">
          <params>
            <param index="0">
              <value>
                <![CDATA[[TestResult name=testVerifyClickOnStartASellingAccount status=SUCCESS method=HomePageTest.testVerifyClickOnStartASellingAccount()[pri:0, instance:home.HomePageTest@609cd4d8] output={null}]]]>
              </value>
            </param>
          </params>
          <reporter-output>
          </reporter-output>
        </test-method> <!-- afterEachTestMethod -->
        <test-method is-config="true" signature="cleanUp()[pri:0, instance:home.HomePageTest@609cd4d8]" started-at="2020-08-29T14:04:17 PDT" name="cleanUp" finished-at="2020-08-29T14:04:17 PDT" duration-ms="0" status="PASS">
          <reporter-output>
          </reporter-output>
        </test-method> <!-- cleanUp -->
        <test-method is-config="true" signature="setUp(java.lang.String)[pri:0, instance:home.HomePageTest@609cd4d8]" started-at="2020-08-29T14:04:17 PDT" name="setUp" finished-at="2020-08-29T14:04:23 PDT" duration-ms="6318" status="PASS">
          <params>
            <param index="0">
              <value>
                <![CDATA[https://www.amazon.com]]>
              </value>
            </param>
          </params>
          <reporter-output>
          </reporter-output>
        </test-method> <!-- setUp -->
        <test-method is-config="true" signature="startExtent(java.lang.reflect.Method)[pri:0, instance:home.HomePageTest@609cd4d8]" started-at="2020-08-29T14:04:23 PDT" name="startExtent" finished-at="2020-08-29T14:04:23 PDT" duration-ms="1" status="PASS">
          <params>
            <param index="0">
              <value>
                <![CDATA[public void home.HomePageTest.testVerifySellVerificationTextIsDisplayed()]]>
              </value>
            </param>
          </params>
          <reporter-output>
          </reporter-output>
        </test-method> <!-- startExtent -->
        <test-method is-config="true" signature="getInit()[pri:0, instance:home.HomePageTest@609cd4d8]" started-at="2020-08-29T14:04:23 PDT" name="getInit" finished-at="2020-08-29T14:04:23 PDT" duration-ms="1" status="PASS">
          <reporter-output>
          </reporter-output>
        </test-method> <!-- getInit -->
        <test-method signature="testVerifySellVerificationTextIsDisplayed()[pri:0, instance:home.HomePageTest@609cd4d8]" started-at="2020-08-29T14:04:23 PDT" name="testVerifySellVerificationTextIsDisplayed" finished-at="2020-08-29T14:04:27 PDT" duration-ms="3493" status="PASS">
          <reporter-output>
          </reporter-output>
        </test-method> <!-- testVerifySellVerificationTextIsDisplayed -->
        <test-method is-config="true" signature="afterEachTestMethod(org.testng.ITestResult)[pri:0, instance:home.HomePageTest@609cd4d8]" started-at="2020-08-29T14:04:27 PDT" name="afterEachTestMethod" finished-at="2020-08-29T14:04:28 PDT" duration-ms="1009" status="PASS">
          <params>
            <param index="0">
              <value>
                <![CDATA[[TestResult name=testVerifySellVerificationTextIsDisplayed status=SUCCESS method=HomePageTest.testVerifySellVerificationTextIsDisplayed()[pri:0, instance:home.HomePageTest@609cd4d8] output={null}]]]>
              </value>
            </param>
          </params>
          <reporter-output>
          </reporter-output>
        </test-method> <!-- afterEachTestMethod -->
        <test-method is-config="true" signature="cleanUp()[pri:0, instance:home.HomePageTest@609cd4d8]" started-at="2020-08-29T14:04:28 PDT" name="cleanUp" finished-at="2020-08-29T14:04:28 PDT" duration-ms="1" status="PASS">
          <reporter-output>
          </reporter-output>
        </test-method> <!-- cleanUp -->
        <test-method is-config="true" signature="setUp(java.lang.String)[pri:0, instance:home.HomePageTest@609cd4d8]" started-at="2020-08-29T14:04:28 PDT" name="setUp" finished-at="2020-08-29T14:04:33 PDT" duration-ms="5593" status="PASS">
          <params>
            <param index="0">
              <value>
                <![CDATA[https://www.amazon.com]]>
              </value>
            </param>
          </params>
          <reporter-output>
          </reporter-output>
        </test-method> <!-- setUp -->
        <test-method is-config="true" signature="startExtent(java.lang.reflect.Method)[pri:0, instance:home.HomePageTest@609cd4d8]" started-at="2020-08-29T14:04:33 PDT" name="startExtent" finished-at="2020-08-29T14:04:33 PDT" duration-ms="1" status="PASS">
          <params>
            <param index="0">
              <value>
                <![CDATA[public void home.HomePageTest.testvalidateClickSellTabByTitle()]]>
              </value>
            </param>
          </params>
          <reporter-output>
          </reporter-output>
        </test-method> <!-- startExtent -->
        <test-method is-config="true" signature="getInit()[pri:0, instance:home.HomePageTest@609cd4d8]" started-at="2020-08-29T14:04:33 PDT" name="getInit" finished-at="2020-08-29T14:04:33 PDT" duration-ms="1" status="PASS">
          <reporter-output>
          </reporter-output>
        </test-method> <!-- getInit -->
        <test-method signature="testvalidateClickSellTabByTitle()[pri:0, instance:home.HomePageTest@609cd4d8]" started-at="2020-08-29T14:04:33 PDT" name="testvalidateClickSellTabByTitle" finished-at="2020-08-29T14:04:37 PDT" duration-ms="3707" status="PASS">
          <reporter-output>
          </reporter-output>
        </test-method> <!-- testvalidateClickSellTabByTitle -->
        <test-method is-config="true" signature="afterEachTestMethod(org.testng.ITestResult)[pri:0, instance:home.HomePageTest@609cd4d8]" started-at="2020-08-29T14:04:37 PDT" name="afterEachTestMethod" finished-at="2020-08-29T14:04:38 PDT" duration-ms="937" status="PASS">
          <params>
            <param index="0">
              <value>
                <![CDATA[[TestResult name=testvalidateClickSellTabByTitle status=SUCCESS method=HomePageTest.testvalidateClickSellTabByTitle()[pri:0, instance:home.HomePageTest@609cd4d8] output={null}]]]>
              </value>
            </param>
          </params>
          <reporter-output>
          </reporter-output>
        </test-method> <!-- afterEachTestMethod -->
        <test-method is-config="true" signature="cleanUp()[pri:0, instance:home.HomePageTest@609cd4d8]" started-at="2020-08-29T14:04:38 PDT" name="cleanUp" finished-at="2020-08-29T14:04:38 PDT" duration-ms="0" status="PASS">
          <reporter-output>
          </reporter-output>
        </test-method> <!-- cleanUp -->
        <test-method is-config="true" signature="setUp(java.lang.String)[pri:0, instance:home.HomePageTest@609cd4d8]" started-at="2020-08-29T14:04:38 PDT" name="setUp" finished-at="2020-08-29T14:04:43 PDT" duration-ms="5449" status="PASS">
          <params>
            <param index="0">
              <value>
                <![CDATA[https://www.amazon.com]]>
              </value>
            </param>
          </params>
          <reporter-output>
          </reporter-output>
        </test-method> <!-- setUp -->
        <test-method is-config="true" signature="getInit()[pri:0, instance:home.HomePageTest@609cd4d8]" started-at="2020-08-29T14:04:43 PDT" name="getInit" finished-at="2020-08-29T14:04:43 PDT" duration-ms="1" status="PASS">
          <reporter-output>
          </reporter-output>
        </test-method> <!-- getInit -->
        <test-method is-config="true" signature="startExtent(java.lang.reflect.Method)[pri:0, instance:home.HomePageTest@609cd4d8]" started-at="2020-08-29T14:04:43 PDT" name="startExtent" finished-at="2020-08-29T14:04:43 PDT" duration-ms="0" status="PASS">
          <params>
            <param index="0">
              <value>
                <![CDATA[public void home.HomePageTest.testverifyClickGiftCardsTabByText()]]>
              </value>
            </param>
          </params>
          <reporter-output>
          </reporter-output>
        </test-method> <!-- startExtent -->
        <test-method signature="testverifyClickGiftCardsTabByText()[pri:0, instance:home.HomePageTest@609cd4d8]" started-at="2020-08-29T14:04:43 PDT" name="testverifyClickGiftCardsTabByText" finished-at="2020-08-29T14:04:47 PDT" duration-ms="3416" status="PASS">
          <reporter-output>
          </reporter-output>
        </test-method> <!-- testverifyClickGiftCardsTabByText -->
        <test-method is-config="true" signature="afterEachTestMethod(org.testng.ITestResult)[pri:0, instance:home.HomePageTest@609cd4d8]" started-at="2020-08-29T14:04:47 PDT" name="afterEachTestMethod" finished-at="2020-08-29T14:04:48 PDT" duration-ms="1402" status="PASS">
          <params>
            <param index="0">
              <value>
                <![CDATA[[TestResult name=testverifyClickGiftCardsTabByText status=SUCCESS method=HomePageTest.testverifyClickGiftCardsTabByText()[pri:0, instance:home.HomePageTest@609cd4d8] output={null}]]]>
              </value>
            </param>
          </params>
          <reporter-output>
          </reporter-output>
        </test-method> <!-- afterEachTestMethod -->
        <test-method is-config="true" signature="cleanUp()[pri:0, instance:home.HomePageTest@609cd4d8]" started-at="2020-08-29T14:04:48 PDT" name="cleanUp" finished-at="2020-08-29T14:04:48 PDT" duration-ms="1" status="PASS">
          <reporter-output>
          </reporter-output>
        </test-method> <!-- cleanUp -->
      </class> <!-- home.HomePageTest -->
    </test> <!-- Surefire test -->
  </suite> <!-- Surefire suite -->
</testng-results>
