<?xml version="1.0" encoding="UTF-8"?>
<testng-results ignored="0" total="0" passed="0" failed="0" skipped="0">
  <reporter-output>
    <line>
      <![CDATA[Extent Report DirectoryC:\Users\Waqas\IdeaProjects\WebAutomationFramework_Team1\Amazon\target\surefire-reports\html]]>
    </line>
  </reporter-output>
  <suite started-at="2020-09-02T01:11:13 EDT" name="Amazon Automation Test" finished-at="2020-09-02T01:11:13 EDT" duration-ms="5">
    <groups>
    </groups>
    <test started-at="2020-09-02T01:11:13 EDT" name="Amazon Home" finished-at="2020-09-02T01:11:13 EDT" duration-ms="5">
      <class name="search.SearchTest">
        <test-method is-config="true" signature="extentSetup(org.testng.ITestContext)[pri:0, instance:search.SearchTest@1329eff]" started-at="2020-09-02T01:11:13 EDT" name="extentSetup" finished-at="2020-09-02T01:11:13 EDT" duration-ms="195" status="PASS">
          <params>
            <param index="0">
              <value>
                <![CDATA[org.testng.TestRunner@708400f6]]>
              </value>
            </param>
          </params>
          <reporter-output>
            <line>
              <![CDATA[Extent Report DirectoryC:\Users\Waqas\IdeaProjects\WebAutomationFramework_Team1\Amazon\target\surefire-reports\html]]>
            </line>
          </reporter-output>
        </test-method> <!-- extentSetup -->
        <test-method is-config="true" signature="generateReport()[pri:0, instance:search.SearchTest@1329eff]" started-at="2020-09-02T01:11:13 EDT" name="generateReport" finished-at="2020-09-02T01:11:14 EDT" duration-ms="249" status="PASS">
          <reporter-output>
          </reporter-output>
        </test-method> <!-- generateReport -->
      </class> <!-- search.SearchTest -->
    </test> <!-- Amazon Home -->
  </suite> <!-- Amazon Automation Test -->
</testng-results>
