<?xml version="1.0" encoding="UTF-8"?>
<testng-results ignored="2" total="3" passed="1" failed="0" skipped="0">
  <reporter-output>
    <line>
      <![CDATA[Extent Report DirectoryC:\Users\debna\IdeaProjects\WebAutomationFramework_Team1\Amazon\target\surefire-reports\html]]>
    </line>
  </reporter-output>
  <suite started-at="2020-09-03T03:42:31 EDT" name="Surefire suite" finished-at="2020-09-03T03:42:42 EDT" duration-ms="11321">
    <groups>
    </groups>
    <test started-at="2020-09-03T03:42:31 EDT" name="Surefire test" finished-at="2020-09-03T03:42:42 EDT" duration-ms="11321">
      <class name="home.HomePageTest">
        <test-method is-config="true" signature="extentSetup(org.testng.ITestContext)[pri:0, instance:home.HomePageTest@385c9627]" started-at="2020-09-03T03:42:30 EDT" name="extentSetup" finished-at="2020-09-03T03:42:31 EDT" duration-ms="380" status="PASS">
          <params>
            <param index="0">
              <value>
                <![CDATA[org.testng.TestRunner@511505e7]]>
              </value>
            </param>
          </params>
          <reporter-output>
            <line>
              <![CDATA[Extent Report DirectoryC:\Users\debna\IdeaProjects\WebAutomationFramework_Team1\Amazon\target\surefire-reports\html]]>
            </line>
          </reporter-output>
        </test-method> <!-- extentSetup -->
        <test-method is-config="true" signature="setUp(java.lang.String)[pri:0, instance:home.HomePageTest@385c9627]" started-at="2020-09-03T03:42:31 EDT" name="setUp" finished-at="2020-09-03T03:42:37 EDT" duration-ms="6725" status="PASS">
          <params>
            <param index="0">
              <value>
                <![CDATA[https://www.amazon.com]]>
              </value>
            </param>
          </params>
          <reporter-output>
          </reporter-output>
        </test-method> <!-- setUp -->
        <test-method is-config="true" signature="startExtent(java.lang.reflect.Method)[pri:0, instance:home.HomePageTest@385c9627]" started-at="2020-09-03T03:42:37 EDT" name="startExtent" finished-at="2020-09-03T03:42:37 EDT" duration-ms="6" status="PASS">
          <params>
            <param index="0">
              <value>
                <![CDATA[public void home.HomePageTest.testBestSellers()]]>
              </value>
            </param>
          </params>
          <reporter-output>
          </reporter-output>
        </test-method> <!-- startExtent -->
        <test-method is-config="true" signature="getInit()[pri:0, instance:home.HomePageTest@385c9627]" started-at="2020-09-03T03:42:37 EDT" name="getInit" finished-at="2020-09-03T03:42:37 EDT" duration-ms="87" status="PASS">
          <reporter-output>
          </reporter-output>
        </test-method> <!-- getInit -->
        <test-method signature="testBestSellers()[pri:0, instance:home.HomePageTest@385c9627]" started-at="2020-09-03T03:42:37 EDT" name="testBestSellers" finished-at="2020-09-03T03:42:39 EDT" duration-ms="2030" status="PASS">
          <reporter-output>
          </reporter-output>
        </test-method> <!-- testBestSellers -->
        <test-method is-config="true" signature="afterEachTestMethod(org.testng.ITestResult)[pri:0, instance:home.HomePageTest@385c9627]" started-at="2020-09-03T03:42:39 EDT" name="afterEachTestMethod" finished-at="2020-09-03T03:42:42 EDT" duration-ms="2439" status="PASS">
          <params>
            <param index="0">
              <value>
                <![CDATA[[TestResult name=testBestSellers status=SUCCESS method=HomePageTest.testBestSellers()[pri:0, instance:home.HomePageTest@385c9627] output={null}]]]>
              </value>
            </param>
          </params>
          <reporter-output>
          </reporter-output>
        </test-method> <!-- afterEachTestMethod -->
        <test-method is-config="true" signature="cleanUp()[pri:0, instance:home.HomePageTest@385c9627]" started-at="2020-09-03T03:42:42 EDT" name="cleanUp" finished-at="2020-09-03T03:42:42 EDT" duration-ms="0" status="PASS">
          <reporter-output>
          </reporter-output>
        </test-method> <!-- cleanUp -->
        <test-method is-config="true" signature="generateReport()[pri:0, instance:home.HomePageTest@385c9627]" started-at="2020-09-03T03:42:42 EDT" name="generateReport" finished-at="2020-09-03T03:42:42 EDT" duration-ms="81" status="PASS">
          <reporter-output>
          </reporter-output>
        </test-method> <!-- generateReport -->
      </class> <!-- home.HomePageTest -->
    </test> <!-- Surefire test -->
  </suite> <!-- Surefire suite -->
</testng-results>
