<?xml version="1.0" encoding="UTF-8"?>
<testng-results ignored="0" total="0" passed="0" failed="0" skipped="0">
  <reporter-output>
  </reporter-output>
  <suite started-at="2020-09-01T02:20:32 EDT" name="Amazon Automation Test" finished-at="2020-09-01T02:20:32 EDT" duration-ms="13">
    <groups>
    </groups>
    <test started-at="2020-09-01T02:20:32 EDT" name="Amazon Home" finished-at="2020-09-01T02:20:32 EDT" duration-ms="13">
    </test> <!-- Amazon Home -->
  </suite> <!-- Amazon Automation Test -->
</testng-results>
