<?xml version="1.0" encoding="UTF-8"?>
<testng-results ignored="0" total="0" passed="0" failed="0" skipped="0">
  <reporter-output>
    <line>
      <![CDATA[Extent Report DirectoryC:\Users\Waqas\IdeaProjects\WebAutomationFramework_Team1\Amazon\target\surefire-reports\html]]>
    </line>
  </reporter-output>
  <suite started-at="2020-09-05T23:25:40 EDT" name="Surefire suite" finished-at="2020-09-05T23:25:40 EDT" duration-ms="7">
    <groups>
    </groups>
    <test started-at="2020-09-05T23:25:40 EDT" name="Surefire test" finished-at="2020-09-05T23:25:40 EDT" duration-ms="7">
      <class name="search.SearchTest">
        <test-method is-config="true" signature="extentSetup(org.testng.ITestContext)[pri:0, instance:search.SearchTest@229f66ed]" started-at="2020-09-05T23:25:40 EDT" name="extentSetup" finished-at="2020-09-05T23:25:40 EDT" duration-ms="319" status="PASS">
          <params>
            <param index="0">
              <value>
                <![CDATA[org.testng.TestRunner@5f9678e1]]>
              </value>
            </param>
          </params>
          <reporter-output>
            <line>
              <![CDATA[Extent Report DirectoryC:\Users\Waqas\IdeaProjects\WebAutomationFramework_Team1\Amazon\target\surefire-reports\html]]>
            </line>
          </reporter-output>
        </test-method> <!-- extentSetup -->
        <test-method is-config="true" signature="generateReport()[pri:0, instance:search.SearchTest@229f66ed]" started-at="2020-09-05T23:25:40 EDT" name="generateReport" finished-at="2020-09-05T23:25:40 EDT" duration-ms="266" status="PASS">
          <reporter-output>
          </reporter-output>
        </test-method> <!-- generateReport -->
      </class> <!-- search.SearchTest -->
    </test> <!-- Surefire test -->
  </suite> <!-- Surefire suite -->
</testng-results>
