<?xml version="1.0" encoding="UTF-8"?>
<testng-results ignored="8" total="62" passed="8" failed="7" skipped="39">
  <reporter-output>
    <line>
      <![CDATA[Extent Report DirectoryC:\Study\Selenium\Selenium\Frameworks\WebAutomationFramework_Team1\Amazon\target\surefire-reports\html]]>
    </line>
    <line>
      <![CDATA[CartTest: Test Validate All Drop Down]]>
    </line>
    <line>
      <![CDATA[CartTest: test Checkout After Adding An Item To Cart]]>
    </line>
    <line>
      <![CDATA[CartTest: test Item Added To Cart By Going Into Cart]]>
    </line>
    <line>
      <![CDATA[CartTest: test Item Added To Cart Without Going Into Cart]]>
    </line>
    <line>
      <![CDATA[CartTest: test Item Deleted From Cart]]>
    </line>
  </reporter-output>
  <suite started-at="2020-09-25T23:21:36 PDT" name="Amazon Automation Test" finished-at="2020-09-25T23:29:05 PDT" duration-ms="449539">
    <groups>
    </groups>
    <test started-at="2020-09-25T23:21:36 PDT" name="Amazon Home" finished-at="2020-09-25T23:29:05 PDT" duration-ms="449539">
      <class name="signIn.SignInTest">
        <test-method is-config="true" signature="setUp(boolean, java.lang.String, java.lang.String, java.lang.String, java.lang.String, java.lang.String, java.lang.String)[pri:0, instance:signIn.SignInTest@10d307f1]" started-at="2020-09-25T23:28:07 PDT" name="setUp" finished-at="2020-09-25T23:29:05 PDT" duration-ms="58381" status="FAIL">
          <params>
            <param index="0">
              <value>
                <![CDATA[false]]>
              </value>
            </param>
            <param index="1">
              <value>
                <![CDATA[browserstack]]>
              </value>
            </param>
            <param index="2">
              <value>
                <![CDATA[Windows]]>
              </value>
            </param>
            <param index="3">
              <value>
                <![CDATA[10]]>
              </value>
            </param>
            <param index="4">
              <value>
                <![CDATA[chrome-options]]>
              </value>
            </param>
            <param index="5">
              <value>
                <![CDATA[85.0]]>
              </value>
            </param>
            <param index="6">
              <value>
                <![CDATA[https://www.amazon.com/]]>
              </value>
            </param>
          </params>
          <exception class="org.openqa.selenium.SessionNotCreatedException">
            <message>
              <![CDATA[session not created
from disconnected: unable to connect to renderer
  (Session info: chrome=85.0.4183.121)
Build info: version: '3.141.59', revision: 'e82be7d358', time: '2018-11-14T08:17:03'
System info: host: 'DESKTOP-F15B8L7', ip: '169.254.252.52', os.name: 'Windows 10', os.arch: 'amd64', os.version: '10.0', java.version: '11.0.5'
Driver info: driver.version: ChromeDriver
remote stacktrace: Backtrace:
Ordinal0 [0x00A287E3+2852835]
Ordinal0 [0x00915BB1+1727409]
Ordinal0 [0x007EE4B9+517305]
Ordinal0 [0x007E4EA3+478883]
Ordinal0 [0x007EF300+520960]
Ordinal0 [0x0079E489+189577]
Ordinal0 [0x0079D7FD+186365]
Ordinal0 [0x0079B70B+177931]
Ordinal0 [0x00782584+75140]
Ordinal0 [0x00783650+79440]
Ordinal0 [0x007835E9+79337]
Ordinal0 [0x0092AD5C+1813852]
GetHandleVerifier [0x00B4C616+1075574]
GetHandleVerifier [0x00B4C367+1074887]
GetHandleVerifier [0x00B57497+1120247]
GetHandleVerifier [0x00B4CC16+1077110]
Ordinal0 [0x00923206+1782278]
Ordinal0 [0x0092C3BB+1819579]
Ordinal0 [0x0092C523+1819939]
Ordinal0 [0x00942B45+1911621]
BaseThreadInitThunk [0x75C66359+25]
RtlGetAppContainerNamedObjectPath [0x77077C24+228]
RtlGetAppContainerNamedObjectPath [0x77077BF4+180]
]]>
            </message>
            <full-stacktrace>
              <![CDATA[org.openqa.selenium.SessionNotCreatedException: session not created
from disconnected: unable to connect to renderer
  (Session info: chrome=85.0.4183.121)
Build info: version: '3.141.59', revision: 'e82be7d358', time: '2018-11-14T08:17:03'
System info: host: 'DESKTOP-F15B8L7', ip: '169.254.252.52', os.name: 'Windows 10', os.arch: 'amd64', os.version: '10.0', java.version: '11.0.5'
Driver info: driver.version: ChromeDriver
remote stacktrace: Backtrace:
Ordinal0 [0x00A287E3+2852835]
Ordinal0 [0x00915BB1+1727409]
Ordinal0 [0x007EE4B9+517305]
Ordinal0 [0x007E4EA3+478883]
Ordinal0 [0x007EF300+520960]
Ordinal0 [0x0079E489+189577]
Ordinal0 [0x0079D7FD+186365]
Ordinal0 [0x0079B70B+177931]
Ordinal0 [0x00782584+75140]
Ordinal0 [0x00783650+79440]
Ordinal0 [0x007835E9+79337]
Ordinal0 [0x0092AD5C+1813852]
GetHandleVerifier [0x00B4C616+1075574]
GetHandleVerifier [0x00B4C367+1074887]
GetHandleVerifier [0x00B57497+1120247]
GetHandleVerifier [0x00B4CC16+1077110]
Ordinal0 [0x00923206+1782278]
Ordinal0 [0x0092C3BB+1819579]
Ordinal0 [0x0092C523+1819939]
Ordinal0 [0x00942B45+1911621]
BaseThreadInitThunk [0x75C66359+25]
RtlGetAppContainerNamedObjectPath [0x77077C24+228]
RtlGetAppContainerNamedObjectPath [0x77077BF4+180]

at java.base/jdk.internal.reflect.NativeConstructorAccessorImpl.newInstance0(Native Method)
at java.base/jdk.internal.reflect.NativeConstructorAccessorImpl.newInstance(NativeConstructorAccessorImpl.java:62)
at java.base/jdk.internal.reflect.DelegatingConstructorAccessorImpl.newInstance(DelegatingConstructorAccessorImpl.java:45)
at java.base/java.lang.reflect.Constructor.newInstance(Constructor.java:490)
at org.openqa.selenium.remote.W3CHandshakeResponse.lambda$errorHandler$0(W3CHandshakeResponse.java:62)
at org.openqa.selenium.remote.HandshakeResponse.lambda$getResponseFunction$0(HandshakeResponse.java:30)
at org.openqa.selenium.remote.ProtocolHandshake.lambda$createSession$0(ProtocolHandshake.java:126)
at java.base/java.util.stream.ReferencePipeline$3$1.accept(ReferencePipeline.java:195)
at java.base/java.util.Spliterators$ArraySpliterator.tryAdvance(Spliterators.java:958)
at java.base/java.util.stream.ReferencePipeline.forEachWithCancel(ReferencePipeline.java:127)
at java.base/java.util.stream.AbstractPipeline.copyIntoWithCancel(AbstractPipeline.java:502)
at java.base/java.util.stream.AbstractPipeline.copyInto(AbstractPipeline.java:488)
at java.base/java.util.stream.AbstractPipeline.wrapAndCopyInto(AbstractPipeline.java:474)
at java.base/java.util.stream.FindOps$FindOp.evaluateSequential(FindOps.java:150)
at java.base/java.util.stream.AbstractPipeline.evaluate(AbstractPipeline.java:234)
at java.base/java.util.stream.ReferencePipeline.findFirst(ReferencePipeline.java:543)
at org.openqa.selenium.remote.ProtocolHandshake.createSession(ProtocolHandshake.java:128)
at org.openqa.selenium.remote.ProtocolHandshake.createSession(ProtocolHandshake.java:74)
at org.openqa.selenium.remote.HttpCommandExecutor.execute(HttpCommandExecutor.java:136)
at org.openqa.selenium.remote.service.DriverCommandExecutor.execute(DriverCommandExecutor.java:83)
at org.openqa.selenium.remote.RemoteWebDriver.execute(RemoteWebDriver.java:552)
at org.openqa.selenium.remote.RemoteWebDriver.startSession(RemoteWebDriver.java:213)
at org.openqa.selenium.remote.RemoteWebDriver.<init>(RemoteWebDriver.java:131)
at org.openqa.selenium.chrome.ChromeDriver.<init>(ChromeDriver.java:181)
at org.openqa.selenium.chrome.ChromeDriver.<init>(ChromeDriver.java:168)
at org.openqa.selenium.chrome.ChromeDriver.<init>(ChromeDriver.java:157)
at base.CommonAPI.getLocalDriver(CommonAPI.java:168)
at base.CommonAPI.setUp(CommonAPI.java:144)
at jdk.internal.reflect.GeneratedMethodAccessor27.invoke(Unknown Source)
at java.base/jdk.internal.reflect.DelegatingMethodAccessorImpl.invoke(DelegatingMethodAccessorImpl.java:43)
at java.base/java.lang.reflect.Method.invoke(Method.java:566)
at org.testng.internal.MethodInvocationHelper.invokeMethod(MethodInvocationHelper.java:134)
at org.testng.internal.MethodInvocationHelper.invokeMethodConsideringTimeout(MethodInvocationHelper.java:63)
at org.testng.internal.ConfigInvoker.invokeConfigurationMethod(ConfigInvoker.java:348)
at org.testng.internal.ConfigInvoker.invokeConfigurations(ConfigInvoker.java:302)
at org.testng.internal.TestInvoker.runConfigMethods(TestInvoker.java:695)
at org.testng.internal.TestInvoker.invokeMethod(TestInvoker.java:523)
at org.testng.internal.TestInvoker.invokeTestMethod(TestInvoker.java:173)
at org.testng.internal.MethodRunner.runInSequence(MethodRunner.java:46)
at org.testng.internal.TestInvoker$MethodInvocationAgent.invoke(TestInvoker.java:816)
at org.testng.internal.TestInvoker.invokeTestMethods(TestInvoker.java:146)
at org.testng.internal.TestMethodWorker.invokeTestMethods(TestMethodWorker.java:146)
at org.testng.internal.TestMethodWorker.run(TestMethodWorker.java:128)
at java.base/java.util.ArrayList.forEach(ArrayList.java:1540)
at org.testng.TestRunner.privateRun(TestRunner.java:766)
at org.testng.TestRunner.run(TestRunner.java:587)
at org.testng.SuiteRunner.runTest(SuiteRunner.java:384)
at org.testng.SuiteRunner.runSequentially(SuiteRunner.java:378)
at org.testng.SuiteRunner.privateRun(SuiteRunner.java:337)
at org.testng.SuiteRunner.run(SuiteRunner.java:286)
at org.testng.SuiteRunnerWorker.runSuite(SuiteRunnerWorker.java:53)
at org.testng.SuiteRunnerWorker.run(SuiteRunnerWorker.java:96)
at org.testng.TestNG.runSuitesSequentially(TestNG.java:1187)
at org.testng.TestNG.runSuitesLocally(TestNG.java:1109)
at org.testng.TestNG.runSuites(TestNG.java:1039)
at org.testng.TestNG.run(TestNG.java:1007)
at org.apache.maven.surefire.testng.TestNGExecutor.run(TestNGExecutor.java:284)
at org.apache.maven.surefire.testng.TestNGXmlTestSuite.execute(TestNGXmlTestSuite.java:75)
at org.apache.maven.surefire.testng.TestNGProvider.invoke(TestNGProvider.java:119)
at org.apache.maven.surefire.booter.ForkedBooter.runSuitesInProcess(ForkedBooter.java:428)
at org.apache.maven.surefire.booter.ForkedBooter.execute(ForkedBooter.java:162)
at org.apache.maven.surefire.booter.ForkedBooter.run(ForkedBooter.java:562)
at org.apache.maven.surefire.booter.ForkedBooter.main(ForkedBooter.java:548)
]]>
            </full-stacktrace>
          </exception> <!-- org.openqa.selenium.SessionNotCreatedException -->
          <reporter-output>
          </reporter-output>
        </test-method> <!-- setUp -->
        <test-method is-config="true" signature="startExtent(java.lang.reflect.Method)[pri:0, instance:signIn.SignInTest@10d307f1]" started-at="2020-09-25T23:29:05 PDT" name="startExtent" finished-at="1969-12-31T16:00:00 PST" duration-ms="-1601101745911" status="SKIP">
          <reporter-output>
          </reporter-output>
        </test-method> <!-- startExtent -->
        <test-method is-config="true" signature="cleanUp()[pri:0, instance:signIn.SignInTest@10d307f1]" started-at="2020-09-25T23:29:05 PDT" name="cleanUp" finished-at="2020-09-25T23:29:05 PDT" duration-ms="1" status="PASS">
          <reporter-output>
          </reporter-output>
        </test-method> <!-- cleanUp -->
        <test-method is-config="true" signature="getInit()[pri:0, instance:signIn.SignInTest@10d307f1]" started-at="2020-09-25T23:29:05 PDT" name="getInit" finished-at="1969-12-31T16:00:00 PST" duration-ms="-1601101745912" status="SKIP">
          <reporter-output>
          </reporter-output>
        </test-method> <!-- getInit -->
        <test-method signature="testVerifyEnterYourEmailOrMobilePhoneNumberAlertIsDisplayed()[pri:0, instance:signIn.SignInTest@10d307f1]" started-at="2020-09-25T23:29:05 PDT" name="testVerifyEnterYourEmailOrMobilePhoneNumberAlertIsDisplayed" finished-at="2020-09-25T23:29:05 PDT" duration-ms="0" status="SKIP">
          <exception class="org.openqa.selenium.SessionNotCreatedException">
            <message>
              <![CDATA[session not created
from disconnected: unable to connect to renderer
  (Session info: chrome=85.0.4183.121)
Build info: version: '3.141.59', revision: 'e82be7d358', time: '2018-11-14T08:17:03'
System info: host: 'DESKTOP-F15B8L7', ip: '169.254.252.52', os.name: 'Windows 10', os.arch: 'amd64', os.version: '10.0', java.version: '11.0.5'
Driver info: driver.version: ChromeDriver
remote stacktrace: Backtrace:
Ordinal0 [0x00A287E3+2852835]
Ordinal0 [0x00915BB1+1727409]
Ordinal0 [0x007EE4B9+517305]
Ordinal0 [0x007E4EA3+478883]
Ordinal0 [0x007EF300+520960]
Ordinal0 [0x0079E489+189577]
Ordinal0 [0x0079D7FD+186365]
Ordinal0 [0x0079B70B+177931]
Ordinal0 [0x00782584+75140]
Ordinal0 [0x00783650+79440]
Ordinal0 [0x007835E9+79337]
Ordinal0 [0x0092AD5C+1813852]
GetHandleVerifier [0x00B4C616+1075574]
GetHandleVerifier [0x00B4C367+1074887]
GetHandleVerifier [0x00B57497+1120247]
GetHandleVerifier [0x00B4CC16+1077110]
Ordinal0 [0x00923206+1782278]
Ordinal0 [0x0092C3BB+1819579]
Ordinal0 [0x0092C523+1819939]
Ordinal0 [0x00942B45+1911621]
BaseThreadInitThunk [0x75C66359+25]
RtlGetAppContainerNamedObjectPath [0x77077C24+228]
RtlGetAppContainerNamedObjectPath [0x77077BF4+180]
]]>
            </message>
            <full-stacktrace>
              <![CDATA[org.openqa.selenium.SessionNotCreatedException: session not created
from disconnected: unable to connect to renderer
  (Session info: chrome=85.0.4183.121)
Build info: version: '3.141.59', revision: 'e82be7d358', time: '2018-11-14T08:17:03'
System info: host: 'DESKTOP-F15B8L7', ip: '169.254.252.52', os.name: 'Windows 10', os.arch: 'amd64', os.version: '10.0', java.version: '11.0.5'
Driver info: driver.version: ChromeDriver
remote stacktrace: Backtrace:
Ordinal0 [0x00A287E3+2852835]
Ordinal0 [0x00915BB1+1727409]
Ordinal0 [0x007EE4B9+517305]
Ordinal0 [0x007E4EA3+478883]
Ordinal0 [0x007EF300+520960]
Ordinal0 [0x0079E489+189577]
Ordinal0 [0x0079D7FD+186365]
Ordinal0 [0x0079B70B+177931]
Ordinal0 [0x00782584+75140]
Ordinal0 [0x00783650+79440]
Ordinal0 [0x007835E9+79337]
Ordinal0 [0x0092AD5C+1813852]
GetHandleVerifier [0x00B4C616+1075574]
GetHandleVerifier [0x00B4C367+1074887]
GetHandleVerifier [0x00B57497+1120247]
GetHandleVerifier [0x00B4CC16+1077110]
Ordinal0 [0x00923206+1782278]
Ordinal0 [0x0092C3BB+1819579]
Ordinal0 [0x0092C523+1819939]
Ordinal0 [0x00942B45+1911621]
BaseThreadInitThunk [0x75C66359+25]
RtlGetAppContainerNamedObjectPath [0x77077C24+228]
RtlGetAppContainerNamedObjectPath [0x77077BF4+180]

at java.base/jdk.internal.reflect.NativeConstructorAccessorImpl.newInstance0(Native Method)
at java.base/jdk.internal.reflect.NativeConstructorAccessorImpl.newInstance(NativeConstructorAccessorImpl.java:62)
at java.base/jdk.internal.reflect.DelegatingConstructorAccessorImpl.newInstance(DelegatingConstructorAccessorImpl.java:45)
at java.base/java.lang.reflect.Constructor.newInstance(Constructor.java:490)
at org.openqa.selenium.remote.W3CHandshakeResponse.lambda$errorHandler$0(W3CHandshakeResponse.java:62)
at org.openqa.selenium.remote.HandshakeResponse.lambda$getResponseFunction$0(HandshakeResponse.java:30)
at org.openqa.selenium.remote.ProtocolHandshake.lambda$createSession$0(ProtocolHandshake.java:126)
at java.base/java.util.stream.ReferencePipeline$3$1.accept(ReferencePipeline.java:195)
at java.base/java.util.Spliterators$ArraySpliterator.tryAdvance(Spliterators.java:958)
at java.base/java.util.stream.ReferencePipeline.forEachWithCancel(ReferencePipeline.java:127)
at java.base/java.util.stream.AbstractPipeline.copyIntoWithCancel(AbstractPipeline.java:502)
at java.base/java.util.stream.AbstractPipeline.copyInto(AbstractPipeline.java:488)
at java.base/java.util.stream.AbstractPipeline.wrapAndCopyInto(AbstractPipeline.java:474)
at java.base/java.util.stream.FindOps$FindOp.evaluateSequential(FindOps.java:150)
at java.base/java.util.stream.AbstractPipeline.evaluate(AbstractPipeline.java:234)
at java.base/java.util.stream.ReferencePipeline.findFirst(ReferencePipeline.java:543)
at org.openqa.selenium.remote.ProtocolHandshake.createSession(ProtocolHandshake.java:128)
at org.openqa.selenium.remote.ProtocolHandshake.createSession(ProtocolHandshake.java:74)
at org.openqa.selenium.remote.HttpCommandExecutor.execute(HttpCommandExecutor.java:136)
at org.openqa.selenium.remote.service.DriverCommandExecutor.execute(DriverCommandExecutor.java:83)
at org.openqa.selenium.remote.RemoteWebDriver.execute(RemoteWebDriver.java:552)
at org.openqa.selenium.remote.RemoteWebDriver.startSession(RemoteWebDriver.java:213)
at org.openqa.selenium.remote.RemoteWebDriver.<init>(RemoteWebDriver.java:131)
at org.openqa.selenium.chrome.ChromeDriver.<init>(ChromeDriver.java:181)
at org.openqa.selenium.chrome.ChromeDriver.<init>(ChromeDriver.java:168)
at org.openqa.selenium.chrome.ChromeDriver.<init>(ChromeDriver.java:157)
at base.CommonAPI.getLocalDriver(CommonAPI.java:168)
at base.CommonAPI.setUp(CommonAPI.java:144)
at jdk.internal.reflect.GeneratedMethodAccessor27.invoke(Unknown Source)
at java.base/jdk.internal.reflect.DelegatingMethodAccessorImpl.invoke(DelegatingMethodAccessorImpl.java:43)
at java.base/java.lang.reflect.Method.invoke(Method.java:566)
at org.testng.internal.MethodInvocationHelper.invokeMethod(MethodInvocationHelper.java:134)
at org.testng.internal.MethodInvocationHelper.invokeMethodConsideringTimeout(MethodInvocationHelper.java:63)
at org.testng.internal.ConfigInvoker.invokeConfigurationMethod(ConfigInvoker.java:348)
at org.testng.internal.ConfigInvoker.invokeConfigurations(ConfigInvoker.java:302)
at org.testng.internal.TestInvoker.runConfigMethods(TestInvoker.java:695)
at org.testng.internal.TestInvoker.invokeMethod(TestInvoker.java:523)
at org.testng.internal.TestInvoker.invokeTestMethod(TestInvoker.java:173)
at org.testng.internal.MethodRunner.runInSequence(MethodRunner.java:46)
at org.testng.internal.TestInvoker$MethodInvocationAgent.invoke(TestInvoker.java:816)
at org.testng.internal.TestInvoker.invokeTestMethods(TestInvoker.java:146)
at org.testng.internal.TestMethodWorker.invokeTestMethods(TestMethodWorker.java:146)
at org.testng.internal.TestMethodWorker.run(TestMethodWorker.java:128)
at java.base/java.util.ArrayList.forEach(ArrayList.java:1540)
at org.testng.TestRunner.privateRun(TestRunner.java:766)
at org.testng.TestRunner.run(TestRunner.java:587)
at org.testng.SuiteRunner.runTest(SuiteRunner.java:384)
at org.testng.SuiteRunner.runSequentially(SuiteRunner.java:378)
at org.testng.SuiteRunner.privateRun(SuiteRunner.java:337)
at org.testng.SuiteRunner.run(SuiteRunner.java:286)
at org.testng.SuiteRunnerWorker.runSuite(SuiteRunnerWorker.java:53)
at org.testng.SuiteRunnerWorker.run(SuiteRunnerWorker.java:96)
at org.testng.TestNG.runSuitesSequentially(TestNG.java:1187)
at org.testng.TestNG.runSuitesLocally(TestNG.java:1109)
at org.testng.TestNG.runSuites(TestNG.java:1039)
at org.testng.TestNG.run(TestNG.java:1007)
at org.apache.maven.surefire.testng.TestNGExecutor.run(TestNGExecutor.java:284)
at org.apache.maven.surefire.testng.TestNGXmlTestSuite.execute(TestNGXmlTestSuite.java:75)
at org.apache.maven.surefire.testng.TestNGProvider.invoke(TestNGProvider.java:119)
at org.apache.maven.surefire.booter.ForkedBooter.runSuitesInProcess(ForkedBooter.java:428)
at org.apache.maven.surefire.booter.ForkedBooter.execute(ForkedBooter.java:162)
at org.apache.maven.surefire.booter.ForkedBooter.run(ForkedBooter.java:562)
at org.apache.maven.surefire.booter.ForkedBooter.main(ForkedBooter.java:548)
]]>
            </full-stacktrace>
          </exception> <!-- org.openqa.selenium.SessionNotCreatedException -->
          <reporter-output>
          </reporter-output>
        </test-method> <!-- testVerifyEnterYourEmailOrMobilePhoneNumberAlertIsDisplayed -->
        <test-method is-config="true" signature="afterEachTestMethod(org.testng.ITestResult)[pri:0, instance:signIn.SignInTest@10d307f1]" started-at="2020-09-25T23:29:05 PDT" name="afterEachTestMethod" finished-at="1969-12-31T16:00:00 PST" duration-ms="-1601101745912" status="SKIP">
          <reporter-output>
          </reporter-output>
        </test-method> <!-- afterEachTestMethod -->
        <test-method is-config="true" signature="setUp(boolean, java.lang.String, java.lang.String, java.lang.String, java.lang.String, java.lang.String, java.lang.String)[pri:0, instance:signIn.SignInTest@10d307f1]" started-at="2020-09-25T23:29:05 PDT" name="setUp" finished-at="1969-12-31T16:00:00 PST" duration-ms="-1601101745913" status="SKIP">
          <reporter-output>
          </reporter-output>
        </test-method> <!-- setUp -->
        <test-method is-config="true" signature="getInit()[pri:0, instance:signIn.SignInTest@10d307f1]" started-at="2020-09-25T23:29:05 PDT" name="getInit" finished-at="1969-12-31T16:00:00 PST" duration-ms="-1601101745914" status="SKIP">
          <reporter-output>
          </reporter-output>
        </test-method> <!-- getInit -->
        <test-method is-config="true" signature="startExtent(java.lang.reflect.Method)[pri:0, instance:signIn.SignInTest@10d307f1]" started-at="2020-09-25T23:29:05 PDT" name="startExtent" finished-at="1969-12-31T16:00:00 PST" duration-ms="-1601101745914" status="SKIP">
          <reporter-output>
          </reporter-output>
        </test-method> <!-- startExtent -->
        <test-method signature="testVerifyEnterYourPasswordAlertIsDisplayed()[pri:0, instance:signIn.SignInTest@10d307f1]" started-at="2020-09-25T23:29:05 PDT" name="testVerifyEnterYourPasswordAlertIsDisplayed" finished-at="2020-09-25T23:29:05 PDT" duration-ms="0" status="SKIP">
          <exception class="org.openqa.selenium.SessionNotCreatedException">
            <message>
              <![CDATA[session not created
from disconnected: unable to connect to renderer
  (Session info: chrome=85.0.4183.121)
Build info: version: '3.141.59', revision: 'e82be7d358', time: '2018-11-14T08:17:03'
System info: host: 'DESKTOP-F15B8L7', ip: '169.254.252.52', os.name: 'Windows 10', os.arch: 'amd64', os.version: '10.0', java.version: '11.0.5'
Driver info: driver.version: ChromeDriver
remote stacktrace: Backtrace:
Ordinal0 [0x00A287E3+2852835]
Ordinal0 [0x00915BB1+1727409]
Ordinal0 [0x007EE4B9+517305]
Ordinal0 [0x007E4EA3+478883]
Ordinal0 [0x007EF300+520960]
Ordinal0 [0x0079E489+189577]
Ordinal0 [0x0079D7FD+186365]
Ordinal0 [0x0079B70B+177931]
Ordinal0 [0x00782584+75140]
Ordinal0 [0x00783650+79440]
Ordinal0 [0x007835E9+79337]
Ordinal0 [0x0092AD5C+1813852]
GetHandleVerifier [0x00B4C616+1075574]
GetHandleVerifier [0x00B4C367+1074887]
GetHandleVerifier [0x00B57497+1120247]
GetHandleVerifier [0x00B4CC16+1077110]
Ordinal0 [0x00923206+1782278]
Ordinal0 [0x0092C3BB+1819579]
Ordinal0 [0x0092C523+1819939]
Ordinal0 [0x00942B45+1911621]
BaseThreadInitThunk [0x75C66359+25]
RtlGetAppContainerNamedObjectPath [0x77077C24+228]
RtlGetAppContainerNamedObjectPath [0x77077BF4+180]
]]>
            </message>
            <full-stacktrace>
              <![CDATA[org.openqa.selenium.SessionNotCreatedException: session not created
from disconnected: unable to connect to renderer
  (Session info: chrome=85.0.4183.121)
Build info: version: '3.141.59', revision: 'e82be7d358', time: '2018-11-14T08:17:03'
System info: host: 'DESKTOP-F15B8L7', ip: '169.254.252.52', os.name: 'Windows 10', os.arch: 'amd64', os.version: '10.0', java.version: '11.0.5'
Driver info: driver.version: ChromeDriver
remote stacktrace: Backtrace:
Ordinal0 [0x00A287E3+2852835]
Ordinal0 [0x00915BB1+1727409]
Ordinal0 [0x007EE4B9+517305]
Ordinal0 [0x007E4EA3+478883]
Ordinal0 [0x007EF300+520960]
Ordinal0 [0x0079E489+189577]
Ordinal0 [0x0079D7FD+186365]
Ordinal0 [0x0079B70B+177931]
Ordinal0 [0x00782584+75140]
Ordinal0 [0x00783650+79440]
Ordinal0 [0x007835E9+79337]
Ordinal0 [0x0092AD5C+1813852]
GetHandleVerifier [0x00B4C616+1075574]
GetHandleVerifier [0x00B4C367+1074887]
GetHandleVerifier [0x00B57497+1120247]
GetHandleVerifier [0x00B4CC16+1077110]
Ordinal0 [0x00923206+1782278]
Ordinal0 [0x0092C3BB+1819579]
Ordinal0 [0x0092C523+1819939]
Ordinal0 [0x00942B45+1911621]
BaseThreadInitThunk [0x75C66359+25]
RtlGetAppContainerNamedObjectPath [0x77077C24+228]
RtlGetAppContainerNamedObjectPath [0x77077BF4+180]

at java.base/jdk.internal.reflect.NativeConstructorAccessorImpl.newInstance0(Native Method)
at java.base/jdk.internal.reflect.NativeConstructorAccessorImpl.newInstance(NativeConstructorAccessorImpl.java:62)
at java.base/jdk.internal.reflect.DelegatingConstructorAccessorImpl.newInstance(DelegatingConstructorAccessorImpl.java:45)
at java.base/java.lang.reflect.Constructor.newInstance(Constructor.java:490)
at org.openqa.selenium.remote.W3CHandshakeResponse.lambda$errorHandler$0(W3CHandshakeResponse.java:62)
at org.openqa.selenium.remote.HandshakeResponse.lambda$getResponseFunction$0(HandshakeResponse.java:30)
at org.openqa.selenium.remote.ProtocolHandshake.lambda$createSession$0(ProtocolHandshake.java:126)
at java.base/java.util.stream.ReferencePipeline$3$1.accept(ReferencePipeline.java:195)
at java.base/java.util.Spliterators$ArraySpliterator.tryAdvance(Spliterators.java:958)
at java.base/java.util.stream.ReferencePipeline.forEachWithCancel(ReferencePipeline.java:127)
at java.base/java.util.stream.AbstractPipeline.copyIntoWithCancel(AbstractPipeline.java:502)
at java.base/java.util.stream.AbstractPipeline.copyInto(AbstractPipeline.java:488)
at java.base/java.util.stream.AbstractPipeline.wrapAndCopyInto(AbstractPipeline.java:474)
at java.base/java.util.stream.FindOps$FindOp.evaluateSequential(FindOps.java:150)
at java.base/java.util.stream.AbstractPipeline.evaluate(AbstractPipeline.java:234)
at java.base/java.util.stream.ReferencePipeline.findFirst(ReferencePipeline.java:543)
at org.openqa.selenium.remote.ProtocolHandshake.createSession(ProtocolHandshake.java:128)
at org.openqa.selenium.remote.ProtocolHandshake.createSession(ProtocolHandshake.java:74)
at org.openqa.selenium.remote.HttpCommandExecutor.execute(HttpCommandExecutor.java:136)
at org.openqa.selenium.remote.service.DriverCommandExecutor.execute(DriverCommandExecutor.java:83)
at org.openqa.selenium.remote.RemoteWebDriver.execute(RemoteWebDriver.java:552)
at org.openqa.selenium.remote.RemoteWebDriver.startSession(RemoteWebDriver.java:213)
at org.openqa.selenium.remote.RemoteWebDriver.<init>(RemoteWebDriver.java:131)
at org.openqa.selenium.chrome.ChromeDriver.<init>(ChromeDriver.java:181)
at org.openqa.selenium.chrome.ChromeDriver.<init>(ChromeDriver.java:168)
at org.openqa.selenium.chrome.ChromeDriver.<init>(ChromeDriver.java:157)
at base.CommonAPI.getLocalDriver(CommonAPI.java:168)
at base.CommonAPI.setUp(CommonAPI.java:144)
at jdk.internal.reflect.GeneratedMethodAccessor27.invoke(Unknown Source)
at java.base/jdk.internal.reflect.DelegatingMethodAccessorImpl.invoke(DelegatingMethodAccessorImpl.java:43)
at java.base/java.lang.reflect.Method.invoke(Method.java:566)
at org.testng.internal.MethodInvocationHelper.invokeMethod(MethodInvocationHelper.java:134)
at org.testng.internal.MethodInvocationHelper.invokeMethodConsideringTimeout(MethodInvocationHelper.java:63)
at org.testng.internal.ConfigInvoker.invokeConfigurationMethod(ConfigInvoker.java:348)
at org.testng.internal.ConfigInvoker.invokeConfigurations(ConfigInvoker.java:302)
at org.testng.internal.TestInvoker.runConfigMethods(TestInvoker.java:695)
at org.testng.internal.TestInvoker.invokeMethod(TestInvoker.java:523)
at org.testng.internal.TestInvoker.invokeTestMethod(TestInvoker.java:173)
at org.testng.internal.MethodRunner.runInSequence(MethodRunner.java:46)
at org.testng.internal.TestInvoker$MethodInvocationAgent.invoke(TestInvoker.java:816)
at org.testng.internal.TestInvoker.invokeTestMethods(TestInvoker.java:146)
at org.testng.internal.TestMethodWorker.invokeTestMethods(TestMethodWorker.java:146)
at org.testng.internal.TestMethodWorker.run(TestMethodWorker.java:128)
at java.base/java.util.ArrayList.forEach(ArrayList.java:1540)
at org.testng.TestRunner.privateRun(TestRunner.java:766)
at org.testng.TestRunner.run(TestRunner.java:587)
at org.testng.SuiteRunner.runTest(SuiteRunner.java:384)
at org.testng.SuiteRunner.runSequentially(SuiteRunner.java:378)
at org.testng.SuiteRunner.privateRun(SuiteRunner.java:337)
at org.testng.SuiteRunner.run(SuiteRunner.java:286)
at org.testng.SuiteRunnerWorker.runSuite(SuiteRunnerWorker.java:53)
at org.testng.SuiteRunnerWorker.run(SuiteRunnerWorker.java:96)
at org.testng.TestNG.runSuitesSequentially(TestNG.java:1187)
at org.testng.TestNG.runSuitesLocally(TestNG.java:1109)
at org.testng.TestNG.runSuites(TestNG.java:1039)
at org.testng.TestNG.run(TestNG.java:1007)
at org.apache.maven.surefire.testng.TestNGExecutor.run(TestNGExecutor.java:284)
at org.apache.maven.surefire.testng.TestNGXmlTestSuite.execute(TestNGXmlTestSuite.java:75)
at org.apache.maven.surefire.testng.TestNGProvider.invoke(TestNGProvider.java:119)
at org.apache.maven.surefire.booter.ForkedBooter.runSuitesInProcess(ForkedBooter.java:428)
at org.apache.maven.surefire.booter.ForkedBooter.execute(ForkedBooter.java:162)
at org.apache.maven.surefire.booter.ForkedBooter.run(ForkedBooter.java:562)
at org.apache.maven.surefire.booter.ForkedBooter.main(ForkedBooter.java:548)
]]>
            </full-stacktrace>
          </exception> <!-- org.openqa.selenium.SessionNotCreatedException -->
          <reporter-output>
          </reporter-output>
        </test-method> <!-- testVerifyEnterYourPasswordAlertIsDisplayed -->
        <test-method is-config="true" signature="cleanUp()[pri:0, instance:signIn.SignInTest@10d307f1]" started-at="2020-09-25T23:29:05 PDT" name="cleanUp" finished-at="2020-09-25T23:29:05 PDT" duration-ms="0" status="PASS">
          <reporter-output>
          </reporter-output>
        </test-method> <!-- cleanUp -->
        <test-method is-config="true" signature="afterEachTestMethod(org.testng.ITestResult)[pri:0, instance:signIn.SignInTest@10d307f1]" started-at="2020-09-25T23:29:05 PDT" name="afterEachTestMethod" finished-at="1969-12-31T16:00:00 PST" duration-ms="-1601101745917" status="SKIP">
          <reporter-output>
          </reporter-output>
        </test-method> <!-- afterEachTestMethod -->
        <test-method is-config="true" signature="startExtent(java.lang.reflect.Method)[pri:0, instance:signIn.SignInTest@10d307f1]" started-at="2020-09-25T23:29:05 PDT" name="startExtent" finished-at="1969-12-31T16:00:00 PST" duration-ms="-1601101745918" status="SKIP">
          <reporter-output>
          </reporter-output>
        </test-method> <!-- startExtent -->
        <test-method signature="testVerifyForgotYourPasswordTitle()[pri:0, instance:signIn.SignInTest@10d307f1]" started-at="2020-09-25T23:29:05 PDT" name="testVerifyForgotYourPasswordTitle" finished-at="2020-09-25T23:29:05 PDT" duration-ms="0" status="SKIP">
          <exception class="org.openqa.selenium.SessionNotCreatedException">
            <message>
              <![CDATA[session not created
from disconnected: unable to connect to renderer
  (Session info: chrome=85.0.4183.121)
Build info: version: '3.141.59', revision: 'e82be7d358', time: '2018-11-14T08:17:03'
System info: host: 'DESKTOP-F15B8L7', ip: '169.254.252.52', os.name: 'Windows 10', os.arch: 'amd64', os.version: '10.0', java.version: '11.0.5'
Driver info: driver.version: ChromeDriver
remote stacktrace: Backtrace:
Ordinal0 [0x00A287E3+2852835]
Ordinal0 [0x00915BB1+1727409]
Ordinal0 [0x007EE4B9+517305]
Ordinal0 [0x007E4EA3+478883]
Ordinal0 [0x007EF300+520960]
Ordinal0 [0x0079E489+189577]
Ordinal0 [0x0079D7FD+186365]
Ordinal0 [0x0079B70B+177931]
Ordinal0 [0x00782584+75140]
Ordinal0 [0x00783650+79440]
Ordinal0 [0x007835E9+79337]
Ordinal0 [0x0092AD5C+1813852]
GetHandleVerifier [0x00B4C616+1075574]
GetHandleVerifier [0x00B4C367+1074887]
GetHandleVerifier [0x00B57497+1120247]
GetHandleVerifier [0x00B4CC16+1077110]
Ordinal0 [0x00923206+1782278]
Ordinal0 [0x0092C3BB+1819579]
Ordinal0 [0x0092C523+1819939]
Ordinal0 [0x00942B45+1911621]
BaseThreadInitThunk [0x75C66359+25]
RtlGetAppContainerNamedObjectPath [0x77077C24+228]
RtlGetAppContainerNamedObjectPath [0x77077BF4+180]
]]>
            </message>
            <full-stacktrace>
              <![CDATA[org.openqa.selenium.SessionNotCreatedException: session not created
from disconnected: unable to connect to renderer
  (Session info: chrome=85.0.4183.121)
Build info: version: '3.141.59', revision: 'e82be7d358', time: '2018-11-14T08:17:03'
System info: host: 'DESKTOP-F15B8L7', ip: '169.254.252.52', os.name: 'Windows 10', os.arch: 'amd64', os.version: '10.0', java.version: '11.0.5'
Driver info: driver.version: ChromeDriver
remote stacktrace: Backtrace:
Ordinal0 [0x00A287E3+2852835]
Ordinal0 [0x00915BB1+1727409]
Ordinal0 [0x007EE4B9+517305]
Ordinal0 [0x007E4EA3+478883]
Ordinal0 [0x007EF300+520960]
Ordinal0 [0x0079E489+189577]
Ordinal0 [0x0079D7FD+186365]
Ordinal0 [0x0079B70B+177931]
Ordinal0 [0x00782584+75140]
Ordinal0 [0x00783650+79440]
Ordinal0 [0x007835E9+79337]
Ordinal0 [0x0092AD5C+1813852]
GetHandleVerifier [0x00B4C616+1075574]
GetHandleVerifier [0x00B4C367+1074887]
GetHandleVerifier [0x00B57497+1120247]
GetHandleVerifier [0x00B4CC16+1077110]
Ordinal0 [0x00923206+1782278]
Ordinal0 [0x0092C3BB+1819579]
Ordinal0 [0x0092C523+1819939]
Ordinal0 [0x00942B45+1911621]
BaseThreadInitThunk [0x75C66359+25]
RtlGetAppContainerNamedObjectPath [0x77077C24+228]
RtlGetAppContainerNamedObjectPath [0x77077BF4+180]

at java.base/jdk.internal.reflect.NativeConstructorAccessorImpl.newInstance0(Native Method)
at java.base/jdk.internal.reflect.NativeConstructorAccessorImpl.newInstance(NativeConstructorAccessorImpl.java:62)
at java.base/jdk.internal.reflect.DelegatingConstructorAccessorImpl.newInstance(DelegatingConstructorAccessorImpl.java:45)
at java.base/java.lang.reflect.Constructor.newInstance(Constructor.java:490)
at org.openqa.selenium.remote.W3CHandshakeResponse.lambda$errorHandler$0(W3CHandshakeResponse.java:62)
at org.openqa.selenium.remote.HandshakeResponse.lambda$getResponseFunction$0(HandshakeResponse.java:30)
at org.openqa.selenium.remote.ProtocolHandshake.lambda$createSession$0(ProtocolHandshake.java:126)
at java.base/java.util.stream.ReferencePipeline$3$1.accept(ReferencePipeline.java:195)
at java.base/java.util.Spliterators$ArraySpliterator.tryAdvance(Spliterators.java:958)
at java.base/java.util.stream.ReferencePipeline.forEachWithCancel(ReferencePipeline.java:127)
at java.base/java.util.stream.AbstractPipeline.copyIntoWithCancel(AbstractPipeline.java:502)
at java.base/java.util.stream.AbstractPipeline.copyInto(AbstractPipeline.java:488)
at java.base/java.util.stream.AbstractPipeline.wrapAndCopyInto(AbstractPipeline.java:474)
at java.base/java.util.stream.FindOps$FindOp.evaluateSequential(FindOps.java:150)
at java.base/java.util.stream.AbstractPipeline.evaluate(AbstractPipeline.java:234)
at java.base/java.util.stream.ReferencePipeline.findFirst(ReferencePipeline.java:543)
at org.openqa.selenium.remote.ProtocolHandshake.createSession(ProtocolHandshake.java:128)
at org.openqa.selenium.remote.ProtocolHandshake.createSession(ProtocolHandshake.java:74)
at org.openqa.selenium.remote.HttpCommandExecutor.execute(HttpCommandExecutor.java:136)
at org.openqa.selenium.remote.service.DriverCommandExecutor.execute(DriverCommandExecutor.java:83)
at org.openqa.selenium.remote.RemoteWebDriver.execute(RemoteWebDriver.java:552)
at org.openqa.selenium.remote.RemoteWebDriver.startSession(RemoteWebDriver.java:213)
at org.openqa.selenium.remote.RemoteWebDriver.<init>(RemoteWebDriver.java:131)
at org.openqa.selenium.chrome.ChromeDriver.<init>(ChromeDriver.java:181)
at org.openqa.selenium.chrome.ChromeDriver.<init>(ChromeDriver.java:168)
at org.openqa.selenium.chrome.ChromeDriver.<init>(ChromeDriver.java:157)
at base.CommonAPI.getLocalDriver(CommonAPI.java:168)
at base.CommonAPI.setUp(CommonAPI.java:144)
at jdk.internal.reflect.GeneratedMethodAccessor27.invoke(Unknown Source)
at java.base/jdk.internal.reflect.DelegatingMethodAccessorImpl.invoke(DelegatingMethodAccessorImpl.java:43)
at java.base/java.lang.reflect.Method.invoke(Method.java:566)
at org.testng.internal.MethodInvocationHelper.invokeMethod(MethodInvocationHelper.java:134)
at org.testng.internal.MethodInvocationHelper.invokeMethodConsideringTimeout(MethodInvocationHelper.java:63)
at org.testng.internal.ConfigInvoker.invokeConfigurationMethod(ConfigInvoker.java:348)
at org.testng.internal.ConfigInvoker.invokeConfigurations(ConfigInvoker.java:302)
at org.testng.internal.TestInvoker.runConfigMethods(TestInvoker.java:695)
at org.testng.internal.TestInvoker.invokeMethod(TestInvoker.java:523)
at org.testng.internal.TestInvoker.invokeTestMethod(TestInvoker.java:173)
at org.testng.internal.MethodRunner.runInSequence(MethodRunner.java:46)
at org.testng.internal.TestInvoker$MethodInvocationAgent.invoke(TestInvoker.java:816)
at org.testng.internal.TestInvoker.invokeTestMethods(TestInvoker.java:146)
at org.testng.internal.TestMethodWorker.invokeTestMethods(TestMethodWorker.java:146)
at org.testng.internal.TestMethodWorker.run(TestMethodWorker.java:128)
at java.base/java.util.ArrayList.forEach(ArrayList.java:1540)
at org.testng.TestRunner.privateRun(TestRunner.java:766)
at org.testng.TestRunner.run(TestRunner.java:587)
at org.testng.SuiteRunner.runTest(SuiteRunner.java:384)
at org.testng.SuiteRunner.runSequentially(SuiteRunner.java:378)
at org.testng.SuiteRunner.privateRun(SuiteRunner.java:337)
at org.testng.SuiteRunner.run(SuiteRunner.java:286)
at org.testng.SuiteRunnerWorker.runSuite(SuiteRunnerWorker.java:53)
at org.testng.SuiteRunnerWorker.run(SuiteRunnerWorker.java:96)
at org.testng.TestNG.runSuitesSequentially(TestNG.java:1187)
at org.testng.TestNG.runSuitesLocally(TestNG.java:1109)
at org.testng.TestNG.runSuites(TestNG.java:1039)
at org.testng.TestNG.run(TestNG.java:1007)
at org.apache.maven.surefire.testng.TestNGExecutor.run(TestNGExecutor.java:284)
at org.apache.maven.surefire.testng.TestNGXmlTestSuite.execute(TestNGXmlTestSuite.java:75)
at org.apache.maven.surefire.testng.TestNGProvider.invoke(TestNGProvider.java:119)
at org.apache.maven.surefire.booter.ForkedBooter.runSuitesInProcess(ForkedBooter.java:428)
at org.apache.maven.surefire.booter.ForkedBooter.execute(ForkedBooter.java:162)
at org.apache.maven.surefire.booter.ForkedBooter.run(ForkedBooter.java:562)
at org.apache.maven.surefire.booter.ForkedBooter.main(ForkedBooter.java:548)
]]>
            </full-stacktrace>
          </exception> <!-- org.openqa.selenium.SessionNotCreatedException -->
          <reporter-output>
          </reporter-output>
        </test-method> <!-- testVerifyForgotYourPasswordTitle -->
        <test-method is-config="true" signature="setUp(boolean, java.lang.String, java.lang.String, java.lang.String, java.lang.String, java.lang.String, java.lang.String)[pri:0, instance:signIn.SignInTest@10d307f1]" started-at="2020-09-25T23:29:05 PDT" name="setUp" finished-at="1969-12-31T16:00:00 PST" duration-ms="-1601101745918" status="SKIP">
          <reporter-output>
          </reporter-output>
        </test-method> <!-- setUp -->
        <test-method is-config="true" signature="getInit()[pri:0, instance:signIn.SignInTest@10d307f1]" started-at="2020-09-25T23:29:05 PDT" name="getInit" finished-at="1969-12-31T16:00:00 PST" duration-ms="-1601101745918" status="SKIP">
          <reporter-output>
          </reporter-output>
        </test-method> <!-- getInit -->
        <test-method is-config="true" signature="cleanUp()[pri:0, instance:signIn.SignInTest@10d307f1]" started-at="2020-09-25T23:29:05 PDT" name="cleanUp" finished-at="2020-09-25T23:29:05 PDT" duration-ms="0" status="PASS">
          <reporter-output>
          </reporter-output>
        </test-method> <!-- cleanUp -->
        <test-method is-config="true" signature="setUp(boolean, java.lang.String, java.lang.String, java.lang.String, java.lang.String, java.lang.String, java.lang.String)[pri:0, instance:signIn.SignInTest@10d307f1]" started-at="2020-09-25T23:29:05 PDT" name="setUp" finished-at="1969-12-31T16:00:00 PST" duration-ms="-1601101745919" status="SKIP">
          <reporter-output>
          </reporter-output>
        </test-method> <!-- setUp -->
        <test-method is-config="true" signature="afterEachTestMethod(org.testng.ITestResult)[pri:0, instance:signIn.SignInTest@10d307f1]" started-at="2020-09-25T23:29:05 PDT" name="afterEachTestMethod" finished-at="1969-12-31T16:00:00 PST" duration-ms="-1601101745919" status="SKIP">
          <reporter-output>
          </reporter-output>
        </test-method> <!-- afterEachTestMethod -->
        <test-method is-config="true" signature="startExtent(java.lang.reflect.Method)[pri:0, instance:signIn.SignInTest@10d307f1]" started-at="2020-09-25T23:29:05 PDT" name="startExtent" finished-at="1969-12-31T16:00:00 PST" duration-ms="-1601101745920" status="SKIP">
          <reporter-output>
          </reporter-output>
        </test-method> <!-- startExtent -->
        <test-method signature="testVerifyIncorrectPhoneNumberAlertIsDispalyed()[pri:0, instance:signIn.SignInTest@10d307f1]" started-at="2020-09-25T23:29:05 PDT" name="testVerifyIncorrectPhoneNumberAlertIsDispalyed" finished-at="2020-09-25T23:29:05 PDT" duration-ms="0" status="SKIP">
          <exception class="org.openqa.selenium.SessionNotCreatedException">
            <message>
              <![CDATA[session not created
from disconnected: unable to connect to renderer
  (Session info: chrome=85.0.4183.121)
Build info: version: '3.141.59', revision: 'e82be7d358', time: '2018-11-14T08:17:03'
System info: host: 'DESKTOP-F15B8L7', ip: '169.254.252.52', os.name: 'Windows 10', os.arch: 'amd64', os.version: '10.0', java.version: '11.0.5'
Driver info: driver.version: ChromeDriver
remote stacktrace: Backtrace:
Ordinal0 [0x00A287E3+2852835]
Ordinal0 [0x00915BB1+1727409]
Ordinal0 [0x007EE4B9+517305]
Ordinal0 [0x007E4EA3+478883]
Ordinal0 [0x007EF300+520960]
Ordinal0 [0x0079E489+189577]
Ordinal0 [0x0079D7FD+186365]
Ordinal0 [0x0079B70B+177931]
Ordinal0 [0x00782584+75140]
Ordinal0 [0x00783650+79440]
Ordinal0 [0x007835E9+79337]
Ordinal0 [0x0092AD5C+1813852]
GetHandleVerifier [0x00B4C616+1075574]
GetHandleVerifier [0x00B4C367+1074887]
GetHandleVerifier [0x00B57497+1120247]
GetHandleVerifier [0x00B4CC16+1077110]
Ordinal0 [0x00923206+1782278]
Ordinal0 [0x0092C3BB+1819579]
Ordinal0 [0x0092C523+1819939]
Ordinal0 [0x00942B45+1911621]
BaseThreadInitThunk [0x75C66359+25]
RtlGetAppContainerNamedObjectPath [0x77077C24+228]
RtlGetAppContainerNamedObjectPath [0x77077BF4+180]
]]>
            </message>
            <full-stacktrace>
              <![CDATA[org.openqa.selenium.SessionNotCreatedException: session not created
from disconnected: unable to connect to renderer
  (Session info: chrome=85.0.4183.121)
Build info: version: '3.141.59', revision: 'e82be7d358', time: '2018-11-14T08:17:03'
System info: host: 'DESKTOP-F15B8L7', ip: '169.254.252.52', os.name: 'Windows 10', os.arch: 'amd64', os.version: '10.0', java.version: '11.0.5'
Driver info: driver.version: ChromeDriver
remote stacktrace: Backtrace:
Ordinal0 [0x00A287E3+2852835]
Ordinal0 [0x00915BB1+1727409]
Ordinal0 [0x007EE4B9+517305]
Ordinal0 [0x007E4EA3+478883]
Ordinal0 [0x007EF300+520960]
Ordinal0 [0x0079E489+189577]
Ordinal0 [0x0079D7FD+186365]
Ordinal0 [0x0079B70B+177931]
Ordinal0 [0x00782584+75140]
Ordinal0 [0x00783650+79440]
Ordinal0 [0x007835E9+79337]
Ordinal0 [0x0092AD5C+1813852]
GetHandleVerifier [0x00B4C616+1075574]
GetHandleVerifier [0x00B4C367+1074887]
GetHandleVerifier [0x00B57497+1120247]
GetHandleVerifier [0x00B4CC16+1077110]
Ordinal0 [0x00923206+1782278]
Ordinal0 [0x0092C3BB+1819579]
Ordinal0 [0x0092C523+1819939]
Ordinal0 [0x00942B45+1911621]
BaseThreadInitThunk [0x75C66359+25]
RtlGetAppContainerNamedObjectPath [0x77077C24+228]
RtlGetAppContainerNamedObjectPath [0x77077BF4+180]

at java.base/jdk.internal.reflect.NativeConstructorAccessorImpl.newInstance0(Native Method)
at java.base/jdk.internal.reflect.NativeConstructorAccessorImpl.newInstance(NativeConstructorAccessorImpl.java:62)
at java.base/jdk.internal.reflect.DelegatingConstructorAccessorImpl.newInstance(DelegatingConstructorAccessorImpl.java:45)
at java.base/java.lang.reflect.Constructor.newInstance(Constructor.java:490)
at org.openqa.selenium.remote.W3CHandshakeResponse.lambda$errorHandler$0(W3CHandshakeResponse.java:62)
at org.openqa.selenium.remote.HandshakeResponse.lambda$getResponseFunction$0(HandshakeResponse.java:30)
at org.openqa.selenium.remote.ProtocolHandshake.lambda$createSession$0(ProtocolHandshake.java:126)
at java.base/java.util.stream.ReferencePipeline$3$1.accept(ReferencePipeline.java:195)
at java.base/java.util.Spliterators$ArraySpliterator.tryAdvance(Spliterators.java:958)
at java.base/java.util.stream.ReferencePipeline.forEachWithCancel(ReferencePipeline.java:127)
at java.base/java.util.stream.AbstractPipeline.copyIntoWithCancel(AbstractPipeline.java:502)
at java.base/java.util.stream.AbstractPipeline.copyInto(AbstractPipeline.java:488)
at java.base/java.util.stream.AbstractPipeline.wrapAndCopyInto(AbstractPipeline.java:474)
at java.base/java.util.stream.FindOps$FindOp.evaluateSequential(FindOps.java:150)
at java.base/java.util.stream.AbstractPipeline.evaluate(AbstractPipeline.java:234)
at java.base/java.util.stream.ReferencePipeline.findFirst(ReferencePipeline.java:543)
at org.openqa.selenium.remote.ProtocolHandshake.createSession(ProtocolHandshake.java:128)
at org.openqa.selenium.remote.ProtocolHandshake.createSession(ProtocolHandshake.java:74)
at org.openqa.selenium.remote.HttpCommandExecutor.execute(HttpCommandExecutor.java:136)
at org.openqa.selenium.remote.service.DriverCommandExecutor.execute(DriverCommandExecutor.java:83)
at org.openqa.selenium.remote.RemoteWebDriver.execute(RemoteWebDriver.java:552)
at org.openqa.selenium.remote.RemoteWebDriver.startSession(RemoteWebDriver.java:213)
at org.openqa.selenium.remote.RemoteWebDriver.<init>(RemoteWebDriver.java:131)
at org.openqa.selenium.chrome.ChromeDriver.<init>(ChromeDriver.java:181)
at org.openqa.selenium.chrome.ChromeDriver.<init>(ChromeDriver.java:168)
at org.openqa.selenium.chrome.ChromeDriver.<init>(ChromeDriver.java:157)
at base.CommonAPI.getLocalDriver(CommonAPI.java:168)
at base.CommonAPI.setUp(CommonAPI.java:144)
at jdk.internal.reflect.GeneratedMethodAccessor27.invoke(Unknown Source)
at java.base/jdk.internal.reflect.DelegatingMethodAccessorImpl.invoke(DelegatingMethodAccessorImpl.java:43)
at java.base/java.lang.reflect.Method.invoke(Method.java:566)
at org.testng.internal.MethodInvocationHelper.invokeMethod(MethodInvocationHelper.java:134)
at org.testng.internal.MethodInvocationHelper.invokeMethodConsideringTimeout(MethodInvocationHelper.java:63)
at org.testng.internal.ConfigInvoker.invokeConfigurationMethod(ConfigInvoker.java:348)
at org.testng.internal.ConfigInvoker.invokeConfigurations(ConfigInvoker.java:302)
at org.testng.internal.TestInvoker.runConfigMethods(TestInvoker.java:695)
at org.testng.internal.TestInvoker.invokeMethod(TestInvoker.java:523)
at org.testng.internal.TestInvoker.invokeTestMethod(TestInvoker.java:173)
at org.testng.internal.MethodRunner.runInSequence(MethodRunner.java:46)
at org.testng.internal.TestInvoker$MethodInvocationAgent.invoke(TestInvoker.java:816)
at org.testng.internal.TestInvoker.invokeTestMethods(TestInvoker.java:146)
at org.testng.internal.TestMethodWorker.invokeTestMethods(TestMethodWorker.java:146)
at org.testng.internal.TestMethodWorker.run(TestMethodWorker.java:128)
at java.base/java.util.ArrayList.forEach(ArrayList.java:1540)
at org.testng.TestRunner.privateRun(TestRunner.java:766)
at org.testng.TestRunner.run(TestRunner.java:587)
at org.testng.SuiteRunner.runTest(SuiteRunner.java:384)
at org.testng.SuiteRunner.runSequentially(SuiteRunner.java:378)
at org.testng.SuiteRunner.privateRun(SuiteRunner.java:337)
at org.testng.SuiteRunner.run(SuiteRunner.java:286)
at org.testng.SuiteRunnerWorker.runSuite(SuiteRunnerWorker.java:53)
at org.testng.SuiteRunnerWorker.run(SuiteRunnerWorker.java:96)
at org.testng.TestNG.runSuitesSequentially(TestNG.java:1187)
at org.testng.TestNG.runSuitesLocally(TestNG.java:1109)
at org.testng.TestNG.runSuites(TestNG.java:1039)
at org.testng.TestNG.run(TestNG.java:1007)
at org.apache.maven.surefire.testng.TestNGExecutor.run(TestNGExecutor.java:284)
at org.apache.maven.surefire.testng.TestNGXmlTestSuite.execute(TestNGXmlTestSuite.java:75)
at org.apache.maven.surefire.testng.TestNGProvider.invoke(TestNGProvider.java:119)
at org.apache.maven.surefire.booter.ForkedBooter.runSuitesInProcess(ForkedBooter.java:428)
at org.apache.maven.surefire.booter.ForkedBooter.execute(ForkedBooter.java:162)
at org.apache.maven.surefire.booter.ForkedBooter.run(ForkedBooter.java:562)
at org.apache.maven.surefire.booter.ForkedBooter.main(ForkedBooter.java:548)
]]>
            </full-stacktrace>
          </exception> <!-- org.openqa.selenium.SessionNotCreatedException -->
          <reporter-output>
          </reporter-output>
        </test-method> <!-- testVerifyIncorrectPhoneNumberAlertIsDispalyed -->
        <test-method is-config="true" signature="cleanUp()[pri:0, instance:signIn.SignInTest@10d307f1]" started-at="2020-09-25T23:29:05 PDT" name="cleanUp" finished-at="2020-09-25T23:29:05 PDT" duration-ms="1" status="PASS">
          <reporter-output>
          </reporter-output>
        </test-method> <!-- cleanUp -->
        <test-method is-config="true" signature="afterEachTestMethod(org.testng.ITestResult)[pri:0, instance:signIn.SignInTest@10d307f1]" started-at="2020-09-25T23:29:05 PDT" name="afterEachTestMethod" finished-at="1969-12-31T16:00:00 PST" duration-ms="-1601101745920" status="SKIP">
          <reporter-output>
          </reporter-output>
        </test-method> <!-- afterEachTestMethod -->
        <test-method is-config="true" signature="getInit()[pri:0, instance:signIn.SignInTest@10d307f1]" started-at="2020-09-25T23:29:05 PDT" name="getInit" finished-at="1969-12-31T16:00:00 PST" duration-ms="-1601101745920" status="SKIP">
          <reporter-output>
          </reporter-output>
        </test-method> <!-- getInit -->
        <test-method is-config="true" signature="startExtent(java.lang.reflect.Method)[pri:0, instance:signIn.SignInTest@10d307f1]" started-at="2020-09-25T23:29:05 PDT" name="startExtent" finished-at="1969-12-31T16:00:00 PST" duration-ms="-1601101745921" status="SKIP">
          <reporter-output>
          </reporter-output>
        </test-method> <!-- startExtent -->
        <test-method is-config="true" signature="setUp(boolean, java.lang.String, java.lang.String, java.lang.String, java.lang.String, java.lang.String, java.lang.String)[pri:0, instance:signIn.SignInTest@10d307f1]" started-at="2020-09-25T23:29:05 PDT" name="setUp" finished-at="1969-12-31T16:00:00 PST" duration-ms="-1601101745921" status="SKIP">
          <reporter-output>
          </reporter-output>
        </test-method> <!-- setUp -->
        <test-method is-config="true" signature="getInit()[pri:0, instance:signIn.SignInTest@10d307f1]" started-at="2020-09-25T23:29:05 PDT" name="getInit" finished-at="1969-12-31T16:00:00 PST" duration-ms="-1601101745921" status="SKIP">
          <reporter-output>
          </reporter-output>
        </test-method> <!-- getInit -->
        <test-method signature="testVerifyLoginWithInvalidPassword()[pri:0, instance:signIn.SignInTest@10d307f1]" started-at="2020-09-25T23:29:05 PDT" name="testVerifyLoginWithInvalidPassword" finished-at="2020-09-25T23:29:05 PDT" duration-ms="0" status="SKIP">
          <exception class="org.openqa.selenium.SessionNotCreatedException">
            <message>
              <![CDATA[session not created
from disconnected: unable to connect to renderer
  (Session info: chrome=85.0.4183.121)
Build info: version: '3.141.59', revision: 'e82be7d358', time: '2018-11-14T08:17:03'
System info: host: 'DESKTOP-F15B8L7', ip: '169.254.252.52', os.name: 'Windows 10', os.arch: 'amd64', os.version: '10.0', java.version: '11.0.5'
Driver info: driver.version: ChromeDriver
remote stacktrace: Backtrace:
Ordinal0 [0x00A287E3+2852835]
Ordinal0 [0x00915BB1+1727409]
Ordinal0 [0x007EE4B9+517305]
Ordinal0 [0x007E4EA3+478883]
Ordinal0 [0x007EF300+520960]
Ordinal0 [0x0079E489+189577]
Ordinal0 [0x0079D7FD+186365]
Ordinal0 [0x0079B70B+177931]
Ordinal0 [0x00782584+75140]
Ordinal0 [0x00783650+79440]
Ordinal0 [0x007835E9+79337]
Ordinal0 [0x0092AD5C+1813852]
GetHandleVerifier [0x00B4C616+1075574]
GetHandleVerifier [0x00B4C367+1074887]
GetHandleVerifier [0x00B57497+1120247]
GetHandleVerifier [0x00B4CC16+1077110]
Ordinal0 [0x00923206+1782278]
Ordinal0 [0x0092C3BB+1819579]
Ordinal0 [0x0092C523+1819939]
Ordinal0 [0x00942B45+1911621]
BaseThreadInitThunk [0x75C66359+25]
RtlGetAppContainerNamedObjectPath [0x77077C24+228]
RtlGetAppContainerNamedObjectPath [0x77077BF4+180]
]]>
            </message>
            <full-stacktrace>
              <![CDATA[org.openqa.selenium.SessionNotCreatedException: session not created
from disconnected: unable to connect to renderer
  (Session info: chrome=85.0.4183.121)
Build info: version: '3.141.59', revision: 'e82be7d358', time: '2018-11-14T08:17:03'
System info: host: 'DESKTOP-F15B8L7', ip: '169.254.252.52', os.name: 'Windows 10', os.arch: 'amd64', os.version: '10.0', java.version: '11.0.5'
Driver info: driver.version: ChromeDriver
remote stacktrace: Backtrace:
Ordinal0 [0x00A287E3+2852835]
Ordinal0 [0x00915BB1+1727409]
Ordinal0 [0x007EE4B9+517305]
Ordinal0 [0x007E4EA3+478883]
Ordinal0 [0x007EF300+520960]
Ordinal0 [0x0079E489+189577]
Ordinal0 [0x0079D7FD+186365]
Ordinal0 [0x0079B70B+177931]
Ordinal0 [0x00782584+75140]
Ordinal0 [0x00783650+79440]
Ordinal0 [0x007835E9+79337]
Ordinal0 [0x0092AD5C+1813852]
GetHandleVerifier [0x00B4C616+1075574]
GetHandleVerifier [0x00B4C367+1074887]
GetHandleVerifier [0x00B57497+1120247]
GetHandleVerifier [0x00B4CC16+1077110]
Ordinal0 [0x00923206+1782278]
Ordinal0 [0x0092C3BB+1819579]
Ordinal0 [0x0092C523+1819939]
Ordinal0 [0x00942B45+1911621]
BaseThreadInitThunk [0x75C66359+25]
RtlGetAppContainerNamedObjectPath [0x77077C24+228]
RtlGetAppContainerNamedObjectPath [0x77077BF4+180]

at java.base/jdk.internal.reflect.NativeConstructorAccessorImpl.newInstance0(Native Method)
at java.base/jdk.internal.reflect.NativeConstructorAccessorImpl.newInstance(NativeConstructorAccessorImpl.java:62)
at java.base/jdk.internal.reflect.DelegatingConstructorAccessorImpl.newInstance(DelegatingConstructorAccessorImpl.java:45)
at java.base/java.lang.reflect.Constructor.newInstance(Constructor.java:490)
at org.openqa.selenium.remote.W3CHandshakeResponse.lambda$errorHandler$0(W3CHandshakeResponse.java:62)
at org.openqa.selenium.remote.HandshakeResponse.lambda$getResponseFunction$0(HandshakeResponse.java:30)
at org.openqa.selenium.remote.ProtocolHandshake.lambda$createSession$0(ProtocolHandshake.java:126)
at java.base/java.util.stream.ReferencePipeline$3$1.accept(ReferencePipeline.java:195)
at java.base/java.util.Spliterators$ArraySpliterator.tryAdvance(Spliterators.java:958)
at java.base/java.util.stream.ReferencePipeline.forEachWithCancel(ReferencePipeline.java:127)
at java.base/java.util.stream.AbstractPipeline.copyIntoWithCancel(AbstractPipeline.java:502)
at java.base/java.util.stream.AbstractPipeline.copyInto(AbstractPipeline.java:488)
at java.base/java.util.stream.AbstractPipeline.wrapAndCopyInto(AbstractPipeline.java:474)
at java.base/java.util.stream.FindOps$FindOp.evaluateSequential(FindOps.java:150)
at java.base/java.util.stream.AbstractPipeline.evaluate(AbstractPipeline.java:234)
at java.base/java.util.stream.ReferencePipeline.findFirst(ReferencePipeline.java:543)
at org.openqa.selenium.remote.ProtocolHandshake.createSession(ProtocolHandshake.java:128)
at org.openqa.selenium.remote.ProtocolHandshake.createSession(ProtocolHandshake.java:74)
at org.openqa.selenium.remote.HttpCommandExecutor.execute(HttpCommandExecutor.java:136)
at org.openqa.selenium.remote.service.DriverCommandExecutor.execute(DriverCommandExecutor.java:83)
at org.openqa.selenium.remote.RemoteWebDriver.execute(RemoteWebDriver.java:552)
at org.openqa.selenium.remote.RemoteWebDriver.startSession(RemoteWebDriver.java:213)
at org.openqa.selenium.remote.RemoteWebDriver.<init>(RemoteWebDriver.java:131)
at org.openqa.selenium.chrome.ChromeDriver.<init>(ChromeDriver.java:181)
at org.openqa.selenium.chrome.ChromeDriver.<init>(ChromeDriver.java:168)
at org.openqa.selenium.chrome.ChromeDriver.<init>(ChromeDriver.java:157)
at base.CommonAPI.getLocalDriver(CommonAPI.java:168)
at base.CommonAPI.setUp(CommonAPI.java:144)
at jdk.internal.reflect.GeneratedMethodAccessor27.invoke(Unknown Source)
at java.base/jdk.internal.reflect.DelegatingMethodAccessorImpl.invoke(DelegatingMethodAccessorImpl.java:43)
at java.base/java.lang.reflect.Method.invoke(Method.java:566)
at org.testng.internal.MethodInvocationHelper.invokeMethod(MethodInvocationHelper.java:134)
at org.testng.internal.MethodInvocationHelper.invokeMethodConsideringTimeout(MethodInvocationHelper.java:63)
at org.testng.internal.ConfigInvoker.invokeConfigurationMethod(ConfigInvoker.java:348)
at org.testng.internal.ConfigInvoker.invokeConfigurations(ConfigInvoker.java:302)
at org.testng.internal.TestInvoker.runConfigMethods(TestInvoker.java:695)
at org.testng.internal.TestInvoker.invokeMethod(TestInvoker.java:523)
at org.testng.internal.TestInvoker.invokeTestMethod(TestInvoker.java:173)
at org.testng.internal.MethodRunner.runInSequence(MethodRunner.java:46)
at org.testng.internal.TestInvoker$MethodInvocationAgent.invoke(TestInvoker.java:816)
at org.testng.internal.TestInvoker.invokeTestMethods(TestInvoker.java:146)
at org.testng.internal.TestMethodWorker.invokeTestMethods(TestMethodWorker.java:146)
at org.testng.internal.TestMethodWorker.run(TestMethodWorker.java:128)
at java.base/java.util.ArrayList.forEach(ArrayList.java:1540)
at org.testng.TestRunner.privateRun(TestRunner.java:766)
at org.testng.TestRunner.run(TestRunner.java:587)
at org.testng.SuiteRunner.runTest(SuiteRunner.java:384)
at org.testng.SuiteRunner.runSequentially(SuiteRunner.java:378)
at org.testng.SuiteRunner.privateRun(SuiteRunner.java:337)
at org.testng.SuiteRunner.run(SuiteRunner.java:286)
at org.testng.SuiteRunnerWorker.runSuite(SuiteRunnerWorker.java:53)
at org.testng.SuiteRunnerWorker.run(SuiteRunnerWorker.java:96)
at org.testng.TestNG.runSuitesSequentially(TestNG.java:1187)
at org.testng.TestNG.runSuitesLocally(TestNG.java:1109)
at org.testng.TestNG.runSuites(TestNG.java:1039)
at org.testng.TestNG.run(TestNG.java:1007)
at org.apache.maven.surefire.testng.TestNGExecutor.run(TestNGExecutor.java:284)
at org.apache.maven.surefire.testng.TestNGXmlTestSuite.execute(TestNGXmlTestSuite.java:75)
at org.apache.maven.surefire.testng.TestNGProvider.invoke(TestNGProvider.java:119)
at org.apache.maven.surefire.booter.ForkedBooter.runSuitesInProcess(ForkedBooter.java:428)
at org.apache.maven.surefire.booter.ForkedBooter.execute(ForkedBooter.java:162)
at org.apache.maven.surefire.booter.ForkedBooter.run(ForkedBooter.java:562)
at org.apache.maven.surefire.booter.ForkedBooter.main(ForkedBooter.java:548)
]]>
            </full-stacktrace>
          </exception> <!-- org.openqa.selenium.SessionNotCreatedException -->
          <reporter-output>
          </reporter-output>
        </test-method> <!-- testVerifyLoginWithInvalidPassword -->
        <test-method is-config="true" signature="startExtent(java.lang.reflect.Method)[pri:0, instance:signIn.SignInTest@10d307f1]" started-at="2020-09-25T23:29:05 PDT" name="startExtent" finished-at="1969-12-31T16:00:00 PST" duration-ms="-1601101745922" status="SKIP">
          <reporter-output>
          </reporter-output>
        </test-method> <!-- startExtent -->
        <test-method is-config="true" signature="getInit()[pri:0, instance:signIn.SignInTest@10d307f1]" started-at="2020-09-25T23:29:05 PDT" name="getInit" finished-at="1969-12-31T16:00:00 PST" duration-ms="-1601101745922" status="SKIP">
          <reporter-output>
          </reporter-output>
        </test-method> <!-- getInit -->
        <test-method is-config="true" signature="afterEachTestMethod(org.testng.ITestResult)[pri:0, instance:signIn.SignInTest@10d307f1]" started-at="2020-09-25T23:29:05 PDT" name="afterEachTestMethod" finished-at="1969-12-31T16:00:00 PST" duration-ms="-1601101745922" status="SKIP">
          <reporter-output>
          </reporter-output>
        </test-method> <!-- afterEachTestMethod -->
        <test-method is-config="true" signature="setUp(boolean, java.lang.String, java.lang.String, java.lang.String, java.lang.String, java.lang.String, java.lang.String)[pri:0, instance:signIn.SignInTest@10d307f1]" started-at="2020-09-25T23:29:05 PDT" name="setUp" finished-at="1969-12-31T16:00:00 PST" duration-ms="-1601101745922" status="SKIP">
          <reporter-output>
          </reporter-output>
        </test-method> <!-- setUp -->
        <test-method signature="testVerifyThatErrorIsDisplayedWhenLoggingInWithInvalidEmailAddressFormat()[pri:0, instance:signIn.SignInTest@10d307f1]" started-at="2020-09-25T23:29:05 PDT" name="testVerifyThatErrorIsDisplayedWhenLoggingInWithInvalidEmailAddressFormat" finished-at="2020-09-25T23:29:05 PDT" duration-ms="0" status="SKIP">
          <exception class="org.openqa.selenium.SessionNotCreatedException">
            <message>
              <![CDATA[session not created
from disconnected: unable to connect to renderer
  (Session info: chrome=85.0.4183.121)
Build info: version: '3.141.59', revision: 'e82be7d358', time: '2018-11-14T08:17:03'
System info: host: 'DESKTOP-F15B8L7', ip: '169.254.252.52', os.name: 'Windows 10', os.arch: 'amd64', os.version: '10.0', java.version: '11.0.5'
Driver info: driver.version: ChromeDriver
remote stacktrace: Backtrace:
Ordinal0 [0x00A287E3+2852835]
Ordinal0 [0x00915BB1+1727409]
Ordinal0 [0x007EE4B9+517305]
Ordinal0 [0x007E4EA3+478883]
Ordinal0 [0x007EF300+520960]
Ordinal0 [0x0079E489+189577]
Ordinal0 [0x0079D7FD+186365]
Ordinal0 [0x0079B70B+177931]
Ordinal0 [0x00782584+75140]
Ordinal0 [0x00783650+79440]
Ordinal0 [0x007835E9+79337]
Ordinal0 [0x0092AD5C+1813852]
GetHandleVerifier [0x00B4C616+1075574]
GetHandleVerifier [0x00B4C367+1074887]
GetHandleVerifier [0x00B57497+1120247]
GetHandleVerifier [0x00B4CC16+1077110]
Ordinal0 [0x00923206+1782278]
Ordinal0 [0x0092C3BB+1819579]
Ordinal0 [0x0092C523+1819939]
Ordinal0 [0x00942B45+1911621]
BaseThreadInitThunk [0x75C66359+25]
RtlGetAppContainerNamedObjectPath [0x77077C24+228]
RtlGetAppContainerNamedObjectPath [0x77077BF4+180]
]]>
            </message>
            <full-stacktrace>
              <![CDATA[org.openqa.selenium.SessionNotCreatedException: session not created
from disconnected: unable to connect to renderer
  (Session info: chrome=85.0.4183.121)
Build info: version: '3.141.59', revision: 'e82be7d358', time: '2018-11-14T08:17:03'
System info: host: 'DESKTOP-F15B8L7', ip: '169.254.252.52', os.name: 'Windows 10', os.arch: 'amd64', os.version: '10.0', java.version: '11.0.5'
Driver info: driver.version: ChromeDriver
remote stacktrace: Backtrace:
Ordinal0 [0x00A287E3+2852835]
Ordinal0 [0x00915BB1+1727409]
Ordinal0 [0x007EE4B9+517305]
Ordinal0 [0x007E4EA3+478883]
Ordinal0 [0x007EF300+520960]
Ordinal0 [0x0079E489+189577]
Ordinal0 [0x0079D7FD+186365]
Ordinal0 [0x0079B70B+177931]
Ordinal0 [0x00782584+75140]
Ordinal0 [0x00783650+79440]
Ordinal0 [0x007835E9+79337]
Ordinal0 [0x0092AD5C+1813852]
GetHandleVerifier [0x00B4C616+1075574]
GetHandleVerifier [0x00B4C367+1074887]
GetHandleVerifier [0x00B57497+1120247]
GetHandleVerifier [0x00B4CC16+1077110]
Ordinal0 [0x00923206+1782278]
Ordinal0 [0x0092C3BB+1819579]
Ordinal0 [0x0092C523+1819939]
Ordinal0 [0x00942B45+1911621]
BaseThreadInitThunk [0x75C66359+25]
RtlGetAppContainerNamedObjectPath [0x77077C24+228]
RtlGetAppContainerNamedObjectPath [0x77077BF4+180]

at java.base/jdk.internal.reflect.NativeConstructorAccessorImpl.newInstance0(Native Method)
at java.base/jdk.internal.reflect.NativeConstructorAccessorImpl.newInstance(NativeConstructorAccessorImpl.java:62)
at java.base/jdk.internal.reflect.DelegatingConstructorAccessorImpl.newInstance(DelegatingConstructorAccessorImpl.java:45)
at java.base/java.lang.reflect.Constructor.newInstance(Constructor.java:490)
at org.openqa.selenium.remote.W3CHandshakeResponse.lambda$errorHandler$0(W3CHandshakeResponse.java:62)
at org.openqa.selenium.remote.HandshakeResponse.lambda$getResponseFunction$0(HandshakeResponse.java:30)
at org.openqa.selenium.remote.ProtocolHandshake.lambda$createSession$0(ProtocolHandshake.java:126)
at java.base/java.util.stream.ReferencePipeline$3$1.accept(ReferencePipeline.java:195)
at java.base/java.util.Spliterators$ArraySpliterator.tryAdvance(Spliterators.java:958)
at java.base/java.util.stream.ReferencePipeline.forEachWithCancel(ReferencePipeline.java:127)
at java.base/java.util.stream.AbstractPipeline.copyIntoWithCancel(AbstractPipeline.java:502)
at java.base/java.util.stream.AbstractPipeline.copyInto(AbstractPipeline.java:488)
at java.base/java.util.stream.AbstractPipeline.wrapAndCopyInto(AbstractPipeline.java:474)
at java.base/java.util.stream.FindOps$FindOp.evaluateSequential(FindOps.java:150)
at java.base/java.util.stream.AbstractPipeline.evaluate(AbstractPipeline.java:234)
at java.base/java.util.stream.ReferencePipeline.findFirst(ReferencePipeline.java:543)
at org.openqa.selenium.remote.ProtocolHandshake.createSession(ProtocolHandshake.java:128)
at org.openqa.selenium.remote.ProtocolHandshake.createSession(ProtocolHandshake.java:74)
at org.openqa.selenium.remote.HttpCommandExecutor.execute(HttpCommandExecutor.java:136)
at org.openqa.selenium.remote.service.DriverCommandExecutor.execute(DriverCommandExecutor.java:83)
at org.openqa.selenium.remote.RemoteWebDriver.execute(RemoteWebDriver.java:552)
at org.openqa.selenium.remote.RemoteWebDriver.startSession(RemoteWebDriver.java:213)
at org.openqa.selenium.remote.RemoteWebDriver.<init>(RemoteWebDriver.java:131)
at org.openqa.selenium.chrome.ChromeDriver.<init>(ChromeDriver.java:181)
at org.openqa.selenium.chrome.ChromeDriver.<init>(ChromeDriver.java:168)
at org.openqa.selenium.chrome.ChromeDriver.<init>(ChromeDriver.java:157)
at base.CommonAPI.getLocalDriver(CommonAPI.java:168)
at base.CommonAPI.setUp(CommonAPI.java:144)
at jdk.internal.reflect.GeneratedMethodAccessor27.invoke(Unknown Source)
at java.base/jdk.internal.reflect.DelegatingMethodAccessorImpl.invoke(DelegatingMethodAccessorImpl.java:43)
at java.base/java.lang.reflect.Method.invoke(Method.java:566)
at org.testng.internal.MethodInvocationHelper.invokeMethod(MethodInvocationHelper.java:134)
at org.testng.internal.MethodInvocationHelper.invokeMethodConsideringTimeout(MethodInvocationHelper.java:63)
at org.testng.internal.ConfigInvoker.invokeConfigurationMethod(ConfigInvoker.java:348)
at org.testng.internal.ConfigInvoker.invokeConfigurations(ConfigInvoker.java:302)
at org.testng.internal.TestInvoker.runConfigMethods(TestInvoker.java:695)
at org.testng.internal.TestInvoker.invokeMethod(TestInvoker.java:523)
at org.testng.internal.TestInvoker.invokeTestMethod(TestInvoker.java:173)
at org.testng.internal.MethodRunner.runInSequence(MethodRunner.java:46)
at org.testng.internal.TestInvoker$MethodInvocationAgent.invoke(TestInvoker.java:816)
at org.testng.internal.TestInvoker.invokeTestMethods(TestInvoker.java:146)
at org.testng.internal.TestMethodWorker.invokeTestMethods(TestMethodWorker.java:146)
at org.testng.internal.TestMethodWorker.run(TestMethodWorker.java:128)
at java.base/java.util.ArrayList.forEach(ArrayList.java:1540)
at org.testng.TestRunner.privateRun(TestRunner.java:766)
at org.testng.TestRunner.run(TestRunner.java:587)
at org.testng.SuiteRunner.runTest(SuiteRunner.java:384)
at org.testng.SuiteRunner.runSequentially(SuiteRunner.java:378)
at org.testng.SuiteRunner.privateRun(SuiteRunner.java:337)
at org.testng.SuiteRunner.run(SuiteRunner.java:286)
at org.testng.SuiteRunnerWorker.runSuite(SuiteRunnerWorker.java:53)
at org.testng.SuiteRunnerWorker.run(SuiteRunnerWorker.java:96)
at org.testng.TestNG.runSuitesSequentially(TestNG.java:1187)
at org.testng.TestNG.runSuitesLocally(TestNG.java:1109)
at org.testng.TestNG.runSuites(TestNG.java:1039)
at org.testng.TestNG.run(TestNG.java:1007)
at org.apache.maven.surefire.testng.TestNGExecutor.run(TestNGExecutor.java:284)
at org.apache.maven.surefire.testng.TestNGXmlTestSuite.execute(TestNGXmlTestSuite.java:75)
at org.apache.maven.surefire.testng.TestNGProvider.invoke(TestNGProvider.java:119)
at org.apache.maven.surefire.booter.ForkedBooter.runSuitesInProcess(ForkedBooter.java:428)
at org.apache.maven.surefire.booter.ForkedBooter.execute(ForkedBooter.java:162)
at org.apache.maven.surefire.booter.ForkedBooter.run(ForkedBooter.java:562)
at org.apache.maven.surefire.booter.ForkedBooter.main(ForkedBooter.java:548)
]]>
            </full-stacktrace>
          </exception> <!-- org.openqa.selenium.SessionNotCreatedException -->
          <reporter-output>
          </reporter-output>
        </test-method> <!-- testVerifyThatErrorIsDisplayedWhenLoggingInWithInvalidEmailAddressFormat -->
        <test-method is-config="true" signature="cleanUp()[pri:0, instance:signIn.SignInTest@10d307f1]" started-at="2020-09-25T23:29:05 PDT" name="cleanUp" finished-at="2020-09-25T23:29:05 PDT" duration-ms="0" status="PASS">
          <reporter-output>
          </reporter-output>
        </test-method> <!-- cleanUp -->
        <test-method is-config="true" signature="getInit()[pri:0, instance:signIn.SignInTest@10d307f1]" started-at="2020-09-25T23:29:05 PDT" name="getInit" finished-at="1969-12-31T16:00:00 PST" duration-ms="-1601101745923" status="SKIP">
          <reporter-output>
          </reporter-output>
        </test-method> <!-- getInit -->
        <test-method is-config="true" signature="setUp(boolean, java.lang.String, java.lang.String, java.lang.String, java.lang.String, java.lang.String, java.lang.String)[pri:0, instance:signIn.SignInTest@10d307f1]" started-at="2020-09-25T23:29:05 PDT" name="setUp" finished-at="1969-12-31T16:00:00 PST" duration-ms="-1601101745923" status="SKIP">
          <reporter-output>
          </reporter-output>
        </test-method> <!-- setUp -->
        <test-method is-config="true" signature="startExtent(java.lang.reflect.Method)[pri:0, instance:signIn.SignInTest@10d307f1]" started-at="2020-09-25T23:29:05 PDT" name="startExtent" finished-at="1969-12-31T16:00:00 PST" duration-ms="-1601101745923" status="SKIP">
          <reporter-output>
          </reporter-output>
        </test-method> <!-- startExtent -->
        <test-method is-config="true" signature="afterEachTestMethod(org.testng.ITestResult)[pri:0, instance:signIn.SignInTest@10d307f1]" started-at="2020-09-25T23:29:05 PDT" name="afterEachTestMethod" finished-at="1969-12-31T16:00:00 PST" duration-ms="-1601101745923" status="SKIP">
          <reporter-output>
          </reporter-output>
        </test-method> <!-- afterEachTestMethod -->
        <test-method is-config="true" signature="cleanUp()[pri:0, instance:signIn.SignInTest@10d307f1]" started-at="2020-09-25T23:29:05 PDT" name="cleanUp" finished-at="2020-09-25T23:29:05 PDT" duration-ms="0" status="PASS">
          <reporter-output>
          </reporter-output>
        </test-method> <!-- cleanUp -->
        <test-method signature="testVerifyWeCannotFindAnAccountWithThatEmailAddressAlertIsDisplayed()[pri:0, instance:signIn.SignInTest@10d307f1]" started-at="2020-09-25T23:29:05 PDT" name="testVerifyWeCannotFindAnAccountWithThatEmailAddressAlertIsDisplayed" finished-at="2020-09-25T23:29:05 PDT" duration-ms="0" status="SKIP">
          <exception class="org.openqa.selenium.SessionNotCreatedException">
            <message>
              <![CDATA[session not created
from disconnected: unable to connect to renderer
  (Session info: chrome=85.0.4183.121)
Build info: version: '3.141.59', revision: 'e82be7d358', time: '2018-11-14T08:17:03'
System info: host: 'DESKTOP-F15B8L7', ip: '169.254.252.52', os.name: 'Windows 10', os.arch: 'amd64', os.version: '10.0', java.version: '11.0.5'
Driver info: driver.version: ChromeDriver
remote stacktrace: Backtrace:
Ordinal0 [0x00A287E3+2852835]
Ordinal0 [0x00915BB1+1727409]
Ordinal0 [0x007EE4B9+517305]
Ordinal0 [0x007E4EA3+478883]
Ordinal0 [0x007EF300+520960]
Ordinal0 [0x0079E489+189577]
Ordinal0 [0x0079D7FD+186365]
Ordinal0 [0x0079B70B+177931]
Ordinal0 [0x00782584+75140]
Ordinal0 [0x00783650+79440]
Ordinal0 [0x007835E9+79337]
Ordinal0 [0x0092AD5C+1813852]
GetHandleVerifier [0x00B4C616+1075574]
GetHandleVerifier [0x00B4C367+1074887]
GetHandleVerifier [0x00B57497+1120247]
GetHandleVerifier [0x00B4CC16+1077110]
Ordinal0 [0x00923206+1782278]
Ordinal0 [0x0092C3BB+1819579]
Ordinal0 [0x0092C523+1819939]
Ordinal0 [0x00942B45+1911621]
BaseThreadInitThunk [0x75C66359+25]
RtlGetAppContainerNamedObjectPath [0x77077C24+228]
RtlGetAppContainerNamedObjectPath [0x77077BF4+180]
]]>
            </message>
            <full-stacktrace>
              <![CDATA[org.openqa.selenium.SessionNotCreatedException: session not created
from disconnected: unable to connect to renderer
  (Session info: chrome=85.0.4183.121)
Build info: version: '3.141.59', revision: 'e82be7d358', time: '2018-11-14T08:17:03'
System info: host: 'DESKTOP-F15B8L7', ip: '169.254.252.52', os.name: 'Windows 10', os.arch: 'amd64', os.version: '10.0', java.version: '11.0.5'
Driver info: driver.version: ChromeDriver
remote stacktrace: Backtrace:
Ordinal0 [0x00A287E3+2852835]
Ordinal0 [0x00915BB1+1727409]
Ordinal0 [0x007EE4B9+517305]
Ordinal0 [0x007E4EA3+478883]
Ordinal0 [0x007EF300+520960]
Ordinal0 [0x0079E489+189577]
Ordinal0 [0x0079D7FD+186365]
Ordinal0 [0x0079B70B+177931]
Ordinal0 [0x00782584+75140]
Ordinal0 [0x00783650+79440]
Ordinal0 [0x007835E9+79337]
Ordinal0 [0x0092AD5C+1813852]
GetHandleVerifier [0x00B4C616+1075574]
GetHandleVerifier [0x00B4C367+1074887]
GetHandleVerifier [0x00B57497+1120247]
GetHandleVerifier [0x00B4CC16+1077110]
Ordinal0 [0x00923206+1782278]
Ordinal0 [0x0092C3BB+1819579]
Ordinal0 [0x0092C523+1819939]
Ordinal0 [0x00942B45+1911621]
BaseThreadInitThunk [0x75C66359+25]
RtlGetAppContainerNamedObjectPath [0x77077C24+228]
RtlGetAppContainerNamedObjectPath [0x77077BF4+180]

at java.base/jdk.internal.reflect.NativeConstructorAccessorImpl.newInstance0(Native Method)
at java.base/jdk.internal.reflect.NativeConstructorAccessorImpl.newInstance(NativeConstructorAccessorImpl.java:62)
at java.base/jdk.internal.reflect.DelegatingConstructorAccessorImpl.newInstance(DelegatingConstructorAccessorImpl.java:45)
at java.base/java.lang.reflect.Constructor.newInstance(Constructor.java:490)
at org.openqa.selenium.remote.W3CHandshakeResponse.lambda$errorHandler$0(W3CHandshakeResponse.java:62)
at org.openqa.selenium.remote.HandshakeResponse.lambda$getResponseFunction$0(HandshakeResponse.java:30)
at org.openqa.selenium.remote.ProtocolHandshake.lambda$createSession$0(ProtocolHandshake.java:126)
at java.base/java.util.stream.ReferencePipeline$3$1.accept(ReferencePipeline.java:195)
at java.base/java.util.Spliterators$ArraySpliterator.tryAdvance(Spliterators.java:958)
at java.base/java.util.stream.ReferencePipeline.forEachWithCancel(ReferencePipeline.java:127)
at java.base/java.util.stream.AbstractPipeline.copyIntoWithCancel(AbstractPipeline.java:502)
at java.base/java.util.stream.AbstractPipeline.copyInto(AbstractPipeline.java:488)
at java.base/java.util.stream.AbstractPipeline.wrapAndCopyInto(AbstractPipeline.java:474)
at java.base/java.util.stream.FindOps$FindOp.evaluateSequential(FindOps.java:150)
at java.base/java.util.stream.AbstractPipeline.evaluate(AbstractPipeline.java:234)
at java.base/java.util.stream.ReferencePipeline.findFirst(ReferencePipeline.java:543)
at org.openqa.selenium.remote.ProtocolHandshake.createSession(ProtocolHandshake.java:128)
at org.openqa.selenium.remote.ProtocolHandshake.createSession(ProtocolHandshake.java:74)
at org.openqa.selenium.remote.HttpCommandExecutor.execute(HttpCommandExecutor.java:136)
at org.openqa.selenium.remote.service.DriverCommandExecutor.execute(DriverCommandExecutor.java:83)
at org.openqa.selenium.remote.RemoteWebDriver.execute(RemoteWebDriver.java:552)
at org.openqa.selenium.remote.RemoteWebDriver.startSession(RemoteWebDriver.java:213)
at org.openqa.selenium.remote.RemoteWebDriver.<init>(RemoteWebDriver.java:131)
at org.openqa.selenium.chrome.ChromeDriver.<init>(ChromeDriver.java:181)
at org.openqa.selenium.chrome.ChromeDriver.<init>(ChromeDriver.java:168)
at org.openqa.selenium.chrome.ChromeDriver.<init>(ChromeDriver.java:157)
at base.CommonAPI.getLocalDriver(CommonAPI.java:168)
at base.CommonAPI.setUp(CommonAPI.java:144)
at jdk.internal.reflect.GeneratedMethodAccessor27.invoke(Unknown Source)
at java.base/jdk.internal.reflect.DelegatingMethodAccessorImpl.invoke(DelegatingMethodAccessorImpl.java:43)
at java.base/java.lang.reflect.Method.invoke(Method.java:566)
at org.testng.internal.MethodInvocationHelper.invokeMethod(MethodInvocationHelper.java:134)
at org.testng.internal.MethodInvocationHelper.invokeMethodConsideringTimeout(MethodInvocationHelper.java:63)
at org.testng.internal.ConfigInvoker.invokeConfigurationMethod(ConfigInvoker.java:348)
at org.testng.internal.ConfigInvoker.invokeConfigurations(ConfigInvoker.java:302)
at org.testng.internal.TestInvoker.runConfigMethods(TestInvoker.java:695)
at org.testng.internal.TestInvoker.invokeMethod(TestInvoker.java:523)
at org.testng.internal.TestInvoker.invokeTestMethod(TestInvoker.java:173)
at org.testng.internal.MethodRunner.runInSequence(MethodRunner.java:46)
at org.testng.internal.TestInvoker$MethodInvocationAgent.invoke(TestInvoker.java:816)
at org.testng.internal.TestInvoker.invokeTestMethods(TestInvoker.java:146)
at org.testng.internal.TestMethodWorker.invokeTestMethods(TestMethodWorker.java:146)
at org.testng.internal.TestMethodWorker.run(TestMethodWorker.java:128)
at java.base/java.util.ArrayList.forEach(ArrayList.java:1540)
at org.testng.TestRunner.privateRun(TestRunner.java:766)
at org.testng.TestRunner.run(TestRunner.java:587)
at org.testng.SuiteRunner.runTest(SuiteRunner.java:384)
at org.testng.SuiteRunner.runSequentially(SuiteRunner.java:378)
at org.testng.SuiteRunner.privateRun(SuiteRunner.java:337)
at org.testng.SuiteRunner.run(SuiteRunner.java:286)
at org.testng.SuiteRunnerWorker.runSuite(SuiteRunnerWorker.java:53)
at org.testng.SuiteRunnerWorker.run(SuiteRunnerWorker.java:96)
at org.testng.TestNG.runSuitesSequentially(TestNG.java:1187)
at org.testng.TestNG.runSuitesLocally(TestNG.java:1109)
at org.testng.TestNG.runSuites(TestNG.java:1039)
at org.testng.TestNG.run(TestNG.java:1007)
at org.apache.maven.surefire.testng.TestNGExecutor.run(TestNGExecutor.java:284)
at org.apache.maven.surefire.testng.TestNGXmlTestSuite.execute(TestNGXmlTestSuite.java:75)
at org.apache.maven.surefire.testng.TestNGProvider.invoke(TestNGProvider.java:119)
at org.apache.maven.surefire.booter.ForkedBooter.runSuitesInProcess(ForkedBooter.java:428)
at org.apache.maven.surefire.booter.ForkedBooter.execute(ForkedBooter.java:162)
at org.apache.maven.surefire.booter.ForkedBooter.run(ForkedBooter.java:562)
at org.apache.maven.surefire.booter.ForkedBooter.main(ForkedBooter.java:548)
]]>
            </full-stacktrace>
          </exception> <!-- org.openqa.selenium.SessionNotCreatedException -->
          <reporter-output>
          </reporter-output>
        </test-method> <!-- testVerifyWeCannotFindAnAccountWithThatEmailAddressAlertIsDisplayed -->
        <test-method is-config="true" signature="cleanUp()[pri:0, instance:signIn.SignInTest@10d307f1]" started-at="2020-09-25T23:29:05 PDT" name="cleanUp" finished-at="2020-09-25T23:29:05 PDT" duration-ms="0" status="PASS">
          <reporter-output>
          </reporter-output>
        </test-method> <!-- cleanUp -->
        <test-method is-config="true" signature="afterEachTestMethod(org.testng.ITestResult)[pri:0, instance:signIn.SignInTest@10d307f1]" started-at="2020-09-25T23:29:05 PDT" name="afterEachTestMethod" finished-at="1969-12-31T16:00:00 PST" duration-ms="-1601101745924" status="SKIP">
          <reporter-output>
          </reporter-output>
        </test-method> <!-- afterEachTestMethod -->
        <test-method is-config="true" signature="setUp(boolean, java.lang.String, java.lang.String, java.lang.String, java.lang.String, java.lang.String, java.lang.String)[pri:0, instance:signIn.SignInTest@10d307f1]" started-at="2020-09-25T23:29:05 PDT" name="setUp" finished-at="1969-12-31T16:00:00 PST" duration-ms="-1601101745927" status="SKIP">
          <reporter-output>
          </reporter-output>
        </test-method> <!-- setUp -->
[...]
          <reporter-output>
          </reporter-output>
        </test-method> <!-- getInit -->
        <test-method is-config="true" signature="cleanUp()[pri:0, instance:home.HomePageTest@6f46426d]" started-at="2020-09-25T23:26:06 PDT" name="cleanUp" finished-at="2020-09-25T23:26:06 PDT" duration-ms="1" status="PASS">
          <reporter-output>
          </reporter-output>
        </test-method> <!-- cleanUp -->
        <test-method is-config="true" signature="afterEachTestMethod(org.testng.ITestResult)[pri:0, instance:home.HomePageTest@6f46426d]" started-at="2020-09-25T23:26:06 PDT" name="afterEachTestMethod" finished-at="1969-12-31T16:00:00 PST" duration-ms="-1601101566598" status="SKIP">
          <reporter-output>
          </reporter-output>
        </test-method> <!-- afterEachTestMethod -->
        <test-method is-config="true" signature="setUp(boolean, java.lang.String, java.lang.String, java.lang.String, java.lang.String, java.lang.String, java.lang.String)[pri:0, instance:home.HomePageTest@6f46426d]" started-at="2020-09-25T23:26:06 PDT" name="setUp" finished-at="1969-12-31T16:00:00 PST" duration-ms="-1601101566598" status="SKIP">
          <reporter-output>
          </reporter-output>
        </test-method> <!-- setUp -->
        <test-method signature="testvalidateClickSellTabByTitle()[pri:0, instance:home.HomePageTest@6f46426d]" started-at="2020-09-25T23:26:06 PDT" name="testvalidateClickSellTabByTitle" finished-at="2020-09-25T23:26:06 PDT" duration-ms="0" status="SKIP">
          <exception class="org.openqa.selenium.SessionNotCreatedException">
            <message>
              <![CDATA[session not created
from disconnected: unable to connect to renderer
  (Session info: chrome=85.0.4183.121)
Build info: version: '3.141.59', revision: 'e82be7d358', time: '2018-11-14T08:17:03'
System info: host: 'DESKTOP-F15B8L7', ip: '169.254.252.52', os.name: 'Windows 10', os.arch: 'amd64', os.version: '10.0', java.version: '11.0.5'
Driver info: driver.version: ChromeDriver
remote stacktrace: Backtrace:
Ordinal0 [0x00A287E3+2852835]
Ordinal0 [0x00915BB1+1727409]
Ordinal0 [0x007EE4B9+517305]
Ordinal0 [0x007E4EA3+478883]
Ordinal0 [0x007EF300+520960]
Ordinal0 [0x0079E489+189577]
Ordinal0 [0x0079D7FD+186365]
Ordinal0 [0x0079B70B+177931]
Ordinal0 [0x00782584+75140]
Ordinal0 [0x00783650+79440]
Ordinal0 [0x007835E9+79337]
Ordinal0 [0x0092AD5C+1813852]
GetHandleVerifier [0x00B4C616+1075574]
GetHandleVerifier [0x00B4C367+1074887]
GetHandleVerifier [0x00B57497+1120247]
GetHandleVerifier [0x00B4CC16+1077110]
Ordinal0 [0x00923206+1782278]
Ordinal0 [0x0092C3BB+1819579]
Ordinal0 [0x0092C523+1819939]
Ordinal0 [0x00942B45+1911621]
BaseThreadInitThunk [0x75C66359+25]
RtlGetAppContainerNamedObjectPath [0x77077C24+228]
RtlGetAppContainerNamedObjectPath [0x77077BF4+180]
]]>
            </message>
            <full-stacktrace>
              <![CDATA[org.openqa.selenium.SessionNotCreatedException: session not created
from disconnected: unable to connect to renderer
  (Session info: chrome=85.0.4183.121)
Build info: version: '3.141.59', revision: 'e82be7d358', time: '2018-11-14T08:17:03'
System info: host: 'DESKTOP-F15B8L7', ip: '169.254.252.52', os.name: 'Windows 10', os.arch: 'amd64', os.version: '10.0', java.version: '11.0.5'
Driver info: driver.version: ChromeDriver
remote stacktrace: Backtrace:
Ordinal0 [0x00A287E3+2852835]
Ordinal0 [0x00915BB1+1727409]
Ordinal0 [0x007EE4B9+517305]
Ordinal0 [0x007E4EA3+478883]
Ordinal0 [0x007EF300+520960]
Ordinal0 [0x0079E489+189577]
Ordinal0 [0x0079D7FD+186365]
Ordinal0 [0x0079B70B+177931]
Ordinal0 [0x00782584+75140]
Ordinal0 [0x00783650+79440]
Ordinal0 [0x007835E9+79337]
Ordinal0 [0x0092AD5C+1813852]
GetHandleVerifier [0x00B4C616+1075574]
GetHandleVerifier [0x00B4C367+1074887]
GetHandleVerifier [0x00B57497+1120247]
GetHandleVerifier [0x00B4CC16+1077110]
Ordinal0 [0x00923206+1782278]
Ordinal0 [0x0092C3BB+1819579]
Ordinal0 [0x0092C523+1819939]
Ordinal0 [0x00942B45+1911621]
BaseThreadInitThunk [0x75C66359+25]
RtlGetAppContainerNamedObjectPath [0x77077C24+228]
RtlGetAppContainerNamedObjectPath [0x77077BF4+180]

at java.base/jdk.internal.reflect.NativeConstructorAccessorImpl.newInstance0(Native Method)
at java.base/jdk.internal.reflect.NativeConstructorAccessorImpl.newInstance(NativeConstructorAccessorImpl.java:62)
at java.base/jdk.internal.reflect.DelegatingConstructorAccessorImpl.newInstance(DelegatingConstructorAccessorImpl.java:45)
at java.base/java.lang.reflect.Constructor.newInstance(Constructor.java:490)
at org.openqa.selenium.remote.W3CHandshakeResponse.lambda$errorHandler$0(W3CHandshakeResponse.java:62)
at org.openqa.selenium.remote.HandshakeResponse.lambda$getResponseFunction$0(HandshakeResponse.java:30)
at org.openqa.selenium.remote.ProtocolHandshake.lambda$createSession$0(ProtocolHandshake.java:126)
at java.base/java.util.stream.ReferencePipeline$3$1.accept(ReferencePipeline.java:195)
at java.base/java.util.Spliterators$ArraySpliterator.tryAdvance(Spliterators.java:958)
at java.base/java.util.stream.ReferencePipeline.forEachWithCancel(ReferencePipeline.java:127)
at java.base/java.util.stream.AbstractPipeline.copyIntoWithCancel(AbstractPipeline.java:502)
at java.base/java.util.stream.AbstractPipeline.copyInto(AbstractPipeline.java:488)
at java.base/java.util.stream.AbstractPipeline.wrapAndCopyInto(AbstractPipeline.java:474)
at java.base/java.util.stream.FindOps$FindOp.evaluateSequential(FindOps.java:150)
at java.base/java.util.stream.AbstractPipeline.evaluate(AbstractPipeline.java:234)
at java.base/java.util.stream.ReferencePipeline.findFirst(ReferencePipeline.java:543)
at org.openqa.selenium.remote.ProtocolHandshake.createSession(ProtocolHandshake.java:128)
at org.openqa.selenium.remote.ProtocolHandshake.createSession(ProtocolHandshake.java:74)
at org.openqa.selenium.remote.HttpCommandExecutor.execute(HttpCommandExecutor.java:136)
at org.openqa.selenium.remote.service.DriverCommandExecutor.execute(DriverCommandExecutor.java:83)
at org.openqa.selenium.remote.RemoteWebDriver.execute(RemoteWebDriver.java:552)
at org.openqa.selenium.remote.RemoteWebDriver.startSession(RemoteWebDriver.java:213)
at org.openqa.selenium.remote.RemoteWebDriver.<init>(RemoteWebDriver.java:131)
at org.openqa.selenium.chrome.ChromeDriver.<init>(ChromeDriver.java:181)
at org.openqa.selenium.chrome.ChromeDriver.<init>(ChromeDriver.java:168)
at org.openqa.selenium.chrome.ChromeDriver.<init>(ChromeDriver.java:157)
at base.CommonAPI.getLocalDriver(CommonAPI.java:168)
at base.CommonAPI.setUp(CommonAPI.java:144)
at java.base/jdk.internal.reflect.NativeMethodAccessorImpl.invoke0(Native Method)
at java.base/jdk.internal.reflect.NativeMethodAccessorImpl.invoke(NativeMethodAccessorImpl.java:62)
at java.base/jdk.internal.reflect.DelegatingMethodAccessorImpl.invoke(DelegatingMethodAccessorImpl.java:43)
at java.base/java.lang.reflect.Method.invoke(Method.java:566)
at org.testng.internal.MethodInvocationHelper.invokeMethod(MethodInvocationHelper.java:134)
at org.testng.internal.MethodInvocationHelper.invokeMethodConsideringTimeout(MethodInvocationHelper.java:63)
at org.testng.internal.ConfigInvoker.invokeConfigurationMethod(ConfigInvoker.java:348)
at org.testng.internal.ConfigInvoker.invokeConfigurations(ConfigInvoker.java:302)
at org.testng.internal.TestInvoker.runConfigMethods(TestInvoker.java:695)
at org.testng.internal.TestInvoker.invokeMethod(TestInvoker.java:523)
at org.testng.internal.TestInvoker.invokeTestMethod(TestInvoker.java:173)
at org.testng.internal.MethodRunner.runInSequence(MethodRunner.java:46)
at org.testng.internal.TestInvoker$MethodInvocationAgent.invoke(TestInvoker.java:816)
at org.testng.internal.TestInvoker.invokeTestMethods(TestInvoker.java:146)
at org.testng.internal.TestMethodWorker.invokeTestMethods(TestMethodWorker.java:146)
at org.testng.internal.TestMethodWorker.run(TestMethodWorker.java:128)
at java.base/java.util.ArrayList.forEach(ArrayList.java:1540)
at org.testng.TestRunner.privateRun(TestRunner.java:766)
at org.testng.TestRunner.run(TestRunner.java:587)
at org.testng.SuiteRunner.runTest(SuiteRunner.java:384)
at org.testng.SuiteRunner.runSequentially(SuiteRunner.java:378)
at org.testng.SuiteRunner.privateRun(SuiteRunner.java:337)
at org.testng.SuiteRunner.run(SuiteRunner.java:286)
at org.testng.SuiteRunnerWorker.runSuite(SuiteRunnerWorker.java:53)
at org.testng.SuiteRunnerWorker.run(SuiteRunnerWorker.java:96)
at org.testng.TestNG.runSuitesSequentially(TestNG.java:1187)
at org.testng.TestNG.runSuitesLocally(TestNG.java:1109)
at org.testng.TestNG.runSuites(TestNG.java:1039)
at org.testng.TestNG.run(TestNG.java:1007)
at org.apache.maven.surefire.testng.TestNGExecutor.run(TestNGExecutor.java:284)
at org.apache.maven.surefire.testng.TestNGXmlTestSuite.execute(TestNGXmlTestSuite.java:75)
at org.apache.maven.surefire.testng.TestNGProvider.invoke(TestNGProvider.java:119)
at org.apache.maven.surefire.booter.ForkedBooter.runSuitesInProcess(ForkedBooter.java:428)
at org.apache.maven.surefire.booter.ForkedBooter.execute(ForkedBooter.java:162)
at org.apache.maven.surefire.booter.ForkedBooter.run(ForkedBooter.java:562)
at org.apache.maven.surefire.booter.ForkedBooter.main(ForkedBooter.java:548)
]]>
            </full-stacktrace>
          </exception> <!-- org.openqa.selenium.SessionNotCreatedException -->
          <reporter-output>
          </reporter-output>
        </test-method> <!-- testvalidateClickSellTabByTitle -->
        <test-method is-config="true" signature="startExtent(java.lang.reflect.Method)[pri:0, instance:home.HomePageTest@6f46426d]" started-at="2020-09-25T23:26:06 PDT" name="startExtent" finished-at="1969-12-31T16:00:00 PST" duration-ms="-1601101566598" status="SKIP">
          <reporter-output>
          </reporter-output>
        </test-method> <!-- startExtent -->
        <test-method is-config="true" signature="setUp(boolean, java.lang.String, java.lang.String, java.lang.String, java.lang.String, java.lang.String, java.lang.String)[pri:0, instance:home.HomePageTest@6f46426d]" started-at="2020-09-25T23:26:06 PDT" name="setUp" finished-at="1969-12-31T16:00:00 PST" duration-ms="-1601101566600" status="SKIP">
          <reporter-output>
          </reporter-output>
        </test-method> <!-- setUp -->
        <test-method is-config="true" signature="getInit()[pri:0, instance:home.HomePageTest@6f46426d]" started-at="2020-09-25T23:26:06 PDT" name="getInit" finished-at="1969-12-31T16:00:00 PST" duration-ms="-1601101566602" status="SKIP">
          <reporter-output>
          </reporter-output>
        </test-method> <!-- getInit -->
        <test-method signature="testverifyClickGiftCardsTabByText()[pri:0, instance:home.HomePageTest@6f46426d]" started-at="2020-09-25T23:26:06 PDT" name="testverifyClickGiftCardsTabByText" finished-at="2020-09-25T23:26:06 PDT" duration-ms="0" status="SKIP">
          <exception class="org.openqa.selenium.SessionNotCreatedException">
            <message>
              <![CDATA[session not created
from disconnected: unable to connect to renderer
  (Session info: chrome=85.0.4183.121)
Build info: version: '3.141.59', revision: 'e82be7d358', time: '2018-11-14T08:17:03'
System info: host: 'DESKTOP-F15B8L7', ip: '169.254.252.52', os.name: 'Windows 10', os.arch: 'amd64', os.version: '10.0', java.version: '11.0.5'
Driver info: driver.version: ChromeDriver
remote stacktrace: Backtrace:
Ordinal0 [0x00A287E3+2852835]
Ordinal0 [0x00915BB1+1727409]
Ordinal0 [0x007EE4B9+517305]
Ordinal0 [0x007E4EA3+478883]
Ordinal0 [0x007EF300+520960]
Ordinal0 [0x0079E489+189577]
Ordinal0 [0x0079D7FD+186365]
Ordinal0 [0x0079B70B+177931]
Ordinal0 [0x00782584+75140]
Ordinal0 [0x00783650+79440]
Ordinal0 [0x007835E9+79337]
Ordinal0 [0x0092AD5C+1813852]
GetHandleVerifier [0x00B4C616+1075574]
GetHandleVerifier [0x00B4C367+1074887]
GetHandleVerifier [0x00B57497+1120247]
GetHandleVerifier [0x00B4CC16+1077110]
Ordinal0 [0x00923206+1782278]
Ordinal0 [0x0092C3BB+1819579]
Ordinal0 [0x0092C523+1819939]
Ordinal0 [0x00942B45+1911621]
BaseThreadInitThunk [0x75C66359+25]
RtlGetAppContainerNamedObjectPath [0x77077C24+228]
RtlGetAppContainerNamedObjectPath [0x77077BF4+180]
]]>
            </message>
            <full-stacktrace>
              <![CDATA[org.openqa.selenium.SessionNotCreatedException: session not created
from disconnected: unable to connect to renderer
  (Session info: chrome=85.0.4183.121)
Build info: version: '3.141.59', revision: 'e82be7d358', time: '2018-11-14T08:17:03'
System info: host: 'DESKTOP-F15B8L7', ip: '169.254.252.52', os.name: 'Windows 10', os.arch: 'amd64', os.version: '10.0', java.version: '11.0.5'
Driver info: driver.version: ChromeDriver
remote stacktrace: Backtrace:
Ordinal0 [0x00A287E3+2852835]
Ordinal0 [0x00915BB1+1727409]
Ordinal0 [0x007EE4B9+517305]
Ordinal0 [0x007E4EA3+478883]
Ordinal0 [0x007EF300+520960]
Ordinal0 [0x0079E489+189577]
Ordinal0 [0x0079D7FD+186365]
Ordinal0 [0x0079B70B+177931]
Ordinal0 [0x00782584+75140]
Ordinal0 [0x00783650+79440]
Ordinal0 [0x007835E9+79337]
Ordinal0 [0x0092AD5C+1813852]
GetHandleVerifier [0x00B4C616+1075574]
GetHandleVerifier [0x00B4C367+1074887]
GetHandleVerifier [0x00B57497+1120247]
GetHandleVerifier [0x00B4CC16+1077110]
Ordinal0 [0x00923206+1782278]
Ordinal0 [0x0092C3BB+1819579]
Ordinal0 [0x0092C523+1819939]
Ordinal0 [0x00942B45+1911621]
BaseThreadInitThunk [0x75C66359+25]
RtlGetAppContainerNamedObjectPath [0x77077C24+228]
RtlGetAppContainerNamedObjectPath [0x77077BF4+180]

at java.base/jdk.internal.reflect.NativeConstructorAccessorImpl.newInstance0(Native Method)
at java.base/jdk.internal.reflect.NativeConstructorAccessorImpl.newInstance(NativeConstructorAccessorImpl.java:62)
at java.base/jdk.internal.reflect.DelegatingConstructorAccessorImpl.newInstance(DelegatingConstructorAccessorImpl.java:45)
at java.base/java.lang.reflect.Constructor.newInstance(Constructor.java:490)
at org.openqa.selenium.remote.W3CHandshakeResponse.lambda$errorHandler$0(W3CHandshakeResponse.java:62)
at org.openqa.selenium.remote.HandshakeResponse.lambda$getResponseFunction$0(HandshakeResponse.java:30)
at org.openqa.selenium.remote.ProtocolHandshake.lambda$createSession$0(ProtocolHandshake.java:126)
at java.base/java.util.stream.ReferencePipeline$3$1.accept(ReferencePipeline.java:195)
at java.base/java.util.Spliterators$ArraySpliterator.tryAdvance(Spliterators.java:958)
at java.base/java.util.stream.ReferencePipeline.forEachWithCancel(ReferencePipeline.java:127)
at java.base/java.util.stream.AbstractPipeline.copyIntoWithCancel(AbstractPipeline.java:502)
at java.base/java.util.stream.AbstractPipeline.copyInto(AbstractPipeline.java:488)
at java.base/java.util.stream.AbstractPipeline.wrapAndCopyInto(AbstractPipeline.java:474)
at java.base/java.util.stream.FindOps$FindOp.evaluateSequential(FindOps.java:150)
at java.base/java.util.stream.AbstractPipeline.evaluate(AbstractPipeline.java:234)
at java.base/java.util.stream.ReferencePipeline.findFirst(ReferencePipeline.java:543)
at org.openqa.selenium.remote.ProtocolHandshake.createSession(ProtocolHandshake.java:128)
at org.openqa.selenium.remote.ProtocolHandshake.createSession(ProtocolHandshake.java:74)
at org.openqa.selenium.remote.HttpCommandExecutor.execute(HttpCommandExecutor.java:136)
at org.openqa.selenium.remote.service.DriverCommandExecutor.execute(DriverCommandExecutor.java:83)
at org.openqa.selenium.remote.RemoteWebDriver.execute(RemoteWebDriver.java:552)
at org.openqa.selenium.remote.RemoteWebDriver.startSession(RemoteWebDriver.java:213)
at org.openqa.selenium.remote.RemoteWebDriver.<init>(RemoteWebDriver.java:131)
at org.openqa.selenium.chrome.ChromeDriver.<init>(ChromeDriver.java:181)
at org.openqa.selenium.chrome.ChromeDriver.<init>(ChromeDriver.java:168)
at org.openqa.selenium.chrome.ChromeDriver.<init>(ChromeDriver.java:157)
at base.CommonAPI.getLocalDriver(CommonAPI.java:168)
at base.CommonAPI.setUp(CommonAPI.java:144)
at java.base/jdk.internal.reflect.NativeMethodAccessorImpl.invoke0(Native Method)
at java.base/jdk.internal.reflect.NativeMethodAccessorImpl.invoke(NativeMethodAccessorImpl.java:62)
at java.base/jdk.internal.reflect.DelegatingMethodAccessorImpl.invoke(DelegatingMethodAccessorImpl.java:43)
at java.base/java.lang.reflect.Method.invoke(Method.java:566)
at org.testng.internal.MethodInvocationHelper.invokeMethod(MethodInvocationHelper.java:134)
at org.testng.internal.MethodInvocationHelper.invokeMethodConsideringTimeout(MethodInvocationHelper.java:63)
at org.testng.internal.ConfigInvoker.invokeConfigurationMethod(ConfigInvoker.java:348)
at org.testng.internal.ConfigInvoker.invokeConfigurations(ConfigInvoker.java:302)
at org.testng.internal.TestInvoker.runConfigMethods(TestInvoker.java:695)
at org.testng.internal.TestInvoker.invokeMethod(TestInvoker.java:523)
at org.testng.internal.TestInvoker.invokeTestMethod(TestInvoker.java:173)
at org.testng.internal.MethodRunner.runInSequence(MethodRunner.java:46)
at org.testng.internal.TestInvoker$MethodInvocationAgent.invoke(TestInvoker.java:816)
at org.testng.internal.TestInvoker.invokeTestMethods(TestInvoker.java:146)
at org.testng.internal.TestMethodWorker.invokeTestMethods(TestMethodWorker.java:146)
at org.testng.internal.TestMethodWorker.run(TestMethodWorker.java:128)
at java.base/java.util.ArrayList.forEach(ArrayList.java:1540)
at org.testng.TestRunner.privateRun(TestRunner.java:766)
at org.testng.TestRunner.run(TestRunner.java:587)
at org.testng.SuiteRunner.runTest(SuiteRunner.java:384)
at org.testng.SuiteRunner.runSequentially(SuiteRunner.java:378)
at org.testng.SuiteRunner.privateRun(SuiteRunner.java:337)
at org.testng.SuiteRunner.run(SuiteRunner.java:286)
at org.testng.SuiteRunnerWorker.runSuite(SuiteRunnerWorker.java:53)
at org.testng.SuiteRunnerWorker.run(SuiteRunnerWorker.java:96)
at org.testng.TestNG.runSuitesSequentially(TestNG.java:1187)
at org.testng.TestNG.runSuitesLocally(TestNG.java:1109)
at org.testng.TestNG.runSuites(TestNG.java:1039)
at org.testng.TestNG.run(TestNG.java:1007)
at org.apache.maven.surefire.testng.TestNGExecutor.run(TestNGExecutor.java:284)
at org.apache.maven.surefire.testng.TestNGXmlTestSuite.execute(TestNGXmlTestSuite.java:75)
at org.apache.maven.surefire.testng.TestNGProvider.invoke(TestNGProvider.java:119)
at org.apache.maven.surefire.booter.ForkedBooter.runSuitesInProcess(ForkedBooter.java:428)
at org.apache.maven.surefire.booter.ForkedBooter.execute(ForkedBooter.java:162)
at org.apache.maven.surefire.booter.ForkedBooter.run(ForkedBooter.java:562)
at org.apache.maven.surefire.booter.ForkedBooter.main(ForkedBooter.java:548)
]]>
            </full-stacktrace>
          </exception> <!-- org.openqa.selenium.SessionNotCreatedException -->
          <reporter-output>
          </reporter-output>
        </test-method> <!-- testverifyClickGiftCardsTabByText -->
        <test-method is-config="true" signature="startExtent(java.lang.reflect.Method)[pri:0, instance:home.HomePageTest@6f46426d]" started-at="2020-09-25T23:26:06 PDT" name="startExtent" finished-at="1969-12-31T16:00:00 PST" duration-ms="-1601101566602" status="SKIP">
          <reporter-output>
          </reporter-output>
        </test-method> <!-- startExtent -->
        <test-method is-config="true" signature="cleanUp()[pri:0, instance:home.HomePageTest@6f46426d]" started-at="2020-09-25T23:26:06 PDT" name="cleanUp" finished-at="2020-09-25T23:26:06 PDT" duration-ms="0" status="PASS">
          <reporter-output>
          </reporter-output>
        </test-method> <!-- cleanUp -->
        <test-method is-config="true" signature="afterEachTestMethod(org.testng.ITestResult)[pri:0, instance:home.HomePageTest@6f46426d]" started-at="2020-09-25T23:26:06 PDT" name="afterEachTestMethod" finished-at="1969-12-31T16:00:00 PST" duration-ms="-1601101566603" status="SKIP">
          <reporter-output>
          </reporter-output>
        </test-method> <!-- afterEachTestMethod -->
      </class> <!-- home.HomePageTest -->
    </test> <!-- Amazon Home -->
  </suite> <!-- Amazon Automation Test -->
</testng-results>
