<?xml version="1.0" encoding="UTF-8"?>
<testng-results ignored="0" total="5" passed="5" failed="0" skipped="0">
  <reporter-output>
    <line>
      <![CDATA[Extent Report DirectoryC:\Study\Selenium\Selenium\Frameworks\WebAutomationFramework_Team1\Amazon\target\surefire-reports\html]]>
    </line>
  </reporter-output>
  <suite started-at="2020-08-30T19:57:07 PDT" name="Amazon Automation Test" finished-at="2020-08-30T19:58:01 PDT" duration-ms="54047">
    <groups>
    </groups>
    <test started-at="2020-08-30T19:57:07 PDT" name="Amazon Home" finished-at="2020-08-30T19:58:01 PDT" duration-ms="54047">
      <class name="search.SearchTest">
        <test-method is-config="true" signature="extentSetup(org.testng.ITestContext)[pri:0, instance:search.SearchTest@3246fb96]" started-at="2020-08-30T19:57:06 PDT" name="extentSetup" finished-at="2020-08-30T19:57:07 PDT" duration-ms="420" status="PASS">
          <params>
            <param index="0">
              <value>
                <![CDATA[org.testng.TestRunner@4a7fd0c9]]>
              </value>
            </param>
          </params>
          <reporter-output>
            <line>
              <![CDATA[Extent Report DirectoryC:\Study\Selenium\Selenium\Frameworks\WebAutomationFramework_Team1\Amazon\target\surefire-reports\html]]>
            </line>
          </reporter-output>
        </test-method> <!-- extentSetup -->
        <test-method is-config="true" signature="setUp(boolean, java.lang.String, java.lang.String, java.lang.String, java.lang.String, java.lang.String, java.lang.String)[pri:0, instance:search.SearchTest@3246fb96]" started-at="2020-08-30T19:57:07 PDT" name="setUp" finished-at="2020-08-30T19:57:13 PDT" duration-ms="6543" status="PASS">
          <params>
            <param index="0">
              <value>
                <![CDATA[false]]>
              </value>
            </param>
            <param index="1">
              <value>
                <![CDATA[browserstack]]>
              </value>
            </param>
            <param index="2">
              <value>
                <![CDATA[Windows]]>
              </value>
            </param>
            <param index="3">
              <value>
                <![CDATA[10]]>
              </value>
            </param>
            <param index="4">
              <value>
                <![CDATA[chrome-options]]>
              </value>
            </param>
            <param index="5">
              <value>
                <![CDATA[85.0]]>
              </value>
            </param>
            <param index="6">
              <value>
                <![CDATA[https://www.amazon.com/]]>
              </value>
            </param>
          </params>
          <reporter-output>
          </reporter-output>
        </test-method> <!-- setUp -->
        <test-method is-config="true" signature="startExtent(java.lang.reflect.Method)[pri:0, instance:search.SearchTest@3246fb96]" started-at="2020-08-30T19:57:13 PDT" name="startExtent" finished-at="2020-08-30T19:57:13 PDT" duration-ms="8" status="PASS">
          <params>
            <param index="0">
              <value>
                <![CDATA[public void search.SearchTest.testSearchMultipleItems()]]>
              </value>
            </param>
          </params>
          <reporter-output>
          </reporter-output>
        </test-method> <!-- startExtent -->
        <test-method is-config="true" signature="getInit()[pri:0, instance:search.SearchTest@3246fb96]" started-at="2020-08-30T19:57:13 PDT" name="getInit" finished-at="2020-08-30T19:57:13 PDT" duration-ms="42" status="PASS">
          <reporter-output>
          </reporter-output>
        </test-method> <!-- getInit -->
        <test-method signature="testSearchMultipleItems()[pri:0, instance:search.SearchTest@3246fb96]" started-at="2020-08-30T19:57:13 PDT" name="testSearchMultipleItems" finished-at="2020-08-30T19:57:19 PDT" duration-ms="5802" status="PASS">
          <reporter-output>
          </reporter-output>
        </test-method> <!-- testSearchMultipleItems -->
        <test-method is-config="true" signature="afterEachTestMethod(org.testng.ITestResult)[pri:0, instance:search.SearchTest@3246fb96]" started-at="2020-08-30T19:57:19 PDT" name="afterEachTestMethod" finished-at="2020-08-30T19:57:21 PDT" duration-ms="1701" status="PASS">
          <params>
            <param index="0">
              <value>
                <![CDATA[[TestResult name=testSearchMultipleItems status=SUCCESS method=SearchTest.testSearchMultipleItems()[pri:0, instance:search.SearchTest@3246fb96] output={null}]]]>
              </value>
            </param>
          </params>
          <reporter-output>
          </reporter-output>
        </test-method> <!-- afterEachTestMethod -->
        <test-method is-config="true" signature="cleanUp()[pri:0, instance:search.SearchTest@3246fb96]" started-at="2020-08-30T19:57:21 PDT" name="cleanUp" finished-at="2020-08-30T19:57:21 PDT" duration-ms="0" status="PASS">
          <reporter-output>
          </reporter-output>
        </test-method> <!-- cleanUp -->
        <test-method is-config="true" signature="setUp(boolean, java.lang.String, java.lang.String, java.lang.String, java.lang.String, java.lang.String, java.lang.String)[pri:0, instance:search.SearchTest@3246fb96]" started-at="2020-08-30T19:57:21 PDT" name="setUp" finished-at="2020-08-30T19:57:26 PDT" duration-ms="5287" status="PASS">
          <params>
            <param index="0">
              <value>
                <![CDATA[false]]>
              </value>
            </param>
            <param index="1">
              <value>
                <![CDATA[browserstack]]>
              </value>
            </param>
            <param index="2">
              <value>
                <![CDATA[Windows]]>
              </value>
            </param>
            <param index="3">
              <value>
                <![CDATA[10]]>
              </value>
            </param>
            <param index="4">
              <value>
                <![CDATA[chrome-options]]>
              </value>
            </param>
            <param index="5">
              <value>
                <![CDATA[85.0]]>
              </value>
            </param>
            <param index="6">
              <value>
                <![CDATA[https://www.amazon.com/]]>
              </value>
            </param>
          </params>
          <reporter-output>
          </reporter-output>
        </test-method> <!-- setUp -->
        <test-method is-config="true" signature="startExtent(java.lang.reflect.Method)[pri:0, instance:search.SearchTest@3246fb96]" started-at="2020-08-30T19:57:26 PDT" name="startExtent" finished-at="2020-08-30T19:57:26 PDT" duration-ms="1" status="PASS">
          <params>
            <param index="0">
              <value>
                <![CDATA[public void search.SearchTest.testSearchSingleItem()]]>
              </value>
            </param>
          </params>
          <reporter-output>
          </reporter-output>
        </test-method> <!-- startExtent -->
        <test-method is-config="true" signature="getInit()[pri:0, instance:search.SearchTest@3246fb96]" started-at="2020-08-30T19:57:26 PDT" name="getInit" finished-at="2020-08-30T19:57:26 PDT" duration-ms="3" status="PASS">
          <reporter-output>
          </reporter-output>
        </test-method> <!-- getInit -->
        <test-method signature="testSearchSingleItem()[pri:0, instance:search.SearchTest@3246fb96]" started-at="2020-08-30T19:57:26 PDT" name="testSearchSingleItem" finished-at="2020-08-30T19:57:29 PDT" duration-ms="2871" status="PASS">
          <reporter-output>
          </reporter-output>
        </test-method> <!-- testSearchSingleItem -->
        <test-method is-config="true" signature="afterEachTestMethod(org.testng.ITestResult)[pri:0, instance:search.SearchTest@3246fb96]" started-at="2020-08-30T19:57:29 PDT" name="afterEachTestMethod" finished-at="2020-08-30T19:57:30 PDT" duration-ms="1060" status="PASS">
          <params>
            <param index="0">
              <value>
                <![CDATA[[TestResult name=testSearchSingleItem status=SUCCESS method=SearchTest.testSearchSingleItem()[pri:0, instance:search.SearchTest@3246fb96] output={null}]]]>
              </value>
            </param>
          </params>
          <reporter-output>
          </reporter-output>
        </test-method> <!-- afterEachTestMethod -->
        <test-method is-config="true" signature="cleanUp()[pri:0, instance:search.SearchTest@3246fb96]" started-at="2020-08-30T19:57:30 PDT" name="cleanUp" finished-at="2020-08-30T19:57:30 PDT" duration-ms="0" status="PASS">
          <reporter-output>
          </reporter-output>
        </test-method> <!-- cleanUp -->
        <test-method is-config="true" signature="setUp(boolean, java.lang.String, java.lang.String, java.lang.String, java.lang.String, java.lang.String, java.lang.String)[pri:0, instance:search.SearchTest@3246fb96]" started-at="2020-08-30T19:57:30 PDT" name="setUp" finished-at="2020-08-30T19:57:36 PDT" duration-ms="5540" status="PASS">
          <params>
            <param index="0">
              <value>
                <![CDATA[false]]>
              </value>
            </param>
            <param index="1">
              <value>
                <![CDATA[browserstack]]>
              </value>
            </param>
            <param index="2">
              <value>
                <![CDATA[Windows]]>
              </value>
            </param>
            <param index="3">
              <value>
                <![CDATA[10]]>
              </value>
            </param>
            <param index="4">
              <value>
                <![CDATA[chrome-options]]>
              </value>
            </param>
            <param index="5">
              <value>
                <![CDATA[85.0]]>
              </value>
            </param>
            <param index="6">
              <value>
                <![CDATA[https://www.amazon.com/]]>
              </value>
            </param>
          </params>
          <reporter-output>
          </reporter-output>
        </test-method> <!-- setUp -->
        <test-method is-config="true" signature="startExtent(java.lang.reflect.Method)[pri:0, instance:search.SearchTest@3246fb96]" started-at="2020-08-30T19:57:36 PDT" name="startExtent" finished-at="2020-08-30T19:57:36 PDT" duration-ms="1" status="PASS">
          <params>
            <param index="0">
              <value>
                <![CDATA[public void search.SearchTest.testValidateAllDropDown()]]>
              </value>
            </param>
          </params>
          <reporter-output>
          </reporter-output>
        </test-method> <!-- startExtent -->
        <test-method is-config="true" signature="getInit()[pri:0, instance:search.SearchTest@3246fb96]" started-at="2020-08-30T19:57:36 PDT" name="getInit" finished-at="2020-08-30T19:57:36 PDT" duration-ms="1" status="PASS">
          <reporter-output>
          </reporter-output>
        </test-method> <!-- getInit -->
        <test-method signature="testValidateAllDropDown()[pri:0, instance:search.SearchTest@3246fb96]" started-at="2020-08-30T19:57:36 PDT" name="testValidateAllDropDown" finished-at="2020-08-30T19:57:36 PDT" duration-ms="294" status="PASS">
          <reporter-output>
          </reporter-output>
        </test-method> <!-- testValidateAllDropDown -->
        <test-method is-config="true" signature="afterEachTestMethod(org.testng.ITestResult)[pri:0, instance:search.SearchTest@3246fb96]" started-at="2020-08-30T19:57:36 PDT" name="afterEachTestMethod" finished-at="2020-08-30T19:57:37 PDT" duration-ms="980" status="PASS">
          <params>
            <param index="0">
              <value>
                <![CDATA[[TestResult name=testValidateAllDropDown status=SUCCESS method=SearchTest.testValidateAllDropDown()[pri:0, instance:search.SearchTest@3246fb96] output={null}]]]>
              </value>
            </param>
          </params>
          <reporter-output>
          </reporter-output>
        </test-method> <!-- afterEachTestMethod -->
        <test-method is-config="true" signature="setUp(boolean, java.lang.String, java.lang.String, java.lang.String, java.lang.String, java.lang.String, java.lang.String)[pri:0, instance:search.SearchTest@3246fb96]" started-at="2020-08-30T19:57:37 PDT" name="setUp" finished-at="2020-08-30T19:57:42 PDT" duration-ms="5343" status="PASS">
          <params>
            <param index="0">
              <value>
                <![CDATA[false]]>
              </value>
            </param>
            <param index="1">
              <value>
                <![CDATA[browserstack]]>
              </value>
            </param>
            <param index="2">
              <value>
                <![CDATA[Windows]]>
              </value>
            </param>
            <param index="3">
              <value>
                <![CDATA[10]]>
              </value>
            </param>
            <param index="4">
              <value>
                <![CDATA[chrome-options]]>
              </value>
            </param>
            <param index="5">
              <value>
                <![CDATA[85.0]]>
              </value>
            </param>
            <param index="6">
              <value>
                <![CDATA[https://www.amazon.com/]]>
              </value>
            </param>
          </params>
          <reporter-output>
          </reporter-output>
        </test-method> <!-- setUp -->
        <test-method is-config="true" signature="cleanUp()[pri:0, instance:search.SearchTest@3246fb96]" started-at="2020-08-30T19:57:37 PDT" name="cleanUp" finished-at="2020-08-30T19:57:37 PDT" duration-ms="0" status="PASS">
          <reporter-output>
          </reporter-output>
        </test-method> <!-- cleanUp -->
        <test-method is-config="true" signature="startExtent(java.lang.reflect.Method)[pri:0, instance:search.SearchTest@3246fb96]" started-at="2020-08-30T19:57:42 PDT" name="startExtent" finished-at="2020-08-30T19:57:42 PDT" duration-ms="1" status="PASS">
          <params>
            <param index="0">
              <value>
                <![CDATA[public void search.SearchTest.testVerifySearchRandomBooksByTitle()]]>
              </value>
            </param>
          </params>
          <reporter-output>
          </reporter-output>
        </test-method> <!-- startExtent -->
        <test-method signature="testVerifySearchRandomBooksByTitle()[pri:0, instance:search.SearchTest@3246fb96]" started-at="2020-08-30T19:57:42 PDT" name="testVerifySearchRandomBooksByTitle" finished-at="2020-08-30T19:57:48 PDT" duration-ms="5566" status="PASS">
          <reporter-output>
          </reporter-output>
        </test-method> <!-- testVerifySearchRandomBooksByTitle -->
        <test-method is-config="true" signature="getInit()[pri:0, instance:search.SearchTest@3246fb96]" started-at="2020-08-30T19:57:42 PDT" name="getInit" finished-at="2020-08-30T19:57:42 PDT" duration-ms="0" status="PASS">
          <reporter-output>
          </reporter-output>
        </test-method> <!-- getInit -->
        <test-method is-config="true" signature="afterEachTestMethod(org.testng.ITestResult)[pri:0, instance:search.SearchTest@3246fb96]" started-at="2020-08-30T19:57:48 PDT" name="afterEachTestMethod" finished-at="2020-08-30T19:57:49 PDT" duration-ms="1308" status="PASS">
          <params>
            <param index="0">
              <value>
                <![CDATA[[TestResult name=testVerifySearchRandomBooksByTitle status=SUCCESS method=SearchTest.testVerifySearchRandomBooksByTitle()[pri:0, instance:search.SearchTest@3246fb96] output={null}]]]>
              </value>
            </param>
          </params>
          <reporter-output>
          </reporter-output>
        </test-method> <!-- afterEachTestMethod -->
        <test-method is-config="true" signature="cleanUp()[pri:0, instance:search.SearchTest@3246fb96]" started-at="2020-08-30T19:57:49 PDT" name="cleanUp" finished-at="2020-08-30T19:57:49 PDT" duration-ms="0" status="PASS">
          <reporter-output>
          </reporter-output>
        </test-method> <!-- cleanUp -->
        <test-method is-config="true" signature="setUp(boolean, java.lang.String, java.lang.String, java.lang.String, java.lang.String, java.lang.String, java.lang.String)[pri:0, instance:search.SearchTest@3246fb96]" started-at="2020-08-30T19:57:49 PDT" name="setUp" finished-at="2020-08-30T19:57:54 PDT" duration-ms="4981" status="PASS">
          <params>
            <param index="0">
              <value>
                <![CDATA[false]]>
              </value>
            </param>
            <param index="1">
              <value>
                <![CDATA[browserstack]]>
              </value>
            </param>
            <param index="2">
              <value>
                <![CDATA[Windows]]>
              </value>
            </param>
            <param index="3">
              <value>
                <![CDATA[10]]>
              </value>
            </param>
            <param index="4">
              <value>
                <![CDATA[chrome-options]]>
              </value>
            </param>
            <param index="5">
              <value>
                <![CDATA[85.0]]>
              </value>
            </param>
            <param index="6">
              <value>
                <![CDATA[https://www.amazon.com/]]>
              </value>
            </param>
          </params>
          <reporter-output>
          </reporter-output>
        </test-method> <!-- setUp -->
        <test-method is-config="true" signature="startExtent(java.lang.reflect.Method)[pri:0, instance:search.SearchTest@3246fb96]" started-at="2020-08-30T19:57:54 PDT" name="startExtent" finished-at="2020-08-30T19:57:54 PDT" duration-ms="1" status="PASS">
          <params>
            <param index="0">
              <value>
                <![CDATA[public void search.SearchTest.testVerifySearchRandomBooksByURL()]]>
              </value>
            </param>
          </params>
          <reporter-output>
          </reporter-output>
        </test-method> <!-- startExtent -->
        <test-method is-config="true" signature="getInit()[pri:0, instance:search.SearchTest@3246fb96]" started-at="2020-08-30T19:57:54 PDT" name="getInit" finished-at="2020-08-30T19:57:54 PDT" duration-ms="2" status="PASS">
          <reporter-output>
          </reporter-output>
        </test-method> <!-- getInit -->
        <test-method signature="testVerifySearchRandomBooksByURL()[pri:0, instance:search.SearchTest@3246fb96]" started-at="2020-08-30T19:57:54 PDT" name="testVerifySearchRandomBooksByURL" finished-at="2020-08-30T19:58:00 PDT" duration-ms="5640" status="PASS">
          <reporter-output>
          </reporter-output>
        </test-method> <!-- testVerifySearchRandomBooksByURL -->
        <test-method is-config="true" signature="afterEachTestMethod(org.testng.ITestResult)[pri:0, instance:search.SearchTest@3246fb96]" started-at="2020-08-30T19:58:00 PDT" name="afterEachTestMethod" finished-at="2020-08-30T19:58:01 PDT" duration-ms="1020" status="PASS">
          <params>
            <param index="0">
              <value>
                <![CDATA[[TestResult name=testVerifySearchRandomBooksByURL status=SUCCESS method=SearchTest.testVerifySearchRandomBooksByURL()[pri:0, instance:search.SearchTest@3246fb96] output={null}]]]>
              </value>
            </param>
          </params>
          <reporter-output>
          </reporter-output>
        </test-method> <!-- afterEachTestMethod -->
        <test-method is-config="true" signature="cleanUp()[pri:0, instance:search.SearchTest@3246fb96]" started-at="2020-08-30T19:58:01 PDT" name="cleanUp" finished-at="2020-08-30T19:58:01 PDT" duration-ms="0" status="PASS">
          <reporter-output>
          </reporter-output>
        </test-method> <!-- cleanUp -->
        <test-method is-config="true" signature="generateReport()[pri:0, instance:search.SearchTest@3246fb96]" started-at="2020-08-30T19:58:01 PDT" name="generateReport" finished-at="2020-08-30T19:58:01 PDT" duration-ms="68" status="PASS">
          <reporter-output>
          </reporter-output>
        </test-method> <!-- generateReport -->
      </class> <!-- search.SearchTest -->
    </test> <!-- Amazon Home -->
  </suite> <!-- Amazon Automation Test -->
</testng-results>
