<?xml version="1.0" encoding="UTF-8"?>
<testng-results ignored="4" total="5" passed="1" failed="0" skipped="0">
  <reporter-output>
    <line>
      <![CDATA[Extent Report Directory/Users/syedraza/IdeaProjects/WebAutomationFramework_Team1/Amazon/target/surefire-reports/html]]>
    </line>
    <line>
      <![CDATA[HomePageTest: test Search Box Check Get Items List From DB]]>
    </line>
  </reporter-output>
  <suite started-at="2020-09-01T10:30:51 MDT" name="TestSuite" finished-at="2020-09-01T10:31:28 MDT" duration-ms="37145">
    <groups>
    </groups>
    <test started-at="2020-09-01T10:30:51 MDT" name="Amazon Home" finished-at="2020-09-01T10:31:28 MDT" duration-ms="37145">
      <class name="testhome.HomePageTest">
        <test-method is-config="true" signature="extentSetup(org.testng.ITestContext)[pri:0, instance:testhome.HomePageTest@55740540]" started-at="2020-09-01T10:30:51 MDT" name="extentSetup" finished-at="2020-09-01T10:30:51 MDT" duration-ms="280" status="PASS">
          <params>
            <param index="0">
              <value>
                <![CDATA[org.testng.TestRunner@cb7fa71]]>
              </value>
            </param>
          </params>
          <reporter-output>
            <line>
              <![CDATA[Extent Report Directory/Users/syedraza/IdeaProjects/WebAutomationFramework_Team1/Amazon/target/surefire-reports/html]]>
            </line>
          </reporter-output>
        </test-method> <!-- extentSetup -->
        <test-method is-config="true" signature="setUp(boolean, java.lang.String, java.lang.String, java.lang.String, java.lang.String, java.lang.String, java.lang.String)[pri:0, instance:testhome.HomePageTest@55740540]" started-at="2020-09-01T10:30:51 MDT" name="setUp" finished-at="2020-09-01T10:30:55 MDT" duration-ms="3793" status="PASS">
          <params>
            <param index="0">
              <value>
                <![CDATA[false]]>
              </value>
            </param>
            <param index="1">
              <value>
                <![CDATA[browserstack]]>
              </value>
            </param>
            <param index="2">
              <value>
                <![CDATA[OS X]]>
              </value>
            </param>
            <param index="3">
              <value>
                <![CDATA[10]]>
              </value>
            </param>
            <param index="4">
              <value>
                <![CDATA[chrome]]>
              </value>
            </param>
            <param index="5">
              <value>
                <![CDATA[85]]>
              </value>
            </param>
            <param index="6">
              <value>
                <![CDATA[https://www.amazon.com]]>
              </value>
            </param>
          </params>
          <reporter-output>
          </reporter-output>
        </test-method> <!-- setUp -->
        <test-method is-config="true" signature="startExtent(java.lang.reflect.Method)[pri:0, instance:testhome.HomePageTest@55740540]" started-at="2020-09-01T10:30:55 MDT" name="startExtent" finished-at="2020-09-01T10:30:55 MDT" duration-ms="5" status="PASS">
          <params>
            <param index="0">
              <value>
                <![CDATA[public void testhome.HomePageTest.testSearchBoxCheckGetItemsListFromDB() throws java.lang.Exception]]>
              </value>
            </param>
          </params>
          <reporter-output>
          </reporter-output>
        </test-method> <!-- startExtent -->
        <test-method is-config="true" signature="getInit()[pri:0, instance:testhome.HomePageTest@55740540]" started-at="2020-09-01T10:30:55 MDT" name="getInit" finished-at="2020-09-01T10:30:55 MDT" duration-ms="22" status="PASS">
          <reporter-output>
          </reporter-output>
        </test-method> <!-- getInit -->
        <test-method signature="testSearchBoxCheckGetItemsListFromDB()[pri:0, instance:testhome.HomePageTest@55740540]" started-at="2020-09-01T10:30:55 MDT" name="testSearchBoxCheckGetItemsListFromDB" finished-at="2020-09-01T10:31:27 MDT" duration-ms="32608" status="PASS">
          <reporter-output>
            <line>
              <![CDATA[HomePageTest: test Search Box Check Get Items List From DB]]>
            </line>
          </reporter-output>
        </test-method> <!-- testSearchBoxCheckGetItemsListFromDB -->
        <test-method is-config="true" signature="afterEachTestMethod(org.testng.ITestResult)[pri:0, instance:testhome.HomePageTest@55740540]" started-at="2020-09-01T10:31:27 MDT" name="afterEachTestMethod" finished-at="2020-09-01T10:31:28 MDT" duration-ms="692" status="PASS">
          <params>
            <param index="0">
              <value>
                <![CDATA[[TestResult name=testSearchBoxCheckGetItemsListFromDB status=SUCCESS method=HomePageTest.testSearchBoxCheckGetItemsListFromDB()[pri:0, instance:testhome.HomePageTest@55740540] output=HomePageTest: test Search Box Check Get Items List From DB]]]>
              </value>
            </param>
          </params>
          <reporter-output>
          </reporter-output>
        </test-method> <!-- afterEachTestMethod -->
        <test-method is-config="true" signature="cleanUp()[pri:0, instance:testhome.HomePageTest@55740540]" started-at="2020-09-01T10:31:28 MDT" name="cleanUp" finished-at="2020-09-01T10:31:28 MDT" duration-ms="0" status="PASS">
          <reporter-output>
          </reporter-output>
        </test-method> <!-- cleanUp -->
        <test-method is-config="true" signature="generateReport()[pri:0, instance:testhome.HomePageTest@55740540]" started-at="2020-09-01T10:31:28 MDT" name="generateReport" finished-at="2020-09-01T10:31:28 MDT" duration-ms="52" status="PASS">
          <reporter-output>
          </reporter-output>
        </test-method> <!-- generateReport -->
      </class> <!-- testhome.HomePageTest -->
    </test> <!-- Amazon Home -->
  </suite> <!-- TestSuite -->
</testng-results>
