<?xml version="1.0" encoding="UTF-8"?>
<testng-results ignored="4" total="15" passed="11" failed="0" skipped="0">
  <reporter-output>
    <line>
      <![CDATA[Extent Report Directory/Users/ramdaneameur/IdeaProjects/WebAutomationFramework_Team1/Amazon/target/surefire-reports/html]]>
    </line>
  </reporter-output>
  <suite started-at="2020-09-26T13:59:32 EDT" name="Amzon Automation Test" finished-at="2020-09-26T14:00:40 EDT" duration-ms="67527">
    <groups>
    </groups>
    <test started-at="2020-09-26T13:59:32 EDT" name="amazon Home" finished-at="2020-09-26T14:00:40 EDT" duration-ms="67527">
      <class name="search.SearchTest">
        <test-method is-config="true" signature="extentSetup(org.testng.ITestContext)[pri:0, instance:search.SearchTest@436a4e4b]" started-at="2020-09-26T13:59:32 EDT" name="extentSetup" finished-at="2020-09-26T13:59:32 EDT" duration-ms="151" status="PASS">
          <params>
            <param index="0">
              <value>
                <![CDATA[org.testng.TestRunner@6724cdec]]>
              </value>
            </param>
          </params>
          <reporter-output>
            <line>
              <![CDATA[Extent Report Directory/Users/ramdaneameur/IdeaProjects/WebAutomationFramework_Team1/Amazon/target/surefire-reports/html]]>
            </line>
          </reporter-output>
        </test-method> <!-- extentSetup -->
        <test-method is-config="true" signature="setUp(boolean, java.lang.String, java.lang.String, java.lang.String, java.lang.String, java.lang.String, java.lang.String)[pri:0, instance:search.SearchTest@436a4e4b]" started-at="2020-09-26T13:59:32 EDT" name="setUp" finished-at="2020-09-26T13:59:36 EDT" duration-ms="3548" status="PASS">
          <params>
            <param index="0">
              <value>
                <![CDATA[false]]>
              </value>
            </param>
            <param index="1">
              <value>
                <![CDATA[browserstack]]>
              </value>
            </param>
            <param index="2">
              <value>
                <![CDATA[OS X]]>
              </value>
            </param>
            <param index="3">
              <value>
                <![CDATA[catalina]]>
              </value>
            </param>
            <param index="4">
              <value>
                <![CDATA[chrome]]>
              </value>
            </param>
            <param index="5">
              <value>
                <![CDATA[85.0]]>
              </value>
            </param>
            <param index="6">
              <value>
                <![CDATA[https://www.amazon.com/]]>
              </value>
            </param>
          </params>
          <reporter-output>
          </reporter-output>
        </test-method> <!-- setUp -->
        <test-method is-config="true" signature="startExtent(java.lang.reflect.Method)[pri:0, instance:search.SearchTest@436a4e4b]" started-at="2020-09-26T13:59:36 EDT" name="startExtent" finished-at="2020-09-26T13:59:36 EDT" duration-ms="3" status="PASS">
          <params>
            <param index="0">
              <value>
                <![CDATA[public void search.SearchTest.setSearchFieldTest()]]>
              </value>
            </param>
          </params>
          <reporter-output>
          </reporter-output>
        </test-method> <!-- startExtent -->
        <test-method is-config="true" signature="getInit()[pri:0, instance:search.SearchTest@436a4e4b]" started-at="2020-09-26T13:59:36 EDT" name="getInit" finished-at="2020-09-26T13:59:36 EDT" duration-ms="16" status="PASS">
          <reporter-output>
          </reporter-output>
        </test-method> <!-- getInit -->
        <test-method signature="setSearchFieldTest()[pri:0, instance:search.SearchTest@436a4e4b]" started-at="2020-09-26T13:59:36 EDT" name="setSearchFieldTest" finished-at="2020-09-26T13:59:37 EDT" duration-ms="1652" status="PASS">
          <reporter-output>
          </reporter-output>
        </test-method> <!-- setSearchFieldTest -->
        <test-method is-config="true" signature="afterEachTestMethod(org.testng.ITestResult)[pri:0, instance:search.SearchTest@436a4e4b]" started-at="2020-09-26T13:59:37 EDT" name="afterEachTestMethod" finished-at="2020-09-26T13:59:38 EDT" duration-ms="338" status="PASS">
          <params>
            <param index="0">
              <value>
                <![CDATA[[TestResult name=setSearchFieldTest status=SUCCESS method=SearchTest.setSearchFieldTest()[pri:0, instance:search.SearchTest@436a4e4b] output={null}]]]>
              </value>
            </param>
          </params>
          <reporter-output>
          </reporter-output>
        </test-method> <!-- afterEachTestMethod -->
        <test-method is-config="true" signature="cleanUp()[pri:0, instance:search.SearchTest@436a4e4b]" started-at="2020-09-26T13:59:38 EDT" name="cleanUp" finished-at="2020-09-26T13:59:38 EDT" duration-ms="0" status="PASS">
          <reporter-output>
          </reporter-output>
        </test-method> <!-- cleanUp -->
        <test-method is-config="true" signature="generateReport()[pri:0, instance:search.SearchTest@436a4e4b]" started-at="2020-09-26T14:00:40 EDT" name="generateReport" finished-at="2020-09-26T14:00:40 EDT" duration-ms="17" status="PASS">
          <reporter-output>
          </reporter-output>
        </test-method> <!-- generateReport -->
      </class> <!-- search.SearchTest -->
      <class name="home.HomePageTest">
        <test-method is-config="true" signature="setUp(boolean, java.lang.String, java.lang.String, java.lang.String, java.lang.String, java.lang.String, java.lang.String)[pri:0, instance:home.HomePageTest@f2f2cc1]" started-at="2020-09-26T13:59:38 EDT" name="setUp" finished-at="2020-09-26T13:59:40 EDT" duration-ms="2688" status="PASS">
          <params>
            <param index="0">
              <value>
                <![CDATA[false]]>
              </value>
            </param>
            <param index="1">
              <value>
                <![CDATA[browserstack]]>
              </value>
            </param>
            <param index="2">
              <value>
                <![CDATA[OS X]]>
              </value>
            </param>
            <param index="3">
              <value>
                <![CDATA[catalina]]>
              </value>
            </param>
            <param index="4">
              <value>
                <![CDATA[chrome]]>
              </value>
            </param>
            <param index="5">
              <value>
                <![CDATA[85.0]]>
              </value>
            </param>
            <param index="6">
              <value>
                <![CDATA[https://www.amazon.com/]]>
              </value>
            </param>
          </params>
          <reporter-output>
          </reporter-output>
        </test-method> <!-- setUp -->
        <test-method is-config="true" signature="init()[pri:0, instance:home.HomePageTest@f2f2cc1]" started-at="2020-09-26T13:59:40 EDT" name="init" finished-at="2020-09-26T13:59:40 EDT" duration-ms="4" status="PASS">
          <reporter-output>
          </reporter-output>
        </test-method> <!-- init -->
        <test-method is-config="true" signature="startExtent(java.lang.reflect.Method)[pri:0, instance:home.HomePageTest@f2f2cc1]" started-at="2020-09-26T13:59:40 EDT" name="startExtent" finished-at="2020-09-26T13:59:40 EDT" duration-ms="0" status="PASS">
          <params>
            <param index="0">
              <value>
                <![CDATA[public void home.HomePageTest.setBestSellerTest()]]>
              </value>
            </param>
          </params>
          <reporter-output>
          </reporter-output>
        </test-method> <!-- startExtent -->
        <test-method signature="setBestSellerTest()[pri:0, instance:home.HomePageTest@f2f2cc1]" started-at="2020-09-26T13:59:40 EDT" name="setBestSellerTest" finished-at="2020-09-26T13:59:42 EDT" duration-ms="1443" status="PASS">
          <reporter-output>
          </reporter-output>
        </test-method> <!-- setBestSellerTest -->
        <test-method is-config="true" signature="afterEachTestMethod(org.testng.ITestResult)[pri:0, instance:home.HomePageTest@f2f2cc1]" started-at="2020-09-26T13:59:42 EDT" name="afterEachTestMethod" finished-at="2020-09-26T13:59:42 EDT" duration-ms="151" status="PASS">
          <params>
            <param index="0">
              <value>
                <![CDATA[[TestResult name=setBestSellerTest status=SUCCESS method=HomePageTest.setBestSellerTest()[pri:0, instance:home.HomePageTest@f2f2cc1] output={null}]]]>
              </value>
            </param>
          </params>
          <reporter-output>
          </reporter-output>
        </test-method> <!-- afterEachTestMethod -->
        <test-method is-config="true" signature="cleanUp()[pri:0, instance:home.HomePageTest@f2f2cc1]" started-at="2020-09-26T13:59:42 EDT" name="cleanUp" finished-at="2020-09-26T13:59:42 EDT" duration-ms="0" status="PASS">
          <reporter-output>
          </reporter-output>
        </test-method> <!-- cleanUp -->
        <test-method is-config="true" signature="setUp(boolean, java.lang.String, java.lang.String, java.lang.String, java.lang.String, java.lang.String, java.lang.String)[pri:0, instance:home.HomePageTest@f2f2cc1]" started-at="2020-09-26T13:59:42 EDT" name="setUp" finished-at="2020-09-26T13:59:44 EDT" duration-ms="2245" status="PASS">
          <params>
            <param index="0">
              <value>
                <![CDATA[false]]>
              </value>
            </param>
            <param index="1">
              <value>
                <![CDATA[browserstack]]>
              </value>
            </param>
            <param index="2">
              <value>
                <![CDATA[OS X]]>
              </value>
            </param>
            <param index="3">
              <value>
                <![CDATA[catalina]]>
              </value>
            </param>
            <param index="4">
              <value>
                <![CDATA[chrome]]>
              </value>
            </param>
            <param index="5">
              <value>
                <![CDATA[85.0]]>
              </value>
            </param>
            <param index="6">
              <value>
                <![CDATA[https://www.amazon.com/]]>
              </value>
            </param>
          </params>
          <reporter-output>
          </reporter-output>
        </test-method> <!-- setUp -->
        <test-method is-config="true" signature="startExtent(java.lang.reflect.Method)[pri:0, instance:home.HomePageTest@f2f2cc1]" started-at="2020-09-26T13:59:44 EDT" name="startExtent" finished-at="2020-09-26T13:59:44 EDT" duration-ms="0" status="PASS">
          <params>
            <param index="0">
              <value>
                <![CDATA[public void home.HomePageTest.setCouponsTest()]]>
              </value>
            </param>
          </params>
          <reporter-output>
          </reporter-output>
        </test-method> <!-- startExtent -->
        <test-method is-config="true" signature="init()[pri:0, instance:home.HomePageTest@f2f2cc1]" started-at="2020-09-26T13:59:44 EDT" name="init" finished-at="2020-09-26T13:59:44 EDT" duration-ms="0" status="PASS">
          <reporter-output>
          </reporter-output>
        </test-method> <!-- init -->
        <test-method signature="setCouponsTest()[pri:0, instance:home.HomePageTest@f2f2cc1]" started-at="2020-09-26T13:59:44 EDT" name="setCouponsTest" finished-at="2020-09-26T13:59:47 EDT" duration-ms="2967" status="PASS">
          <reporter-output>
          </reporter-output>
        </test-method> <!-- setCouponsTest -->
        <test-method is-config="true" signature="afterEachTestMethod(org.testng.ITestResult)[pri:0, instance:home.HomePageTest@f2f2cc1]" started-at="2020-09-26T13:59:47 EDT" name="afterEachTestMethod" finished-at="2020-09-26T13:59:47 EDT" duration-ms="132" status="PASS">
          <params>
            <param index="0">
              <value>
                <![CDATA[[TestResult name=setCouponsTest status=SUCCESS method=HomePageTest.setCouponsTest()[pri:0, instance:home.HomePageTest@f2f2cc1] output={null}]]]>
              </value>
            </param>
          </params>
          <reporter-output>
          </reporter-output>
        </test-method> <!-- afterEachTestMethod -->
        <test-method is-config="true" signature="setUp(boolean, java.lang.String, java.lang.String, java.lang.String, java.lang.String, java.lang.String, java.lang.String)[pri:0, instance:home.HomePageTest@f2f2cc1]" started-at="2020-09-26T13:59:47 EDT" name="setUp" finished-at="2020-09-26T13:59:50 EDT" duration-ms="2755" status="PASS">
          <params>
            <param index="0">
              <value>
                <![CDATA[false]]>
              </value>
            </param>
            <param index="1">
              <value>
                <![CDATA[browserstack]]>
              </value>
            </param>
            <param index="2">
              <value>
                <![CDATA[OS X]]>
              </value>
            </param>
            <param index="3">
              <value>
                <![CDATA[catalina]]>
              </value>
            </param>
            <param index="4">
              <value>
                <![CDATA[chrome]]>
              </value>
            </param>
            <param index="5">
              <value>
                <![CDATA[85.0]]>
              </value>
            </param>
            <param index="6">
              <value>
                <![CDATA[https://www.amazon.com/]]>
              </value>
            </param>
          </params>
          <reporter-output>
          </reporter-output>
        </test-method> <!-- setUp -->
        <test-method is-config="true" signature="cleanUp()[pri:0, instance:home.HomePageTest@f2f2cc1]" started-at="2020-09-26T13:59:47 EDT" name="cleanUp" finished-at="2020-09-26T13:59:47 EDT" duration-ms="0" status="PASS">
          <reporter-output>
          </reporter-output>
        </test-method> <!-- cleanUp -->
        <test-method is-config="true" signature="init()[pri:0, instance:home.HomePageTest@f2f2cc1]" started-at="2020-09-26T13:59:50 EDT" name="init" finished-at="2020-09-26T13:59:50 EDT" duration-ms="1" status="PASS">
          <reporter-output>
          </reporter-output>
        </test-method> <!-- init -->
        <test-method is-config="true" signature="startExtent(java.lang.reflect.Method)[pri:0, instance:home.HomePageTest@f2f2cc1]" started-at="2020-09-26T13:59:50 EDT" name="startExtent" finished-at="2020-09-26T13:59:50 EDT" duration-ms="0" status="PASS">
          <params>
            <param index="0">
              <value>
                <![CDATA[public void home.HomePageTest.setCustomerServiceTest()]]>
              </value>
            </param>
          </params>
          <reporter-output>
          </reporter-output>
        </test-method> <!-- startExtent -->
        <test-method signature="setCustomerServiceTest()[pri:0, instance:home.HomePageTest@f2f2cc1]" started-at="2020-09-26T13:59:50 EDT" name="setCustomerServiceTest" finished-at="2020-09-26T13:59:51 EDT" duration-ms="1141" status="PASS">
          <reporter-output>
          </reporter-output>
        </test-method> <!-- setCustomerServiceTest -->
        <test-method is-config="true" signature="afterEachTestMethod(org.testng.ITestResult)[pri:0, instance:home.HomePageTest@f2f2cc1]" started-at="2020-09-26T13:59:51 EDT" name="afterEachTestMethod" finished-at="2020-09-26T13:59:51 EDT" duration-ms="140" status="PASS">
          <params>
            <param index="0">
              <value>
                <![CDATA[[TestResult name=setCustomerServiceTest status=SUCCESS method=HomePageTest.setCustomerServiceTest()[pri:0, instance:home.HomePageTest@f2f2cc1] output={null}]]]>
              </value>
            </param>
          </params>
          <reporter-output>
          </reporter-output>
        </test-method> <!-- afterEachTestMethod -->
        <test-method is-config="true" signature="setUp(boolean, java.lang.String, java.lang.String, java.lang.String, java.lang.String, java.lang.String, java.lang.String)[pri:0, instance:home.HomePageTest@f2f2cc1]" started-at="2020-09-26T13:59:51 EDT" name="setUp" finished-at="2020-09-26T13:59:54 EDT" duration-ms="2690" status="PASS">
          <params>
            <param index="0">
              <value>
                <![CDATA[false]]>
              </value>
            </param>
            <param index="1">
              <value>
                <![CDATA[browserstack]]>
              </value>
            </param>
            <param index="2">
              <value>
                <![CDATA[OS X]]>
              </value>
            </param>
            <param index="3">
              <value>
                <![CDATA[catalina]]>
              </value>
            </param>
            <param index="4">
              <value>
                <![CDATA[chrome]]>
              </value>
            </param>
            <param index="5">
              <value>
                <![CDATA[85.0]]>
              </value>
            </param>
            <param index="6">
              <value>
                <![CDATA[https://www.amazon.com/]]>
              </value>
            </param>
          </params>
          <reporter-output>
          </reporter-output>
        </test-method> <!-- setUp -->
        <test-method is-config="true" signature="cleanUp()[pri:0, instance:home.HomePageTest@f2f2cc1]" started-at="2020-09-26T13:59:51 EDT" name="cleanUp" finished-at="2020-09-26T13:59:51 EDT" duration-ms="0" status="PASS">
          <reporter-output>
          </reporter-output>
        </test-method> <!-- cleanUp -->
        <test-method is-config="true" signature="init()[pri:0, instance:home.HomePageTest@f2f2cc1]" started-at="2020-09-26T13:59:54 EDT" name="init" finished-at="2020-09-26T13:59:54 EDT" duration-ms="1" status="PASS">
          <reporter-output>
          </reporter-output>
        </test-method> <!-- init -->
        <test-method is-config="true" signature="startExtent(java.lang.reflect.Method)[pri:0, instance:home.HomePageTest@f2f2cc1]" started-at="2020-09-26T13:59:54 EDT" name="startExtent" finished-at="2020-09-26T13:59:54 EDT" duration-ms="0" status="PASS">
          <params>
            <param index="0">
              <value>
                <![CDATA[public void home.HomePageTest.setFreeShippingTest()]]>
              </value>
            </param>
          </params>
          <reporter-output>
          </reporter-output>
        </test-method> <!-- startExtent -->
        <test-method signature="setFreeShippingTest()[pri:0, instance:home.HomePageTest@f2f2cc1]" started-at="2020-09-26T13:59:54 EDT" name="setFreeShippingTest" finished-at="2020-09-26T13:59:56 EDT" duration-ms="1941" status="PASS">
          <reporter-output>
          </reporter-output>
        </test-method> <!-- setFreeShippingTest -->
        <test-method is-config="true" signature="afterEachTestMethod(org.testng.ITestResult)[pri:0, instance:home.HomePageTest@f2f2cc1]" started-at="2020-09-26T13:59:56 EDT" name="afterEachTestMethod" finished-at="2020-09-26T13:59:56 EDT" duration-ms="126" status="PASS">
          <params>
            <param index="0">
              <value>
                <![CDATA[[TestResult name=setFreeShippingTest status=SUCCESS method=HomePageTest.setFreeShippingTest()[pri:0, instance:home.HomePageTest@f2f2cc1] output={null}]]]>
              </value>
            </param>
          </params>
          <reporter-output>
          </reporter-output>
        </test-method> <!-- afterEachTestMethod -->
        <test-method is-config="true" signature="cleanUp()[pri:0, instance:home.HomePageTest@f2f2cc1]" started-at="2020-09-26T13:59:56 EDT" name="cleanUp" finished-at="2020-09-26T13:59:56 EDT" duration-ms="1" status="PASS">
          <reporter-output>
          </reporter-output>
        </test-method> <!-- cleanUp -->
        <test-method is-config="true" signature="setUp(boolean, java.lang.String, java.lang.String, java.lang.String, java.lang.String, java.lang.String, java.lang.String)[pri:0, instance:home.HomePageTest@f2f2cc1]" started-at="2020-09-26T13:59:56 EDT" name="setUp" finished-at="2020-09-26T13:59:59 EDT" duration-ms="2469" status="PASS">
          <params>
            <param index="0">
              <value>
                <![CDATA[false]]>
              </value>
            </param>
            <param index="1">
              <value>
                <![CDATA[browserstack]]>
              </value>
            </param>
            <param index="2">
              <value>
                <![CDATA[OS X]]>
              </value>
            </param>
            <param index="3">
              <value>
                <![CDATA[catalina]]>
              </value>
            </param>
            <param index="4">
              <value>
                <![CDATA[chrome]]>
              </value>
            </param>
            <param index="5">
              <value>
                <![CDATA[85.0]]>
              </value>
            </param>
            <param index="6">
              <value>
                <![CDATA[https://www.amazon.com/]]>
              </value>
            </param>
          </params>
          <reporter-output>
          </reporter-output>
        </test-method> <!-- setUp -->
        <test-method is-config="true" signature="startExtent(java.lang.reflect.Method)[pri:0, instance:home.HomePageTest@f2f2cc1]" started-at="2020-09-26T13:59:59 EDT" name="startExtent" finished-at="2020-09-26T13:59:59 EDT" duration-ms="1" status="PASS">
          <params>
            <param index="0">
              <value>
                <![CDATA[public void home.HomePageTest.setGiftCardTest()]]>
              </value>
            </param>
          </params>
          <reporter-output>
          </reporter-output>
        </test-method> <!-- startExtent -->
        <test-method is-config="true" signature="init()[pri:0, instance:home.HomePageTest@f2f2cc1]" started-at="2020-09-26T13:59:59 EDT" name="init" finished-at="2020-09-26T13:59:59 EDT" duration-ms="1" status="PASS">
          <reporter-output>
          </reporter-output>
        </test-method> <!-- init -->
        <test-method signature="setGiftCardTest()[pri:0, instance:home.HomePageTest@f2f2cc1]" started-at="2020-09-26T13:59:59 EDT" name="setGiftCardTest" finished-at="2020-09-26T14:00:01 EDT" duration-ms="2139" status="PASS">
          <reporter-output>
          </reporter-output>
        </test-method> <!-- setGiftCardTest -->
        <test-method is-config="true" signature="afterEachTestMethod(org.testng.ITestResult)[pri:0, instance:home.HomePageTest@f2f2cc1]" started-at="2020-09-26T14:00:01 EDT" name="afterEachTestMethod" finished-at="2020-09-26T14:00:01 EDT" duration-ms="142" status="PASS">
          <params>
            <param index="0">
              <value>
                <![CDATA[[TestResult name=setGiftCardTest status=SUCCESS method=HomePageTest.setGiftCardTest()[pri:0, instance:home.HomePageTest@f2f2cc1] output={null}]]]>
              </value>
            </param>
          </params>
          <reporter-output>
          </reporter-output>
        </test-method> <!-- afterEachTestMethod -->
        <test-method is-config="true" signature="setUp(boolean, java.lang.String, java.lang.String, java.lang.String, java.lang.String, java.lang.String, java.lang.String)[pri:0, instance:home.HomePageTest@f2f2cc1]" started-at="2020-09-26T14:00:01 EDT" name="setUp" finished-at="2020-09-26T14:00:04 EDT" duration-ms="2993" status="PASS">
          <params>
            <param index="0">
              <value>
                <![CDATA[false]]>
              </value>
            </param>
            <param index="1">
              <value>
                <![CDATA[browserstack]]>
              </value>
            </param>
            <param index="2">
              <value>
                <![CDATA[OS X]]>
              </value>
            </param>
            <param index="3">
              <value>
                <![CDATA[catalina]]>
              </value>
            </param>
            <param index="4">
              <value>
                <![CDATA[chrome]]>
              </value>
            </param>
            <param index="5">
              <value>
                <![CDATA[85.0]]>
              </value>
            </param>
            <param index="6">
              <value>
                <![CDATA[https://www.amazon.com/]]>
              </value>
            </param>
          </params>
          <reporter-output>
          </reporter-output>
        </test-method> <!-- setUp -->
        <test-method is-config="true" signature="cleanUp()[pri:0, instance:home.HomePageTest@f2f2cc1]" started-at="2020-09-26T14:00:01 EDT" name="cleanUp" finished-at="2020-09-26T14:00:01 EDT" duration-ms="0" status="PASS">
          <reporter-output>
          </reporter-output>
        </test-method> <!-- cleanUp -->
        <test-method is-config="true" signature="startExtent(java.lang.reflect.Method)[pri:0, instance:home.HomePageTest@f2f2cc1]" started-at="2020-09-26T14:00:04 EDT" name="startExtent" finished-at="2020-09-26T14:00:04 EDT" duration-ms="0" status="PASS">
          <params>
            <param index="0">
              <value>
                <![CDATA[public void home.HomePageTest.setNewReleaseTest()]]>
              </value>
            </param>
          </params>
          <reporter-output>
          </reporter-output>
        </test-method> <!-- startExtent -->
        <test-method is-config="true" signature="init()[pri:0, instance:home.HomePageTest@f2f2cc1]" started-at="2020-09-26T14:00:04 EDT" name="init" finished-at="2020-09-26T14:00:04 EDT" duration-ms="1" status="PASS">
          <reporter-output>
          </reporter-output>
        </test-method> <!-- init -->
        <test-method signature="setNewReleaseTest()[pri:0, instance:home.HomePageTest@f2f2cc1]" started-at="2020-09-26T14:00:04 EDT" name="setNewReleaseTest" finished-at="2020-09-26T14:00:06 EDT" duration-ms="1985" status="PASS">
          <reporter-output>
          </reporter-output>
        </test-method> <!-- setNewReleaseTest -->
        <test-method is-config="true" signature="afterEachTestMethod(org.testng.ITestResult)[pri:0, instance:home.HomePageTest@f2f2cc1]" started-at="2020-09-26T14:00:06 EDT" name="afterEachTestMethod" finished-at="2020-09-26T14:00:06 EDT" duration-ms="131" status="PASS">
          <params>
            <param index="0">
              <value>
                <![CDATA[[TestResult name=setNewReleaseTest status=SUCCESS method=HomePageTest.setNewReleaseTest()[pri:0, instance:home.HomePageTest@f2f2cc1] output={null}]]]>
              </value>
            </param>
          </params>
          <reporter-output>
          </reporter-output>
        </test-method> <!-- afterEachTestMethod -->
        <test-method is-config="true" signature="cleanUp()[pri:0, instance:home.HomePageTest@f2f2cc1]" started-at="2020-09-26T14:00:06 EDT" name="cleanUp" finished-at="2020-09-26T14:00:06 EDT" duration-ms="1" status="PASS">
          <reporter-output>
          </reporter-output>
        </test-method> <!-- cleanUp -->
        <test-method is-config="true" signature="setUp(boolean, java.lang.String, java.lang.String, java.lang.String, java.lang.String, java.lang.String, java.lang.String)[pri:0, instance:home.HomePageTest@f2f2cc1]" started-at="2020-09-26T14:00:06 EDT" name="setUp" finished-at="2020-09-26T14:00:10 EDT" duration-ms="4054" status="PASS">
          <params>
            <param index="0">
              <value>
                <![CDATA[false]]>
              </value>
            </param>
            <param index="1">
              <value>
                <![CDATA[browserstack]]>
              </value>
            </param>
            <param index="2">
              <value>
                <![CDATA[OS X]]>
              </value>
            </param>
            <param index="3">
              <value>
                <![CDATA[catalina]]>
              </value>
            </param>
            <param index="4">
              <value>
                <![CDATA[chrome]]>
              </value>
            </param>
            <param index="5">
              <value>
                <![CDATA[85.0]]>
              </value>
            </param>
            <param index="6">
              <value>
                <![CDATA[https://www.amazon.com/]]>
              </value>
            </param>
          </params>
          <reporter-output>
          </reporter-output>
        </test-method> <!-- setUp -->
        <test-method is-config="true" signature="startExtent(java.lang.reflect.Method)[pri:0, instance:home.HomePageTest@f2f2cc1]" started-at="2020-09-26T14:00:10 EDT" name="startExtent" finished-at="2020-09-26T14:00:10 EDT" duration-ms="0" status="PASS">
          <params>
            <param index="0">
              <value>
                <![CDATA[public void home.HomePageTest.setPrimeVideoTest() throws java.lang.InterruptedException]]>
              </value>
            </param>
          </params>
          <reporter-output>
          </reporter-output>
        </test-method> <!-- startExtent -->
        <test-method is-config="true" signature="init()[pri:0, instance:home.HomePageTest@f2f2cc1]" started-at="2020-09-26T14:00:10 EDT" name="init" finished-at="2020-09-26T14:00:10 EDT" duration-ms="1" status="PASS">
          <reporter-output>
          </reporter-output>
        </test-method> <!-- init -->
        <test-method signature="setPrimeVideoTest()[pri:0, instance:home.HomePageTest@f2f2cc1]" started-at="2020-09-26T14:00:10 EDT" name="setPrimeVideoTest" finished-at="2020-09-26T14:00:22 EDT" duration-ms="11447" status="PASS">
          <reporter-output>
          </reporter-output>
        </test-method> <!-- setPrimeVideoTest -->
        <test-method is-config="true" signature="afterEachTestMethod(org.testng.ITestResult)[pri:0, instance:home.HomePageTest@f2f2cc1]" started-at="2020-09-26T14:00:22 EDT" name="afterEachTestMethod" finished-at="2020-09-26T14:00:22 EDT" duration-ms="183" status="PASS">
          <params>
            <param index="0">
              <value>
                <![CDATA[[TestResult name=setPrimeVideoTest status=SUCCESS method=HomePageTest.setPrimeVideoTest()[pri:0, instance:home.HomePageTest@f2f2cc1] output={null}]]]>
              </value>
            </param>
          </params>
          <reporter-output>
          </reporter-output>
        </test-method> <!-- afterEachTestMethod -->
        <test-method is-config="true" signature="cleanUp()[pri:0, instance:home.HomePageTest@f2f2cc1]" started-at="2020-09-26T14:00:22 EDT" name="cleanUp" finished-at="2020-09-26T14:00:22 EDT" duration-ms="0" status="PASS">
          <reporter-output>
          </reporter-output>
        </test-method> <!-- cleanUp -->
        <test-method is-config="true" signature="setUp(boolean, java.lang.String, java.lang.String, java.lang.String, java.lang.String, java.lang.String, java.lang.String)[pri:0, instance:home.HomePageTest@f2f2cc1]" started-at="2020-09-26T14:00:22 EDT" name="setUp" finished-at="2020-09-26T14:00:25 EDT" duration-ms="2797" status="PASS">
          <params>
            <param index="0">
              <value>
                <![CDATA[false]]>
              </value>
            </param>
            <param index="1">
              <value>
                <![CDATA[browserstack]]>
              </value>
            </param>
            <param index="2">
              <value>
                <![CDATA[OS X]]>
              </value>
            </param>
            <param index="3">
              <value>
                <![CDATA[catalina]]>
              </value>
            </param>
            <param index="4">
              <value>
                <![CDATA[chrome]]>
              </value>
            </param>
            <param index="5">
              <value>
                <![CDATA[85.0]]>
              </value>
            </param>
            <param index="6">
              <value>
                <![CDATA[https://www.amazon.com/]]>
              </value>
            </param>
          </params>
          <reporter-output>
          </reporter-output>
        </test-method> <!-- setUp -->
        <test-method is-config="true" signature="startExtent(java.lang.reflect.Method)[pri:0, instance:home.HomePageTest@f2f2cc1]" started-at="2020-09-26T14:00:25 EDT" name="startExtent" finished-at="2020-09-26T14:00:25 EDT" duration-ms="0" status="PASS">
          <params>
            <param index="0">
              <value>
                <![CDATA[public void home.HomePageTest.setSellButtonTest()]]>
              </value>
            </param>
          </params>
          <reporter-output>
          </reporter-output>
        </test-method> <!-- startExtent -->
        <test-method is-config="true" signature="init()[pri:0, instance:home.HomePageTest@f2f2cc1]" started-at="2020-09-26T14:00:25 EDT" name="init" finished-at="2020-09-26T14:00:25 EDT" duration-ms="1" status="PASS">
          <reporter-output>
          </reporter-output>
        </test-method> <!-- init -->
        <test-method signature="setSellButtonTest()[pri:0, instance:home.HomePageTest@f2f2cc1]" started-at="2020-09-26T14:00:25 EDT" name="setSellButtonTest" finished-at="2020-09-26T14:00:27 EDT" duration-ms="2536" status="PASS">
          <reporter-output>
          </reporter-output>
        </test-method> <!-- setSellButtonTest -->
        <test-method is-config="true" signature="afterEachTestMethod(org.testng.ITestResult)[pri:0, instance:home.HomePageTest@f2f2cc1]" started-at="2020-09-26T14:00:27 EDT" name="afterEachTestMethod" finished-at="2020-09-26T14:00:27 EDT" duration-ms="134" status="PASS">
          <params>
            <param index="0">
              <value>
                <![CDATA[[TestResult name=setSellButtonTest status=SUCCESS method=HomePageTest.setSellButtonTest()[pri:0, instance:home.HomePageTest@f2f2cc1] output={null}]]]>
              </value>
            </param>
          </params>
          <reporter-output>
          </reporter-output>
        </test-method> <!-- afterEachTestMethod -->
        <test-method is-config="true" signature="cleanUp()[pri:0, instance:home.HomePageTest@f2f2cc1]" started-at="2020-09-26T14:00:27 EDT" name="cleanUp" finished-at="2020-09-26T14:00:27 EDT" duration-ms="0" status="PASS">
          <reporter-output>
          </reporter-output>
        </test-method> <!-- cleanUp -->
        <test-method is-config="true" signature="setUp(boolean, java.lang.String, java.lang.String, java.lang.String, java.lang.String, java.lang.String, java.lang.String)[pri:0, instance:home.HomePageTest@f2f2cc1]" started-at="2020-09-26T14:00:27 EDT" name="setUp" finished-at="2020-09-26T14:00:31 EDT" duration-ms="3402" status="PASS">
          <params>
            <param index="0">
              <value>
                <![CDATA[false]]>
              </value>
            </param>
            <param index="1">
              <value>
                <![CDATA[browserstack]]>
              </value>
            </param>
            <param index="2">
              <value>
                <![CDATA[OS X]]>
              </value>
            </param>
            <param index="3">
              <value>
                <![CDATA[catalina]]>
              </value>
            </param>
            <param index="4">
              <value>
                <![CDATA[chrome]]>
              </value>
            </param>
            <param index="5">
              <value>
                <![CDATA[85.0]]>
              </value>
            </param>
            <param index="6">
              <value>
                <![CDATA[https://www.amazon.com/]]>
              </value>
            </param>
          </params>
          <reporter-output>
          </reporter-output>
        </test-method> <!-- setUp -->
        <test-method is-config="true" signature="init()[pri:0, instance:home.HomePageTest@f2f2cc1]" started-at="2020-09-26T14:00:31 EDT" name="init" finished-at="2020-09-26T14:00:31 EDT" duration-ms="0" status="PASS">
          <reporter-output>
          </reporter-output>
        </test-method> <!-- init -->
        <test-method is-config="true" signature="startExtent(java.lang.reflect.Method)[pri:0, instance:home.HomePageTest@f2f2cc1]" started-at="2020-09-26T14:00:31 EDT" name="startExtent" finished-at="2020-09-26T14:00:31 EDT" duration-ms="0" status="PASS">
          <params>
            <param index="0">
              <value>
                <![CDATA[public void home.HomePageTest.setTodayDealTest()]]>
              </value>
            </param>
          </params>
          <reporter-output>
          </reporter-output>
        </test-method> <!-- startExtent -->
        <test-method signature="setTodayDealTest()[pri:0, instance:home.HomePageTest@f2f2cc1]" started-at="2020-09-26T14:00:31 EDT" name="setTodayDealTest" finished-at="2020-09-26T14:00:33 EDT" duration-ms="2881" status="PASS">
          <reporter-output>
          </reporter-output>
        </test-method> <!-- setTodayDealTest -->
        <test-method is-config="true" signature="afterEachTestMethod(org.testng.ITestResult)[pri:0, instance:home.HomePageTest@f2f2cc1]" started-at="2020-09-26T14:00:33 EDT" name="afterEachTestMethod" finished-at="2020-09-26T14:00:34 EDT" duration-ms="150" status="PASS">
          <params>
            <param index="0">
              <value>
                <![CDATA[[TestResult name=setTodayDealTest status=SUCCESS method=HomePageTest.setTodayDealTest()[pri:0, instance:home.HomePageTest@f2f2cc1] output={null}]]]>
              </value>
            </param>
          </params>
          <reporter-output>
          </reporter-output>
        </test-method> <!-- afterEachTestMethod -->
        <test-method is-config="true" signature="cleanUp()[pri:0, instance:home.HomePageTest@f2f2cc1]" started-at="2020-09-26T14:00:34 EDT" name="cleanUp" finished-at="2020-09-26T14:00:34 EDT" duration-ms="0" status="PASS">
          <reporter-output>
          </reporter-output>
        </test-method> <!-- cleanUp -->
        <test-method is-config="true" signature="setUp(boolean, java.lang.String, java.lang.String, java.lang.String, java.lang.String, java.lang.String, java.lang.String)[pri:0, instance:home.HomePageTest@f2f2cc1]" started-at="2020-09-26T14:00:34 EDT" name="setUp" finished-at="2020-09-26T14:00:38 EDT" duration-ms="4717" status="PASS">
          <params>
            <param index="0">
              <value>
                <![CDATA[false]]>
              </value>
            </param>
            <param index="1">
              <value>
                <![CDATA[browserstack]]>
              </value>
            </param>
            <param index="2">
              <value>
                <![CDATA[OS X]]>
              </value>
            </param>
            <param index="3">
              <value>
                <![CDATA[catalina]]>
              </value>
            </param>
            <param index="4">
              <value>
                <![CDATA[chrome]]>
              </value>
            </param>
            <param index="5">
              <value>
                <![CDATA[85.0]]>
              </value>
            </param>
            <param index="6">
              <value>
                <![CDATA[https://www.amazon.com/]]>
              </value>
            </param>
          </params>
          <reporter-output>
          </reporter-output>
        </test-method> <!-- setUp -->
        <test-method is-config="true" signature="startExtent(java.lang.reflect.Method)[pri:0, instance:home.HomePageTest@f2f2cc1]" started-at="2020-09-26T14:00:38 EDT" name="startExtent" finished-at="2020-09-26T14:00:38 EDT" duration-ms="0" status="PASS">
          <params>
            <param index="0">
              <value>
                <![CDATA[public void home.HomePageTest.setWholeFoodTest()]]>
              </value>
            </param>
          </params>
          <reporter-output>
          </reporter-output>
        </test-method> <!-- startExtent -->
        <test-method is-config="true" signature="init()[pri:0, instance:home.HomePageTest@f2f2cc1]" started-at="2020-09-26T14:00:38 EDT" name="init" finished-at="2020-09-26T14:00:38 EDT" duration-ms="1" status="PASS">
          <reporter-output>
          </reporter-output>
        </test-method> <!-- init -->
        <test-method signature="setWholeFoodTest()[pri:0, instance:home.HomePageTest@f2f2cc1]" started-at="2020-09-26T14:00:38 EDT" name="setWholeFoodTest" finished-at="2020-09-26T14:00:40 EDT" duration-ms="1208" status="PASS">
          <reporter-output>
          </reporter-output>
        </test-method> <!-- setWholeFoodTest -->
        <test-method is-config="true" signature="afterEachTestMethod(org.testng.ITestResult)[pri:0, instance:home.HomePageTest@f2f2cc1]" started-at="2020-09-26T14:00:40 EDT" name="afterEachTestMethod" finished-at="2020-09-26T14:00:40 EDT" duration-ms="142" status="PASS">
          <params>
            <param index="0">
              <value>
                <![CDATA[[TestResult name=setWholeFoodTest status=SUCCESS method=HomePageTest.setWholeFoodTest()[pri:0, instance:home.HomePageTest@f2f2cc1] output={null}]]]>
              </value>
            </param>
          </params>
          <reporter-output>
          </reporter-output>
        </test-method> <!-- afterEachTestMethod -->
        <test-method is-config="true" signature="cleanUp()[pri:0, instance:home.HomePageTest@f2f2cc1]" started-at="2020-09-26T14:00:40 EDT" name="cleanUp" finished-at="2020-09-26T14:00:40 EDT" duration-ms="0" status="PASS">
          <reporter-output>
          </reporter-output>
        </test-method> <!-- cleanUp -->
      </class> <!-- home.HomePageTest -->
    </test> <!-- amazon Home -->
  </suite> <!-- Amzon Automation Test -->
</testng-results>
