<?xml version="1.0" encoding="UTF-8"?>
<testng-results ignored="0" total="29" passed="25" failed="4" skipped="0">
  <reporter-output>
    <line>
      <![CDATA[Extent Report Directory/Users/farjanamobin/IdeaProjects/WebAutomationFramework_Team1/Amazon/target/surefire-reports/html]]>
    </line>
  </reporter-output>
  <suite started-at="2020-09-26T02:06:11 EDT" name="Amazon Automation Test" finished-at="2020-09-26T02:10:59 EDT" duration-ms="287583">
    <groups>
    </groups>
    <test started-at="2020-09-26T02:06:11 EDT" name="Amazon Home" finished-at="2020-09-26T02:10:59 EDT" duration-ms="287583">
      <class name="home.HomePageTest">
        <test-method is-config="true" signature="extentSetup(org.testng.ITestContext)[pri:0, instance:home.HomePageTest@3e96bacf]" started-at="2020-09-26T02:06:11 EDT" name="extentSetup" finished-at="2020-09-26T02:06:11 EDT" duration-ms="576" status="PASS">
          <params>
            <param index="0">
              <value>
                <![CDATA[org.testng.TestRunner@2bb717d7]]>
              </value>
            </param>
          </params>
          <reporter-output>
            <line>
              <![CDATA[Extent Report Directory/Users/farjanamobin/IdeaProjects/WebAutomationFramework_Team1/Amazon/target/surefire-reports/html]]>
            </line>
          </reporter-output>
        </test-method> <!-- extentSetup -->
        <test-method is-config="true" signature="setUp(boolean, java.lang.String, java.lang.String, java.lang.String, java.lang.String, java.lang.String, java.lang.String)[pri:0, instance:home.HomePageTest@3e96bacf]" started-at="2020-09-26T02:06:11 EDT" name="setUp" finished-at="2020-09-26T02:06:19 EDT" duration-ms="7275" status="PASS">
          <params>
            <param index="0">
              <value>
                <![CDATA[false]]>
              </value>
            </param>
            <param index="1">
              <value>
                <![CDATA[browserstack]]>
              </value>
            </param>
            <param index="2">
              <value>
                <![CDATA[OS X]]>
              </value>
            </param>
            <param index="3">
              <value>
                <![CDATA[Sierra]]>
              </value>
            </param>
            <param index="4">
              <value>
                <![CDATA[chrome-options]]>
              </value>
            </param>
            <param index="5">
              <value>
                <![CDATA[85.0]]>
              </value>
            </param>
            <param index="6">
              <value>
                <![CDATA[https://www.amazon.com/]]>
              </value>
            </param>
          </params>
          <reporter-output>
          </reporter-output>
        </test-method> <!-- setUp -->
        <test-method is-config="true" signature="startExtent(java.lang.reflect.Method)[pri:0, instance:home.HomePageTest@3e96bacf]" started-at="2020-09-26T02:06:19 EDT" name="startExtent" finished-at="2020-09-26T02:06:19 EDT" duration-ms="9" status="PASS">
          <params>
            <param index="0">
              <value>
                <![CDATA[public void home.HomePageTest.testValidateBestSeller()]]>
              </value>
            </param>
          </params>
          <reporter-output>
          </reporter-output>
        </test-method> <!-- startExtent -->
        <test-method is-config="true" signature="getInit()[pri:0, instance:home.HomePageTest@3e96bacf]" started-at="2020-09-26T02:06:19 EDT" name="getInit" finished-at="2020-09-26T02:06:19 EDT" duration-ms="64" status="PASS">
          <reporter-output>
          </reporter-output>
        </test-method> <!-- getInit -->
        <test-method signature="testValidateBestSeller()[pri:0, instance:home.HomePageTest@3e96bacf]" started-at="2020-09-26T02:06:19 EDT" name="testValidateBestSeller" finished-at="2020-09-26T02:06:21 EDT" duration-ms="2387" status="PASS">
          <reporter-output>
          </reporter-output>
        </test-method> <!-- testValidateBestSeller -->
        <test-method is-config="true" signature="afterEachTestMethod(org.testng.ITestResult)[pri:0, instance:home.HomePageTest@3e96bacf]" started-at="2020-09-26T02:06:21 EDT" name="afterEachTestMethod" finished-at="2020-09-26T02:06:22 EDT" duration-ms="1024" status="PASS">
          <params>
            <param index="0">
              <value>
                <![CDATA[[TestResult name=testValidateBestSeller status=SUCCESS method=HomePageTest.testValidateBestSeller()[pri:0, instance:home.HomePageTest@3e96bacf] output={null}]]]>
              </value>
            </param>
          </params>
          <reporter-output>
          </reporter-output>
        </test-method> <!-- afterEachTestMethod -->
        <test-method is-config="true" signature="cleanUp()[pri:0, instance:home.HomePageTest@3e96bacf]" started-at="2020-09-26T02:06:22 EDT" name="cleanUp" finished-at="2020-09-26T02:06:22 EDT" duration-ms="1" status="PASS">
          <reporter-output>
          </reporter-output>
        </test-method> <!-- cleanUp -->
        <test-method is-config="true" signature="setUp(boolean, java.lang.String, java.lang.String, java.lang.String, java.lang.String, java.lang.String, java.lang.String)[pri:0, instance:home.HomePageTest@3e96bacf]" started-at="2020-09-26T02:06:22 EDT" name="setUp" finished-at="2020-09-26T02:06:26 EDT" duration-ms="3744" status="PASS">
          <params>
            <param index="0">
              <value>
                <![CDATA[false]]>
              </value>
            </param>
            <param index="1">
              <value>
                <![CDATA[browserstack]]>
              </value>
            </param>
            <param index="2">
              <value>
                <![CDATA[OS X]]>
              </value>
            </param>
            <param index="3">
              <value>
                <![CDATA[Sierra]]>
              </value>
            </param>
            <param index="4">
              <value>
                <![CDATA[chrome-options]]>
              </value>
            </param>
            <param index="5">
              <value>
                <![CDATA[85.0]]>
              </value>
            </param>
            <param index="6">
              <value>
                <![CDATA[https://www.amazon.com/]]>
              </value>
            </param>
          </params>
          <reporter-output>
          </reporter-output>
        </test-method> <!-- setUp -->
        <test-method is-config="true" signature="startExtent(java.lang.reflect.Method)[pri:0, instance:home.HomePageTest@3e96bacf]" started-at="2020-09-26T02:06:26 EDT" name="startExtent" finished-at="2020-09-26T02:06:26 EDT" duration-ms="1" status="PASS">
          <params>
            <param index="0">
              <value>
                <![CDATA[public void home.HomePageTest.testValidateCustomerService()]]>
              </value>
            </param>
          </params>
          <reporter-output>
          </reporter-output>
        </test-method> <!-- startExtent -->
        <test-method is-config="true" signature="getInit()[pri:0, instance:home.HomePageTest@3e96bacf]" started-at="2020-09-26T02:06:26 EDT" name="getInit" finished-at="2020-09-26T02:06:26 EDT" duration-ms="2" status="PASS">
          <reporter-output>
          </reporter-output>
        </test-method> <!-- getInit -->
        <test-method signature="testValidateCustomerService()[pri:0, instance:home.HomePageTest@3e96bacf]" started-at="2020-09-26T02:06:26 EDT" name="testValidateCustomerService" finished-at="2020-09-26T02:06:27 EDT" duration-ms="1587" status="PASS">
          <reporter-output>
          </reporter-output>
        </test-method> <!-- testValidateCustomerService -->
        <test-method is-config="true" signature="afterEachTestMethod(org.testng.ITestResult)[pri:0, instance:home.HomePageTest@3e96bacf]" started-at="2020-09-26T02:06:27 EDT" name="afterEachTestMethod" finished-at="2020-09-26T02:06:28 EDT" duration-ms="273" status="PASS">
          <params>
            <param index="0">
              <value>
                <![CDATA[[TestResult name=testValidateCustomerService status=SUCCESS method=HomePageTest.testValidateCustomerService()[pri:0, instance:home.HomePageTest@3e96bacf] output={null}]]]>
              </value>
            </param>
          </params>
          <reporter-output>
          </reporter-output>
        </test-method> <!-- afterEachTestMethod -->
        <test-method is-config="true" signature="cleanUp()[pri:0, instance:home.HomePageTest@3e96bacf]" started-at="2020-09-26T02:06:28 EDT" name="cleanUp" finished-at="2020-09-26T02:06:28 EDT" duration-ms="0" status="PASS">
          <reporter-output>
          </reporter-output>
        </test-method> <!-- cleanUp -->
        <test-method is-config="true" signature="setUp(boolean, java.lang.String, java.lang.String, java.lang.String, java.lang.String, java.lang.String, java.lang.String)[pri:0, instance:home.HomePageTest@3e96bacf]" started-at="2020-09-26T02:06:28 EDT" name="setUp" finished-at="2020-09-26T02:06:31 EDT" duration-ms="3712" status="PASS">
          <params>
            <param index="0">
              <value>
                <![CDATA[false]]>
              </value>
            </param>
            <param index="1">
              <value>
                <![CDATA[browserstack]]>
              </value>
            </param>
            <param index="2">
              <value>
                <![CDATA[OS X]]>
              </value>
            </param>
            <param index="3">
              <value>
                <![CDATA[Sierra]]>
              </value>
            </param>
            <param index="4">
              <value>
                <![CDATA[chrome-options]]>
              </value>
            </param>
            <param index="5">
              <value>
                <![CDATA[85.0]]>
              </value>
            </param>
            <param index="6">
              <value>
                <![CDATA[https://www.amazon.com/]]>
              </value>
            </param>
          </params>
          <reporter-output>
          </reporter-output>
        </test-method> <!-- setUp -->
        <test-method is-config="true" signature="startExtent(java.lang.reflect.Method)[pri:0, instance:home.HomePageTest@3e96bacf]" started-at="2020-09-26T02:06:31 EDT" name="startExtent" finished-at="2020-09-26T02:06:31 EDT" duration-ms="1" status="PASS">
          <params>
            <param index="0">
              <value>
                <![CDATA[public void home.HomePageTest.testValidateFindAGift()]]>
              </value>
            </param>
          </params>
          <reporter-output>
          </reporter-output>
        </test-method> <!-- startExtent -->
        <test-method is-config="true" signature="getInit()[pri:0, instance:home.HomePageTest@3e96bacf]" started-at="2020-09-26T02:06:31 EDT" name="getInit" finished-at="2020-09-26T02:06:31 EDT" duration-ms="4" status="PASS">
          <reporter-output>
          </reporter-output>
        </test-method> <!-- getInit -->
        <test-method signature="testValidateFindAGift()[pri:0, instance:home.HomePageTest@3e96bacf]" started-at="2020-09-26T02:06:31 EDT" name="testValidateFindAGift" finished-at="2020-09-26T02:06:34 EDT" duration-ms="2158" status="FAIL">
          <exception class="org.openqa.selenium.ElementClickInterceptedException">
            <message>
              <![CDATA[element click intercepted: Element <a href="/gift-cards/b/?ie=UTF8&amp;node=2238192011&amp;ref_=nav_cs_gc" class="nav-a  " tabindex="0">...</a> is not clickable at point (863, 79). Other element would receive the click: <span class="nav-action-inner">...</span>
  (Session info: chrome=85.0.4183.121)
Build info: version: '3.141.59', revision: 'e82be7d358', time: '2018-11-14T08:17:03'
System info: host: 'Farjanas-Air', ip: '2604:2000:1700:1c:aca7:63da:436f:f5a%en0', os.name: 'Mac OS X', os.arch: 'x86_64', os.version: '10.13.6', java.version: '11.0.6'
Driver info: org.openqa.selenium.chrome.ChromeDriver
Capabilities {acceptInsecureCerts: false, browserName: chrome, browserVersion: 85.0.4183.121, chrome: {chromedriverVersion: 85.0.4183.87 (cd6713ebf92fa..., userDataDir: /var/folders/27/nmfyzmzj1c7...}, goog:chromeOptions: {debuggerAddress: localhost:59396}, javascriptEnabled: true, networkConnectionEnabled: false, pageLoadStrategy: normal, platform: MAC, platformName: MAC, proxy: Proxy(), setWindowRect: true, strictFileInteractability: false, timeouts: {implicit: 0, pageLoad: 300000, script: 30000}, unhandledPromptBehavior: dismiss and notify, webauthn:virtualAuthenticators: true}
Session ID: c7cdb8f2b4fef932ecc5b95499b7f256]]>
            </message>
            <full-stacktrace>
              <![CDATA[org.openqa.selenium.ElementClickInterceptedException: element click intercepted: Element <a href="/gift-cards/b/?ie=UTF8&amp;node=2238192011&amp;ref_=nav_cs_gc" class="nav-a  " tabindex="0">...</a> is not clickable at point (863, 79). Other element would receive the click: <span class="nav-action-inner">...</span>
  (Session info: chrome=85.0.4183.121)
Build info: version: '3.141.59', revision: 'e82be7d358', time: '2018-11-14T08:17:03'
System info: host: 'Farjanas-Air', ip: '2604:2000:1700:1c:aca7:63da:436f:f5a%en0', os.name: 'Mac OS X', os.arch: 'x86_64', os.version: '10.13.6', java.version: '11.0.6'
Driver info: org.openqa.selenium.chrome.ChromeDriver
Capabilities {acceptInsecureCerts: false, browserName: chrome, browserVersion: 85.0.4183.121, chrome: {chromedriverVersion: 85.0.4183.87 (cd6713ebf92fa..., userDataDir: /var/folders/27/nmfyzmzj1c7...}, goog:chromeOptions: {debuggerAddress: localhost:59396}, javascriptEnabled: true, networkConnectionEnabled: false, pageLoadStrategy: normal, platform: MAC, platformName: MAC, proxy: Proxy(), setWindowRect: true, strictFileInteractability: false, timeouts: {implicit: 0, pageLoad: 300000, script: 30000}, unhandledPromptBehavior: dismiss and notify, webauthn:virtualAuthenticators: true}
Session ID: c7cdb8f2b4fef932ecc5b95499b7f256
at java.base/jdk.internal.reflect.NativeConstructorAccessorImpl.newInstance0(Native Method)
at java.base/jdk.internal.reflect.NativeConstructorAccessorImpl.newInstance(NativeConstructorAccessorImpl.java:62)
at java.base/jdk.internal.reflect.DelegatingConstructorAccessorImpl.newInstance(DelegatingConstructorAccessorImpl.java:45)
at java.base/java.lang.reflect.Constructor.newInstance(Constructor.java:490)
at org.openqa.selenium.remote.http.W3CHttpResponseCodec.createException(W3CHttpResponseCodec.java:187)
at org.openqa.selenium.remote.http.W3CHttpResponseCodec.decode(W3CHttpResponseCodec.java:122)
at org.openqa.selenium.remote.http.W3CHttpResponseCodec.decode(W3CHttpResponseCodec.java:49)
at org.openqa.selenium.remote.HttpCommandExecutor.execute(HttpCommandExecutor.java:158)
at org.openqa.selenium.remote.service.DriverCommandExecutor.execute(DriverCommandExecutor.java:83)
at org.openqa.selenium.remote.RemoteWebDriver.execute(RemoteWebDriver.java:552)
at org.openqa.selenium.remote.RemoteWebElement.execute(RemoteWebElement.java:285)
at org.openqa.selenium.remote.RemoteWebElement.click(RemoteWebElement.java:84)
at java.base/jdk.internal.reflect.NativeMethodAccessorImpl.invoke0(Native Method)
at java.base/jdk.internal.reflect.NativeMethodAccessorImpl.invoke(NativeMethodAccessorImpl.java:62)
at java.base/jdk.internal.reflect.DelegatingMethodAccessorImpl.invoke(DelegatingMethodAccessorImpl.java:43)
at java.base/java.lang.reflect.Method.invoke(Method.java:566)
at org.openqa.selenium.support.pagefactory.internal.LocatingElementHandler.invoke(LocatingElementHandler.java:51)
at com.sun.proxy.$Proxy14.click(Unknown Source)
at home.HomePage.checkFindAGift(HomePage.java:495)
at home.HomePageTest.testValidateFindAGift(HomePageTest.java:175)
at java.base/jdk.internal.reflect.NativeMethodAccessorImpl.invoke0(Native Method)
at java.base/jdk.internal.reflect.NativeMethodAccessorImpl.invoke(NativeMethodAccessorImpl.java:62)
at java.base/jdk.internal.reflect.DelegatingMethodAccessorImpl.invoke(DelegatingMethodAccessorImpl.java:43)
at java.base/java.lang.reflect.Method.invoke(Method.java:566)
at org.testng.internal.MethodInvocationHelper.invokeMethod(MethodInvocationHelper.java:134)
at org.testng.internal.TestInvoker.invokeMethod(TestInvoker.java:597)
at org.testng.internal.TestInvoker.invokeTestMethod(TestInvoker.java:173)
at org.testng.internal.MethodRunner.runInSequence(MethodRunner.java:46)
at org.testng.internal.TestInvoker$MethodInvocationAgent.invoke(TestInvoker.java:816)
at org.testng.internal.TestInvoker.invokeTestMethods(TestInvoker.java:146)
at org.testng.internal.TestMethodWorker.invokeTestMethods(TestMethodWorker.java:146)
at org.testng.internal.TestMethodWorker.run(TestMethodWorker.java:128)
at java.base/java.util.ArrayList.forEach(ArrayList.java:1540)
at org.testng.TestRunner.privateRun(TestRunner.java:766)
at org.testng.TestRunner.run(TestRunner.java:587)
at org.testng.SuiteRunner.runTest(SuiteRunner.java:384)
at org.testng.SuiteRunner.runSequentially(SuiteRunner.java:378)
at org.testng.SuiteRunner.privateRun(SuiteRunner.java:337)
at org.testng.SuiteRunner.run(SuiteRunner.java:286)
at org.testng.SuiteRunnerWorker.runSuite(SuiteRunnerWorker.java:53)
at org.testng.SuiteRunnerWorker.run(SuiteRunnerWorker.java:96)
at org.testng.TestNG.runSuitesSequentially(TestNG.java:1187)
at org.testng.TestNG.runSuitesLocally(TestNG.java:1109)
at org.testng.TestNG.runSuites(TestNG.java:1039)
at org.testng.TestNG.run(TestNG.java:1007)
at org.apache.maven.surefire.testng.TestNGExecutor.run(TestNGExecutor.java:284)
at org.apache.maven.surefire.testng.TestNGXmlTestSuite.execute(TestNGXmlTestSuite.java:75)
at org.apache.maven.surefire.testng.TestNGProvider.invoke(TestNGProvider.java:119)
at org.apache.maven.surefire.booter.ForkedBooter.runSuitesInProcess(ForkedBooter.java:428)
at org.apache.maven.surefire.booter.ForkedBooter.execute(ForkedBooter.java:162)
at org.apache.maven.surefire.booter.ForkedBooter.run(ForkedBooter.java:562)
at org.apache.maven.surefire.booter.ForkedBooter.main(ForkedBooter.java:548)
]]>
            </full-stacktrace>
          </exception> <!-- org.openqa.selenium.ElementClickInterceptedException -->
          <reporter-output>
          </reporter-output>
        </test-method> <!-- testValidateFindAGift -->
        <test-method is-config="true" signature="afterEachTestMethod(org.testng.ITestResult)[pri:0, instance:home.HomePageTest@3e96bacf]" started-at="2020-09-26T02:06:34 EDT" name="afterEachTestMethod" finished-at="2020-09-26T02:06:34 EDT" duration-ms="804" status="PASS">
          <params>
            <param index="0">
              <value>
                <![CDATA[[TestResult name=testValidateFindAGift status=FAILURE method=HomePageTest.testValidateFindAGift()[pri:0, instance:home.HomePageTest@3e96bacf] output={null}]]]>
              </value>
            </param>
          </params>
          <reporter-output>
          </reporter-output>
        </test-method> <!-- afterEachTestMethod -->
        <test-method is-config="true" signature="cleanUp()[pri:0, instance:home.HomePageTest@3e96bacf]" started-at="2020-09-26T02:06:34 EDT" name="cleanUp" finished-at="2020-09-26T02:06:34 EDT" duration-ms="0" status="PASS">
          <reporter-output>
          </reporter-output>
        </test-method> <!-- cleanUp -->
        <test-method is-config="true" signature="setUp(boolean, java.lang.String, java.lang.String, java.lang.String, java.lang.String, java.lang.String, java.lang.String)[pri:0, instance:home.HomePageTest@3e96bacf]" started-at="2020-09-26T02:06:34 EDT" name="setUp" finished-at="2020-09-26T02:06:37 EDT" duration-ms="3113" status="PASS">
          <params>
            <param index="0">
              <value>
                <![CDATA[false]]>
              </value>
            </param>
            <param index="1">
              <value>
                <![CDATA[browserstack]]>
              </value>
            </param>
            <param index="2">
              <value>
                <![CDATA[OS X]]>
              </value>
            </param>
            <param index="3">
              <value>
                <![CDATA[Sierra]]>
              </value>
            </param>
            <param index="4">
              <value>
                <![CDATA[chrome-options]]>
              </value>
            </param>
            <param index="5">
              <value>
                <![CDATA[85.0]]>
              </value>
            </param>
            <param index="6">
              <value>
                <![CDATA[https://www.amazon.com/]]>
              </value>
            </param>
          </params>
          <reporter-output>
          </reporter-output>
        </test-method> <!-- setUp -->
        <test-method is-config="true" signature="startExtent(java.lang.reflect.Method)[pri:0, instance:home.HomePageTest@3e96bacf]" started-at="2020-09-26T02:06:37 EDT" name="startExtent" finished-at="2020-09-26T02:06:37 EDT" duration-ms="1" status="PASS">
          <params>
            <param index="0">
              <value>
                <![CDATA[public void home.HomePageTest.testValidateGiftCards()]]>
              </value>
            </param>
          </params>
          <reporter-output>
          </reporter-output>
        </test-method> <!-- startExtent -->
        <test-method is-config="true" signature="getInit()[pri:0, instance:home.HomePageTest@3e96bacf]" started-at="2020-09-26T02:06:37 EDT" name="getInit" finished-at="2020-09-26T02:06:37 EDT" duration-ms="2" status="PASS">
          <reporter-output>
          </reporter-output>
        </test-method> <!-- getInit -->
        <test-method signature="testValidateGiftCards()[pri:0, instance:home.HomePageTest@3e96bacf]" started-at="2020-09-26T02:06:37 EDT" name="testValidateGiftCards" finished-at="2020-09-26T02:06:44 EDT" duration-ms="6942" status="FAIL">
          <exception class="org.openqa.selenium.ElementNotInteractableException">
            <message>
              <![CDATA[element not interactable
  (Session info: chrome=85.0.4183.121)
Build info: version: '3.141.59', revision: 'e82be7d358', time: '2018-11-14T08:17:03'
System info: host: 'Farjanas-Air', ip: '2604:2000:1700:1c:aca7:63da:436f:f5a%en0', os.name: 'Mac OS X', os.arch: 'x86_64', os.version: '10.13.6', java.version: '11.0.6'
Driver info: org.openqa.selenium.chrome.ChromeDriver
Capabilities {acceptInsecureCerts: false, browserName: chrome, browserVersion: 85.0.4183.121, chrome: {chromedriverVersion: 85.0.4183.87 (cd6713ebf92fa..., userDataDir: /var/folders/27/nmfyzmzj1c7...}, goog:chromeOptions: {debuggerAddress: localhost:59505}, javascriptEnabled: true, networkConnectionEnabled: false, pageLoadStrategy: normal, platform: MAC, platformName: MAC, proxy: Proxy(), setWindowRect: true, strictFileInteractability: false, timeouts: {implicit: 0, pageLoad: 300000, script: 30000}, unhandledPromptBehavior: dismiss and notify, webauthn:virtualAuthenticators: true}
Session ID: 4df182c6d176dcd41db0bd2f2ce6ccc5]]>
            </message>
            <full-stacktrace>
              <![CDATA[org.openqa.selenium.ElementNotInteractableException: element not interactable
  (Session info: chrome=85.0.4183.121)
Build info: version: '3.141.59', revision: 'e82be7d358', time: '2018-11-14T08:17:03'
System info: host: 'Farjanas-Air', ip: '2604:2000:1700:1c:aca7:63da:436f:f5a%en0', os.name: 'Mac OS X', os.arch: 'x86_64', os.version: '10.13.6', java.version: '11.0.6'
Driver info: org.openqa.selenium.chrome.ChromeDriver
Capabilities {acceptInsecureCerts: false, browserName: chrome, browserVersion: 85.0.4183.121, chrome: {chromedriverVersion: 85.0.4183.87 (cd6713ebf92fa..., userDataDir: /var/folders/27/nmfyzmzj1c7...}, goog:chromeOptions: {debuggerAddress: localhost:59505}, javascriptEnabled: true, networkConnectionEnabled: false, pageLoadStrategy: normal, platform: MAC, platformName: MAC, proxy: Proxy(), setWindowRect: true, strictFileInteractability: false, timeouts: {implicit: 0, pageLoad: 300000, script: 30000}, unhandledPromptBehavior: dismiss and notify, webauthn:virtualAuthenticators: true}
Session ID: 4df182c6d176dcd41db0bd2f2ce6ccc5
at java.base/jdk.internal.reflect.NativeConstructorAccessorImpl.newInstance0(Native Method)
at java.base/jdk.internal.reflect.NativeConstructorAccessorImpl.newInstance(NativeConstructorAccessorImpl.java:62)
at java.base/jdk.internal.reflect.DelegatingConstructorAccessorImpl.newInstance(DelegatingConstructorAccessorImpl.java:45)
at java.base/java.lang.reflect.Constructor.newInstance(Constructor.java:490)
at org.openqa.selenium.remote.http.W3CHttpResponseCodec.createException(W3CHttpResponseCodec.java:187)
at org.openqa.selenium.remote.http.W3CHttpResponseCodec.decode(W3CHttpResponseCodec.java:122)
at org.openqa.selenium.remote.http.W3CHttpResponseCodec.decode(W3CHttpResponseCodec.java:49)
at org.openqa.selenium.remote.HttpCommandExecutor.execute(HttpCommandExecutor.java:158)
at org.openqa.selenium.remote.service.DriverCommandExecutor.execute(DriverCommandExecutor.java:83)
at org.openqa.selenium.remote.RemoteWebDriver.execute(RemoteWebDriver.java:552)
at org.openqa.selenium.remote.RemoteWebElement.execute(RemoteWebElement.java:285)
at org.openqa.selenium.remote.RemoteWebElement.click(RemoteWebElement.java:84)
at java.base/jdk.internal.reflect.NativeMethodAccessorImpl.invoke0(Native Method)
at java.base/jdk.internal.reflect.NativeMethodAccessorImpl.invoke(NativeMethodAccessorImpl.java:62)
at java.base/jdk.internal.reflect.DelegatingMethodAccessorImpl.invoke(DelegatingMethodAccessorImpl.java:43)
at java.base/java.lang.reflect.Method.invoke(Method.java:566)
at org.openqa.selenium.support.pagefactory.internal.LocatingElementHandler.invoke(LocatingElementHandler.java:51)
at com.sun.proxy.$Proxy14.click(Unknown Source)
at home.HomePage.checkGiftCards(HomePage.java:546)
at home.HomePageTest.testValidateGiftCards(HomePageTest.java:193)
at java.base/jdk.internal.reflect.NativeMethodAccessorImpl.invoke0(Native Method)
at java.base/jdk.internal.reflect.NativeMethodAccessorImpl.invoke(NativeMethodAccessorImpl.java:62)
at java.base/jdk.internal.reflect.DelegatingMethodAccessorImpl.invoke(DelegatingMethodAccessorImpl.java:43)
at java.base/java.lang.reflect.Method.invoke(Method.java:566)
at org.testng.internal.MethodInvocationHelper.invokeMethod(MethodInvocationHelper.java:134)
at org.testng.internal.TestInvoker.invokeMethod(TestInvoker.java:597)
at org.testng.internal.TestInvoker.invokeTestMethod(TestInvoker.java:173)
at org.testng.internal.MethodRunner.runInSequence(MethodRunner.java:46)
at org.testng.internal.TestInvoker$MethodInvocationAgent.invoke(TestInvoker.java:816)
at org.testng.internal.TestInvoker.invokeTestMethods(TestInvoker.java:146)
at org.testng.internal.TestMethodWorker.invokeTestMethods(TestMethodWorker.java:146)
at org.testng.internal.TestMethodWorker.run(TestMethodWorker.java:128)
at java.base/java.util.ArrayList.forEach(ArrayList.java:1540)
at org.testng.TestRunner.privateRun(TestRunner.java:766)
at org.testng.TestRunner.run(TestRunner.java:587)
at org.testng.SuiteRunner.runTest(SuiteRunner.java:384)
at org.testng.SuiteRunner.runSequentially(SuiteRunner.java:378)
at org.testng.SuiteRunner.privateRun(SuiteRunner.java:337)
at org.testng.SuiteRunner.run(SuiteRunner.java:286)
at org.testng.SuiteRunnerWorker.runSuite(SuiteRunnerWorker.java:53)
at org.testng.SuiteRunnerWorker.run(SuiteRunnerWorker.java:96)
at org.testng.TestNG.runSuitesSequentially(TestNG.java:1187)
at org.testng.TestNG.runSuitesLocally(TestNG.java:1109)
at org.testng.TestNG.runSuites(TestNG.java:1039)
at org.testng.TestNG.run(TestNG.java:1007)
at org.apache.maven.surefire.testng.TestNGExecutor.run(TestNGExecutor.java:284)
at org.apache.maven.surefire.testng.TestNGXmlTestSuite.execute(TestNGXmlTestSuite.java:75)
at org.apache.maven.surefire.testng.TestNGProvider.invoke(TestNGProvider.java:119)
at org.apache.maven.surefire.booter.ForkedBooter.runSuitesInProcess(ForkedBooter.java:428)
at org.apache.maven.surefire.booter.ForkedBooter.execute(ForkedBooter.java:162)
at org.apache.maven.surefire.booter.ForkedBooter.run(ForkedBooter.java:562)
at org.apache.maven.surefire.booter.ForkedBooter.main(ForkedBooter.java:548)
]]>
            </full-stacktrace>
          </exception> <!-- org.openqa.selenium.ElementNotInteractableException -->
          <reporter-output>
          </reporter-output>
        </test-method> <!-- testValidateGiftCards -->
        <test-method is-config="true" signature="afterEachTestMethod(org.testng.ITestResult)[pri:0, instance:home.HomePageTest@3e96bacf]" started-at="2020-09-26T02:06:44 EDT" name="afterEachTestMethod" finished-at="2020-09-26T02:06:45 EDT" duration-ms="646" status="PASS">
          <params>
            <param index="0">
              <value>
                <![CDATA[[TestResult name=testValidateGiftCards status=FAILURE method=HomePageTest.testValidateGiftCards()[pri:0, instance:home.HomePageTest@3e96bacf] output={null}]]]>
              </value>
            </param>
          </params>
          <reporter-output>
          </reporter-output>
        </test-method> <!-- afterEachTestMethod -->
        <test-method is-config="true" signature="cleanUp()[pri:0, instance:home.HomePageTest@3e96bacf]" started-at="2020-09-26T02:06:45 EDT" name="cleanUp" finished-at="2020-09-26T02:06:45 EDT" duration-ms="0" status="PASS">
          <reporter-output>
          </reporter-output>
        </test-method> <!-- cleanUp -->
        <test-method is-config="true" signature="setUp(boolean, java.lang.String, java.lang.String, java.lang.String, java.lang.String, java.lang.String, java.lang.String)[pri:0, instance:home.HomePageTest@3e96bacf]" started-at="2020-09-26T02:06:45 EDT" name="setUp" finished-at="2020-09-26T02:06:48 EDT" duration-ms="3220" status="PASS">
          <params>
            <param index="0">
              <value>
                <![CDATA[false]]>
              </value>
            </param>
            <param index="1">
              <value>
                <![CDATA[browserstack]]>
              </value>
            </param>
            <param index="2">
              <value>
                <![CDATA[OS X]]>
              </value>
            </param>
            <param index="3">
              <value>
                <![CDATA[Sierra]]>
              </value>
            </param>
            <param index="4">
              <value>
                <![CDATA[chrome-options]]>
              </value>
            </param>
            <param index="5">
              <value>
                <![CDATA[85.0]]>
              </value>
            </param>
            <param index="6">
              <value>
                <![CDATA[https://www.amazon.com/]]>
              </value>
            </param>
          </params>
          <reporter-output>
          </reporter-output>
        </test-method> <!-- setUp -->
        <test-method is-config="true" signature="startExtent(java.lang.reflect.Method)[pri:0, instance:home.HomePageTest@3e96bacf]" started-at="2020-09-26T02:06:48 EDT" name="startExtent" finished-at="2020-09-26T02:06:48 EDT" duration-ms="1" status="PASS">
          <params>
            <param index="0">
              <value>
                <![CDATA[public void home.HomePageTest.testValidateGiftIdeas()]]>
              </value>
            </param>
          </params>
          <reporter-output>
          </reporter-output>
        </test-method> <!-- startExtent -->
        <test-method is-config="true" signature="getInit()[pri:0, instance:home.HomePageTest@3e96bacf]" started-at="2020-09-26T02:06:48 EDT" name="getInit" finished-at="2020-09-26T02:06:48 EDT" duration-ms="1" status="PASS">
          <reporter-output>
          </reporter-output>
        </test-method> <!-- getInit -->
        <test-method signature="testValidateGiftIdeas()[pri:0, instance:home.HomePageTest@3e96bacf]" started-at="2020-09-26T02:06:48 EDT" name="testValidateGiftIdeas" finished-at="2020-09-26T02:06:52 EDT" duration-ms="3457" status="PASS">
          <reporter-output>
          </reporter-output>
        </test-method> <!-- testValidateGiftIdeas -->
        <test-method is-config="true" signature="afterEachTestMethod(org.testng.ITestResult)[pri:0, instance:home.HomePageTest@3e96bacf]" started-at="2020-09-26T02:06:52 EDT" name="afterEachTestMethod" finished-at="2020-09-26T02:06:52 EDT" duration-ms="290" status="PASS">
          <params>
            <param index="0">
              <value>
                <![CDATA[[TestResult name=testValidateGiftIdeas status=SUCCESS method=HomePageTest.testValidateGiftIdeas()[pri:0, instance:home.HomePageTest@3e96bacf] output={null}]]]>
              </value>
            </param>
          </params>
          <reporter-output>
          </reporter-output>
        </test-method> <!-- afterEachTestMethod -->
        <test-method is-config="true" signature="cleanUp()[pri:0, instance:home.HomePageTest@3e96bacf]" started-at="2020-09-26T02:06:52 EDT" name="cleanUp" finished-at="2020-09-26T02:06:52 EDT" duration-ms="1" status="PASS">
          <reporter-output>
          </reporter-output>
        </test-method> <!-- cleanUp -->
        <test-method is-config="true" signature="setUp(boolean, java.lang.String, java.lang.String, java.lang.String, java.lang.String, java.lang.String, java.lang.String)[pri:0, instance:home.HomePageTest@3e96bacf]" started-at="2020-09-26T02:06:52 EDT" name="setUp" finished-at="2020-09-26T02:06:55 EDT" duration-ms="2875" status="PASS">
          <params>
            <param index="0">
              <value>
                <![CDATA[false]]>
              </value>
            </param>
            <param index="1">
              <value>
                <![CDATA[browserstack]]>
              </value>
            </param>
            <param index="2">
              <value>
                <![CDATA[OS X]]>
              </value>
            </param>
            <param index="3">
              <value>
                <![CDATA[Sierra]]>
              </value>
            </param>
            <param index="4">
              <value>
                <![CDATA[chrome-options]]>
              </value>
            </param>
            <param index="5">
              <value>
                <![CDATA[85.0]]>
              </value>
            </param>
            <param index="6">
              <value>
                <![CDATA[https://www.amazon.com/]]>
              </value>
            </param>
          </params>
          <reporter-output>
          </reporter-output>
        </test-method> <!-- setUp -->
        <test-method is-config="true" signature="getInit()[pri:0, instance:home.HomePageTest@3e96bacf]" started-at="2020-09-26T02:06:55 EDT" name="getInit" finished-at="2020-09-26T02:06:55 EDT" duration-ms="2" status="PASS">
          <reporter-output>
          </reporter-output>
        </test-method> <!-- getInit -->
        <test-method is-config="true" signature="startExtent(java.lang.reflect.Method)[pri:0, instance:home.HomePageTest@3e96bacf]" started-at="2020-09-26T02:06:55 EDT" name="startExtent" finished-at="2020-09-26T02:06:55 EDT" duration-ms="0" status="PASS">
          <params>
            <param index="0">
              <value>
                <![CDATA[public void home.HomePageTest.testValidateMacGames()]]>
              </value>
            </param>
          </params>
          <reporter-output>
          </reporter-output>
        </test-method> <!-- startExtent -->
        <test-method signature="testValidateMacGames()[pri:0, instance:home.HomePageTest@3e96bacf]" started-at="2020-09-26T02:06:55 EDT" name="testValidateMacGames" finished-at="2020-09-26T02:06:59 EDT" duration-ms="4277" status="PASS">
          <reporter-output>
          </reporter-output>
        </test-method> <!-- testValidateMacGames -->
        <test-method is-config="true" signature="afterEachTestMethod(org.testng.ITestResult)[pri:0, instance:home.HomePageTest@3e96bacf]" started-at="2020-09-26T02:06:59 EDT" name="afterEachTestMethod" finished-at="2020-09-26T02:06:59 EDT" duration-ms="213" status="PASS">
          <params>
            <param index="0">
              <value>
                <![CDATA[[TestResult name=testValidateMacGames status=SUCCESS method=HomePageTest.testValidateMacGames()[pri:0, instance:home.HomePageTest@3e96bacf] output={null}]]]>
              </value>
            </param>
          </params>
          <reporter-output>
          </reporter-output>
        </test-method> <!-- afterEachTestMethod -->
        <test-method is-config="true" signature="setUp(boolean, java.lang.String, java.lang.String, java.lang.String, java.lang.String, java.lang.String, java.lang.String)[pri:0, instance:home.HomePageTest@3e96bacf]" started-at="2020-09-26T02:06:59 EDT" name="setUp" finished-at="2020-09-26T02:07:07 EDT" duration-ms="7336" status="PASS">
          <params>
            <param index="0">
              <value>
                <![CDATA[false]]>
              </value>
            </param>
            <param index="1">
              <value>
                <![CDATA[browserstack]]>
              </value>
            </param>
            <param index="2">
              <value>
                <![CDATA[OS X]]>
              </value>
            </param>
            <param index="3">
              <value>
                <![CDATA[Sierra]]>
              </value>
            </param>
            <param index="4">
              <value>
                <![CDATA[chrome-options]]>
              </value>
            </param>
            <param index="5">
              <value>
                <![CDATA[85.0]]>
              </value>
            </param>
            <param index="6">
              <value>
                <![CDATA[https://www.amazon.com/]]>
              </value>
            </param>
          </params>
          <reporter-output>
          </reporter-output>
        </test-method> <!-- setUp -->
        <test-method is-config="true" signature="cleanUp()[pri:0, instance:home.HomePageTest@3e96bacf]" started-at="2020-09-26T02:06:59 EDT" name="cleanUp" finished-at="2020-09-26T02:06:59 EDT" duration-ms="0" status="PASS">
          <reporter-output>
          </reporter-output>
        </test-method> <!-- cleanUp -->
        <test-method is-config="true" signature="startExtent(java.lang.reflect.Method)[pri:0, instance:home.HomePageTest@3e96bacf]" started-at="2020-09-26T02:07:07 EDT" name="startExtent" finished-at="2020-09-26T02:07:07 EDT" duration-ms="11" status="PASS">
          <params>
            <param index="0">
              <value>
                <![CDATA[public void home.HomePageTest.testValidateMicroconsoles()]]>
              </value>
            </param>
          </params>
          <reporter-output>
          </reporter-output>
        </test-method> <!-- startExtent -->
        <test-method is-config="true" signature="getInit()[pri:0, instance:home.HomePageTest@3e96bacf]" started-at="2020-09-26T02:07:07 EDT" name="getInit" finished-at="2020-09-26T02:07:07 EDT" duration-ms="6" status="PASS">
          <reporter-output>
          </reporter-output>
        </test-method> <!-- getInit -->
        <test-method signature="testValidateMicroconsoles()[pri:0, instance:home.HomePageTest@3e96bacf]" started-at="2020-09-26T02:07:07 EDT" name="testValidateMicroconsoles" finished-at="2020-09-26T02:07:11 EDT" duration-ms="4260" status="PASS">
          <reporter-output>
          </reporter-output>
        </test-method> <!-- testValidateMicroconsoles -->
        <test-method is-config="true" signature="afterEachTestMethod(org.testng.ITestResult)[pri:0, instance:home.HomePageTest@3e96bacf]" started-at="2020-09-26T02:07:11 EDT" name="afterEachTestMethod" finished-at="2020-09-26T02:07:11 EDT" duration-ms="386" status="PASS">
          <params>
            <param index="0">
              <value>
                <![CDATA[[TestResult name=testValidateMicroconsoles status=SUCCESS method=HomePageTest.testValidateMicroconsoles()[pri:0, instance:home.HomePageTest@3e96bacf] output={null}]]]>
              </value>
            </param>
          </params>
          <reporter-output>
          </reporter-output>
        </test-method> <!-- afterEachTestMethod -->
        <test-method is-config="true" signature="cleanUp()[pri:0, instance:home.HomePageTest@3e96bacf]" started-at="2020-09-26T02:07:11 EDT" name="cleanUp" finished-at="2020-09-26T02:07:11 EDT" duration-ms="0" status="PASS">
          <reporter-output>
          </reporter-output>
        </test-method> <!-- cleanUp -->
        <test-method is-config="true" signature="setUp(boolean, java.lang.String, java.lang.String, java.lang.String, java.lang.String, java.lang.String, java.lang.String)[pri:0, instance:home.HomePageTest@3e96bacf]" started-at="2020-09-26T02:07:11 EDT" name="setUp" finished-at="2020-09-26T02:07:17 EDT" duration-ms="6084" status="PASS">
          <params>
            <param index="0">
              <value>
                <![CDATA[false]]>
              </value>
            </param>
            <param index="1">
              <value>
                <![CDATA[browserstack]]>
              </value>
            </param>
            <param index="2">
              <value>
                <![CDATA[OS X]]>
              </value>
            </param>
            <param index="3">
              <value>
                <![CDATA[Sierra]]>
              </value>
            </param>
            <param index="4">
              <value>
                <![CDATA[chrome-options]]>
              </value>
            </param>
            <param index="5">
              <value>
                <![CDATA[85.0]]>
              </value>
            </param>
            <param index="6">
              <value>
                <![CDATA[https://www.amazon.com/]]>
              </value>
            </param>
          </params>
          <reporter-output>
          </reporter-output>
        </test-method> <!-- setUp -->
        <test-method is-config="true" signature="startExtent(java.lang.reflect.Method)[pri:0, instance:home.HomePageTest@3e96bacf]" started-at="2020-09-26T02:07:17 EDT" name="startExtent" finished-at="2020-09-26T02:07:17 EDT" duration-ms="1" status="PASS">
          <params>
            <param index="0">
              <value>
                <![CDATA[public void home.HomePageTest.testValidateMoreSystems()]]>
              </value>
            </param>
          </params>
          <reporter-output>
          </reporter-output>
        </test-method> <!-- startExtent -->
        <test-method is-config="true" signature="getInit()[pri:0, instance:home.HomePageTest@3e96bacf]" started-at="2020-09-26T02:07:17 EDT" name="getInit" finished-at="2020-09-26T02:07:17 EDT" duration-ms="2" status="PASS">
          <reporter-output>
          </reporter-output>
        </test-method> <!-- getInit -->
        <test-method signature="testValidateMoreSystems()[pri:0, instance:home.HomePageTest@3e96bacf]" started-at="2020-09-26T02:07:17 EDT" name="testValidateMoreSystems" finished-at="2020-09-26T02:07:23 EDT" duration-ms="5069" status="PASS">
          <reporter-output>
          </reporter-output>
        </test-method> <!-- testValidateMoreSystems -->
        <test-method is-config="true" signature="afterEachTestMethod(org.testng.ITestResult)[pri:0, instance:home.HomePageTest@3e96bacf]" started-at="2020-09-26T02:07:23 EDT" name="afterEachTestMethod" finished-at="2020-09-26T02:07:23 EDT" duration-ms="332" status="PASS">
          <params>
            <param index="0">
              <value>
                <![CDATA[[TestResult name=testValidateMoreSystems status=SUCCESS method=HomePageTest.testValidateMoreSystems()[pri:0, instance:home.HomePageTest@3e96bacf] output={null}]]]>
              </value>
            </param>
          </params>
          <reporter-output>
          </reporter-output>
        </test-method> <!-- afterEachTestMethod -->
        <test-method is-config="true" signature="cleanUp()[pri:0, instance:home.HomePageTest@3e96bacf]" started-at="2020-09-26T02:07:23 EDT" name="cleanUp" finished-at="2020-09-26T02:07:23 EDT" duration-ms="1" status="PASS">
          <reporter-output>
          </reporter-output>
        </test-method> <!-- cleanUp -->
        <test-method is-config="true" signature="setUp(boolean, java.lang.String, java.lang.String, java.lang.String, java.lang.String, java.lang.String, java.lang.String)[pri:0, instance:home.HomePageTest@3e96bacf]" started-at="2020-09-26T02:07:23 EDT" name="setUp" finished-at="2020-09-26T02:07:26 EDT" duration-ms="3420" status="PASS">
          <params>
            <param index="0">
              <value>
                <![CDATA[false]]>
              </value>
            </param>
            <param index="1">
              <value>
                <![CDATA[browserstack]]>
              </value>
            </param>
            <param index="2">
              <value>
                <![CDATA[OS X]]>
              </value>
            </param>
            <param index="3">
              <value>
                <![CDATA[Sierra]]>
              </value>
            </param>
            <param index="4">
              <value>
                <![CDATA[chrome-options]]>
              </value>
            </param>
            <param index="5">
              <value>
                <![CDATA[85.0]]>
              </value>
            </param>
            <param index="6">
              <value>
                <![CDATA[https://www.amazon.com/]]>
              </value>
            </param>
          </params>
          <reporter-output>
          </reporter-output>
        </test-method> <!-- setUp -->
        <test-method is-config="true" signature="startExtent(java.lang.reflect.Method)[pri:0, instance:home.HomePageTest@3e96bacf]" started-at="2020-09-26T02:07:26 EDT" name="startExtent" finished-at="2020-09-26T02:07:26 EDT" duration-ms="0" status="PASS">
          <params>
            <param index="0">
              <value>
                <![CDATA[public void home.HomePageTest.testValidateMostWishedFor()]]>
              </value>
            </param>
          </params>
          <reporter-output>
          </reporter-output>
        </test-method> <!-- startExtent -->
        <test-method is-config="true" signature="getInit()[pri:0, instance:home.HomePageTest@3e96bacf]" started-at="2020-09-26T02:07:26 EDT" name="getInit" finished-at="2020-09-26T02:07:26 EDT" duration-ms="1" status="PASS">
          <reporter-output>
          </reporter-output>
        </test-method> <!-- getInit -->
        <test-method signature="testValidateMostWishedFor()[pri:0, instance:home.HomePageTest@3e96bacf]" started-at="2020-09-26T02:07:26 EDT" name="testValidateMostWishedFor" finished-at="2020-09-26T02:07:30 EDT" duration-ms="4034" status="PASS">
          <reporter-output>
          </reporter-output>
        </test-method> <!-- testValidateMostWishedFor -->
        <test-method is-config="true" signature="afterEachTestMethod(org.testng.ITestResult)[pri:0, instance:home.HomePageTest@3e96bacf]" started-at="2020-09-26T02:07:30 EDT" name="afterEachTestMethod" finished-at="2020-09-26T02:07:31 EDT" duration-ms="337" status="PASS">
          <params>
            <param index="0">
              <value>
                <![CDATA[[TestResult name=testValidateMostWishedFor status=SUCCESS method=HomePageTest.testValidateMostWishedFor()[pri:0, instance:home.HomePageTest@3e96bacf] output={null}]]]>
              </value>
            </param>
          </params>
          <reporter-output>
          </reporter-output>
        </test-method> <!-- afterEachTestMethod -->
        <test-method is-config="true" signature="cleanUp()[pri:0, instance:home.HomePageTest@3e96bacf]" started-at="2020-09-26T02:07:31 EDT" name="cleanUp" finished-at="2020-09-26T02:07:31 EDT" duration-ms="4" status="PASS">
          <reporter-output>
          </reporter-output>
        </test-method> <!-- cleanUp -->
        <test-method is-config="true" signature="setUp(boolean, java.lang.String, java.lang.String, java.lang.String, java.lang.String, java.lang.String, java.lang.String)[pri:0, instance:home.HomePageTest@3e96bacf]" started-at="2020-09-26T02:07:31 EDT" name="setUp" finished-at="2020-09-26T02:07:35 EDT" duration-ms="4505" status="PASS">
          <params>
            <param index="0">
              <value>
                <![CDATA[false]]>
              </value>
            </param>
            <param index="1">
              <value>
                <![CDATA[browserstack]]>
              </value>
            </param>
            <param index="2">
              <value>
                <![CDATA[OS X]]>
              </value>
            </param>
            <param index="3">
              <value>
                <![CDATA[Sierra]]>
              </value>
            </param>
            <param index="4">
              <value>
                <![CDATA[chrome-options]]>
              </value>
            </param>
            <param index="5">
              <value>
                <![CDATA[85.0]]>
              </value>
            </param>
            <param index="6">
              <value>
                <![CDATA[https://www.amazon.com/]]>
              </value>
            </param>
          </params>
          <reporter-output>
          </reporter-output>
        </test-method> <!-- setUp -->
        <test-method is-config="true" signature="startExtent(java.lang.reflect.Method)[pri:0, instance:home.HomePageTest@3e96bacf]" started-at="2020-09-26T02:07:35 EDT" name="startExtent" finished-at="2020-09-26T02:07:35 EDT" duration-ms="1" status="PASS">
          <params>
            <param index="0">
              <value>
                <![CDATA[public void home.HomePageTest.testValidateMoversAndShakers()]]>
              </value>
            </param>
          </params>
          <reporter-output>
          </reporter-output>
        </test-method> <!-- startExtent -->
        <test-method is-config="true" signature="getInit()[pri:0, instance:home.HomePageTest@3e96bacf]" started-at="2020-09-26T02:07:35 EDT" name="getInit" finished-at="2020-09-26T02:07:35 EDT" duration-ms="3" status="PASS">
          <reporter-output>
          </reporter-output>
        </test-method> <!-- getInit -->
        <test-method signature="testValidateMoversAndShakers()[pri:0, instance:home.HomePageTest@3e96bacf]" started-at="2020-09-26T02:07:35 EDT" name="testValidateMoversAndShakers" finished-at="2020-09-26T02:07:38 EDT" duration-ms="3206" status="FAIL">
          <exception class="java.lang.AssertionError">
            <message>
              <![CDATA[Test failed expected [] but found [Amazon.com Movers & Shakers: The biggest gainers in Amazon sales rank over the past 24 hours]]]>
            </message>
            <full-stacktrace>
              <![CDATA[java.lang.AssertionError: Test failed expected [] but found [Amazon.com Movers & Shakers: The biggest gainers in Amazon sales rank over the past 24 hours]
at org.testng.Assert.fail(Assert.java:97)
at org.testng.Assert.assertEqualsImpl(Assert.java:136)
at org.testng.Assert.assertEquals(Assert.java:118)
at org.testng.Assert.assertEquals(Assert.java:575)
at home.HomePage.validateMoversAndShakers(HomePage.java:124)
at home.HomePageTest.testValidateMoversAndShakers(HomePageTest.java:38)
at java.base/jdk.internal.reflect.NativeMethodAccessorImpl.invoke0(Native Method)
at java.base/jdk.internal.reflect.NativeMethodAccessorImpl.invoke(NativeMethodAccessorImpl.java:62)
at java.base/jdk.internal.reflect.DelegatingMethodAccessorImpl.invoke(DelegatingMethodAccessorImpl.java:43)
at java.base/java.lang.reflect.Method.invoke(Method.java:566)
at org.testng.internal.MethodInvocationHelper.invokeMethod(MethodInvocationHelper.java:134)
at org.testng.internal.TestInvoker.invokeMethod(TestInvoker.java:597)
at org.testng.internal.TestInvoker.invokeTestMethod(TestInvoker.java:173)
at org.testng.internal.MethodRunner.runInSequence(MethodRunner.java:46)
at org.testng.internal.TestInvoker$MethodInvocationAgent.invoke(TestInvoker.java:816)
at org.testng.internal.TestInvoker.invokeTestMethods(TestInvoker.java:146)
at org.testng.internal.TestMethodWorker.invokeTestMethods(TestMethodWorker.java:146)
at org.testng.internal.TestMethodWorker.run(TestMethodWorker.java:128)
at java.base/java.util.ArrayList.forEach(ArrayList.java:1540)
at org.testng.TestRunner.privateRun(TestRunner.java:766)
at org.testng.TestRunner.run(TestRunner.java:587)
at org.testng.SuiteRunner.runTest(SuiteRunner.java:384)
at org.testng.SuiteRunner.runSequentially(SuiteRunner.java:378)
at org.testng.SuiteRunner.privateRun(SuiteRunner.java:337)
at org.testng.SuiteRunner.run(SuiteRunner.java:286)
at org.testng.SuiteRunnerWorker.runSuite(SuiteRunnerWorker.java:53)
at org.testng.SuiteRunnerWorker.run(SuiteRunnerWorker.java:96)
at org.testng.TestNG.runSuitesSequentially(TestNG.java:1187)
at org.testng.TestNG.runSuitesLocally(TestNG.java:1109)
at org.testng.TestNG.runSuites(TestNG.java:1039)
at org.testng.TestNG.run(TestNG.java:1007)
at org.apache.maven.surefire.testng.TestNGExecutor.run(TestNGExecutor.java:284)
at org.apache.maven.surefire.testng.TestNGXmlTestSuite.execute(TestNGXmlTestSuite.java:75)
at org.apache.maven.surefire.testng.TestNGProvider.invoke(TestNGProvider.java:119)
at org.apache.maven.surefire.booter.ForkedBooter.runSuitesInProcess(ForkedBooter.java:428)
at org.apache.maven.surefire.booter.ForkedBooter.execute(ForkedBooter.java:162)
at org.apache.maven.surefire.booter.ForkedBooter.run(ForkedBooter.java:562)
at org.apache.maven.surefire.booter.ForkedBooter.main(ForkedBooter.java:548)
]]>
            </full-stacktrace>
          </exception> <!-- java.lang.AssertionError -->
          <reporter-output>
          </reporter-output>
        </test-method> <!-- testValidateMoversAndShakers -->
        <test-method is-config="true" signature="afterEachTestMethod(org.testng.ITestResult)[pri:0, instance:home.HomePageTest@3e96bacf]" started-at="2020-09-26T02:07:38 EDT" name="afterEachTestMethod" finished-at="2020-09-26T02:07:39 EDT" duration-ms="846" status="PASS">
          <params>
            <param index="0">
              <value>
                <![CDATA[[TestResult name=testValidateMoversAndShakers status=FAILURE method=HomePageTest.testValidateMoversAndShakers()[pri:0, instance:home.HomePageTest@3e96bacf] output={null}]]]>
              </value>
            </param>
          </params>
          <reporter-output>
          </reporter-output>
        </test-method> <!-- afterEachTestMethod -->
        <test-method is-config="true" signature="cleanUp()[pri:0, instance:home.HomePageTest@3e96bacf]" started-at="2020-09-26T02:07:39 EDT" name="cleanUp" finished-at="2020-09-26T02:07:39 EDT" duration-ms="0" status="PASS">
          <reporter-output>
          </reporter-output>
        </test-method> <!-- cleanUp -->
        <test-method is-config="true" signature="setUp(boolean, java.lang.String, java.lang.String, java.lang.String, java.lang.String, java.lang.String, java.lang.String)[pri:0, instance:home.HomePageTest@3e96bacf]" started-at="2020-09-26T02:07:39 EDT" name="setUp" finished-at="2020-09-26T02:07:48 EDT" duration-ms="8406" status="PASS">
          <params>
            <param index="0">
              <value>
                <![CDATA[false]]>
              </value>
            </param>
            <param index="1">
              <value>
                <![CDATA[browserstack]]>
              </value>
            </param>
            <param index="2">
              <value>
                <![CDATA[OS X]]>
              </value>
            </param>
            <param index="3">
              <value>
                <![CDATA[Sierra]]>
              </value>
            </param>
            <param index="4">
              <value>
                <![CDATA[chrome-options]]>
              </value>
            </param>
            <param index="5">
              <value>
                <![CDATA[85.0]]>
              </value>
            </param>
            <param index="6">
              <value>
                <![CDATA[https://www.amazon.com/]]>
              </value>
            </param>
          </params>
          <reporter-output>
          </reporter-output>
        </test-method> <!-- setUp -->
        <test-method is-config="true" signature="startExtent(java.lang.reflect.Method)[pri:0, instance:home.HomePageTest@3e96bacf]" started-at="2020-09-26T02:07:48 EDT" name="startExtent" finished-at="2020-09-26T02:07:48 EDT" duration-ms="1" status="PASS">
          <params>
            <param index="0">
              <value>
                <![CDATA[public void home.HomePageTest.testValidateNewGames()]]>
              </value>
            </param>
          </params>
          <reporter-output>
          </reporter-output>
        </test-method> <!-- startExtent -->
        <test-method is-config="true" signature="getInit()[pri:0, instance:home.HomePageTest@3e96bacf]" started-at="2020-09-26T02:07:48 EDT" name="getInit" finished-at="2020-09-26T02:07:48 EDT" duration-ms="1" status="PASS">
          <reporter-output>
          </reporter-output>
        </test-method> <!-- getInit -->
        <test-method signature="testValidateNewGames()[pri:0, instance:home.HomePageTest@3e96bacf]" started-at="2020-09-26T02:07:48 EDT" name="testValidateNewGames" finished-at="2020-09-26T02:07:55 EDT" duration-ms="7587" status="PASS">
          <reporter-output>
          </reporter-output>
        </test-method> <!-- testValidateNewGames -->
        <test-method is-config="true" signature="afterEachTestMethod(org.testng.ITestResult)[pri:0, instance:home.HomePageTest@3e96bacf]" started-at="2020-09-26T02:07:55 EDT" name="afterEachTestMethod" finished-at="2020-09-26T02:07:56 EDT" duration-ms="475" status="PASS">
          <params>
            <param index="0">
              <value>
                <![CDATA[[TestResult name=testValidateNewGames status=SUCCESS method=HomePageTest.testValidateNewGames()[pri:0, instance:home.HomePageTest@3e96bacf] output={null}]]]>
              </value>
            </param>
          </params>
          <reporter-output>
          </reporter-output>
        </test-method> <!-- afterEachTestMethod -->
        <test-method is-config="true" signature="cleanUp()[pri:0, instance:home.HomePageTest@3e96bacf]" started-at="2020-09-26T02:07:56 EDT" name="cleanUp" finished-at="2020-09-26T02:07:56 EDT" duration-ms="0" status="PASS">
          <reporter-output>
          </reporter-output>
        </test-method> <!-- cleanUp -->
        <test-method is-config="true" signature="setUp(boolean, java.lang.String, java.lang.String, java.lang.String, java.lang.String, java.lang.String, java.lang.String)[pri:0, instance:home.HomePageTest@3e96bacf]" started-at="2020-09-26T02:07:56 EDT" name="setUp" finished-at="2020-09-26T02:08:02 EDT" duration-ms="5770" status="PASS">
          <params>
            <param index="0">
              <value>
                <![CDATA[false]]>
              </value>
            </param>
            <param index="1">
              <value>
                <![CDATA[browserstack]]>
              </value>
            </param>
            <param index="2">
              <value>
                <![CDATA[OS X]]>
              </value>
            </param>
            <param index="3">
              <value>
                <![CDATA[Sierra]]>
              </value>
            </param>
            <param index="4">
              <value>
                <![CDATA[chrome-options]]>
              </value>
            </param>
            <param index="5">
              <value>
                <![CDATA[85.0]]>
              </value>
            </param>
            <param index="6">
              <value>
                <![CDATA[https://www.amazon.com/]]>
              </value>
            </param>
          </params>
          <reporter-output>
          </reporter-output>
        </test-method> <!-- setUp -->
        <test-method is-config="true" signature="startExtent(java.lang.reflect.Method)[pri:0, instance:home.HomePageTest@3e96bacf]" started-at="2020-09-26T02:08:02 EDT" name="startExtent" finished-at="2020-09-26T02:08:02 EDT" duration-ms="1" status="PASS">
          <params>
            <param index="0">
              <value>
                <![CDATA[public void home.HomePageTest.testValidateNewNintendo3DS()]]>
              </value>
            </param>
          </params>
          <reporter-output>
          </reporter-output>
        </test-method> <!-- startExtent -->
        <test-method is-config="true" signature="getInit()[pri:0, instance:home.HomePageTest@3e96bacf]" started-at="2020-09-26T02:08:02 EDT" name="getInit" finished-at="2020-09-26T02:08:02 EDT" duration-ms="3" status="PASS">
          <reporter-output>
          </reporter-output>
        </test-method> <!-- getInit -->
        <test-method signature="testValidateNewNintendo3DS()[pri:0, instance:home.HomePageTest@3e96bacf]" started-at="2020-09-26T02:08:02 EDT" name="testValidateNewNintendo3DS" finished-at="2020-09-26T02:08:07 EDT" duration-ms="5698" status="PASS">
          <reporter-output>
          </reporter-output>
        </test-method> <!-- testValidateNewNintendo3DS -->
        <test-method is-config="true" signature="afterEachTestMethod(org.testng.ITestResult)[pri:0, instance:home.HomePageTest@3e96bacf]" started-at="2020-09-26T02:08:07 EDT" name="afterEachTestMethod" finished-at="2020-09-26T02:08:07 EDT" duration-ms="246" status="PASS">
          <params>
            <param index="0">
              <value>
                <![CDATA[[TestResult name=testValidateNewNintendo3DS status=SUCCESS method=HomePageTest.testValidateNewNintendo3DS()[pri:0, instance:home.HomePageTest@3e96bacf] output={null}]]]>
              </value>
            </param>
          </params>
          <reporter-output>
          </reporter-output>
        </test-method> <!-- afterEachTestMethod -->
        <test-method is-config="true" signature="cleanUp()[pri:0, instance:home.HomePageTest@3e96bacf]" started-at="2020-09-26T02:08:07 EDT" name="cleanUp" finished-at="2020-09-26T02:08:07 EDT" duration-ms="0" status="PASS">
          <reporter-output>
          </reporter-output>
        </test-method> <!-- cleanUp -->
        <test-method is-config="true" signature="setUp(boolean, java.lang.String, java.lang.String, java.lang.String, java.lang.String, java.lang.String, java.lang.String)[pri:0, instance:home.HomePageTest@3e96bacf]" started-at="2020-09-26T02:08:07 EDT" name="setUp" finished-at="2020-09-26T02:08:12 EDT" duration-ms="4436" status="PASS">
          <params>
            <param index="0">
              <value>
                <![CDATA[false]]>
              </value>
            </param>
            <param index="1">
              <value>
                <![CDATA[browserstack]]>
              </value>
            </param>
            <param index="2">
              <value>
                <![CDATA[OS X]]>
              </value>
            </param>
            <param index="3">
              <value>
                <![CDATA[Sierra]]>
              </value>
            </param>
            <param index="4">
              <value>
                <![CDATA[chrome-options]]>
              </value>
            </param>
            <param index="5">
              <value>
                <![CDATA[85.0]]>
              </value>
            </param>
            <param index="6">
              <value>
                <![CDATA[https://www.amazon.com/]]>
              </value>
            </param>
          </params>
          <reporter-output>
          </reporter-output>
        </test-method> <!-- setUp -->
        <test-method is-config="true" signature="startExtent(java.lang.reflect.Method)[pri:0, instance:home.HomePageTest@3e96bacf]" started-at="2020-09-26T02:08:12 EDT" name="startExtent" finished-at="2020-09-26T02:08:12 EDT" duration-ms="0" status="PASS">
          <params>
            <param index="0">
              <value>
                <![CDATA[public void home.HomePageTest.testValidateNewNintendoDS()]]>
              </value>
            </param>
          </params>
          <reporter-output>
          </reporter-output>
        </test-method> <!-- startExtent -->
        <test-method is-config="true" signature="getInit()[pri:0, instance:home.HomePageTest@3e96bacf]" started-at="2020-09-26T02:08:12 EDT" name="getInit" finished-at="2020-09-26T02:08:12 EDT" duration-ms="2" status="PASS">
          <reporter-output>
          </reporter-output>
        </test-method> <!-- getInit -->
        <test-method signature="testValidateNewNintendoDS()[pri:0, instance:home.HomePageTest@3e96bacf]" started-at="2020-09-26T02:08:12 EDT" name="testValidateNewNintendoDS" finished-at="2020-09-26T02:08:20 EDT" duration-ms="7645" status="PASS">
          <reporter-output>
          </reporter-output>
        </test-method> <!-- testValidateNewNintendoDS -->
        <test-method is-config="true" signature="afterEachTestMethod(org.testng.ITestResult)[pri:0, instance:home.HomePageTest@3e96bacf]" started-at="2020-09-26T02:08:20 EDT" name="afterEachTestMethod" finished-at="2020-09-26T02:08:20 EDT" duration-ms="258" status="PASS">
          <params>
            <param index="0">
              <value>
                <![CDATA[[TestResult name=testValidateNewNintendoDS status=SUCCESS method=HomePageTest.testValidateNewNintendoDS()[pri:0, instance:home.HomePageTest@3e96bacf] output={null}]]]>
              </value>
            </param>
          </params>
          <reporter-output>
          </reporter-output>
        </test-method> <!-- afterEachTestMethod -->
        <test-method is-config="true" signature="cleanUp()[pri:0, instance:home.HomePageTest@3e96bacf]" started-at="2020-09-26T02:08:20 EDT" name="cleanUp" finished-at="2020-09-26T02:08:20 EDT" duration-ms="1" status="PASS">
          <reporter-output>
          </reporter-output>
        </test-method> <!-- cleanUp -->
        <test-method is-config="true" signature="setUp(boolean, java.lang.String, java.lang.String, java.lang.String, java.lang.String, java.lang.String, java.lang.String)[pri:0, instance:home.HomePageTest@3e96bacf]" started-at="2020-09-26T02:08:20 EDT" name="setUp" finished-at="2020-09-26T02:08:24 EDT" duration-ms="3966" status="PASS">
          <params>
            <param index="0">
              <value>
                <![CDATA[false]]>
              </value>
            </param>
            <param index="1">
              <value>
                <![CDATA[browserstack]]>
              </value>
            </param>
            <param index="2">
              <value>
                <![CDATA[OS X]]>
              </value>
            </param>
            <param index="3">
              <value>
                <![CDATA[Sierra]]>
              </value>
            </param>
            <param index="4">
              <value>
                <![CDATA[chrome-options]]>
              </value>
            </param>
            <param index="5">
              <value>
                <![CDATA[85.0]]>
              </value>
            </param>
            <param index="6">
              <value>
                <![CDATA[https://www.amazon.com/]]>
              </value>
            </param>
          </params>
          <reporter-output>
          </reporter-output>
        </test-method> <!-- setUp -->
        <test-method is-config="true" signature="startExtent(java.lang.reflect.Method)[pri:0, instance:home.HomePageTest@3e96bacf]" started-at="2020-09-26T02:08:24 EDT" name="startExtent" finished-at="2020-09-26T02:08:24 EDT" duration-ms="1" status="PASS">
          <params>
            <param index="0">
              <value>
                <![CDATA[public void home.HomePageTest.testValidateNewNintendoSwitch()]]>
              </value>
            </param>
          </params>
          <reporter-output>
          </reporter-output>
        </test-method> <!-- startExtent -->
        <test-method is-config="true" signature="getInit()[pri:0, instance:home.HomePageTest@3e96bacf]" started-at="2020-09-26T02:08:24 EDT" name="getInit" finished-at="2020-09-26T02:08:24 EDT" duration-ms="1" status="PASS">
          <reporter-output>
          </reporter-output>
        </test-method> <!-- getInit -->
        <test-method signature="testValidateNewNintendoSwitch()[pri:0, instance:home.HomePageTest@3e96bacf]" started-at="2020-09-26T02:08:24 EDT" name="testValidateNewNintendoSwitch" finished-at="2020-09-26T02:08:29 EDT" duration-ms="5530" status="PASS">
          <reporter-output>
          </reporter-output>
        </test-method> <!-- testValidateNewNintendoSwitch -->
        <test-method is-config="true" signature="afterEachTestMethod(org.testng.ITestResult)[pri:0, instance:home.HomePageTest@3e96bacf]" started-at="2020-09-26T02:08:29 EDT" name="afterEachTestMethod" finished-at="2020-09-26T02:08:30 EDT" duration-ms="310" status="PASS">
          <params>
            <param index="0">
              <value>
                <![CDATA[[TestResult name=testValidateNewNintendoSwitch status=SUCCESS method=HomePageTest.testValidateNewNintendoSwitch()[pri:0, instance:home.HomePageTest@3e96bacf] output={null}]]]>
              </value>
            </param>
          </params>
          <reporter-output>
          </reporter-output>
        </test-method> <!-- afterEachTestMethod -->
        <test-method is-config="true" signature="cleanUp()[pri:0, instance:home.HomePageTest@3e96bacf]" started-at="2020-09-26T02:08:30 EDT" name="cleanUp" finished-at="2020-09-26T02:08:30 EDT" duration-ms="1" status="PASS">
          <reporter-output>
          </reporter-output>
        </test-method> <!-- cleanUp -->
        <test-method is-config="true" signature="setUp(boolean, java.lang.String, java.lang.String, java.lang.String, java.lang.String, java.lang.String, java.lang.String)[pri:0, instance:home.HomePageTest@3e96bacf]" started-at="2020-09-26T02:08:30 EDT" name="setUp" finished-at="2020-09-26T02:08:33 EDT" duration-ms="3614" status="PASS">
          <params>
            <param index="0">
              <value>
                <![CDATA[false]]>
              </value>
            </param>
            <param index="1">
              <value>
                <![CDATA[browserstack]]>
              </value>
            </param>
            <param index="2">
              <value>
                <![CDATA[OS X]]>
              </value>
            </param>
            <param index="3">
              <value>
                <![CDATA[Sierra]]>
              </value>
            </param>
            <param index="4">
              <value>
                <![CDATA[chrome-options]]>
              </value>
            </param>
            <param index="5">
              <value>
                <![CDATA[85.0]]>
              </value>
            </param>
            <param index="6">
              <value>
                <![CDATA[https://www.amazon.com/]]>
              </value>
            </param>
          </params>
          <reporter-output>
          </reporter-output>
        </test-method> <!-- setUp -->
        <test-method is-config="true" signature="startExtent(java.lang.reflect.Method)[pri:0, instance:home.HomePageTest@3e96bacf]" started-at="2020-09-26T02:08:33 EDT" name="startExtent" finished-at="2020-09-26T02:08:33 EDT" duration-ms="0" status="PASS">
          <params>
            <param index="0">
              <value>
                <![CDATA[public void home.HomePageTest.testValidateNewPCGamesv()]]>
              </value>
            </param>
          </params>
          <reporter-output>
          </reporter-output>
        </test-method> <!-- startExtent -->
        <test-method is-config="true" signature="getInit()[pri:0, instance:home.HomePageTest@3e96bacf]" started-at="2020-09-26T02:08:33 EDT" name="getInit" finished-at="2020-09-26T02:08:33 EDT" duration-ms="1" status="PASS">
          <reporter-output>
          </reporter-output>
        </test-method> <!-- getInit -->
        <test-method signature="testValidateNewPCGamesv()[pri:0, instance:home.HomePageTest@3e96bacf]" started-at="2020-09-26T02:08:33 EDT" name="testValidateNewPCGamesv" finished-at="2020-09-26T02:08:38 EDT" duration-ms="5114" status="PASS">
          <reporter-output>
          </reporter-output>
        </test-method> <!-- testValidateNewPCGamesv -->
        <test-method is-config="true" signature="afterEachTestMethod(org.testng.ITestResult)[pri:0, instance:home.HomePageTest@3e96bacf]" started-at="2020-09-26T02:08:38 EDT" name="afterEachTestMethod" finished-at="2020-09-26T02:08:39 EDT" duration-ms="311" status="PASS">
          <params>
            <param index="0">
              <value>
                <![CDATA[[TestResult name=testValidateNewPCGamesv status=SUCCESS method=HomePageTest.testValidateNewPCGamesv()[pri:0, instance:home.HomePageTest@3e96bacf] output={null}]]]>
              </value>
            </param>
          </params>
          <reporter-output>
          </reporter-output>
        </test-method> <!-- afterEachTestMethod -->
        <test-method is-config="true" signature="cleanUp()[pri:0, instance:home.HomePageTest@3e96bacf]" started-at="2020-09-26T02:08:39 EDT" name="cleanUp" finished-at="2020-09-26T02:08:39 EDT" duration-ms="1" status="PASS">
          <reporter-output>
          </reporter-output>
        </test-method> <!-- cleanUp -->
        <test-method is-config="true" signature="setUp(boolean, java.lang.String, java.lang.String, java.lang.String, java.lang.String, java.lang.String, java.lang.String)[pri:0, instance:home.HomePageTest@3e96bacf]" started-at="2020-09-26T02:08:39 EDT" name="setUp" finished-at="2020-09-26T02:08:42 EDT" duration-ms="3377" status="PASS">
          <params>
            <param index="0">
              <value>
                <![CDATA[false]]>
              </value>
            </param>
            <param index="1">
              <value>
                <![CDATA[browserstack]]>
              </value>
            </param>
            <param index="2">
              <value>
                <![CDATA[OS X]]>
              </value>
            </param>
            <param index="3">
              <value>
                <![CDATA[Sierra]]>
              </value>
            </param>
            <param index="4">
              <value>
                <![CDATA[chrome-options]]>
              </value>
            </param>
            <param index="5">
              <value>
                <![CDATA[85.0]]>
              </value>
            </param>
            <param index="6">
              <value>
                <![CDATA[https://www.amazon.com/]]>
              </value>
            </param>
          </params>
          <reporter-output>
          </reporter-output>
        </test-method> <!-- setUp -->
        <test-method is-config="true" signature="getInit()[pri:0, instance:home.HomePageTest@3e96bacf]" started-at="2020-09-26T02:08:42 EDT" name="getInit" finished-at="2020-09-26T02:08:42 EDT" duration-ms="2" status="PASS">
          <reporter-output>
          </reporter-output>
        </test-method> <!-- getInit -->
        <test-method is-config="true" signature="startExtent(java.lang.reflect.Method)[pri:0, instance:home.HomePageTest@3e96bacf]" started-at="2020-09-26T02:08:42 EDT" name="startExtent" finished-at="2020-09-26T02:08:42 EDT" duration-ms="0" status="PASS">
          <params>
            <param index="0">
              <value>
                <![CDATA[public void home.HomePageTest.testValidateNewPlayStation3()]]>
              </value>
            </param>
          </params>
          <reporter-output>
          </reporter-output>
        </test-method> <!-- startExtent -->
        <test-method signature="testValidateNewPlayStation3()[pri:0, instance:home.HomePageTest@3e96bacf]" started-at="2020-09-26T02:08:42 EDT" name="testValidateNewPlayStation3" finished-at="2020-09-26T02:08:50 EDT" duration-ms="7846" status="PASS">
          <reporter-output>
          </reporter-output>
        </test-method> <!-- testValidateNewPlayStation3 -->
        <test-method is-config="true" signature="afterEachTestMethod(org.testng.ITestResult)[pri:0, instance:home.HomePageTest@3e96bacf]" started-at="2020-09-26T02:08:50 EDT" name="afterEachTestMethod" finished-at="2020-09-26T02:08:50 EDT" duration-ms="528" status="PASS">
          <params>
            <param index="0">
              <value>
                <![CDATA[[TestResult name=testValidateNewPlayStation3 status=SUCCESS method=HomePageTest.testValidateNewPlayStation3()[pri:0, instance:home.HomePageTest@3e96bacf] output={null}]]]>
              </value>
            </param>
          </params>
          <reporter-output>
          </reporter-output>
        </test-method> <!-- afterEachTestMethod -->
        <test-method is-config="true" signature="cleanUp()[pri:0, instance:home.HomePageTest@3e96bacf]" started-at="2020-09-26T02:08:50 EDT" name="cleanUp" finished-at="2020-09-26T02:08:50 EDT" duration-ms="1" status="PASS">
          <reporter-output>
          </reporter-output>
        </test-method> <!-- cleanUp -->
        <test-method is-config="true" signature="setUp(boolean, java.lang.String, java.lang.String, java.lang.String, java.lang.String, java.lang.String, java.lang.String)[pri:0, instance:home.HomePageTest@3e96bacf]" started-at="2020-09-26T02:08:50 EDT" name="setUp" finished-at="2020-09-26T02:08:54 EDT" duration-ms="3756" status="PASS">
          <params>
            <param index="0">
              <value>
                <![CDATA[false]]>
              </value>
            </param>
            <param index="1">
              <value>
                <![CDATA[browserstack]]>
              </value>
            </param>
            <param index="2">
              <value>
                <![CDATA[OS X]]>
              </value>
            </param>
            <param index="3">
              <value>
                <![CDATA[Sierra]]>
              </value>
            </param>
            <param index="4">
              <value>
                <![CDATA[chrome-options]]>
              </value>
            </param>
            <param index="5">
              <value>
                <![CDATA[85.0]]>
              </value>
            </param>
            <param index="6">
              <value>
                <![CDATA[https://www.amazon.com/]]>
              </value>
            </param>
          </params>
          <reporter-output>
          </reporter-output>
        </test-method> <!-- setUp -->
        <test-method is-config="true" signature="startExtent(java.lang.reflect.Method)[pri:0, instance:home.HomePageTest@3e96bacf]" started-at="2020-09-26T02:08:54 EDT" name="startExtent" finished-at="2020-09-26T02:08:54 EDT" duration-ms="1" status="PASS">
          <params>
            <param index="0">
              <value>
                <![CDATA[public void home.HomePageTest.testValidateNewPlayStation4()]]>
              </value>
            </param>
          </params>
          <reporter-output>
          </reporter-output>
        </test-method> <!-- startExtent -->
        <test-method is-config="true" signature="getInit()[pri:0, instance:home.HomePageTest@3e96bacf]" started-at="2020-09-26T02:08:54 EDT" name="getInit" finished-at="2020-09-26T02:08:54 EDT" duration-ms="1" status="PASS">
          <reporter-output>
          </reporter-output>
        </test-method> <!-- getInit -->
        <test-method signature="testValidateNewPlayStation4()[pri:0, instance:home.HomePageTest@3e96bacf]" started-at="2020-09-26T02:08:54 EDT" name="testValidateNewPlayStation4" finished-at="2020-09-26T02:09:00 EDT" duration-ms="6213" status="PASS">
          <reporter-output>
          </reporter-output>
        </test-method> <!-- testValidateNewPlayStation4 -->
[...]
          <params>
            <param index="0">
              <value>
                <![CDATA[[TestResult name=testValidateNewWiiU status=FAILURE method=HomePageTest.testValidateNewWiiU()[pri:0, instance:home.HomePageTest@3e96bacf] output={null}]]]>
              </value>
            </param>
          </params>
          <reporter-output>
          </reporter-output>
        </test-method> <!-- afterEachTestMethod -->
        <test-method is-config="true" signature="cleanUp()[pri:0, instance:home.HomePageTest@3e96bacf]" started-at="2020-09-26T02:10:18 EDT" name="cleanUp" finished-at="2020-09-26T02:10:18 EDT" duration-ms="0" status="PASS">
          <reporter-output>
          </reporter-output>
        </test-method> <!-- cleanUp -->
        <test-method is-config="true" signature="setUp(boolean, java.lang.String, java.lang.String, java.lang.String, java.lang.String, java.lang.String, java.lang.String)[pri:0, instance:home.HomePageTest@3e96bacf]" started-at="2020-09-26T02:10:18 EDT" name="setUp" finished-at="2020-09-26T02:10:22 EDT" duration-ms="3803" status="PASS">
          <params>
            <param index="0">
              <value>
                <![CDATA[false]]>
              </value>
            </param>
            <param index="1">
              <value>
                <![CDATA[browserstack]]>
              </value>
            </param>
            <param index="2">
              <value>
                <![CDATA[OS X]]>
              </value>
            </param>
            <param index="3">
              <value>
                <![CDATA[Sierra]]>
              </value>
            </param>
            <param index="4">
              <value>
                <![CDATA[chrome-options]]>
              </value>
            </param>
            <param index="5">
              <value>
                <![CDATA[85.0]]>
              </value>
            </param>
            <param index="6">
              <value>
                <![CDATA[https://www.amazon.com/]]>
              </value>
            </param>
          </params>
          <reporter-output>
          </reporter-output>
        </test-method> <!-- setUp -->
        <test-method is-config="true" signature="startExtent(java.lang.reflect.Method)[pri:0, instance:home.HomePageTest@3e96bacf]" started-at="2020-09-26T02:10:22 EDT" name="startExtent" finished-at="2020-09-26T02:10:22 EDT" duration-ms="1" status="PASS">
          <params>
            <param index="0">
              <value>
                <![CDATA[public void home.HomePageTest.testValidateNewXbox360()]]>
              </value>
            </param>
          </params>
          <reporter-output>
          </reporter-output>
        </test-method> <!-- startExtent -->
        <test-method is-config="true" signature="getInit()[pri:0, instance:home.HomePageTest@3e96bacf]" started-at="2020-09-26T02:10:22 EDT" name="getInit" finished-at="2020-09-26T02:10:22 EDT" duration-ms="1" status="PASS">
          <reporter-output>
          </reporter-output>
        </test-method> <!-- getInit -->
        <test-method signature="testValidateNewXbox360()[pri:0, instance:home.HomePageTest@3e96bacf]" started-at="2020-09-26T02:10:22 EDT" name="testValidateNewXbox360" finished-at="2020-09-26T02:10:27 EDT" duration-ms="5023" status="PASS">
          <reporter-output>
          </reporter-output>
        </test-method> <!-- testValidateNewXbox360 -->
        <test-method is-config="true" signature="afterEachTestMethod(org.testng.ITestResult)[pri:0, instance:home.HomePageTest@3e96bacf]" started-at="2020-09-26T02:10:27 EDT" name="afterEachTestMethod" finished-at="2020-09-26T02:10:27 EDT" duration-ms="223" status="PASS">
          <params>
            <param index="0">
              <value>
                <![CDATA[[TestResult name=testValidateNewXbox360 status=SUCCESS method=HomePageTest.testValidateNewXbox360()[pri:0, instance:home.HomePageTest@3e96bacf] output={null}]]]>
              </value>
            </param>
          </params>
          <reporter-output>
          </reporter-output>
        </test-method> <!-- afterEachTestMethod -->
        <test-method is-config="true" signature="cleanUp()[pri:0, instance:home.HomePageTest@3e96bacf]" started-at="2020-09-26T02:10:27 EDT" name="cleanUp" finished-at="2020-09-26T02:10:27 EDT" duration-ms="0" status="PASS">
          <reporter-output>
          </reporter-output>
        </test-method> <!-- cleanUp -->
        <test-method is-config="true" signature="setUp(boolean, java.lang.String, java.lang.String, java.lang.String, java.lang.String, java.lang.String, java.lang.String)[pri:0, instance:home.HomePageTest@3e96bacf]" started-at="2020-09-26T02:10:27 EDT" name="setUp" finished-at="2020-09-26T02:10:31 EDT" duration-ms="3889" status="PASS">
          <params>
            <param index="0">
              <value>
                <![CDATA[false]]>
              </value>
            </param>
            <param index="1">
              <value>
                <![CDATA[browserstack]]>
              </value>
            </param>
            <param index="2">
              <value>
                <![CDATA[OS X]]>
              </value>
            </param>
            <param index="3">
              <value>
                <![CDATA[Sierra]]>
              </value>
            </param>
            <param index="4">
              <value>
                <![CDATA[chrome-options]]>
              </value>
            </param>
            <param index="5">
              <value>
                <![CDATA[85.0]]>
              </value>
            </param>
            <param index="6">
              <value>
                <![CDATA[https://www.amazon.com/]]>
              </value>
            </param>
          </params>
          <reporter-output>
          </reporter-output>
        </test-method> <!-- setUp -->
        <test-method is-config="true" signature="startExtent(java.lang.reflect.Method)[pri:0, instance:home.HomePageTest@3e96bacf]" started-at="2020-09-26T02:10:31 EDT" name="startExtent" finished-at="2020-09-26T02:10:31 EDT" duration-ms="1" status="PASS">
          <params>
            <param index="0">
              <value>
                <![CDATA[public void home.HomePageTest.testValidateNewXboxOne()]]>
              </value>
            </param>
          </params>
          <reporter-output>
          </reporter-output>
        </test-method> <!-- startExtent -->
        <test-method is-config="true" signature="getInit()[pri:0, instance:home.HomePageTest@3e96bacf]" started-at="2020-09-26T02:10:31 EDT" name="getInit" finished-at="2020-09-26T02:10:31 EDT" duration-ms="1" status="PASS">
          <reporter-output>
          </reporter-output>
        </test-method> <!-- getInit -->
        <test-method signature="testValidateNewXboxOne()[pri:0, instance:home.HomePageTest@3e96bacf]" started-at="2020-09-26T02:10:31 EDT" name="testValidateNewXboxOne" finished-at="2020-09-26T02:10:36 EDT" duration-ms="5538" status="PASS">
          <reporter-output>
          </reporter-output>
        </test-method> <!-- testValidateNewXboxOne -->
        <test-method is-config="true" signature="afterEachTestMethod(org.testng.ITestResult)[pri:0, instance:home.HomePageTest@3e96bacf]" started-at="2020-09-26T02:10:36 EDT" name="afterEachTestMethod" finished-at="2020-09-26T02:10:37 EDT" duration-ms="235" status="PASS">
          <params>
            <param index="0">
              <value>
                <![CDATA[[TestResult name=testValidateNewXboxOne status=SUCCESS method=HomePageTest.testValidateNewXboxOne()[pri:0, instance:home.HomePageTest@3e96bacf] output={null}]]]>
              </value>
            </param>
          </params>
          <reporter-output>
          </reporter-output>
        </test-method> <!-- afterEachTestMethod -->
        <test-method is-config="true" signature="cleanUp()[pri:0, instance:home.HomePageTest@3e96bacf]" started-at="2020-09-26T02:10:37 EDT" name="cleanUp" finished-at="2020-09-26T02:10:37 EDT" duration-ms="0" status="PASS">
          <reporter-output>
          </reporter-output>
        </test-method> <!-- cleanUp -->
        <test-method is-config="true" signature="setUp(boolean, java.lang.String, java.lang.String, java.lang.String, java.lang.String, java.lang.String, java.lang.String)[pri:0, instance:home.HomePageTest@3e96bacf]" started-at="2020-09-26T02:10:37 EDT" name="setUp" finished-at="2020-09-26T02:10:40 EDT" duration-ms="3379" status="PASS">
          <params>
            <param index="0">
              <value>
                <![CDATA[false]]>
              </value>
            </param>
            <param index="1">
              <value>
                <![CDATA[browserstack]]>
              </value>
            </param>
            <param index="2">
              <value>
                <![CDATA[OS X]]>
              </value>
            </param>
            <param index="3">
              <value>
                <![CDATA[Sierra]]>
              </value>
            </param>
            <param index="4">
              <value>
                <![CDATA[chrome-options]]>
              </value>
            </param>
            <param index="5">
              <value>
                <![CDATA[85.0]]>
              </value>
            </param>
            <param index="6">
              <value>
                <![CDATA[https://www.amazon.com/]]>
              </value>
            </param>
          </params>
          <reporter-output>
          </reporter-output>
        </test-method> <!-- setUp -->
        <test-method is-config="true" signature="startExtent(java.lang.reflect.Method)[pri:0, instance:home.HomePageTest@3e96bacf]" started-at="2020-09-26T02:10:40 EDT" name="startExtent" finished-at="2020-09-26T02:10:40 EDT" duration-ms="1" status="PASS">
          <params>
            <param index="0">
              <value>
                <![CDATA[public void home.HomePageTest.testValidateTodaysDeal()]]>
              </value>
            </param>
          </params>
          <reporter-output>
          </reporter-output>
        </test-method> <!-- startExtent -->
        <test-method is-config="true" signature="getInit()[pri:0, instance:home.HomePageTest@3e96bacf]" started-at="2020-09-26T02:10:40 EDT" name="getInit" finished-at="2020-09-26T02:10:40 EDT" duration-ms="1" status="PASS">
          <reporter-output>
          </reporter-output>
        </test-method> <!-- getInit -->
        <test-method signature="testValidateTodaysDeal()[pri:0, instance:home.HomePageTest@3e96bacf]" started-at="2020-09-26T02:10:40 EDT" name="testValidateTodaysDeal" finished-at="2020-09-26T02:10:42 EDT" duration-ms="2349" status="PASS">
          <reporter-output>
          </reporter-output>
        </test-method> <!-- testValidateTodaysDeal -->
        <test-method is-config="true" signature="afterEachTestMethod(org.testng.ITestResult)[pri:0, instance:home.HomePageTest@3e96bacf]" started-at="2020-09-26T02:10:42 EDT" name="afterEachTestMethod" finished-at="2020-09-26T02:10:43 EDT" duration-ms="289" status="PASS">
          <params>
            <param index="0">
              <value>
                <![CDATA[[TestResult name=testValidateTodaysDeal status=SUCCESS method=HomePageTest.testValidateTodaysDeal()[pri:0, instance:home.HomePageTest@3e96bacf] output={null}]]]>
              </value>
            </param>
          </params>
          <reporter-output>
          </reporter-output>
        </test-method> <!-- afterEachTestMethod -->
        <test-method is-config="true" signature="cleanUp()[pri:0, instance:home.HomePageTest@3e96bacf]" started-at="2020-09-26T02:10:43 EDT" name="cleanUp" finished-at="2020-09-26T02:10:43 EDT" duration-ms="1" status="PASS">
          <reporter-output>
          </reporter-output>
        </test-method> <!-- cleanUp -->
        <test-method is-config="true" signature="setUp(boolean, java.lang.String, java.lang.String, java.lang.String, java.lang.String, java.lang.String, java.lang.String)[pri:0, instance:home.HomePageTest@3e96bacf]" started-at="2020-09-26T02:10:43 EDT" name="setUp" finished-at="2020-09-26T02:10:47 EDT" duration-ms="4127" status="PASS">
          <params>
            <param index="0">
              <value>
                <![CDATA[false]]>
              </value>
            </param>
            <param index="1">
              <value>
                <![CDATA[browserstack]]>
              </value>
            </param>
            <param index="2">
              <value>
                <![CDATA[OS X]]>
              </value>
            </param>
            <param index="3">
              <value>
                <![CDATA[Sierra]]>
              </value>
            </param>
            <param index="4">
              <value>
                <![CDATA[chrome-options]]>
              </value>
            </param>
            <param index="5">
              <value>
                <![CDATA[85.0]]>
              </value>
            </param>
            <param index="6">
              <value>
                <![CDATA[https://www.amazon.com/]]>
              </value>
            </param>
          </params>
          <reporter-output>
          </reporter-output>
        </test-method> <!-- setUp -->
        <test-method is-config="true" signature="startExtent(java.lang.reflect.Method)[pri:0, instance:home.HomePageTest@3e96bacf]" started-at="2020-09-26T02:10:47 EDT" name="startExtent" finished-at="2020-09-26T02:10:47 EDT" duration-ms="1" status="PASS">
          <params>
            <param index="0">
              <value>
                <![CDATA[public void home.HomePageTest.testValidateWholeFood()]]>
              </value>
            </param>
          </params>
          <reporter-output>
          </reporter-output>
        </test-method> <!-- startExtent -->
        <test-method is-config="true" signature="getInit()[pri:0, instance:home.HomePageTest@3e96bacf]" started-at="2020-09-26T02:10:47 EDT" name="getInit" finished-at="2020-09-26T02:10:47 EDT" duration-ms="1" status="PASS">
          <reporter-output>
          </reporter-output>
        </test-method> <!-- getInit -->
        <test-method signature="testValidateWholeFood()[pri:0, instance:home.HomePageTest@3e96bacf]" started-at="2020-09-26T02:10:47 EDT" name="testValidateWholeFood" finished-at="2020-09-26T02:10:50 EDT" duration-ms="3733" status="PASS">
          <reporter-output>
          </reporter-output>
        </test-method> <!-- testValidateWholeFood -->
        <test-method is-config="true" signature="afterEachTestMethod(org.testng.ITestResult)[pri:0, instance:home.HomePageTest@3e96bacf]" started-at="2020-09-26T02:10:50 EDT" name="afterEachTestMethod" finished-at="2020-09-26T02:10:51 EDT" duration-ms="225" status="PASS">
          <params>
            <param index="0">
              <value>
                <![CDATA[[TestResult name=testValidateWholeFood status=SUCCESS method=HomePageTest.testValidateWholeFood()[pri:0, instance:home.HomePageTest@3e96bacf] output={null}]]]>
              </value>
            </param>
          </params>
          <reporter-output>
          </reporter-output>
        </test-method> <!-- afterEachTestMethod -->
        <test-method is-config="true" signature="cleanUp()[pri:0, instance:home.HomePageTest@3e96bacf]" started-at="2020-09-26T02:10:51 EDT" name="cleanUp" finished-at="2020-09-26T02:10:51 EDT" duration-ms="1" status="PASS">
          <reporter-output>
          </reporter-output>
        </test-method> <!-- cleanUp -->
        <test-method is-config="true" signature="setUp(boolean, java.lang.String, java.lang.String, java.lang.String, java.lang.String, java.lang.String, java.lang.String)[pri:0, instance:home.HomePageTest@3e96bacf]" started-at="2020-09-26T02:10:51 EDT" name="setUp" finished-at="2020-09-26T02:10:54 EDT" duration-ms="3267" status="PASS">
          <params>
            <param index="0">
              <value>
                <![CDATA[false]]>
              </value>
            </param>
            <param index="1">
              <value>
                <![CDATA[browserstack]]>
              </value>
            </param>
            <param index="2">
              <value>
                <![CDATA[OS X]]>
              </value>
            </param>
            <param index="3">
              <value>
                <![CDATA[Sierra]]>
              </value>
            </param>
            <param index="4">
              <value>
                <![CDATA[chrome-options]]>
              </value>
            </param>
            <param index="5">
              <value>
                <![CDATA[85.0]]>
              </value>
            </param>
            <param index="6">
              <value>
                <![CDATA[https://www.amazon.com/]]>
              </value>
            </param>
          </params>
          <reporter-output>
          </reporter-output>
        </test-method> <!-- setUp -->
        <test-method is-config="true" signature="startExtent(java.lang.reflect.Method)[pri:0, instance:home.HomePageTest@3e96bacf]" started-at="2020-09-26T02:10:54 EDT" name="startExtent" finished-at="2020-09-26T02:10:54 EDT" duration-ms="1" status="PASS">
          <params>
            <param index="0">
              <value>
                <![CDATA[public void home.HomePageTest.testValidateWholeFoodBeverages()]]>
              </value>
            </param>
          </params>
          <reporter-output>
          </reporter-output>
        </test-method> <!-- startExtent -->
        <test-method signature="testValidateWholeFoodBeverages()[pri:0, instance:home.HomePageTest@3e96bacf]" started-at="2020-09-26T02:10:54 EDT" name="testValidateWholeFoodBeverages" finished-at="2020-09-26T02:10:58 EDT" duration-ms="4525" status="PASS">
          <reporter-output>
          </reporter-output>
        </test-method> <!-- testValidateWholeFoodBeverages -->
        <test-method is-config="true" signature="getInit()[pri:0, instance:home.HomePageTest@3e96bacf]" started-at="2020-09-26T02:10:54 EDT" name="getInit" finished-at="2020-09-26T02:10:54 EDT" duration-ms="0" status="PASS">
          <reporter-output>
          </reporter-output>
        </test-method> <!-- getInit -->
        <test-method is-config="true" signature="afterEachTestMethod(org.testng.ITestResult)[pri:0, instance:home.HomePageTest@3e96bacf]" started-at="2020-09-26T02:10:58 EDT" name="afterEachTestMethod" finished-at="2020-09-26T02:10:59 EDT" duration-ms="359" status="PASS">
          <params>
            <param index="0">
              <value>
                <![CDATA[[TestResult name=testValidateWholeFoodBeverages status=SUCCESS method=HomePageTest.testValidateWholeFoodBeverages()[pri:0, instance:home.HomePageTest@3e96bacf] output={null}]]]>
              </value>
            </param>
          </params>
          <reporter-output>
          </reporter-output>
        </test-method> <!-- afterEachTestMethod -->
        <test-method is-config="true" signature="cleanUp()[pri:0, instance:home.HomePageTest@3e96bacf]" started-at="2020-09-26T02:10:59 EDT" name="cleanUp" finished-at="2020-09-26T02:10:59 EDT" duration-ms="0" status="PASS">
          <reporter-output>
          </reporter-output>
        </test-method> <!-- cleanUp -->
        <test-method is-config="true" signature="generateReport()[pri:0, instance:home.HomePageTest@3e96bacf]" started-at="2020-09-26T02:10:59 EDT" name="generateReport" finished-at="2020-09-26T02:10:59 EDT" duration-ms="24" status="PASS">
          <reporter-output>
          </reporter-output>
        </test-method> <!-- generateReport -->
      </class> <!-- home.HomePageTest -->
    </test> <!-- Amazon Home -->
  </suite> <!-- Amazon Automation Test -->
</testng-results>
