<?xml version="1.0" encoding="UTF-8"?>
<testng-results ignored="0" total="6" passed="6" failed="0" skipped="0">
  <reporter-output>
    <line>
      <![CDATA[Extent Report Directory/Users/ramdaneameur/IdeaProjects/WebAutomationFramework_Team1/Delta/target/surefire-reports/html]]>
    </line>
    <line>
      <![CDATA[HomePageRamTest: test Search Box Check]]>
    </line>
    <line>
      <![CDATA[HomePageRamTest: test Search Box Check Using Class Values]]>
    </line>
  </reporter-output>
  <suite started-at="2020-09-26T01:52:25 EDT" name="Delta Automation Test" finished-at="2020-09-26T01:53:09 EDT" duration-ms="44110">
    <groups>
    </groups>
    <test started-at="2020-09-26T01:52:25 EDT" name="Delta" finished-at="2020-09-26T01:53:09 EDT" duration-ms="44110">
      <class name="homeTest.HomePageRamTest">
        <test-method is-config="true" signature="extentSetup(org.testng.ITestContext)[pri:0, instance:homeTest.HomePageRamTest@17c1bced]" started-at="2020-09-26T01:52:25 EDT" name="extentSetup" finished-at="2020-09-26T01:52:25 EDT" duration-ms="152" status="PASS">
          <params>
            <param index="0">
              <value>
                <![CDATA[org.testng.TestRunner@5ff90645]]>
              </value>
            </param>
          </params>
          <reporter-output>
            <line>
              <![CDATA[Extent Report Directory/Users/ramdaneameur/IdeaProjects/WebAutomationFramework_Team1/Delta/target/surefire-reports/html]]>
            </line>
          </reporter-output>
        </test-method> <!-- extentSetup -->
        <test-method is-config="true" signature="setUp(boolean, java.lang.String, java.lang.String, java.lang.String, java.lang.String, java.lang.String, java.lang.String)[pri:0, instance:homeTest.HomePageRamTest@17c1bced]" started-at="2020-09-26T01:52:25 EDT" name="setUp" finished-at="2020-09-26T01:52:28 EDT" duration-ms="3183" status="PASS">
          <params>
            <param index="0">
              <value>
                <![CDATA[false]]>
              </value>
            </param>
            <param index="1">
              <value>
                <![CDATA[browserstack]]>
              </value>
            </param>
            <param index="2">
              <value>
                <![CDATA[OS X]]>
              </value>
            </param>
            <param index="3">
              <value>
                <![CDATA[catalina]]>
              </value>
            </param>
            <param index="4">
              <value>
                <![CDATA[chrome-options]]>
              </value>
            </param>
            <param index="5">
              <value>
                <![CDATA[85]]>
              </value>
            </param>
            <param index="6">
              <value>
                <![CDATA[https://www.delta.com/ca/en]]>
              </value>
            </param>
          </params>
          <reporter-output>
          </reporter-output>
        </test-method> <!-- setUp -->
        <test-method is-config="true" signature="startExtent(java.lang.reflect.Method)[pri:0, instance:homeTest.HomePageRamTest@17c1bced]" started-at="2020-09-26T01:52:28 EDT" name="startExtent" finished-at="2020-09-26T01:52:28 EDT" duration-ms="2" status="PASS">
          <params>
            <param index="0">
              <value>
                <![CDATA[public void homeTest.HomePageRamTest.testCheckBooking()]]>
              </value>
            </param>
          </params>
          <reporter-output>
          </reporter-output>
        </test-method> <!-- startExtent -->
        <test-method is-config="true" signature="getInit()[pri:0, instance:homeTest.HomePageRamTest@17c1bced]" started-at="2020-09-26T01:52:28 EDT" name="getInit" finished-at="2020-09-26T01:52:28 EDT" duration-ms="124" status="PASS">
          <reporter-output>
          </reporter-output>
        </test-method> <!-- getInit -->
        <test-method signature="testCheckBooking()[pri:0, instance:homeTest.HomePageRamTest@17c1bced]" started-at="2020-09-26T01:52:28 EDT" name="testCheckBooking" finished-at="2020-09-26T01:52:29 EDT" duration-ms="359" status="PASS">
          <reporter-output>
          </reporter-output>
        </test-method> <!-- testCheckBooking -->
        <test-method is-config="true" signature="afterEachTestMethod(org.testng.ITestResult)[pri:0, instance:homeTest.HomePageRamTest@17c1bced]" started-at="2020-09-26T01:52:29 EDT" name="afterEachTestMethod" finished-at="2020-09-26T01:52:29 EDT" duration-ms="261" status="PASS">
          <params>
            <param index="0">
              <value>
                <![CDATA[[TestResult name=testCheckBooking status=SUCCESS method=HomePageRamTest.testCheckBooking()[pri:0, instance:homeTest.HomePageRamTest@17c1bced] output={null}]]]>
              </value>
            </param>
          </params>
          <reporter-output>
          </reporter-output>
        </test-method> <!-- afterEachTestMethod -->
        <test-method is-config="true" signature="cleanUp()[pri:0, instance:homeTest.HomePageRamTest@17c1bced]" started-at="2020-09-26T01:52:29 EDT" name="cleanUp" finished-at="2020-09-26T01:52:29 EDT" duration-ms="1" status="PASS">
          <reporter-output>
          </reporter-output>
        </test-method> <!-- cleanUp -->
        <test-method is-config="true" signature="setUp(boolean, java.lang.String, java.lang.String, java.lang.String, java.lang.String, java.lang.String, java.lang.String)[pri:0, instance:homeTest.HomePageRamTest@17c1bced]" started-at="2020-09-26T01:52:29 EDT" name="setUp" finished-at="2020-09-26T01:52:32 EDT" duration-ms="2714" status="PASS">
          <params>
            <param index="0">
              <value>
                <![CDATA[false]]>
              </value>
            </param>
            <param index="1">
              <value>
                <![CDATA[browserstack]]>
              </value>
            </param>
            <param index="2">
              <value>
                <![CDATA[OS X]]>
              </value>
            </param>
            <param index="3">
              <value>
                <![CDATA[catalina]]>
              </value>
            </param>
            <param index="4">
              <value>
                <![CDATA[chrome-options]]>
              </value>
            </param>
            <param index="5">
              <value>
                <![CDATA[85]]>
              </value>
            </param>
            <param index="6">
              <value>
                <![CDATA[https://www.delta.com/ca/en]]>
              </value>
            </param>
          </params>
          <reporter-output>
          </reporter-output>
        </test-method> <!-- setUp -->
        <test-method is-config="true" signature="getInit()[pri:0, instance:homeTest.HomePageRamTest@17c1bced]" started-at="2020-09-26T01:52:32 EDT" name="getInit" finished-at="2020-09-26T01:52:32 EDT" duration-ms="133" status="PASS">
          <reporter-output>
          </reporter-output>
        </test-method> <!-- getInit -->
        <test-method is-config="true" signature="startExtent(java.lang.reflect.Method)[pri:0, instance:homeTest.HomePageRamTest@17c1bced]" started-at="2020-09-26T01:52:32 EDT" name="startExtent" finished-at="2020-09-26T01:52:32 EDT" duration-ms="0" status="PASS">
          <params>
            <param index="0">
              <value>
                <![CDATA[public void homeTest.HomePageRamTest.testCheckCheckIn()]]>
              </value>
            </param>
          </params>
          <reporter-output>
          </reporter-output>
        </test-method> <!-- startExtent -->
        <test-method signature="testCheckCheckIn()[pri:0, instance:homeTest.HomePageRamTest@17c1bced]" started-at="2020-09-26T01:52:32 EDT" name="testCheckCheckIn" finished-at="2020-09-26T01:52:32 EDT" duration-ms="209" status="PASS">
          <reporter-output>
          </reporter-output>
        </test-method> <!-- testCheckCheckIn -->
        <test-method is-config="true" signature="afterEachTestMethod(org.testng.ITestResult)[pri:0, instance:homeTest.HomePageRamTest@17c1bced]" started-at="2020-09-26T01:52:32 EDT" name="afterEachTestMethod" finished-at="2020-09-26T01:52:32 EDT" duration-ms="115" status="PASS">
          <params>
            <param index="0">
              <value>
                <![CDATA[[TestResult name=testCheckCheckIn status=SUCCESS method=HomePageRamTest.testCheckCheckIn()[pri:0, instance:homeTest.HomePageRamTest@17c1bced] output={null}]]]>
              </value>
            </param>
          </params>
          <reporter-output>
          </reporter-output>
        </test-method> <!-- afterEachTestMethod -->
        <test-method is-config="true" signature="cleanUp()[pri:0, instance:homeTest.HomePageRamTest@17c1bced]" started-at="2020-09-26T01:52:32 EDT" name="cleanUp" finished-at="2020-09-26T01:52:32 EDT" duration-ms="0" status="PASS">
          <reporter-output>
          </reporter-output>
        </test-method> <!-- cleanUp -->
        <test-method is-config="true" signature="setUp(boolean, java.lang.String, java.lang.String, java.lang.String, java.lang.String, java.lang.String, java.lang.String)[pri:0, instance:homeTest.HomePageRamTest@17c1bced]" started-at="2020-09-26T01:52:32 EDT" name="setUp" finished-at="2020-09-26T01:52:35 EDT" duration-ms="3145" status="PASS">
          <params>
            <param index="0">
              <value>
                <![CDATA[false]]>
              </value>
            </param>
            <param index="1">
              <value>
                <![CDATA[browserstack]]>
              </value>
            </param>
            <param index="2">
              <value>
                <![CDATA[OS X]]>
              </value>
            </param>
            <param index="3">
              <value>
                <![CDATA[catalina]]>
              </value>
            </param>
            <param index="4">
              <value>
                <![CDATA[chrome-options]]>
              </value>
            </param>
            <param index="5">
              <value>
                <![CDATA[85]]>
              </value>
            </param>
            <param index="6">
              <value>
                <![CDATA[https://www.delta.com/ca/en]]>
              </value>
            </param>
          </params>
          <reporter-output>
          </reporter-output>
        </test-method> <!-- setUp -->
        <test-method is-config="true" signature="startExtent(java.lang.reflect.Method)[pri:0, instance:homeTest.HomePageRamTest@17c1bced]" started-at="2020-09-26T01:52:35 EDT" name="startExtent" finished-at="2020-09-26T01:52:35 EDT" duration-ms="0" status="PASS">
          <params>
            <param index="0">
              <value>
                <![CDATA[public void homeTest.HomePageRamTest.testCheckFlightStatus()]]>
              </value>
            </param>
          </params>
          <reporter-output>
          </reporter-output>
        </test-method> <!-- startExtent -->
        <test-method is-config="true" signature="getInit()[pri:0, instance:homeTest.HomePageRamTest@17c1bced]" started-at="2020-09-26T01:52:35 EDT" name="getInit" finished-at="2020-09-26T01:52:35 EDT" duration-ms="123" status="PASS">
          <reporter-output>
          </reporter-output>
        </test-method> <!-- getInit -->
        <test-method signature="testCheckFlightStatus()[pri:0, instance:homeTest.HomePageRamTest@17c1bced]" started-at="2020-09-26T01:52:35 EDT" name="testCheckFlightStatus" finished-at="2020-09-26T01:52:36 EDT" duration-ms="245" status="PASS">
          <reporter-output>
          </reporter-output>
        </test-method> <!-- testCheckFlightStatus -->
        <test-method is-config="true" signature="afterEachTestMethod(org.testng.ITestResult)[pri:0, instance:homeTest.HomePageRamTest@17c1bced]" started-at="2020-09-26T01:52:36 EDT" name="afterEachTestMethod" finished-at="2020-09-26T01:52:36 EDT" duration-ms="117" status="PASS">
          <params>
            <param index="0">
              <value>
                <![CDATA[[TestResult name=testCheckFlightStatus status=SUCCESS method=HomePageRamTest.testCheckFlightStatus()[pri:0, instance:homeTest.HomePageRamTest@17c1bced] output={null}]]]>
              </value>
            </param>
          </params>
          <reporter-output>
          </reporter-output>
        </test-method> <!-- afterEachTestMethod -->
        <test-method is-config="true" signature="cleanUp()[pri:0, instance:homeTest.HomePageRamTest@17c1bced]" started-at="2020-09-26T01:52:36 EDT" name="cleanUp" finished-at="2020-09-26T01:52:36 EDT" duration-ms="0" status="PASS">
          <reporter-output>
          </reporter-output>
        </test-method> <!-- cleanUp -->
        <test-method is-config="true" signature="setUp(boolean, java.lang.String, java.lang.String, java.lang.String, java.lang.String, java.lang.String, java.lang.String)[pri:0, instance:homeTest.HomePageRamTest@17c1bced]" started-at="2020-09-26T01:52:36 EDT" name="setUp" finished-at="2020-09-26T01:52:39 EDT" duration-ms="2880" status="PASS">
          <params>
            <param index="0">
              <value>
                <![CDATA[false]]>
              </value>
            </param>
            <param index="1">
              <value>
                <![CDATA[browserstack]]>
              </value>
            </param>
            <param index="2">
              <value>
                <![CDATA[OS X]]>
              </value>
            </param>
            <param index="3">
              <value>
                <![CDATA[catalina]]>
              </value>
            </param>
            <param index="4">
              <value>
                <![CDATA[chrome-options]]>
              </value>
            </param>
            <param index="5">
              <value>
                <![CDATA[85]]>
              </value>
            </param>
            <param index="6">
              <value>
                <![CDATA[https://www.delta.com/ca/en]]>
              </value>
            </param>
          </params>
          <reporter-output>
          </reporter-output>
        </test-method> <!-- setUp -->
        <test-method is-config="true" signature="getInit()[pri:0, instance:homeTest.HomePageRamTest@17c1bced]" started-at="2020-09-26T01:52:39 EDT" name="getInit" finished-at="2020-09-26T01:52:39 EDT" duration-ms="135" status="PASS">
          <reporter-output>
          </reporter-output>
        </test-method> <!-- getInit -->
        <test-method is-config="true" signature="startExtent(java.lang.reflect.Method)[pri:0, instance:homeTest.HomePageRamTest@17c1bced]" started-at="2020-09-26T01:52:39 EDT" name="startExtent" finished-at="2020-09-26T01:52:39 EDT" duration-ms="0" status="PASS">
          <params>
            <param index="0">
              <value>
                <![CDATA[public void homeTest.HomePageRamTest.testCheckMyTrip()]]>
              </value>
            </param>
          </params>
          <reporter-output>
          </reporter-output>
        </test-method> <!-- startExtent -->
        <test-method signature="testCheckMyTrip()[pri:0, instance:homeTest.HomePageRamTest@17c1bced]" started-at="2020-09-26T01:52:39 EDT" name="testCheckMyTrip" finished-at="2020-09-26T01:52:39 EDT" duration-ms="306" status="PASS">
          <reporter-output>
          </reporter-output>
        </test-method> <!-- testCheckMyTrip -->
        <test-method is-config="true" signature="afterEachTestMethod(org.testng.ITestResult)[pri:0, instance:homeTest.HomePageRamTest@17c1bced]" started-at="2020-09-26T01:52:39 EDT" name="afterEachTestMethod" finished-at="2020-09-26T01:52:39 EDT" duration-ms="116" status="PASS">
          <params>
            <param index="0">
              <value>
                <![CDATA[[TestResult name=testCheckMyTrip status=SUCCESS method=HomePageRamTest.testCheckMyTrip()[pri:0, instance:homeTest.HomePageRamTest@17c1bced] output={null}]]]>
              </value>
            </param>
          </params>
          <reporter-output>
          </reporter-output>
        </test-method> <!-- afterEachTestMethod -->
        <test-method is-config="true" signature="cleanUp()[pri:0, instance:homeTest.HomePageRamTest@17c1bced]" started-at="2020-09-26T01:52:39 EDT" name="cleanUp" finished-at="2020-09-26T01:52:39 EDT" duration-ms="0" status="PASS">
          <reporter-output>
          </reporter-output>
        </test-method> <!-- cleanUp -->
        <test-method is-config="true" signature="setUp(boolean, java.lang.String, java.lang.String, java.lang.String, java.lang.String, java.lang.String, java.lang.String)[pri:0, instance:homeTest.HomePageRamTest@17c1bced]" started-at="2020-09-26T01:52:39 EDT" name="setUp" finished-at="2020-09-26T01:52:45 EDT" duration-ms="5896" status="PASS">
          <params>
            <param index="0">
              <value>
                <![CDATA[false]]>
              </value>
            </param>
            <param index="1">
              <value>
                <![CDATA[browserstack]]>
              </value>
            </param>
            <param index="2">
              <value>
                <![CDATA[OS X]]>
              </value>
            </param>
            <param index="3">
              <value>
                <![CDATA[catalina]]>
              </value>
            </param>
            <param index="4">
              <value>
                <![CDATA[chrome-options]]>
              </value>
            </param>
            <param index="5">
              <value>
                <![CDATA[85]]>
              </value>
            </param>
            <param index="6">
              <value>
                <![CDATA[https://www.delta.com/ca/en]]>
              </value>
            </param>
          </params>
          <reporter-output>
          </reporter-output>
        </test-method> <!-- setUp -->
        <test-method is-config="true" signature="startExtent(java.lang.reflect.Method)[pri:0, instance:homeTest.HomePageRamTest@17c1bced]" started-at="2020-09-26T01:52:45 EDT" name="startExtent" finished-at="2020-09-26T01:52:45 EDT" duration-ms="0" status="PASS">
          <params>
            <param index="0">
              <value>
                <![CDATA[public void homeTest.HomePageRamTest.testSearchBoxCheck() throws java.lang.InterruptedException]]>
              </value>
            </param>
          </params>
          <reporter-output>
          </reporter-output>
        </test-method> <!-- startExtent -->
        <test-method is-config="true" signature="getInit()[pri:0, instance:homeTest.HomePageRamTest@17c1bced]" started-at="2020-09-26T01:52:45 EDT" name="getInit" finished-at="2020-09-26T01:52:45 EDT" duration-ms="107" status="PASS">
          <reporter-output>
          </reporter-output>
        </test-method> <!-- getInit -->
        <test-method signature="testSearchBoxCheck()[pri:0, instance:homeTest.HomePageRamTest@17c1bced]" started-at="2020-09-26T01:52:45 EDT" name="testSearchBoxCheck" finished-at="2020-09-26T01:52:50 EDT" duration-ms="5187" status="PASS">
          <reporter-output>
            <line>
              <![CDATA[HomePageRamTest: test Search Box Check]]>
            </line>
          </reporter-output>
        </test-method> <!-- testSearchBoxCheck -->
        <test-method is-config="true" signature="afterEachTestMethod(org.testng.ITestResult)[pri:0, instance:homeTest.HomePageRamTest@17c1bced]" started-at="2020-09-26T01:52:50 EDT" name="afterEachTestMethod" finished-at="2020-09-26T01:52:50 EDT" duration-ms="134" status="PASS">
          <params>
            <param index="0">
              <value>
                <![CDATA[[TestResult name=testSearchBoxCheck status=SUCCESS method=HomePageRamTest.testSearchBoxCheck()[pri:0, instance:homeTest.HomePageRamTest@17c1bced] output=HomePageRamTest: test Search Box Check]]]>
              </value>
            </param>
          </params>
          <reporter-output>
          </reporter-output>
        </test-method> <!-- afterEachTestMethod -->
        <test-method is-config="true" signature="cleanUp()[pri:0, instance:homeTest.HomePageRamTest@17c1bced]" started-at="2020-09-26T01:52:50 EDT" name="cleanUp" finished-at="2020-09-26T01:52:50 EDT" duration-ms="0" status="PASS">
          <reporter-output>
          </reporter-output>
        </test-method> <!-- cleanUp -->
        <test-method is-config="true" signature="setUp(boolean, java.lang.String, java.lang.String, java.lang.String, java.lang.String, java.lang.String, java.lang.String)[pri:0, instance:homeTest.HomePageRamTest@17c1bced]" started-at="2020-09-26T01:52:50 EDT" name="setUp" finished-at="2020-09-26T01:52:53 EDT" duration-ms="2820" status="PASS">
          <params>
            <param index="0">
              <value>
                <![CDATA[false]]>
              </value>
            </param>
            <param index="1">
              <value>
                <![CDATA[browserstack]]>
              </value>
            </param>
            <param index="2">
              <value>
                <![CDATA[OS X]]>
              </value>
            </param>
            <param index="3">
              <value>
                <![CDATA[catalina]]>
              </value>
            </param>
            <param index="4">
              <value>
                <![CDATA[chrome-options]]>
              </value>
            </param>
            <param index="5">
              <value>
                <![CDATA[85]]>
              </value>
            </param>
            <param index="6">
              <value>
                <![CDATA[https://www.delta.com/ca/en]]>
              </value>
            </param>
          </params>
          <reporter-output>
          </reporter-output>
        </test-method> <!-- setUp -->
        <test-method is-config="true" signature="startExtent(java.lang.reflect.Method)[pri:0, instance:homeTest.HomePageRamTest@17c1bced]" started-at="2020-09-26T01:52:53 EDT" name="startExtent" finished-at="2020-09-26T01:52:53 EDT" duration-ms="1" status="PASS">
          <params>
            <param index="0">
              <value>
                <![CDATA[public void homeTest.HomePageRamTest.testSearchBoxCheckUsingClassValues() throws java.lang.InterruptedException]]>
              </value>
            </param>
          </params>
          <reporter-output>
          </reporter-output>
        </test-method> <!-- startExtent -->
        <test-method is-config="true" signature="getInit()[pri:0, instance:homeTest.HomePageRamTest@17c1bced]" started-at="2020-09-26T01:52:53 EDT" name="getInit" finished-at="2020-09-26T01:52:53 EDT" duration-ms="111" status="PASS">
          <reporter-output>
          </reporter-output>
        </test-method> <!-- getInit -->
        <test-method signature="testSearchBoxCheckUsingClassValues()[pri:0, instance:homeTest.HomePageRamTest@17c1bced]" started-at="2020-09-26T01:52:53 EDT" name="testSearchBoxCheckUsingClassValues" finished-at="2020-09-26T01:53:09 EDT" duration-ms="15526" status="PASS">
          <reporter-output>
            <line>
              <![CDATA[HomePageRamTest: test Search Box Check Using Class Values]]>
            </line>
          </reporter-output>
        </test-method> <!-- testSearchBoxCheckUsingClassValues -->
        <test-method is-config="true" signature="afterEachTestMethod(org.testng.ITestResult)[pri:0, instance:homeTest.HomePageRamTest@17c1bced]" started-at="2020-09-26T01:53:09 EDT" name="afterEachTestMethod" finished-at="2020-09-26T01:53:09 EDT" duration-ms="143" status="PASS">
          <params>
            <param index="0">
              <value>
                <![CDATA[[TestResult name=testSearchBoxCheckUsingClassValues status=SUCCESS method=HomePageRamTest.testSearchBoxCheckUsingClassValues()[pri:0, instance:homeTest.HomePageRamTest@17c1bced] output=HomePageRamTest: test Search Box Check Using Class Values]]]>
              </value>
            </param>
          </params>
          <reporter-output>
          </reporter-output>
        </test-method> <!-- afterEachTestMethod -->
        <test-method is-config="true" signature="cleanUp()[pri:0, instance:homeTest.HomePageRamTest@17c1bced]" started-at="2020-09-26T01:53:09 EDT" name="cleanUp" finished-at="2020-09-26T01:53:09 EDT" duration-ms="0" status="PASS">
          <reporter-output>
          </reporter-output>
        </test-method> <!-- cleanUp -->
        <test-method is-config="true" signature="generateReport()[pri:0, instance:homeTest.HomePageRamTest@17c1bced]" started-at="2020-09-26T01:53:09 EDT" name="generateReport" finished-at="2020-09-26T01:53:09 EDT" duration-ms="19" status="PASS">
          <reporter-output>
          </reporter-output>
        </test-method> <!-- generateReport -->
      </class> <!-- homeTest.HomePageRamTest -->
    </test> <!-- Delta -->
  </suite> <!-- Delta Automation Test -->
</testng-results>
