<?xml version="1.0" encoding="UTF-8"?>
<testng-results ignored="0" total="6" passed="6" failed="0" skipped="0">
  <reporter-output>
    <line>
      <![CDATA[Extent Report Directory/Users/ramdaneameur/IdeaProjects/WebAutomationFramework_Team1/Delta/target/surefire-reports/html]]>
    </line>
    <line>
      <![CDATA[HomePageRamTest: test Search Box Check]]>
    </line>
    <line>
      <![CDATA[HomePageRamTest: test Search Box Check Using Class Values]]>
    </line>
  </reporter-output>
  <suite started-at="2020-09-25T20:43:33 EDT" name="Delta Automation Test" finished-at="2020-09-25T20:44:15 EDT" duration-ms="42262">
    <groups>
    </groups>
    <test started-at="2020-09-25T20:43:33 EDT" name="Delta" finished-at="2020-09-25T20:44:15 EDT" duration-ms="42262">
      <class name="homeTest.HomePageRamTest">
        <test-method is-config="true" signature="extentSetup(org.testng.ITestContext)[pri:0, instance:homeTest.HomePageRamTest@17c1bced]" started-at="2020-09-25T20:43:33 EDT" name="extentSetup" finished-at="2020-09-25T20:43:33 EDT" duration-ms="135" status="PASS">
          <params>
            <param index="0">
              <value>
                <![CDATA[org.testng.TestRunner@5ff90645]]>
              </value>
            </param>
          </params>
          <reporter-output>
            <line>
              <![CDATA[Extent Report Directory/Users/ramdaneameur/IdeaProjects/WebAutomationFramework_Team1/Delta/target/surefire-reports/html]]>
            </line>
          </reporter-output>
        </test-method> <!-- extentSetup -->
        <test-method is-config="true" signature="setUp(boolean, java.lang.String, java.lang.String, java.lang.String, java.lang.String, java.lang.String, java.lang.String)[pri:0, instance:homeTest.HomePageRamTest@17c1bced]" started-at="2020-09-25T20:43:33 EDT" name="setUp" finished-at="2020-09-25T20:43:36 EDT" duration-ms="3300" status="PASS">
          <params>
            <param index="0">
              <value>
                <![CDATA[false]]>
              </value>
            </param>
            <param index="1">
              <value>
                <![CDATA[browserstack]]>
              </value>
            </param>
            <param index="2">
              <value>
                <![CDATA[OS X]]>
              </value>
            </param>
            <param index="3">
              <value>
                <![CDATA[catalina]]>
              </value>
            </param>
            <param index="4">
              <value>
                <![CDATA[chrome-options]]>
              </value>
            </param>
            <param index="5">
              <value>
                <![CDATA[85]]>
              </value>
            </param>
            <param index="6">
              <value>
                <![CDATA[https://www.delta.com/ca/en]]>
              </value>
            </param>
          </params>
          <reporter-output>
          </reporter-output>
        </test-method> <!-- setUp -->
        <test-method is-config="true" signature="startExtent(java.lang.reflect.Method)[pri:0, instance:homeTest.HomePageRamTest@17c1bced]" started-at="2020-09-25T20:43:36 EDT" name="startExtent" finished-at="2020-09-25T20:43:36 EDT" duration-ms="3" status="PASS">
          <params>
            <param index="0">
              <value>
                <![CDATA[public void homeTest.HomePageRamTest.testCheckBooking()]]>
              </value>
            </param>
          </params>
          <reporter-output>
          </reporter-output>
        </test-method> <!-- startExtent -->
        <test-method is-config="true" signature="getInit()[pri:0, instance:homeTest.HomePageRamTest@17c1bced]" started-at="2020-09-25T20:43:36 EDT" name="getInit" finished-at="2020-09-25T20:43:36 EDT" duration-ms="134" status="PASS">
          <reporter-output>
          </reporter-output>
        </test-method> <!-- getInit -->
        <test-method signature="testCheckBooking()[pri:0, instance:homeTest.HomePageRamTest@17c1bced]" started-at="2020-09-25T20:43:36 EDT" name="testCheckBooking" finished-at="2020-09-25T20:43:36 EDT" duration-ms="268" status="PASS">
          <reporter-output>
          </reporter-output>
        </test-method> <!-- testCheckBooking -->
        <test-method is-config="true" signature="afterEachTestMethod(org.testng.ITestResult)[pri:0, instance:homeTest.HomePageRamTest@17c1bced]" started-at="2020-09-25T20:43:36 EDT" name="afterEachTestMethod" finished-at="2020-09-25T20:43:37 EDT" duration-ms="249" status="PASS">
          <params>
            <param index="0">
              <value>
                <![CDATA[[TestResult name=testCheckBooking status=SUCCESS method=HomePageRamTest.testCheckBooking()[pri:0, instance:homeTest.HomePageRamTest@17c1bced] output={null}]]]>
              </value>
            </param>
          </params>
          <reporter-output>
          </reporter-output>
        </test-method> <!-- afterEachTestMethod -->
        <test-method is-config="true" signature="cleanUp()[pri:0, instance:homeTest.HomePageRamTest@17c1bced]" started-at="2020-09-25T20:43:37 EDT" name="cleanUp" finished-at="2020-09-25T20:43:37 EDT" duration-ms="1" status="PASS">
          <reporter-output>
          </reporter-output>
        </test-method> <!-- cleanUp -->
        <test-method is-config="true" signature="setUp(boolean, java.lang.String, java.lang.String, java.lang.String, java.lang.String, java.lang.String, java.lang.String)[pri:0, instance:homeTest.HomePageRamTest@17c1bced]" started-at="2020-09-25T20:43:37 EDT" name="setUp" finished-at="2020-09-25T20:43:40 EDT" duration-ms="3401" status="PASS">
          <params>
            <param index="0">
              <value>
                <![CDATA[false]]>
              </value>
            </param>
            <param index="1">
              <value>
                <![CDATA[browserstack]]>
              </value>
            </param>
            <param index="2">
              <value>
                <![CDATA[OS X]]>
              </value>
            </param>
            <param index="3">
              <value>
                <![CDATA[catalina]]>
              </value>
            </param>
            <param index="4">
              <value>
                <![CDATA[chrome-options]]>
              </value>
            </param>
            <param index="5">
              <value>
                <![CDATA[85]]>
              </value>
            </param>
            <param index="6">
              <value>
                <![CDATA[https://www.delta.com/ca/en]]>
              </value>
            </param>
          </params>
          <reporter-output>
          </reporter-output>
        </test-method> <!-- setUp -->
        <test-method is-config="true" signature="getInit()[pri:0, instance:homeTest.HomePageRamTest@17c1bced]" started-at="2020-09-25T20:43:40 EDT" name="getInit" finished-at="2020-09-25T20:43:40 EDT" duration-ms="106" status="PASS">
          <reporter-output>
          </reporter-output>
        </test-method> <!-- getInit -->
        <test-method is-config="true" signature="startExtent(java.lang.reflect.Method)[pri:0, instance:homeTest.HomePageRamTest@17c1bced]" started-at="2020-09-25T20:43:40 EDT" name="startExtent" finished-at="2020-09-25T20:43:40 EDT" duration-ms="0" status="PASS">
          <params>
            <param index="0">
              <value>
                <![CDATA[public void homeTest.HomePageRamTest.testCheckCheckIn()]]>
              </value>
            </param>
          </params>
          <reporter-output>
          </reporter-output>
        </test-method> <!-- startExtent -->
        <test-method signature="testCheckCheckIn()[pri:0, instance:homeTest.HomePageRamTest@17c1bced]" started-at="2020-09-25T20:43:40 EDT" name="testCheckCheckIn" finished-at="2020-09-25T20:43:40 EDT" duration-ms="264" status="PASS">
          <reporter-output>
          </reporter-output>
        </test-method> <!-- testCheckCheckIn -->
        <test-method is-config="true" signature="afterEachTestMethod(org.testng.ITestResult)[pri:0, instance:homeTest.HomePageRamTest@17c1bced]" started-at="2020-09-25T20:43:40 EDT" name="afterEachTestMethod" finished-at="2020-09-25T20:43:41 EDT" duration-ms="119" status="PASS">
          <params>
            <param index="0">
              <value>
                <![CDATA[[TestResult name=testCheckCheckIn status=SUCCESS method=HomePageRamTest.testCheckCheckIn()[pri:0, instance:homeTest.HomePageRamTest@17c1bced] output={null}]]]>
              </value>
            </param>
          </params>
          <reporter-output>
          </reporter-output>
        </test-method> <!-- afterEachTestMethod -->
        <test-method is-config="true" signature="cleanUp()[pri:0, instance:homeTest.HomePageRamTest@17c1bced]" started-at="2020-09-25T20:43:41 EDT" name="cleanUp" finished-at="2020-09-25T20:43:41 EDT" duration-ms="0" status="PASS">
          <reporter-output>
          </reporter-output>
        </test-method> <!-- cleanUp -->
        <test-method is-config="true" signature="setUp(boolean, java.lang.String, java.lang.String, java.lang.String, java.lang.String, java.lang.String, java.lang.String)[pri:0, instance:homeTest.HomePageRamTest@17c1bced]" started-at="2020-09-25T20:43:41 EDT" name="setUp" finished-at="2020-09-25T20:43:44 EDT" duration-ms="3115" status="PASS">
          <params>
            <param index="0">
              <value>
                <![CDATA[false]]>
              </value>
            </param>
            <param index="1">
              <value>
                <![CDATA[browserstack]]>
              </value>
            </param>
            <param index="2">
              <value>
                <![CDATA[OS X]]>
              </value>
            </param>
            <param index="3">
              <value>
                <![CDATA[catalina]]>
              </value>
            </param>
            <param index="4">
              <value>
                <![CDATA[chrome-options]]>
              </value>
            </param>
            <param index="5">
              <value>
                <![CDATA[85]]>
              </value>
            </param>
            <param index="6">
              <value>
                <![CDATA[https://www.delta.com/ca/en]]>
              </value>
            </param>
          </params>
          <reporter-output>
          </reporter-output>
        </test-method> <!-- setUp -->
        <test-method is-config="true" signature="startExtent(java.lang.reflect.Method)[pri:0, instance:homeTest.HomePageRamTest@17c1bced]" started-at="2020-09-25T20:43:44 EDT" name="startExtent" finished-at="2020-09-25T20:43:44 EDT" duration-ms="0" status="PASS">
          <params>
            <param index="0">
              <value>
                <![CDATA[public void homeTest.HomePageRamTest.testCheckFlightStatus()]]>
              </value>
            </param>
          </params>
          <reporter-output>
          </reporter-output>
        </test-method> <!-- startExtent -->
        <test-method is-config="true" signature="getInit()[pri:0, instance:homeTest.HomePageRamTest@17c1bced]" started-at="2020-09-25T20:43:44 EDT" name="getInit" finished-at="2020-09-25T20:43:44 EDT" duration-ms="120" status="PASS">
          <reporter-output>
          </reporter-output>
        </test-method> <!-- getInit -->
        <test-method signature="testCheckFlightStatus()[pri:0, instance:homeTest.HomePageRamTest@17c1bced]" started-at="2020-09-25T20:43:44 EDT" name="testCheckFlightStatus" finished-at="2020-09-25T20:43:44 EDT" duration-ms="265" status="PASS">
          <reporter-output>
          </reporter-output>
        </test-method> <!-- testCheckFlightStatus -->
        <test-method is-config="true" signature="afterEachTestMethod(org.testng.ITestResult)[pri:0, instance:homeTest.HomePageRamTest@17c1bced]" started-at="2020-09-25T20:43:44 EDT" name="afterEachTestMethod" finished-at="2020-09-25T20:43:44 EDT" duration-ms="119" status="PASS">
          <params>
            <param index="0">
              <value>
                <![CDATA[[TestResult name=testCheckFlightStatus status=SUCCESS method=HomePageRamTest.testCheckFlightStatus()[pri:0, instance:homeTest.HomePageRamTest@17c1bced] output={null}]]]>
              </value>
            </param>
          </params>
          <reporter-output>
          </reporter-output>
        </test-method> <!-- afterEachTestMethod -->
        <test-method is-config="true" signature="cleanUp()[pri:0, instance:homeTest.HomePageRamTest@17c1bced]" started-at="2020-09-25T20:43:44 EDT" name="cleanUp" finished-at="2020-09-25T20:43:44 EDT" duration-ms="0" status="PASS">
          <reporter-output>
          </reporter-output>
        </test-method> <!-- cleanUp -->
        <test-method is-config="true" signature="setUp(boolean, java.lang.String, java.lang.String, java.lang.String, java.lang.String, java.lang.String, java.lang.String)[pri:0, instance:homeTest.HomePageRamTest@17c1bced]" started-at="2020-09-25T20:43:44 EDT" name="setUp" finished-at="2020-09-25T20:43:47 EDT" duration-ms="3081" status="PASS">
          <params>
            <param index="0">
              <value>
                <![CDATA[false]]>
              </value>
            </param>
            <param index="1">
              <value>
                <![CDATA[browserstack]]>
              </value>
            </param>
            <param index="2">
              <value>
                <![CDATA[OS X]]>
              </value>
            </param>
            <param index="3">
              <value>
                <![CDATA[catalina]]>
              </value>
            </param>
            <param index="4">
              <value>
                <![CDATA[chrome-options]]>
              </value>
            </param>
            <param index="5">
              <value>
                <![CDATA[85]]>
              </value>
            </param>
            <param index="6">
              <value>
                <![CDATA[https://www.delta.com/ca/en]]>
              </value>
            </param>
          </params>
          <reporter-output>
          </reporter-output>
        </test-method> <!-- setUp -->
        <test-method is-config="true" signature="getInit()[pri:0, instance:homeTest.HomePageRamTest@17c1bced]" started-at="2020-09-25T20:43:47 EDT" name="getInit" finished-at="2020-09-25T20:43:47 EDT" duration-ms="191" status="PASS">
          <reporter-output>
          </reporter-output>
        </test-method> <!-- getInit -->
        <test-method is-config="true" signature="startExtent(java.lang.reflect.Method)[pri:0, instance:homeTest.HomePageRamTest@17c1bced]" started-at="2020-09-25T20:43:47 EDT" name="startExtent" finished-at="2020-09-25T20:43:47 EDT" duration-ms="0" status="PASS">
          <params>
            <param index="0">
              <value>
                <![CDATA[public void homeTest.HomePageRamTest.testCheckMyTrip()]]>
              </value>
            </param>
          </params>
          <reporter-output>
          </reporter-output>
        </test-method> <!-- startExtent -->
        <test-method signature="testCheckMyTrip()[pri:0, instance:homeTest.HomePageRamTest@17c1bced]" started-at="2020-09-25T20:43:47 EDT" name="testCheckMyTrip" finished-at="2020-09-25T20:43:48 EDT" duration-ms="325" status="PASS">
          <reporter-output>
          </reporter-output>
        </test-method> <!-- testCheckMyTrip -->
        <test-method is-config="true" signature="afterEachTestMethod(org.testng.ITestResult)[pri:0, instance:homeTest.HomePageRamTest@17c1bced]" started-at="2020-09-25T20:43:48 EDT" name="afterEachTestMethod" finished-at="2020-09-25T20:43:48 EDT" duration-ms="118" status="PASS">
          <params>
            <param index="0">
              <value>
                <![CDATA[[TestResult name=testCheckMyTrip status=SUCCESS method=HomePageRamTest.testCheckMyTrip()[pri:0, instance:homeTest.HomePageRamTest@17c1bced] output={null}]]]>
              </value>
            </param>
          </params>
          <reporter-output>
          </reporter-output>
        </test-method> <!-- afterEachTestMethod -->
        <test-method is-config="true" signature="cleanUp()[pri:0, instance:homeTest.HomePageRamTest@17c1bced]" started-at="2020-09-25T20:43:48 EDT" name="cleanUp" finished-at="2020-09-25T20:43:48 EDT" duration-ms="1" status="PASS">
          <reporter-output>
          </reporter-output>
        </test-method> <!-- cleanUp -->
        <test-method is-config="true" signature="setUp(boolean, java.lang.String, java.lang.String, java.lang.String, java.lang.String, java.lang.String, java.lang.String)[pri:0, instance:homeTest.HomePageRamTest@17c1bced]" started-at="2020-09-25T20:43:48 EDT" name="setUp" finished-at="2020-09-25T20:43:51 EDT" duration-ms="2886" status="PASS">
          <params>
            <param index="0">
              <value>
                <![CDATA[false]]>
              </value>
            </param>
            <param index="1">
              <value>
                <![CDATA[browserstack]]>
              </value>
            </param>
            <param index="2">
              <value>
                <![CDATA[OS X]]>
              </value>
            </param>
            <param index="3">
              <value>
                <![CDATA[catalina]]>
              </value>
            </param>
            <param index="4">
              <value>
                <![CDATA[chrome-options]]>
              </value>
            </param>
            <param index="5">
              <value>
                <![CDATA[85]]>
              </value>
            </param>
            <param index="6">
              <value>
                <![CDATA[https://www.delta.com/ca/en]]>
              </value>
            </param>
          </params>
          <reporter-output>
          </reporter-output>
        </test-method> <!-- setUp -->
        <test-method is-config="true" signature="startExtent(java.lang.reflect.Method)[pri:0, instance:homeTest.HomePageRamTest@17c1bced]" started-at="2020-09-25T20:43:51 EDT" name="startExtent" finished-at="2020-09-25T20:43:51 EDT" duration-ms="0" status="PASS">
          <params>
            <param index="0">
              <value>
                <![CDATA[public void homeTest.HomePageRamTest.testSearchBoxCheck() throws java.lang.InterruptedException]]>
              </value>
            </param>
          </params>
          <reporter-output>
          </reporter-output>
        </test-method> <!-- startExtent -->
        <test-method is-config="true" signature="getInit()[pri:0, instance:homeTest.HomePageRamTest@17c1bced]" started-at="2020-09-25T20:43:51 EDT" name="getInit" finished-at="2020-09-25T20:43:51 EDT" duration-ms="111" status="PASS">
          <reporter-output>
          </reporter-output>
        </test-method> <!-- getInit -->
        <test-method signature="testSearchBoxCheck()[pri:0, instance:homeTest.HomePageRamTest@17c1bced]" started-at="2020-09-25T20:43:51 EDT" name="testSearchBoxCheck" finished-at="2020-09-25T20:43:56 EDT" duration-ms="5127" status="PASS">
          <reporter-output>
            <line>
              <![CDATA[HomePageRamTest: test Search Box Check]]>
            </line>
          </reporter-output>
        </test-method> <!-- testSearchBoxCheck -->
        <test-method is-config="true" signature="afterEachTestMethod(org.testng.ITestResult)[pri:0, instance:homeTest.HomePageRamTest@17c1bced]" started-at="2020-09-25T20:43:56 EDT" name="afterEachTestMethod" finished-at="2020-09-25T20:43:56 EDT" duration-ms="122" status="PASS">
          <params>
            <param index="0">
              <value>
                <![CDATA[[TestResult name=testSearchBoxCheck status=SUCCESS method=HomePageRamTest.testSearchBoxCheck()[pri:0, instance:homeTest.HomePageRamTest@17c1bced] output=HomePageRamTest: test Search Box Check]]]>
              </value>
            </param>
          </params>
          <reporter-output>
          </reporter-output>
        </test-method> <!-- afterEachTestMethod -->
        <test-method is-config="true" signature="setUp(boolean, java.lang.String, java.lang.String, java.lang.String, java.lang.String, java.lang.String, java.lang.String)[pri:0, instance:homeTest.HomePageRamTest@17c1bced]" started-at="2020-09-25T20:43:56 EDT" name="setUp" finished-at="2020-09-25T20:43:59 EDT" duration-ms="2936" status="PASS">
          <params>
            <param index="0">
              <value>
                <![CDATA[false]]>
              </value>
            </param>
            <param index="1">
              <value>
                <![CDATA[browserstack]]>
              </value>
            </param>
            <param index="2">
              <value>
                <![CDATA[OS X]]>
              </value>
            </param>
            <param index="3">
              <value>
                <![CDATA[catalina]]>
              </value>
            </param>
            <param index="4">
              <value>
                <![CDATA[chrome-options]]>
              </value>
            </param>
            <param index="5">
              <value>
                <![CDATA[85]]>
              </value>
            </param>
            <param index="6">
              <value>
                <![CDATA[https://www.delta.com/ca/en]]>
              </value>
            </param>
          </params>
          <reporter-output>
          </reporter-output>
        </test-method> <!-- setUp -->
        <test-method is-config="true" signature="cleanUp()[pri:0, instance:homeTest.HomePageRamTest@17c1bced]" started-at="2020-09-25T20:43:56 EDT" name="cleanUp" finished-at="2020-09-25T20:43:56 EDT" duration-ms="0" status="PASS">
          <reporter-output>
          </reporter-output>
        </test-method> <!-- cleanUp -->
        <test-method is-config="true" signature="startExtent(java.lang.reflect.Method)[pri:0, instance:homeTest.HomePageRamTest@17c1bced]" started-at="2020-09-25T20:43:59 EDT" name="startExtent" finished-at="2020-09-25T20:43:59 EDT" duration-ms="0" status="PASS">
          <params>
            <param index="0">
              <value>
                <![CDATA[public void homeTest.HomePageRamTest.testSearchBoxCheckUsingClassValues() throws java.lang.InterruptedException]]>
              </value>
            </param>
          </params>
          <reporter-output>
          </reporter-output>
        </test-method> <!-- startExtent -->
        <test-method is-config="true" signature="getInit()[pri:0, instance:homeTest.HomePageRamTest@17c1bced]" started-at="2020-09-25T20:43:59 EDT" name="getInit" finished-at="2020-09-25T20:43:59 EDT" duration-ms="147" status="PASS">
          <reporter-output>
          </reporter-output>
        </test-method> <!-- getInit -->
        <test-method signature="testSearchBoxCheckUsingClassValues()[pri:0, instance:homeTest.HomePageRamTest@17c1bced]" started-at="2020-09-25T20:43:59 EDT" name="testSearchBoxCheckUsingClassValues" finished-at="2020-09-25T20:44:15 EDT" duration-ms="15594" status="PASS">
          <reporter-output>
            <line>
              <![CDATA[HomePageRamTest: test Search Box Check Using Class Values]]>
            </line>
          </reporter-output>
        </test-method> <!-- testSearchBoxCheckUsingClassValues -->
        <test-method is-config="true" signature="afterEachTestMethod(org.testng.ITestResult)[pri:0, instance:homeTest.HomePageRamTest@17c1bced]" started-at="2020-09-25T20:44:15 EDT" name="afterEachTestMethod" finished-at="2020-09-25T20:44:15 EDT" duration-ms="136" status="PASS">
          <params>
            <param index="0">
              <value>
                <![CDATA[[TestResult name=testSearchBoxCheckUsingClassValues status=SUCCESS method=HomePageRamTest.testSearchBoxCheckUsingClassValues()[pri:0, instance:homeTest.HomePageRamTest@17c1bced] output=HomePageRamTest: test Search Box Check Using Class Values]]]>
              </value>
            </param>
          </params>
          <reporter-output>
          </reporter-output>
        </test-method> <!-- afterEachTestMethod -->
        <test-method is-config="true" signature="cleanUp()[pri:0, instance:homeTest.HomePageRamTest@17c1bced]" started-at="2020-09-25T20:44:15 EDT" name="cleanUp" finished-at="2020-09-25T20:44:15 EDT" duration-ms="0" status="PASS">
          <reporter-output>
          </reporter-output>
        </test-method> <!-- cleanUp -->
        <test-method is-config="true" signature="generateReport()[pri:0, instance:homeTest.HomePageRamTest@17c1bced]" started-at="2020-09-25T20:44:15 EDT" name="generateReport" finished-at="2020-09-25T20:44:15 EDT" duration-ms="17" status="PASS">
          <reporter-output>
          </reporter-output>
        </test-method> <!-- generateReport -->
      </class> <!-- homeTest.HomePageRamTest -->
    </test> <!-- Delta -->
  </suite> <!-- Delta Automation Test -->
</testng-results>
