<?xml version="1.0" encoding="UTF-8"?>
<testng-results ignored="0" total="2" passed="2" failed="0" skipped="0">
  <reporter-output>
    <line>
      <![CDATA[Extent Report DirectoryC:\Users\15029\IdeaProjects\WebAutomationFramework_Team1\Delta\target\surefire-reports\html]]>
    </line>
  </reporter-output>
  <suite started-at="2020-09-04T02:22:08 EDT" name="Delta Automation Test" finished-at="2020-09-04T02:22:33 EDT" duration-ms="25735">
    <groups>
    </groups>
    <test started-at="2020-09-04T02:22:08 EDT" name="Delta Home" finished-at="2020-09-04T02:22:33 EDT" duration-ms="25735">
      <class name="testHome.HomePageTest">
        <test-method is-config="true" signature="extentSetup(org.testng.ITestContext)[pri:0, instance:testHome.HomePageTest@865dd6]" started-at="2020-09-04T02:22:07 EDT" name="extentSetup" finished-at="2020-09-04T02:22:08 EDT" duration-ms="239" status="PASS">
          <params>
            <param index="0">
              <value>
                <![CDATA[org.testng.TestRunner@bc4d5e1]]>
              </value>
            </param>
          </params>
          <reporter-output>
            <line>
              <![CDATA[Extent Report DirectoryC:\Users\15029\IdeaProjects\WebAutomationFramework_Team1\Delta\target\surefire-reports\html]]>
            </line>
          </reporter-output>
        </test-method> <!-- extentSetup -->
        <test-method is-config="true" signature="setUp(boolean, java.lang.String, java.lang.String, java.lang.String, java.lang.String, java.lang.String, java.lang.String)[pri:0, instance:testHome.HomePageTest@865dd6]" started-at="2020-09-04T02:22:08 EDT" name="setUp" finished-at="2020-09-04T02:22:14 EDT" duration-ms="6194" status="PASS">
          <params>
            <param index="0">
              <value>
                <![CDATA[false]]>
              </value>
            </param>
            <param index="1">
              <value>
                <![CDATA[browserstack]]>
              </value>
            </param>
            <param index="2">
              <value>
                <![CDATA[Windows]]>
              </value>
            </param>
            <param index="3">
              <value>
                <![CDATA[10]]>
              </value>
            </param>
            <param index="4">
              <value>
                <![CDATA[chrome-options]]>
              </value>
            </param>
            <param index="5">
              <value>
                <![CDATA[85.0]]>
              </value>
            </param>
            <param index="6">
              <value>
                <![CDATA[https://www.delta.com/]]>
              </value>
            </param>
          </params>
          <reporter-output>
          </reporter-output>
        </test-method> <!-- setUp -->
        <test-method is-config="true" signature="startExtent(java.lang.reflect.Method)[pri:0, instance:testHome.HomePageTest@865dd6]" started-at="2020-09-04T02:22:14 EDT" name="startExtent" finished-at="2020-09-04T02:22:14 EDT" duration-ms="6" status="PASS">
          <params>
            <param index="0">
              <value>
                <![CDATA[public void testHome.HomePageTest.testValidateNavigateToAccessibleTravelServices()]]>
              </value>
            </param>
          </params>
          <reporter-output>
          </reporter-output>
        </test-method> <!-- startExtent -->
        <test-method is-config="true" signature="getInit()[pri:0, instance:testHome.HomePageTest@865dd6]" started-at="2020-09-04T02:22:14 EDT" name="getInit" finished-at="2020-09-04T02:22:14 EDT" duration-ms="46" status="PASS">
          <reporter-output>
          </reporter-output>
        </test-method> <!-- getInit -->
        <test-method signature="testValidateNavigateToAccessibleTravelServices()[pri:0, instance:testHome.HomePageTest@865dd6]" started-at="2020-09-04T02:22:14 EDT" name="testValidateNavigateToAccessibleTravelServices" finished-at="2020-09-04T02:22:19 EDT" duration-ms="4602" status="PASS">
          <reporter-output>
          </reporter-output>
        </test-method> <!-- testValidateNavigateToAccessibleTravelServices -->
        <test-method is-config="true" signature="afterEachTestMethod(org.testng.ITestResult)[pri:0, instance:testHome.HomePageTest@865dd6]" started-at="2020-09-04T02:22:19 EDT" name="afterEachTestMethod" finished-at="2020-09-04T02:22:20 EDT" duration-ms="1915" status="PASS">
          <params>
            <param index="0">
              <value>
                <![CDATA[[TestResult name=testValidateNavigateToAccessibleTravelServices status=SUCCESS method=HomePageTest.testValidateNavigateToAccessibleTravelServices()[pri:0, instance:testHome.HomePageTest@865dd6] output={null}]]]>
              </value>
            </param>
          </params>
          <reporter-output>
          </reporter-output>
        </test-method> <!-- afterEachTestMethod -->
        <test-method is-config="true" signature="cleanUp()[pri:0, instance:testHome.HomePageTest@865dd6]" started-at="2020-09-04T02:22:20 EDT" name="cleanUp" finished-at="2020-09-04T02:22:20 EDT" duration-ms="1" status="PASS">
          <reporter-output>
          </reporter-output>
        </test-method> <!-- cleanUp -->
        <test-method is-config="true" signature="setUp(boolean, java.lang.String, java.lang.String, java.lang.String, java.lang.String, java.lang.String, java.lang.String)[pri:0, instance:testHome.HomePageTest@865dd6]" started-at="2020-09-04T02:22:20 EDT" name="setUp" finished-at="2020-09-04T02:22:27 EDT" duration-ms="6473" status="PASS">
          <params>
            <param index="0">
              <value>
                <![CDATA[false]]>
              </value>
            </param>
            <param index="1">
              <value>
                <![CDATA[browserstack]]>
              </value>
            </param>
            <param index="2">
              <value>
                <![CDATA[Windows]]>
              </value>
            </param>
            <param index="3">
              <value>
                <![CDATA[10]]>
              </value>
            </param>
            <param index="4">
              <value>
                <![CDATA[chrome-options]]>
              </value>
            </param>
            <param index="5">
              <value>
                <![CDATA[85.0]]>
              </value>
            </param>
            <param index="6">
              <value>
                <![CDATA[https://www.delta.com/]]>
              </value>
            </param>
          </params>
          <reporter-output>
          </reporter-output>
        </test-method> <!-- setUp -->
        <test-method is-config="true" signature="getInit()[pri:0, instance:testHome.HomePageTest@865dd6]" started-at="2020-09-04T02:22:27 EDT" name="getInit" finished-at="2020-09-04T02:22:27 EDT" duration-ms="2" status="PASS">
          <reporter-output>
          </reporter-output>
        </test-method> <!-- getInit -->
        <test-method is-config="true" signature="startExtent(java.lang.reflect.Method)[pri:0, instance:testHome.HomePageTest@865dd6]" started-at="2020-09-04T02:22:27 EDT" name="startExtent" finished-at="2020-09-04T02:22:27 EDT" duration-ms="0" status="PASS">
          <params>
            <param index="0">
              <value>
                <![CDATA[public void testHome.HomePageTest.testValidateNavigateToSpecialCircumstances()]]>
              </value>
            </param>
          </params>
          <reporter-output>
          </reporter-output>
        </test-method> <!-- startExtent -->
        <test-method signature="testValidateNavigateToSpecialCircumstances()[pri:0, instance:testHome.HomePageTest@865dd6]" started-at="2020-09-04T02:22:27 EDT" name="testValidateNavigateToSpecialCircumstances" finished-at="2020-09-04T02:22:32 EDT" duration-ms="5483" status="PASS">
          <reporter-output>
          </reporter-output>
        </test-method> <!-- testValidateNavigateToSpecialCircumstances -->
        <test-method is-config="true" signature="afterEachTestMethod(org.testng.ITestResult)[pri:0, instance:testHome.HomePageTest@865dd6]" started-at="2020-09-04T02:22:32 EDT" name="afterEachTestMethod" finished-at="2020-09-04T02:22:33 EDT" duration-ms="980" status="PASS">
          <params>
            <param index="0">
              <value>
                <![CDATA[[TestResult name=testValidateNavigateToSpecialCircumstances status=SUCCESS method=HomePageTest.testValidateNavigateToSpecialCircumstances()[pri:0, instance:testHome.HomePageTest@865dd6] output={null}]]]>
              </value>
            </param>
          </params>
          <reporter-output>
          </reporter-output>
        </test-method> <!-- afterEachTestMethod -->
        <test-method is-config="true" signature="cleanUp()[pri:0, instance:testHome.HomePageTest@865dd6]" started-at="2020-09-04T02:22:33 EDT" name="cleanUp" finished-at="2020-09-04T02:22:33 EDT" duration-ms="1" status="PASS">
          <reporter-output>
          </reporter-output>
        </test-method> <!-- cleanUp -->
        <test-method is-config="true" signature="generateReport()[pri:0, instance:testHome.HomePageTest@865dd6]" started-at="2020-09-04T02:22:33 EDT" name="generateReport" finished-at="2020-09-04T02:22:33 EDT" duration-ms="40" status="PASS">
          <reporter-output>
          </reporter-output>
        </test-method> <!-- generateReport -->
      </class> <!-- testHome.HomePageTest -->
    </test> <!-- Delta Home -->
  </suite> <!-- Delta Automation Test -->
</testng-results>
