<?xml version="1.0" encoding="UTF-8"?>
<testng-results ignored="1" total="2" passed="1" failed="0" skipped="0">
  <reporter-output>
    <line>
      <![CDATA[Extent Report DirectoryC:\Users\Waqas\IdeaProjects\WebAutomationFramework_Team1\Delta\target\surefire-reports\html]]>
    </line>
  </reporter-output>
  <suite started-at="2020-09-05T21:35:33 EDT" name="Delta Automation Test" finished-at="2020-09-05T21:36:01 EDT" duration-ms="28195">
    <groups>
    </groups>
    <test started-at="2020-09-05T21:35:33 EDT" name="Delta Home" finished-at="2020-09-05T21:36:01 EDT" duration-ms="28195">
      <class name="home.HomePageTest">
        <test-method is-config="true" signature="extentSetup(org.testng.ITestContext)[pri:0, instance:home.HomePageTest@62e7f11d]" started-at="2020-09-05T21:35:32 EDT" name="extentSetup" finished-at="2020-09-05T21:35:33 EDT" duration-ms="260" status="PASS">
          <params>
            <param index="0">
              <value>
                <![CDATA[org.testng.TestRunner@4a5905d9]]>
              </value>
            </param>
          </params>
          <reporter-output>
            <line>
              <![CDATA[Extent Report DirectoryC:\Users\Waqas\IdeaProjects\WebAutomationFramework_Team1\Delta\target\surefire-reports\html]]>
            </line>
          </reporter-output>
        </test-method> <!-- extentSetup -->
        <test-method is-config="true" signature="setUp(boolean, java.lang.String, java.lang.String, java.lang.String, java.lang.String, java.lang.String, java.lang.String)[pri:0, instance:home.HomePageTest@62e7f11d]" started-at="2020-09-05T21:35:33 EDT" name="setUp" finished-at="2020-09-05T21:35:39 EDT" duration-ms="5950" status="PASS">
          <params>
            <param index="0">
              <value>
                <![CDATA[false]]>
              </value>
            </param>
            <param index="1">
              <value>
                <![CDATA[saucelab]]>
              </value>
            </param>
            <param index="2">
              <value>
                <![CDATA[Windows]]>
              </value>
            </param>
            <param index="3">
              <value>
                <![CDATA[10]]>
              </value>
            </param>
            <param index="4">
              <value>
                <![CDATA[chrome-options]]>
              </value>
            </param>
            <param index="5">
              <value>
                <![CDATA[85.0]]>
              </value>
            </param>
            <param index="6">
              <value>
                <![CDATA[https://www.delta.com/]]>
              </value>
            </param>
          </params>
          <reporter-output>
          </reporter-output>
        </test-method> <!-- setUp -->
        <test-method is-config="true" signature="startExtent(java.lang.reflect.Method)[pri:0, instance:home.HomePageTest@62e7f11d]" started-at="2020-09-05T21:35:39 EDT" name="startExtent" finished-at="2020-09-05T21:35:39 EDT" duration-ms="5" status="PASS">
          <params>
            <param index="0">
              <value>
                <![CDATA[public void home.HomePageTest.testFlightStatus()]]>
              </value>
            </param>
          </params>
          <reporter-output>
          </reporter-output>
        </test-method> <!-- startExtent -->
        <test-method is-config="true" signature="getInit()[pri:0, instance:home.HomePageTest@62e7f11d]" started-at="2020-09-05T21:35:39 EDT" name="getInit" finished-at="2020-09-05T21:35:39 EDT" duration-ms="28" status="PASS">
          <reporter-output>
          </reporter-output>
        </test-method> <!-- getInit -->
        <test-method signature="testFlightStatus()[pri:0, instance:home.HomePageTest@62e7f11d]" started-at="2020-09-05T21:35:39 EDT" name="testFlightStatus" finished-at="2020-09-05T21:36:00 EDT" duration-ms="21164" status="PASS">
          <reporter-output>
          </reporter-output>
        </test-method> <!-- testFlightStatus -->
        <test-method is-config="true" signature="afterEachTestMethod(org.testng.ITestResult)[pri:0, instance:home.HomePageTest@62e7f11d]" started-at="2020-09-05T21:36:00 EDT" name="afterEachTestMethod" finished-at="2020-09-05T21:36:01 EDT" duration-ms="1012" status="PASS">
          <params>
            <param index="0">
              <value>
                <![CDATA[[TestResult name=testFlightStatus status=SUCCESS method=HomePageTest.testFlightStatus()[pri:0, instance:home.HomePageTest@62e7f11d] output={null}]]]>
              </value>
            </param>
          </params>
          <reporter-output>
          </reporter-output>
        </test-method> <!-- afterEachTestMethod -->
        <test-method is-config="true" signature="cleanUp()[pri:0, instance:home.HomePageTest@62e7f11d]" started-at="2020-09-05T21:36:01 EDT" name="cleanUp" finished-at="2020-09-05T21:36:01 EDT" duration-ms="0" status="PASS">
          <reporter-output>
          </reporter-output>
        </test-method> <!-- cleanUp -->
        <test-method is-config="true" signature="generateReport()[pri:0, instance:home.HomePageTest@62e7f11d]" started-at="2020-09-05T21:36:01 EDT" name="generateReport" finished-at="2020-09-05T21:36:02 EDT" duration-ms="704" status="PASS">
          <reporter-output>
          </reporter-output>
        </test-method> <!-- generateReport -->
      </class> <!-- home.HomePageTest -->
    </test> <!-- Delta Home -->
  </suite> <!-- Delta Automation Test -->
</testng-results>
