<?xml version="1.0" encoding="UTF-8"?>
<testng-results ignored="0" total="1" passed="1" failed="0" skipped="0">
  <reporter-output>
    <line>
      <![CDATA[Extent Report DirectoryC:\Users\Waqas\IdeaProjects\WebAutomationFramework_Team1\Delta\target\surefire-reports\html]]>
    </line>
  </reporter-output>
  <suite started-at="2020-09-04T22:46:44 EDT" name="Delta Automation Test" finished-at="2020-09-04T22:47:00 EDT" duration-ms="16424">
    <groups>
    </groups>
    <test started-at="2020-09-04T22:46:44 EDT" name="Delta Home" finished-at="2020-09-04T22:47:00 EDT" duration-ms="16424">
      <class name="search.SearchTest">
        <test-method is-config="true" signature="extentSetup(org.testng.ITestContext)[pri:0, instance:search.SearchTest@770d3326]" started-at="2020-09-04T22:46:44 EDT" name="extentSetup" finished-at="2020-09-04T22:46:44 EDT" duration-ms="232" status="PASS">
          <params>
            <param index="0">
              <value>
                <![CDATA[org.testng.TestRunner@b8e246c]]>
              </value>
            </param>
          </params>
          <reporter-output>
            <line>
              <![CDATA[Extent Report DirectoryC:\Users\Waqas\IdeaProjects\WebAutomationFramework_Team1\Delta\target\surefire-reports\html]]>
            </line>
          </reporter-output>
        </test-method> <!-- extentSetup -->
        <test-method is-config="true" signature="setUp(boolean, java.lang.String, java.lang.String, java.lang.String, java.lang.String, java.lang.String, java.lang.String)[pri:0, instance:search.SearchTest@770d3326]" started-at="2020-09-04T22:46:44 EDT" name="setUp" finished-at="2020-09-04T22:46:50 EDT" duration-ms="5727" status="PASS">
          <params>
            <param index="0">
              <value>
                <![CDATA[false]]>
              </value>
            </param>
            <param index="1">
              <value>
                <![CDATA[browserstack]]>
              </value>
            </param>
            <param index="2">
              <value>
                <![CDATA[Windows]]>
              </value>
            </param>
            <param index="3">
              <value>
                <![CDATA[10]]>
              </value>
            </param>
            <param index="4">
              <value>
                <![CDATA[chrome-options]]>
              </value>
            </param>
            <param index="5">
              <value>
                <![CDATA[85.0]]>
              </value>
            </param>
            <param index="6">
              <value>
                <![CDATA[https://www.delta.com/]]>
              </value>
            </param>
          </params>
          <reporter-output>
          </reporter-output>
        </test-method> <!-- setUp -->
        <test-method is-config="true" signature="startExtent(java.lang.reflect.Method)[pri:0, instance:search.SearchTest@770d3326]" started-at="2020-09-04T22:46:50 EDT" name="startExtent" finished-at="2020-09-04T22:46:50 EDT" duration-ms="4" status="PASS">
          <params>
            <param index="0">
              <value>
                <![CDATA[public void search.SearchTest.testSearchBox() throws java.lang.InterruptedException]]>
              </value>
            </param>
          </params>
          <reporter-output>
          </reporter-output>
        </test-method> <!-- startExtent -->
        <test-method is-config="true" signature="getInit()[pri:0, instance:search.SearchTest@770d3326]" started-at="2020-09-04T22:46:50 EDT" name="getInit" finished-at="2020-09-04T22:46:50 EDT" duration-ms="29" status="PASS">
          <reporter-output>
          </reporter-output>
        </test-method> <!-- getInit -->
        <test-method signature="testSearchBox()[pri:0, instance:search.SearchTest@770d3326]" started-at="2020-09-04T22:46:50 EDT" name="testSearchBox" finished-at="2020-09-04T22:46:58 EDT" duration-ms="8262" status="PASS">
          <reporter-output>
          </reporter-output>
        </test-method> <!-- testSearchBox -->
        <test-method is-config="true" signature="afterEachTestMethod(org.testng.ITestResult)[pri:0, instance:search.SearchTest@770d3326]" started-at="2020-09-04T22:46:58 EDT" name="afterEachTestMethod" finished-at="2020-09-04T22:47:00 EDT" duration-ms="2375" status="PASS">
          <params>
            <param index="0">
              <value>
                <![CDATA[[TestResult name=testSearchBox status=SUCCESS method=SearchTest.testSearchBox()[pri:0, instance:search.SearchTest@770d3326] output={null}]]]>
              </value>
            </param>
          </params>
          <reporter-output>
          </reporter-output>
        </test-method> <!-- afterEachTestMethod -->
        <test-method is-config="true" signature="cleanUp()[pri:0, instance:search.SearchTest@770d3326]" started-at="2020-09-04T22:47:00 EDT" name="cleanUp" finished-at="2020-09-04T22:47:00 EDT" duration-ms="0" status="PASS">
          <reporter-output>
          </reporter-output>
        </test-method> <!-- cleanUp -->
        <test-method is-config="true" signature="generateReport()[pri:0, instance:search.SearchTest@770d3326]" started-at="2020-09-04T22:47:00 EDT" name="generateReport" finished-at="2020-09-04T22:47:00 EDT" duration-ms="111" status="PASS">
          <reporter-output>
          </reporter-output>
        </test-method> <!-- generateReport -->
      </class> <!-- search.SearchTest -->
    </test> <!-- Delta Home -->
  </suite> <!-- Delta Automation Test -->
</testng-results>
