<?xml version="1.0" encoding="UTF-8"?>
<testng-results ignored="0" total="7" passed="6" failed="1" skipped="0">
  <reporter-output>
    <line>
      <![CDATA[Extent Report Directory/Users/ramdaneameur/IdeaProjects/WebAutomationFramework_Team1/Delta/target/surefire-reports/html]]>
    </line>
    <line>
      <![CDATA[HomePageRamTest: test Search Box Check]]>
    </line>
    <line>
      <![CDATA[HomePageRamTest: test Search Box Check Get Items List From DB]]>
    </line>
    <line>
      <![CDATA[HomePageRamTest: test Search Box Check Using Class Values]]>
    </line>
  </reporter-output>
  <suite started-at="2020-09-26T14:10:04 EDT" name="Delta Automation Test" finished-at="2020-09-26T14:10:58 EDT" duration-ms="53367">
    <groups>
    </groups>
    <test started-at="2020-09-26T14:10:04 EDT" name="Delta" finished-at="2020-09-26T14:10:58 EDT" duration-ms="53367">
      <class name="homeTest.HomePageRamTest">
        <test-method is-config="true" signature="extentSetup(org.testng.ITestContext)[pri:0, instance:homeTest.HomePageRamTest@2d9d4f9d]" started-at="2020-09-26T14:10:04 EDT" name="extentSetup" finished-at="2020-09-26T14:10:04 EDT" duration-ms="139" status="PASS">
          <params>
            <param index="0">
              <value>
                <![CDATA[org.testng.TestRunner@2de50ee4]]>
              </value>
            </param>
          </params>
          <reporter-output>
            <line>
              <![CDATA[Extent Report Directory/Users/ramdaneameur/IdeaProjects/WebAutomationFramework_Team1/Delta/target/surefire-reports/html]]>
            </line>
          </reporter-output>
        </test-method> <!-- extentSetup -->
        <test-method is-config="true" signature="setUp(boolean, java.lang.String, java.lang.String, java.lang.String, java.lang.String, java.lang.String, java.lang.String)[pri:0, instance:homeTest.HomePageRamTest@2d9d4f9d]" started-at="2020-09-26T14:10:04 EDT" name="setUp" finished-at="2020-09-26T14:10:09 EDT" duration-ms="4234" status="PASS">
          <params>
            <param index="0">
              <value>
                <![CDATA[false]]>
              </value>
            </param>
            <param index="1">
              <value>
                <![CDATA[browserstack]]>
              </value>
            </param>
            <param index="2">
              <value>
                <![CDATA[OS X]]>
              </value>
            </param>
            <param index="3">
              <value>
                <![CDATA[catalina]]>
              </value>
            </param>
            <param index="4">
              <value>
                <![CDATA[chrome-options]]>
              </value>
            </param>
            <param index="5">
              <value>
                <![CDATA[85]]>
              </value>
            </param>
            <param index="6">
              <value>
                <![CDATA[https://www.delta.com/ca/en]]>
              </value>
            </param>
          </params>
          <reporter-output>
          </reporter-output>
        </test-method> <!-- setUp -->
        <test-method is-config="true" signature="startExtent(java.lang.reflect.Method)[pri:0, instance:homeTest.HomePageRamTest@2d9d4f9d]" started-at="2020-09-26T14:10:09 EDT" name="startExtent" finished-at="2020-09-26T14:10:09 EDT" duration-ms="3" status="PASS">
          <params>
            <param index="0">
              <value>
                <![CDATA[public void homeTest.HomePageRamTest.testCheckBooking()]]>
              </value>
            </param>
          </params>
          <reporter-output>
          </reporter-output>
        </test-method> <!-- startExtent -->
        <test-method is-config="true" signature="getInit()[pri:0, instance:homeTest.HomePageRamTest@2d9d4f9d]" started-at="2020-09-26T14:10:09 EDT" name="getInit" finished-at="2020-09-26T14:10:09 EDT" duration-ms="140" status="PASS">
          <reporter-output>
          </reporter-output>
        </test-method> <!-- getInit -->
        <test-method signature="testCheckBooking()[pri:0, instance:homeTest.HomePageRamTest@2d9d4f9d]" started-at="2020-09-26T14:10:09 EDT" name="testCheckBooking" finished-at="2020-09-26T14:10:09 EDT" duration-ms="300" status="PASS">
          <reporter-output>
          </reporter-output>
        </test-method> <!-- testCheckBooking -->
        <test-method is-config="true" signature="afterEachTestMethod(org.testng.ITestResult)[pri:0, instance:homeTest.HomePageRamTest@2d9d4f9d]" started-at="2020-09-26T14:10:09 EDT" name="afterEachTestMethod" finished-at="2020-09-26T14:10:09 EDT" duration-ms="286" status="PASS">
          <params>
            <param index="0">
              <value>
                <![CDATA[[TestResult name=testCheckBooking status=SUCCESS method=HomePageRamTest.testCheckBooking()[pri:0, instance:homeTest.HomePageRamTest@2d9d4f9d] output={null}]]]>
              </value>
            </param>
          </params>
          <reporter-output>
          </reporter-output>
        </test-method> <!-- afterEachTestMethod -->
        <test-method is-config="true" signature="cleanUp()[pri:0, instance:homeTest.HomePageRamTest@2d9d4f9d]" started-at="2020-09-26T14:10:09 EDT" name="cleanUp" finished-at="2020-09-26T14:10:09 EDT" duration-ms="0" status="PASS">
          <reporter-output>
          </reporter-output>
        </test-method> <!-- cleanUp -->
        <test-method is-config="true" signature="setUp(boolean, java.lang.String, java.lang.String, java.lang.String, java.lang.String, java.lang.String, java.lang.String)[pri:0, instance:homeTest.HomePageRamTest@2d9d4f9d]" started-at="2020-09-26T14:10:09 EDT" name="setUp" finished-at="2020-09-26T14:10:13 EDT" duration-ms="3262" status="PASS">
          <params>
            <param index="0">
              <value>
                <![CDATA[false]]>
              </value>
            </param>
            <param index="1">
              <value>
                <![CDATA[browserstack]]>
              </value>
            </param>
            <param index="2">
              <value>
                <![CDATA[OS X]]>
              </value>
            </param>
            <param index="3">
              <value>
                <![CDATA[catalina]]>
              </value>
            </param>
            <param index="4">
              <value>
                <![CDATA[chrome-options]]>
              </value>
            </param>
            <param index="5">
              <value>
                <![CDATA[85]]>
              </value>
            </param>
            <param index="6">
              <value>
                <![CDATA[https://www.delta.com/ca/en]]>
              </value>
            </param>
          </params>
          <reporter-output>
          </reporter-output>
        </test-method> <!-- setUp -->
        <test-method is-config="true" signature="startExtent(java.lang.reflect.Method)[pri:0, instance:homeTest.HomePageRamTest@2d9d4f9d]" started-at="2020-09-26T14:10:13 EDT" name="startExtent" finished-at="2020-09-26T14:10:13 EDT" duration-ms="1" status="PASS">
          <params>
            <param index="0">
              <value>
                <![CDATA[public void homeTest.HomePageRamTest.testCheckCheckIn()]]>
              </value>
            </param>
          </params>
          <reporter-output>
          </reporter-output>
        </test-method> <!-- startExtent -->
        <test-method is-config="true" signature="getInit()[pri:0, instance:homeTest.HomePageRamTest@2d9d4f9d]" started-at="2020-09-26T14:10:13 EDT" name="getInit" finished-at="2020-09-26T14:10:13 EDT" duration-ms="124" status="PASS">
          <reporter-output>
          </reporter-output>
        </test-method> <!-- getInit -->
        <test-method signature="testCheckCheckIn()[pri:0, instance:homeTest.HomePageRamTest@2d9d4f9d]" started-at="2020-09-26T14:10:13 EDT" name="testCheckCheckIn" finished-at="2020-09-26T14:10:13 EDT" duration-ms="312" status="PASS">
          <reporter-output>
          </reporter-output>
        </test-method> <!-- testCheckCheckIn -->
        <test-method is-config="true" signature="afterEachTestMethod(org.testng.ITestResult)[pri:0, instance:homeTest.HomePageRamTest@2d9d4f9d]" started-at="2020-09-26T14:10:13 EDT" name="afterEachTestMethod" finished-at="2020-09-26T14:10:13 EDT" duration-ms="126" status="PASS">
          <params>
            <param index="0">
              <value>
                <![CDATA[[TestResult name=testCheckCheckIn status=SUCCESS method=HomePageRamTest.testCheckCheckIn()[pri:0, instance:homeTest.HomePageRamTest@2d9d4f9d] output={null}]]]>
              </value>
            </param>
          </params>
          <reporter-output>
          </reporter-output>
        </test-method> <!-- afterEachTestMethod -->
        <test-method is-config="true" signature="cleanUp()[pri:0, instance:homeTest.HomePageRamTest@2d9d4f9d]" started-at="2020-09-26T14:10:13 EDT" name="cleanUp" finished-at="2020-09-26T14:10:13 EDT" duration-ms="0" status="PASS">
          <reporter-output>
          </reporter-output>
        </test-method> <!-- cleanUp -->
        <test-method is-config="true" signature="setUp(boolean, java.lang.String, java.lang.String, java.lang.String, java.lang.String, java.lang.String, java.lang.String)[pri:0, instance:homeTest.HomePageRamTest@2d9d4f9d]" started-at="2020-09-26T14:10:13 EDT" name="setUp" finished-at="2020-09-26T14:10:16 EDT" duration-ms="3307" status="PASS">
          <params>
            <param index="0">
              <value>
                <![CDATA[false]]>
              </value>
            </param>
            <param index="1">
              <value>
                <![CDATA[browserstack]]>
              </value>
            </param>
            <param index="2">
              <value>
                <![CDATA[OS X]]>
              </value>
            </param>
            <param index="3">
              <value>
                <![CDATA[catalina]]>
              </value>
            </param>
            <param index="4">
              <value>
                <![CDATA[chrome-options]]>
              </value>
            </param>
            <param index="5">
              <value>
                <![CDATA[85]]>
              </value>
            </param>
            <param index="6">
              <value>
                <![CDATA[https://www.delta.com/ca/en]]>
              </value>
            </param>
          </params>
          <reporter-output>
          </reporter-output>
        </test-method> <!-- setUp -->
        <test-method is-config="true" signature="startExtent(java.lang.reflect.Method)[pri:0, instance:homeTest.HomePageRamTest@2d9d4f9d]" started-at="2020-09-26T14:10:16 EDT" name="startExtent" finished-at="2020-09-26T14:10:16 EDT" duration-ms="0" status="PASS">
          <params>
            <param index="0">
              <value>
                <![CDATA[public void homeTest.HomePageRamTest.testCheckFlightStatus()]]>
              </value>
            </param>
          </params>
          <reporter-output>
          </reporter-output>
        </test-method> <!-- startExtent -->
        <test-method is-config="true" signature="getInit()[pri:0, instance:homeTest.HomePageRamTest@2d9d4f9d]" started-at="2020-09-26T14:10:16 EDT" name="getInit" finished-at="2020-09-26T14:10:17 EDT" duration-ms="180" status="PASS">
          <reporter-output>
          </reporter-output>
        </test-method> <!-- getInit -->
        <test-method signature="testCheckFlightStatus()[pri:0, instance:homeTest.HomePageRamTest@2d9d4f9d]" started-at="2020-09-26T14:10:17 EDT" name="testCheckFlightStatus" finished-at="2020-09-26T14:10:17 EDT" duration-ms="244" status="PASS">
          <reporter-output>
          </reporter-output>
        </test-method> <!-- testCheckFlightStatus -->
        <test-method is-config="true" signature="afterEachTestMethod(org.testng.ITestResult)[pri:0, instance:homeTest.HomePageRamTest@2d9d4f9d]" started-at="2020-09-26T14:10:17 EDT" name="afterEachTestMethod" finished-at="2020-09-26T14:10:17 EDT" duration-ms="124" status="PASS">
          <params>
            <param index="0">
              <value>
                <![CDATA[[TestResult name=testCheckFlightStatus status=SUCCESS method=HomePageRamTest.testCheckFlightStatus()[pri:0, instance:homeTest.HomePageRamTest@2d9d4f9d] output={null}]]]>
              </value>
            </param>
          </params>
          <reporter-output>
          </reporter-output>
        </test-method> <!-- afterEachTestMethod -->
        <test-method is-config="true" signature="setUp(boolean, java.lang.String, java.lang.String, java.lang.String, java.lang.String, java.lang.String, java.lang.String)[pri:0, instance:homeTest.HomePageRamTest@2d9d4f9d]" started-at="2020-09-26T14:10:17 EDT" name="setUp" finished-at="2020-09-26T14:10:20 EDT" duration-ms="3063" status="PASS">
          <params>
            <param index="0">
              <value>
                <![CDATA[false]]>
              </value>
            </param>
            <param index="1">
              <value>
                <![CDATA[browserstack]]>
              </value>
            </param>
            <param index="2">
              <value>
                <![CDATA[OS X]]>
              </value>
            </param>
            <param index="3">
              <value>
                <![CDATA[catalina]]>
              </value>
            </param>
            <param index="4">
              <value>
                <![CDATA[chrome-options]]>
              </value>
            </param>
            <param index="5">
              <value>
                <![CDATA[85]]>
              </value>
            </param>
            <param index="6">
              <value>
                <![CDATA[https://www.delta.com/ca/en]]>
              </value>
            </param>
          </params>
          <reporter-output>
          </reporter-output>
        </test-method> <!-- setUp -->
        <test-method is-config="true" signature="cleanUp()[pri:0, instance:homeTest.HomePageRamTest@2d9d4f9d]" started-at="2020-09-26T14:10:17 EDT" name="cleanUp" finished-at="2020-09-26T14:10:17 EDT" duration-ms="0" status="PASS">
          <reporter-output>
          </reporter-output>
        </test-method> <!-- cleanUp -->
        <test-method is-config="true" signature="startExtent(java.lang.reflect.Method)[pri:0, instance:homeTest.HomePageRamTest@2d9d4f9d]" started-at="2020-09-26T14:10:20 EDT" name="startExtent" finished-at="2020-09-26T14:10:20 EDT" duration-ms="1" status="PASS">
          <params>
            <param index="0">
              <value>
                <![CDATA[public void homeTest.HomePageRamTest.testCheckMyTrip()]]>
              </value>
            </param>
          </params>
          <reporter-output>
          </reporter-output>
        </test-method> <!-- startExtent -->
        <test-method is-config="true" signature="getInit()[pri:0, instance:homeTest.HomePageRamTest@2d9d4f9d]" started-at="2020-09-26T14:10:20 EDT" name="getInit" finished-at="2020-09-26T14:10:20 EDT" duration-ms="107" status="PASS">
          <reporter-output>
          </reporter-output>
        </test-method> <!-- getInit -->
        <test-method signature="testCheckMyTrip()[pri:0, instance:homeTest.HomePageRamTest@2d9d4f9d]" started-at="2020-09-26T14:10:20 EDT" name="testCheckMyTrip" finished-at="2020-09-26T14:10:20 EDT" duration-ms="214" status="PASS">
          <reporter-output>
          </reporter-output>
        </test-method> <!-- testCheckMyTrip -->
        <test-method is-config="true" signature="afterEachTestMethod(org.testng.ITestResult)[pri:0, instance:homeTest.HomePageRamTest@2d9d4f9d]" started-at="2020-09-26T14:10:20 EDT" name="afterEachTestMethod" finished-at="2020-09-26T14:10:21 EDT" duration-ms="124" status="PASS">
          <params>
            <param index="0">
              <value>
                <![CDATA[[TestResult name=testCheckMyTrip status=SUCCESS method=HomePageRamTest.testCheckMyTrip()[pri:0, instance:homeTest.HomePageRamTest@2d9d4f9d] output={null}]]]>
              </value>
            </param>
          </params>
          <reporter-output>
          </reporter-output>
        </test-method> <!-- afterEachTestMethod -->
        <test-method is-config="true" signature="setUp(boolean, java.lang.String, java.lang.String, java.lang.String, java.lang.String, java.lang.String, java.lang.String)[pri:0, instance:homeTest.HomePageRamTest@2d9d4f9d]" started-at="2020-09-26T14:10:21 EDT" name="setUp" finished-at="2020-09-26T14:10:25 EDT" duration-ms="4074" status="PASS">
          <params>
            <param index="0">
              <value>
                <![CDATA[false]]>
              </value>
            </param>
            <param index="1">
              <value>
                <![CDATA[browserstack]]>
              </value>
            </param>
            <param index="2">
              <value>
                <![CDATA[OS X]]>
              </value>
            </param>
            <param index="3">
              <value>
                <![CDATA[catalina]]>
              </value>
            </param>
            <param index="4">
              <value>
                <![CDATA[chrome-options]]>
              </value>
            </param>
            <param index="5">
              <value>
                <![CDATA[85]]>
              </value>
            </param>
            <param index="6">
              <value>
                <![CDATA[https://www.delta.com/ca/en]]>
              </value>
            </param>
          </params>
          <reporter-output>
          </reporter-output>
        </test-method> <!-- setUp -->
        <test-method is-config="true" signature="cleanUp()[pri:0, instance:homeTest.HomePageRamTest@2d9d4f9d]" started-at="2020-09-26T14:10:21 EDT" name="cleanUp" finished-at="2020-09-26T14:10:21 EDT" duration-ms="0" status="PASS">
          <reporter-output>
          </reporter-output>
        </test-method> <!-- cleanUp -->
        <test-method is-config="true" signature="startExtent(java.lang.reflect.Method)[pri:0, instance:homeTest.HomePageRamTest@2d9d4f9d]" started-at="2020-09-26T14:10:25 EDT" name="startExtent" finished-at="2020-09-26T14:10:25 EDT" duration-ms="0" status="PASS">
          <params>
            <param index="0">
              <value>
                <![CDATA[public void homeTest.HomePageRamTest.testSearchBoxCheck() throws java.lang.InterruptedException]]>
              </value>
            </param>
          </params>
          <reporter-output>
          </reporter-output>
        </test-method> <!-- startExtent -->
        <test-method is-config="true" signature="getInit()[pri:0, instance:homeTest.HomePageRamTest@2d9d4f9d]" started-at="2020-09-26T14:10:25 EDT" name="getInit" finished-at="2020-09-26T14:10:25 EDT" duration-ms="107" status="PASS">
          <reporter-output>
          </reporter-output>
        </test-method> <!-- getInit -->
        <test-method signature="testSearchBoxCheck()[pri:0, instance:homeTest.HomePageRamTest@2d9d4f9d]" started-at="2020-09-26T14:10:25 EDT" name="testSearchBoxCheck" finished-at="2020-09-26T14:10:30 EDT" duration-ms="5039" status="PASS">
          <reporter-output>
            <line>
              <![CDATA[HomePageRamTest: test Search Box Check]]>
            </line>
          </reporter-output>
        </test-method> <!-- testSearchBoxCheck -->
        <test-method is-config="true" signature="afterEachTestMethod(org.testng.ITestResult)[pri:0, instance:homeTest.HomePageRamTest@2d9d4f9d]" started-at="2020-09-26T14:10:30 EDT" name="afterEachTestMethod" finished-at="2020-09-26T14:10:30 EDT" duration-ms="131" status="PASS">
          <params>
            <param index="0">
              <value>
                <![CDATA[[TestResult name=testSearchBoxCheck status=SUCCESS method=HomePageRamTest.testSearchBoxCheck()[pri:0, instance:homeTest.HomePageRamTest@2d9d4f9d] output=HomePageRamTest: test Search Box Check]]]>
              </value>
            </param>
          </params>
          <reporter-output>
          </reporter-output>
        </test-method> <!-- afterEachTestMethod -->
        <test-method is-config="true" signature="setUp(boolean, java.lang.String, java.lang.String, java.lang.String, java.lang.String, java.lang.String, java.lang.String)[pri:0, instance:homeTest.HomePageRamTest@2d9d4f9d]" started-at="2020-09-26T14:10:30 EDT" name="setUp" finished-at="2020-09-26T14:10:34 EDT" duration-ms="3672" status="PASS">
          <params>
            <param index="0">
              <value>
                <![CDATA[false]]>
              </value>
            </param>
            <param index="1">
              <value>
                <![CDATA[browserstack]]>
              </value>
            </param>
            <param index="2">
              <value>
                <![CDATA[OS X]]>
              </value>
            </param>
            <param index="3">
              <value>
                <![CDATA[catalina]]>
              </value>
            </param>
            <param index="4">
              <value>
                <![CDATA[chrome-options]]>
              </value>
            </param>
            <param index="5">
              <value>
                <![CDATA[85]]>
              </value>
            </param>
            <param index="6">
              <value>
                <![CDATA[https://www.delta.com/ca/en]]>
              </value>
            </param>
          </params>
          <reporter-output>
          </reporter-output>
        </test-method> <!-- setUp -->
        <test-method is-config="true" signature="cleanUp()[pri:0, instance:homeTest.HomePageRamTest@2d9d4f9d]" started-at="2020-09-26T14:10:30 EDT" name="cleanUp" finished-at="2020-09-26T14:10:30 EDT" duration-ms="0" status="PASS">
          <reporter-output>
          </reporter-output>
        </test-method> <!-- cleanUp -->
        <test-method is-config="true" signature="startExtent(java.lang.reflect.Method)[pri:0, instance:homeTest.HomePageRamTest@2d9d4f9d]" started-at="2020-09-26T14:10:34 EDT" name="startExtent" finished-at="2020-09-26T14:10:34 EDT" duration-ms="1" status="PASS">
          <params>
            <param index="0">
              <value>
                <![CDATA[public void homeTest.HomePageRamTest.testSearchBoxCheckGetItemsListFromDB() throws java.lang.Exception]]>
              </value>
            </param>
          </params>
          <reporter-output>
          </reporter-output>
        </test-method> <!-- startExtent -->
        <test-method is-config="true" signature="getInit()[pri:0, instance:homeTest.HomePageRamTest@2d9d4f9d]" started-at="2020-09-26T14:10:34 EDT" name="getInit" finished-at="2020-09-26T14:10:34 EDT" duration-ms="148" status="PASS">
          <reporter-output>
          </reporter-output>
        </test-method> <!-- getInit -->
        <test-method signature="testSearchBoxCheckGetItemsListFromDB()[pri:0, instance:homeTest.HomePageRamTest@2d9d4f9d]" started-at="2020-09-26T14:10:34 EDT" name="testSearchBoxCheckGetItemsListFromDB" finished-at="2020-09-26T14:10:37 EDT" duration-ms="3118" status="FAIL">
          <exception class="java.io.FileNotFoundException">
            <message>
              <![CDATA[../Generic/src/main/secret.properties (No such file or directory)]]>
            </message>
            <full-stacktrace>
              <![CDATA[java.io.FileNotFoundException: ../Generic/src/main/secret.properties (No such file or directory)
at java.base/java.io.FileInputStream.open0(Native Method)
at java.base/java.io.FileInputStream.open(FileInputStream.java:212)
at java.base/java.io.FileInputStream.<init>(FileInputStream.java:154)
at java.base/java.io.FileInputStream.<init>(FileInputStream.java:109)
at databases.ConnectToSqlDB.loadProperties(ConnectToSqlDB.java:25)
at databases.ConnectToSqlDB.connectToSqlDatabase(ConnectToSqlDB.java:32)
at databases.ConnectToSqlDB.readDataBase(ConnectToSqlDB.java:47)
at dataSource.DataSource.getItemsListFromDB(DataSource.java:34)
at home.HomePageRam.searchBoxCheckGetItemsListFromDB(HomePageRam.java:138)
at homeTest.HomePageRamTest.testSearchBoxCheckGetItemsListFromDB(HomePageRamTest.java:70)
at java.base/jdk.internal.reflect.NativeMethodAccessorImpl.invoke0(Native Method)
at java.base/jdk.internal.reflect.NativeMethodAccessorImpl.invoke(NativeMethodAccessorImpl.java:62)
at java.base/jdk.internal.reflect.DelegatingMethodAccessorImpl.invoke(DelegatingMethodAccessorImpl.java:43)
at java.base/java.lang.reflect.Method.invoke(Method.java:564)
at org.testng.internal.MethodInvocationHelper.invokeMethod(MethodInvocationHelper.java:134)
at org.testng.internal.TestInvoker.invokeMethod(TestInvoker.java:597)
at org.testng.internal.TestInvoker.invokeTestMethod(TestInvoker.java:173)
at org.testng.internal.MethodRunner.runInSequence(MethodRunner.java:46)
at org.testng.internal.TestInvoker$MethodInvocationAgent.invoke(TestInvoker.java:816)
at org.testng.internal.TestInvoker.invokeTestMethods(TestInvoker.java:146)
at org.testng.internal.TestMethodWorker.invokeTestMethods(TestMethodWorker.java:146)
at org.testng.internal.TestMethodWorker.run(TestMethodWorker.java:128)
at java.base/java.util.ArrayList.forEach(ArrayList.java:1510)
at org.testng.TestRunner.privateRun(TestRunner.java:766)
at org.testng.TestRunner.run(TestRunner.java:587)
at org.testng.SuiteRunner.runTest(SuiteRunner.java:384)
at org.testng.SuiteRunner.runSequentially(SuiteRunner.java:378)
at org.testng.SuiteRunner.privateRun(SuiteRunner.java:337)
at org.testng.SuiteRunner.run(SuiteRunner.java:286)
at org.testng.SuiteRunnerWorker.runSuite(SuiteRunnerWorker.java:53)
at org.testng.SuiteRunnerWorker.run(SuiteRunnerWorker.java:96)
at org.testng.TestNG.runSuitesSequentially(TestNG.java:1187)
at org.testng.TestNG.runSuitesLocally(TestNG.java:1109)
at org.testng.TestNG.runSuites(TestNG.java:1039)
at org.testng.TestNG.run(TestNG.java:1007)
at org.apache.maven.surefire.testng.TestNGExecutor.run(TestNGExecutor.java:284)
at org.apache.maven.surefire.testng.TestNGXmlTestSuite.execute(TestNGXmlTestSuite.java:75)
at org.apache.maven.surefire.testng.TestNGProvider.invoke(TestNGProvider.java:119)
at org.apache.maven.surefire.booter.ForkedBooter.runSuitesInProcess(ForkedBooter.java:428)
at org.apache.maven.surefire.booter.ForkedBooter.execute(ForkedBooter.java:162)
at org.apache.maven.surefire.booter.ForkedBooter.run(ForkedBooter.java:562)
at org.apache.maven.surefire.booter.ForkedBooter.main(ForkedBooter.java:548)
]]>
            </full-stacktrace>
          </exception> <!-- java.io.FileNotFoundException -->
          <reporter-output>
            <line>
              <![CDATA[HomePageRamTest: test Search Box Check Get Items List From DB]]>
            </line>
          </reporter-output>
        </test-method> <!-- testSearchBoxCheckGetItemsListFromDB -->
        <test-method is-config="true" signature="afterEachTestMethod(org.testng.ITestResult)[pri:0, instance:homeTest.HomePageRamTest@2d9d4f9d]" started-at="2020-09-26T14:10:37 EDT" name="afterEachTestMethod" finished-at="2020-09-26T14:10:38 EDT" duration-ms="1512" status="PASS">
          <params>
            <param index="0">
              <value>
                <![CDATA[[TestResult name=testSearchBoxCheckGetItemsListFromDB status=FAILURE method=HomePageRamTest.testSearchBoxCheckGetItemsListFromDB()[pri:0, instance:homeTest.HomePageRamTest@2d9d4f9d] output=HomePageRamTest: test Search Box Check Get Items List From DB]]]>
              </value>
            </param>
          </params>
          <reporter-output>
          </reporter-output>
        </test-method> <!-- afterEachTestMethod -->
        <test-method is-config="true" signature="setUp(boolean, java.lang.String, java.lang.String, java.lang.String, java.lang.String, java.lang.String, java.lang.String)[pri:0, instance:homeTest.HomePageRamTest@2d9d4f9d]" started-at="2020-09-26T14:10:38 EDT" name="setUp" finished-at="2020-09-26T14:10:41 EDT" duration-ms="3044" status="PASS">
          <params>
            <param index="0">
              <value>
                <![CDATA[false]]>
              </value>
            </param>
            <param index="1">
              <value>
                <![CDATA[browserstack]]>
              </value>
            </param>
            <param index="2">
              <value>
                <![CDATA[OS X]]>
              </value>
            </param>
            <param index="3">
              <value>
                <![CDATA[catalina]]>
              </value>
            </param>
            <param index="4">
              <value>
                <![CDATA[chrome-options]]>
              </value>
            </param>
            <param index="5">
              <value>
                <![CDATA[85]]>
              </value>
            </param>
            <param index="6">
              <value>
                <![CDATA[https://www.delta.com/ca/en]]>
              </value>
            </param>
          </params>
          <reporter-output>
          </reporter-output>
        </test-method> <!-- setUp -->
        <test-method is-config="true" signature="cleanUp()[pri:0, instance:homeTest.HomePageRamTest@2d9d4f9d]" started-at="2020-09-26T14:10:38 EDT" name="cleanUp" finished-at="2020-09-26T14:10:38 EDT" duration-ms="0" status="PASS">
          <reporter-output>
          </reporter-output>
        </test-method> <!-- cleanUp -->
        <test-method is-config="true" signature="getInit()[pri:0, instance:homeTest.HomePageRamTest@2d9d4f9d]" started-at="2020-09-26T14:10:41 EDT" name="getInit" finished-at="2020-09-26T14:10:42 EDT" duration-ms="176" status="PASS">
          <reporter-output>
          </reporter-output>
        </test-method> <!-- getInit -->
        <test-method is-config="true" signature="startExtent(java.lang.reflect.Method)[pri:0, instance:homeTest.HomePageRamTest@2d9d4f9d]" started-at="2020-09-26T14:10:41 EDT" name="startExtent" finished-at="2020-09-26T14:10:41 EDT" duration-ms="0" status="PASS">
          <params>
            <param index="0">
              <value>
                <![CDATA[public void homeTest.HomePageRamTest.testSearchBoxCheckUsingClassValues() throws java.lang.InterruptedException]]>
              </value>
            </param>
          </params>
          <reporter-output>
          </reporter-output>
        </test-method> <!-- startExtent -->
        <test-method signature="testSearchBoxCheckUsingClassValues()[pri:0, instance:homeTest.HomePageRamTest@2d9d4f9d]" started-at="2020-09-26T14:10:42 EDT" name="testSearchBoxCheckUsingClassValues" finished-at="2020-09-26T14:10:58 EDT" duration-ms="16040" status="PASS">
          <reporter-output>
            <line>
              <![CDATA[HomePageRamTest: test Search Box Check Using Class Values]]>
            </line>
          </reporter-output>
        </test-method> <!-- testSearchBoxCheckUsingClassValues -->
        <test-method is-config="true" signature="afterEachTestMethod(org.testng.ITestResult)[pri:0, instance:homeTest.HomePageRamTest@2d9d4f9d]" started-at="2020-09-26T14:10:58 EDT" name="afterEachTestMethod" finished-at="2020-09-26T14:10:58 EDT" duration-ms="132" status="PASS">
          <params>
            <param index="0">
              <value>
                <![CDATA[[TestResult name=testSearchBoxCheckUsingClassValues status=SUCCESS method=HomePageRamTest.testSearchBoxCheckUsingClassValues()[pri:0, instance:homeTest.HomePageRamTest@2d9d4f9d] output=HomePageRamTest: test Search Box Check Using Class Values]]]>
              </value>
            </param>
          </params>
          <reporter-output>
          </reporter-output>
        </test-method> <!-- afterEachTestMethod -->
        <test-method is-config="true" signature="cleanUp()[pri:0, instance:homeTest.HomePageRamTest@2d9d4f9d]" started-at="2020-09-26T14:10:58 EDT" name="cleanUp" finished-at="2020-09-26T14:10:58 EDT" duration-ms="0" status="PASS">
          <reporter-output>
          </reporter-output>
        </test-method> <!-- cleanUp -->
        <test-method is-config="true" signature="generateReport()[pri:0, instance:homeTest.HomePageRamTest@2d9d4f9d]" started-at="2020-09-26T14:10:58 EDT" name="generateReport" finished-at="2020-09-26T14:10:58 EDT" duration-ms="16" status="PASS">
          <reporter-output>
          </reporter-output>
        </test-method> <!-- generateReport -->
      </class> <!-- homeTest.HomePageRamTest -->
    </test> <!-- Delta -->
  </suite> <!-- Delta Automation Test -->
</testng-results>
