<?xml version="1.0" encoding="UTF-8"?>
<!-- Generated by org.testng.reporters.JUnitXMLReporter -->
<testsuite ignored="2" hostname="MacBook-Pro-2.home" failures="0" tests="5" name="Bank of America Home" time="57.727" errors="0" timestamp="2020-09-25T20:43:30 EDT">
  <testcase classname="homeTest.HomeTest" name="setBusinessesInstitutionsTest" time="5.006"/>
  <testcase classname="homeTest.HomeTest" name="setPersonalButtonTest" time="10.385"/>
  <testcase classname="homeTest.HomeTest" name="setSecurityTest" time="5.235"/>
  <testcase classname="homeTest.HomeTest" name="setSmallBusinessTest" time="15.726"/>
  <testcase classname="homeTest.HomeTest" name="setWealthManagementTest" time="7.433"/>
  <testcase classname="base.CommonAPI" name="@AfterSuite generateReport" time="0.0">
    <ignored/>
  </testcase> <!-- @AfterSuite generateReport -->
  <testcase classname="base.CommonAPI" name="@BeforeSuite extentSetup" time="0.0">
    <ignored/>
  </testcase> <!-- @BeforeSuite extentSetup -->
</testsuite> <!-- Bank of America Home -->
