<?xml version="1.0" encoding="UTF-8"?>
<!-- Generated by org.testng.reporters.JUnitReportReporter -->
<testsuite hostname="DESKTOP-F15B8L7" failures="0" tests="10" name="search.SearchTest" time="59.718" errors="1" timestamp="2020-09-25T23:29:06 PDT" skipped="9">
  <testcase classname="search.SearchTest" name="setUp" time="59.716">
    <error message="session not created
from disconnected: unable to connect to renderer
  (Session info: chrome=85.0.4183.121)
Build info: version: &#039;3.141.59&#039;, revision: &#039;e82be7d358&#039;, time: &#039;2018-11-14T08:17:03&#039;
System info: host: &#039;DESKTOP-F15B8L7&#039;, ip: &#039;169.254.252.52&#039;, os.name: &#039;Windows 10&#039;, os.arch: &#039;amd64&#039;, os.version: &#039;10.0&#039;, java.version: &#039;11.0.5&#039;
Driver info: driver.version: ChromeDriver
remote stacktrace: Backtrace:
	Ordinal0 [0x00A287E3+2852835]
	Ordinal0 [0x00915BB1+1727409]
	Ordinal0 [0x007EE4B9+517305]
	Ordinal0 [0x007E4EA3+478883]
	Ordinal0 [0x007EF300+520960]
	Ordinal0 [0x0079E489+189577]
	Ordinal0 [0x0079D7FD+186365]
	Ordinal0 [0x0079B70B+177931]
	Ordinal0 [0x00782584+75140]
	Ordinal0 [0x00783650+79440]
	Ordinal0 [0x007835E9+79337]
	Ordinal0 [0x0092AD5C+1813852]
	GetHandleVerifier [0x00B4C616+1075574]
	GetHandleVerifier [0x00B4C367+1074887]
	GetHandleVerifier [0x00B57497+1120247]
	GetHandleVerifier [0x00B4CC16+1077110]
	Ordinal0 [0x00923206+1782278]
	Ordinal0 [0x0092C3BB+1819579]
	Ordinal0 [0x0092C523+1819939]
	Ordinal0 [0x00942B45+1911621]
	BaseThreadInitThunk [0x75C66359+25]
	RtlGetAppContainerNamedObjectPath [0x77077C24+228]
	RtlGetAppContainerNamedObjectPath [0x77077BF4+180]
" type="org.openqa.selenium.SessionNotCreatedException">
      <![CDATA[org.openqa.selenium.SessionNotCreatedException: session not created
from disconnected: unable to connect to renderer
  (Session info: chrome=85.0.4183.121)
Build info: version: '3.141.59', revision: 'e82be7d358', time: '2018-11-14T08:17:03'
System info: host: 'DESKTOP-F15B8L7', ip: '169.254.252.52', os.name: 'Windows 10', os.arch: 'amd64', os.version: '10.0', java.version: '11.0.5'
Driver info: driver.version: ChromeDriver
remote stacktrace: Backtrace:
Ordinal0 [0x00A287E3+2852835]
Ordinal0 [0x00915BB1+1727409]
Ordinal0 [0x007EE4B9+517305]
Ordinal0 [0x007E4EA3+478883]
Ordinal0 [0x007EF300+520960]
Ordinal0 [0x0079E489+189577]
Ordinal0 [0x0079D7FD+186365]
Ordinal0 [0x0079B70B+177931]
Ordinal0 [0x00782584+75140]
Ordinal0 [0x00783650+79440]
Ordinal0 [0x007835E9+79337]
Ordinal0 [0x0092AD5C+1813852]
GetHandleVerifier [0x00B4C616+1075574]
GetHandleVerifier [0x00B4C367+1074887]
GetHandleVerifier [0x00B57497+1120247]
GetHandleVerifier [0x00B4CC16+1077110]
Ordinal0 [0x00923206+1782278]
Ordinal0 [0x0092C3BB+1819579]
Ordinal0 [0x0092C523+1819939]
Ordinal0 [0x00942B45+1911621]
BaseThreadInitThunk [0x75C66359+25]
RtlGetAppContainerNamedObjectPath [0x77077C24+228]
RtlGetAppContainerNamedObjectPath [0x77077BF4+180]

at java.base/jdk.internal.reflect.NativeConstructorAccessorImpl.newInstance0(Native Method)
at java.base/jdk.internal.reflect.NativeConstructorAccessorImpl.newInstance(NativeConstructorAccessorImpl.java:62)
at java.base/jdk.internal.reflect.DelegatingConstructorAccessorImpl.newInstance(DelegatingConstructorAccessorImpl.java:45)
at java.base/java.lang.reflect.Constructor.newInstance(Constructor.java:490)
at org.openqa.selenium.remote.W3CHandshakeResponse.lambda$errorHandler$0(W3CHandshakeResponse.java:62)
at org.openqa.selenium.remote.HandshakeResponse.lambda$getResponseFunction$0(HandshakeResponse.java:30)
at org.openqa.selenium.remote.ProtocolHandshake.lambda$createSession$0(ProtocolHandshake.java:126)
at java.base/java.util.stream.ReferencePipeline$3$1.accept(ReferencePipeline.java:195)
at java.base/java.util.Spliterators$ArraySpliterator.tryAdvance(Spliterators.java:958)
at java.base/java.util.stream.ReferencePipeline.forEachWithCancel(ReferencePipeline.java:127)
at java.base/java.util.stream.AbstractPipeline.copyIntoWithCancel(AbstractPipeline.java:502)
at java.base/java.util.stream.AbstractPipeline.copyInto(AbstractPipeline.java:488)
at java.base/java.util.stream.AbstractPipeline.wrapAndCopyInto(AbstractPipeline.java:474)
at java.base/java.util.stream.FindOps$FindOp.evaluateSequential(FindOps.java:150)
at java.base/java.util.stream.AbstractPipeline.evaluate(AbstractPipeline.java:234)
at java.base/java.util.stream.ReferencePipeline.findFirst(ReferencePipeline.java:543)
at org.openqa.selenium.remote.ProtocolHandshake.createSession(ProtocolHandshake.java:128)
at org.openqa.selenium.remote.ProtocolHandshake.createSession(ProtocolHandshake.java:74)
at org.openqa.selenium.remote.HttpCommandExecutor.execute(HttpCommandExecutor.java:136)
at org.openqa.selenium.remote.service.DriverCommandExecutor.execute(DriverCommandExecutor.java:83)
at org.openqa.selenium.remote.RemoteWebDriver.execute(RemoteWebDriver.java:552)
at org.openqa.selenium.remote.RemoteWebDriver.startSession(RemoteWebDriver.java:213)
at org.openqa.selenium.remote.RemoteWebDriver.<init>(RemoteWebDriver.java:131)
at org.openqa.selenium.chrome.ChromeDriver.<init>(ChromeDriver.java:181)
at org.openqa.selenium.chrome.ChromeDriver.<init>(ChromeDriver.java:168)
at org.openqa.selenium.chrome.ChromeDriver.<init>(ChromeDriver.java:157)
at base.CommonAPI.getLocalDriver(CommonAPI.java:168)
at base.CommonAPI.setUp(CommonAPI.java:144)
at jdk.internal.reflect.GeneratedMethodAccessor27.invoke(Unknown Source)
at java.base/jdk.internal.reflect.DelegatingMethodAccessorImpl.invoke(DelegatingMethodAccessorImpl.java:43)
at java.base/java.lang.reflect.Method.invoke(Method.java:566)
at org.testng.internal.MethodInvocationHelper.invokeMethod(MethodInvocationHelper.java:134)
at org.testng.internal.MethodInvocationHelper.invokeMethodConsideringTimeout(MethodInvocationHelper.java:63)
at org.testng.internal.ConfigInvoker.invokeConfigurationMethod(ConfigInvoker.java:348)
at org.testng.internal.ConfigInvoker.invokeConfigurations(ConfigInvoker.java:302)
at org.testng.internal.TestInvoker.runConfigMethods(TestInvoker.java:695)
at org.testng.internal.TestInvoker.invokeMethod(TestInvoker.java:523)
at org.testng.internal.TestInvoker.invokeTestMethod(TestInvoker.java:173)
at org.testng.internal.MethodRunner.runInSequence(MethodRunner.java:46)
at org.testng.internal.TestInvoker$MethodInvocationAgent.invoke(TestInvoker.java:816)
at org.testng.internal.TestInvoker.invokeTestMethods(TestInvoker.java:146)
at org.testng.internal.TestMethodWorker.invokeTestMethods(TestMethodWorker.java:146)
at org.testng.internal.TestMethodWorker.run(TestMethodWorker.java:128)
at java.base/java.util.ArrayList.forEach(ArrayList.java:1540)
at org.testng.TestRunner.privateRun(TestRunner.java:766)
at org.testng.TestRunner.run(TestRunner.java:587)
at org.testng.SuiteRunner.runTest(SuiteRunner.java:384)
at org.testng.SuiteRunner.runSequentially(SuiteRunner.java:378)
at org.testng.SuiteRunner.privateRun(SuiteRunner.java:337)
at org.testng.SuiteRunner.run(SuiteRunner.java:286)
at org.testng.SuiteRunnerWorker.runSuite(SuiteRunnerWorker.java:53)
at org.testng.SuiteRunnerWorker.run(SuiteRunnerWorker.java:96)
at org.testng.TestNG.runSuitesSequentially(TestNG.java:1187)
at org.testng.TestNG.runSuitesLocally(TestNG.java:1109)
at org.testng.TestNG.runSuites(TestNG.java:1039)
at org.testng.TestNG.run(TestNG.java:1007)
at org.apache.maven.surefire.testng.TestNGExecutor.run(TestNGExecutor.java:284)
at org.apache.maven.surefire.testng.TestNGXmlTestSuite.execute(TestNGXmlTestSuite.java:75)
at org.apache.maven.surefire.testng.TestNGProvider.invoke(TestNGProvider.java:119)
at org.apache.maven.surefire.booter.ForkedBooter.runSuitesInProcess(ForkedBooter.java:428)
at org.apache.maven.surefire.booter.ForkedBooter.execute(ForkedBooter.java:162)
at org.apache.maven.surefire.booter.ForkedBooter.run(ForkedBooter.java:562)
at org.apache.maven.surefire.booter.ForkedBooter.main(ForkedBooter.java:548)
]]>
    </error>
  </testcase> <!-- setUp -->
  <system-out/>
  <testcase classname="search.SearchTest" name="testSearchMultipleItems" time="0.001">
    <skipped/>
  </testcase> <!-- testSearchMultipleItems -->
  <system-out/>
  <testcase classname="search.SearchTest" name="testVerifySearchRandomBooksByURL" time="0.000">
    <skipped/>
  </testcase> <!-- testVerifySearchRandomBooksByURL -->
  <system-out/>
  <testcase classname="search.SearchTest" name="testValidateSearchItemsFromExcel" time="0.000">
    <skipped/>
  </testcase> <!-- testValidateSearchItemsFromExcel -->
  <system-out/>
  <testcase classname="search.SearchTest" name="testValidateSearchItemsFromMySQL" time="0.000">
    <skipped/>
  </testcase> <!-- testValidateSearchItemsFromMySQL -->
  <system-out/>
  <testcase classname="search.SearchTest" name="testValidateSelectComputersFromAllDropdown" time="0.000">
    <skipped/>
  </testcase> <!-- testValidateSelectComputersFromAllDropdown -->
  <system-out/>
  <testcase classname="search.SearchTest" name="testSearchSingleItem" time="0.001">
    <skipped/>
  </testcase> <!-- testSearchSingleItem -->
  <system-out/>
  <testcase classname="search.SearchTest" name="testVerifySearchRandomBooksByTitle" time="0.000">
    <skipped/>
  </testcase> <!-- testVerifySearchRandomBooksByTitle -->
  <system-out/>
  <testcase classname="search.SearchTest" name="testValidateAllDropDown" time="0.000">
    <skipped/>
  </testcase> <!-- testValidateAllDropDown -->
  <system-out/>
  <testcase classname="search.SearchTest" name="testVerifyPurellTextIsDisplayed" time="0.000">
    <skipped/>
  </testcase> <!-- testVerifyPurellTextIsDisplayed -->
  <system-out/>
</testsuite> <!-- search.SearchTest -->
