<?xml version="1.0" encoding="UTF-8"?>
<!-- Generated by org.testng.reporters.JUnitReportReporter -->
<testsuite hostname="Syeds-MBP.ed.shawcable.net" failures="1" tests="19" name="home.NYTHomePageTest" time="212.002" errors="0" timestamp="2020-09-26T00:41:25 MDT" skipped="0">
  <testcase classname="home.NYTHomePageTest" name="testClickOnSportsTab" time="7.647"/>
  <system-out>
NYTHomePageTest: test Click On Sports Tab  </system-out>
  <testcase classname="home.NYTHomePageTest" name="testClickOnBooksTab" time="12.087"/>
  <system-out>
NYTHomePageTest: test Click On Books Tab  </system-out>
  <testcase classname="home.NYTHomePageTest" name="testClickOnHealthTab" time="10.271"/>
  <system-out>
NYTHomePageTest: test Click On Health Tab  </system-out>
  <testcase classname="home.NYTHomePageTest" name="testClickOnScienceTab" time="11.865"/>
  <system-out>
NYTHomePageTest: test Click On Science Tab  </system-out>
  <testcase classname="home.NYTHomePageTest" name="testClickOnFoodTab" time="14.514"/>
  <system-out>
NYTHomePageTest: test Click On Food Tab  </system-out>
  <testcase classname="home.NYTHomePageTest" name="testClickOnTMagazineTab" time="12.781"/>
  <system-out>
NYTHomePageTest: test Click On T Magazine Tab  </system-out>
  <testcase classname="home.NYTHomePageTest" name="testClickOnBusinessTab" time="15.591"/>
  <system-out>
NYTHomePageTest: test Click On Business Tab  </system-out>
  <testcase classname="home.NYTHomePageTest" name="testClickOnTravelTab" time="7.970"/>
  <system-out>
NYTHomePageTest: test Click On Travel Tab  </system-out>
  <testcase classname="home.NYTHomePageTest" name="testClickOnRealEstateTab" time="11.450"/>
  <system-out>
NYTHomePageTest: test Click On Real Estate Tab  </system-out>
  <testcase classname="home.NYTHomePageTest" name="testClickOnMagazineTab" time="7.783"/>
  <system-out>
NYTHomePageTest: test Click On Magazine Tab  </system-out>
  <testcase classname="home.NYTHomePageTest" name="testClickOnStyleTab" time="9.677"/>
  <system-out>
NYTHomePageTest: test Click On Style Tab  </system-out>
  <testcase classname="home.NYTHomePageTest" name="testClickOnUSATab" time="13.522"/>
  <system-out>
NYTHomePageTest: test Click On USA Tab  </system-out>
  <testcase classname="home.NYTHomePageTest" name="testClickOnNYTab" time="10.139">
    <failure message="Test case failed expected [New York - The New York Times] but found [U.S. News - The New York Times]" type="java.lang.AssertionError">
      <![CDATA[java.lang.AssertionError: Test case failed expected [New York - The New York Times] but found [U.S. News - The New York Times]
at org.testng.Assert.fail(Assert.java:97)
at org.testng.Assert.assertEqualsImpl(Assert.java:136)
at org.testng.Assert.assertEquals(Assert.java:118)
at org.testng.Assert.assertEquals(Assert.java:575)
at home.NYTHomePage.validateClickOnNYTab(NYTHomePage.java:147)
at home.NYTHomePageTest.testClickOnNYTab(NYTHomePageTest.java:66)
at java.base/jdk.internal.reflect.NativeMethodAccessorImpl.invoke0(Native Method)
at java.base/jdk.internal.reflect.NativeMethodAccessorImpl.invoke(NativeMethodAccessorImpl.java:62)
at java.base/jdk.internal.reflect.DelegatingMethodAccessorImpl.invoke(DelegatingMethodAccessorImpl.java:43)
at java.base/java.lang.reflect.Method.invoke(Method.java:566)
at org.testng.internal.MethodInvocationHelper.invokeMethod(MethodInvocationHelper.java:134)
at org.testng.internal.TestInvoker.invokeMethod(TestInvoker.java:597)
at org.testng.internal.TestInvoker.invokeTestMethod(TestInvoker.java:173)
at org.testng.internal.MethodRunner.runInSequence(MethodRunner.java:46)
at org.testng.internal.TestInvoker$MethodInvocationAgent.invoke(TestInvoker.java:816)
at org.testng.internal.TestInvoker.invokeTestMethods(TestInvoker.java:146)
at org.testng.internal.TestMethodWorker.invokeTestMethods(TestMethodWorker.java:146)
at org.testng.internal.TestMethodWorker.run(TestMethodWorker.java:128)
at java.base/java.util.ArrayList.forEach(ArrayList.java:1540)
at org.testng.TestRunner.privateRun(TestRunner.java:766)
at org.testng.TestRunner.run(TestRunner.java:587)
at org.testng.SuiteRunner.runTest(SuiteRunner.java:384)
at org.testng.SuiteRunner.runSequentially(SuiteRunner.java:378)
at org.testng.SuiteRunner.privateRun(SuiteRunner.java:337)
at org.testng.SuiteRunner.run(SuiteRunner.java:286)
at org.testng.SuiteRunnerWorker.runSuite(SuiteRunnerWorker.java:53)
at org.testng.SuiteRunnerWorker.run(SuiteRunnerWorker.java:96)
at org.testng.TestNG.runSuitesSequentially(TestNG.java:1187)
at org.testng.TestNG.runSuitesLocally(TestNG.java:1109)
at org.testng.TestNG.runSuites(TestNG.java:1039)
at org.testng.TestNG.run(TestNG.java:1007)
at org.apache.maven.surefire.testng.TestNGExecutor.run(TestNGExecutor.java:284)
at org.apache.maven.surefire.testng.TestNGXmlTestSuite.execute(TestNGXmlTestSuite.java:75)
at org.apache.maven.surefire.testng.TestNGProvider.invoke(TestNGProvider.java:119)
at org.apache.maven.surefire.booter.ForkedBooter.runSuitesInProcess(ForkedBooter.java:428)
at org.apache.maven.surefire.booter.ForkedBooter.execute(ForkedBooter.java:162)
at org.apache.maven.surefire.booter.ForkedBooter.run(ForkedBooter.java:562)
at org.apache.maven.surefire.booter.ForkedBooter.main(ForkedBooter.java:548)
]]>
    </failure>
  </testcase> <!-- testClickOnNYTab -->
  <system-out>
NYTHomePageTest: test Click On NY Tab  </system-out>
  <testcase classname="home.NYTHomePageTest" name="testClickOnVideoTab" time="15.276"/>
  <system-out>
NYTHomePageTest: test Click On Video Tab  </system-out>
  <testcase classname="home.NYTHomePageTest" name="testClickOnWorldTab" time="6.850"/>
  <system-out>
NYTHomePageTest: test Click On World Tab  </system-out>
  <testcase classname="home.NYTHomePageTest" name="testClickOnOpinionTab" time="7.765"/>
  <system-out>
NYTHomePageTest: test Click On Opinion Tab  </system-out>
  <testcase classname="home.NYTHomePageTest" name="testClickOnPoliticsTab" time="9.217"/>
  <system-out>
NYTHomePageTest: test Click On Politics Tab  </system-out>
  <testcase classname="home.NYTHomePageTest" name="testClickOnArtsTab" time="14.321"/>
  <system-out>
NYTHomePageTest: test Click On Arts Tab  </system-out>
  <testcase classname="home.NYTHomePageTest" name="testClickOnTechTab" time="13.276"/>
  <system-out>
NYTHomePageTest: test Click On Tech Tab  </system-out>
</testsuite> <!-- home.NYTHomePageTest -->
