<?xml version="1.0" encoding="UTF-8"?>
<!-- Generated by org.testng.reporters.JUnitXMLReporter -->
<testsuite ignored="0" hostname="MacBook-Pro-2.home" failures="1" tests="7" name="Delta" time="53.367" errors="0" timestamp="2020-09-26T14:10:58 EDT">
  <testcase classname="homeTest.HomePageRamTest" name="testCheckBooking" time="0.3"/>
  <testcase classname="homeTest.HomePageRamTest" name="testCheckCheckIn" time="0.312"/>
  <testcase classname="homeTest.HomePageRamTest" name="testCheckFlightStatus" time="0.244"/>
  <testcase classname="homeTest.HomePageRamTest" name="testCheckMyTrip" time="0.214"/>
  <testcase classname="homeTest.HomePageRamTest" name="testSearchBoxCheck" time="5.039"/>
  <testcase classname="homeTest.HomePageRamTest" name="testSearchBoxCheckGetItemsListFromDB" time="3.118">
    <failure type="java.io.FileNotFoundException" message="../Generic/src/main/secret.properties (No such file or directory)">
      <![CDATA[java.io.FileNotFoundException: ../Generic/src/main/secret.properties (No such file or directory)
at java.base/java.io.FileInputStream.open0(Native Method)
at java.base/java.io.FileInputStream.open(FileInputStream.java:212)
at java.base/java.io.FileInputStream.<init>(FileInputStream.java:154)
at java.base/java.io.FileInputStream.<init>(FileInputStream.java:109)
at databases.ConnectToSqlDB.loadProperties(ConnectToSqlDB.java:25)
at databases.ConnectToSqlDB.connectToSqlDatabase(ConnectToSqlDB.java:32)
at databases.ConnectToSqlDB.readDataBase(ConnectToSqlDB.java:47)
at dataSource.DataSource.getItemsListFromDB(DataSource.java:34)
at home.HomePageRam.searchBoxCheckGetItemsListFromDB(HomePageRam.java:138)
at homeTest.HomePageRamTest.testSearchBoxCheckGetItemsListFromDB(HomePageRamTest.java:70)
at java.base/java.util.ArrayList.forEach(ArrayList.java:1510)
... Removed 31 stack frames]]>
    </failure>
  </testcase> <!-- testSearchBoxCheckGetItemsListFromDB -->
  <testcase classname="homeTest.HomePageRamTest" name="testSearchBoxCheckUsingClassValues" time="16.04"/>
</testsuite> <!-- Delta -->
