<?xml version="1.0" encoding="UTF-8"?>
<!-- Generated by org.testng.reporters.JUnitXMLReporter -->
<testsuite ignored="0" hostname="MacBook-Pro-2.home" failures="0" tests="6" name="Delta" time="42.262" errors="0" timestamp="2020-09-25T20:44:15 EDT">
  <testcase classname="homeTest.HomePageRamTest" name="testCheckBooking" time="0.268"/>
  <testcase classname="homeTest.HomePageRamTest" name="testCheckCheckIn" time="0.264"/>
  <testcase classname="homeTest.HomePageRamTest" name="testCheckFlightStatus" time="0.265"/>
  <testcase classname="homeTest.HomePageRamTest" name="testCheckMyTrip" time="0.325"/>
  <testcase classname="homeTest.HomePageRamTest" name="testSearchBoxCheck" time="5.127"/>
  <testcase classname="homeTest.HomePageRamTest" name="testSearchBoxCheckUsingClassValues" time="15.594"/>
</testsuite> <!-- Delta -->
