<?xml version="1.0" encoding="UTF-8"?>
<!-- Generated by org.testng.reporters.JUnitXMLReporter -->
<testsuite ignored="1" hostname="Waqas" failures="0" tests="1" name="Delta Home" time="32.462" errors="0" timestamp="2020-09-06T00:13:25 EDT">
  <testcase classname="home.HomePageTest" name="testClickCheckIn" time="20.689"/>
  <testcase classname="home.HomePageTest" name="testClickOnVaccationDeals" time="0.0">
    <ignored/>
  </testcase> <!-- testClickOnVaccationDeals -->
</testsuite> <!-- Delta Home -->
