<?xml version="1.0" encoding="UTF-8"?>
<!-- Generated by org.testng.reporters.JUnitXMLReporter -->
<testsuite ignored="1" hostname="Waqas" failures="0" tests="1" name="Delta Home" time="28.195" errors="0" timestamp="2020-09-05T21:36:01 EDT">
  <testcase classname="home.HomePageTest" name="testFlightStatus" time="21.164"/>
  <testcase classname="home.HomePageTest" name="testClickOnVaccationDeals" time="0.0">
    <ignored/>
  </testcase> <!-- testClickOnVaccationDeals -->
</testsuite> <!-- Delta Home -->
