<?xml version="1.0" encoding="UTF-8"?>
<!-- Generated by org.testng.reporters.JUnitXMLReporter -->
<testsuite ignored="0" hostname="Farjanas-Air" failures="0" tests="5" name="The Hartford Home" time="58.264" errors="0" timestamp="2020-09-26T02:12:58 EDT">
  <testcase classname="home.HFHomePageTest" name="testValidateBusinessInsuranceTab" time="4.539"/>
  <testcase classname="home.HFHomePageTest" name="testValidateCarInsuranceTab" time="7.882"/>
  <testcase classname="home.HFHomePageTest" name="testValidateCondoInsuranceTab" time="5.973"/>
  <testcase classname="home.HFHomePageTest" name="testValidateNewsroomTab" time="5.786"/>
  <testcase classname="home.HFHomePageTest" name="testValidateforEmployersTab" time="4.524"/>
</testsuite> <!-- The Hartford Home -->
