<?xml version="1.0" encoding="UTF-8"?>
<!-- Generated by org.testng.reporters.JUnitXMLReporter -->
<testsuite ignored="17" hostname="MacBook-Pro-2.home" failures="0" tests="12" name="The Hartford Home" time="36.296" errors="0" timestamp="2020-09-26T01:48:48 EDT">
  <testcase classname="searchTest.SearchPageTest" name="TestContactUs" time="0.569"/>
  <testcase classname="searchTest.SearchPageTest" name="testAccessStat" time="2.592"/>
  <testcase classname="searchTest.SearchPageTest" name="testAgentAndProducers" time="0.632"/>
  <testcase classname="searchTest.SearchPageTest" name="testFeedBack" time="0.934"/>
  <testcase classname="searchTest.SearchPageTest" name="testFindAnAgentButton" time="0.707"/>
  <testcase classname="searchTest.SearchPageTest" name="testHomeInsurance" time="0.493"/>
  <testcase classname="searchTest.SearchPageTest" name="testLegalNotice" time="0.605"/>
  <testcase classname="searchTest.SearchPageTest" name="testMobileApp" time="0.409"/>
  <testcase classname="searchTest.SearchPageTest" name="testPrivacyPolicy" time="0.553"/>
  <testcase classname="searchTest.SearchPageTest" name="testProdCompensation" time="0.617"/>
  <testcase classname="searchTest.SearchPageTest" name="testReportClaim" time="0.827"/>
  <testcase classname="searchTest.SearchPageTest" name="testSmallBiz" time="0.149"/>
  <testcase classname="homeTest.HomePageTest" name="setWorkerCompensationInsuranceValidationTest" time="0.0">
    <ignored/>
  </testcase> <!-- setWorkerCompensationInsuranceValidationTest -->
  <testcase classname="homeTest.HomePageTest" name="setAllBusinessCoveragesTest" time="0.0">
    <ignored/>
  </testcase> <!-- setAllBusinessCoveragesTest -->
  <testcase classname="homeTest.HomePageTest" name="setBusinessInsuranceTest" time="0.0">
    <ignored/>
  </testcase> <!-- setBusinessInsuranceTest -->
  <testcase classname="homeTest.HomePageTest" name="setAboutTheHeartFordTest" time="0.0">
    <ignored/>
  </testcase> <!-- setAboutTheHeartFordTest -->
  <testcase classname="homeTest.HomePageTest" name="setClassicCarInsuranceTest" time="0.0">
    <ignored/>
  </testcase> <!-- setClassicCarInsuranceTest -->
  <testcase classname="homeTest.HomePageTest" name="setAbsenceManagementTest" time="0.0">
    <ignored/>
  </testcase> <!-- setAbsenceManagementTest -->
  <testcase classname="searchTest.SearchPageTest" name="testSearchBoxCheck" time="0.0">
    <ignored/>
  </testcase> <!-- testSearchBoxCheck -->
  <testcase classname="base.CommonAPI" name="@BeforeSuite extentSetup" time="0.0">
    <ignored/>
  </testcase> <!-- @BeforeSuite extentSetup -->
  <testcase classname="homeTest.HomePageTest" name="setHomeownersInsuranceTest" time="0.0">
    <ignored/>
  </testcase> <!-- setHomeownersInsuranceTest -->
  <testcase classname="homeTest.HomePageTest" name="setAllVehiclesTest" time="0.0">
    <ignored/>
  </testcase> <!-- setAllVehiclesTest -->
  <testcase classname="homeTest.HomePageTest" name="setSmallBusinessInsuranceTest" time="0.0">
    <ignored/>
  </testcase> <!-- setSmallBusinessInsuranceTest -->
  <testcase classname="homeTest.HomePageTest" name="setGeneralLiabilityInsuranceTest" time="0.0">
    <ignored/>
  </testcase> <!-- setGeneralLiabilityInsuranceTest -->
  <testcase classname="homeTest.HomePageTest" name="setHomeButtonTest" time="0.0">
    <ignored/>
  </testcase> <!-- setHomeButtonTest -->
  <testcase classname="base.CommonAPI" name="@AfterSuite generateReport" time="0.0">
    <ignored/>
  </testcase> <!-- @AfterSuite generateReport -->
  <testcase classname="homeTest.HomePageTest" name="setAutoButtonTest" time="0.0">
    <ignored/>
  </testcase> <!-- setAutoButtonTest -->
  <testcase classname="homeTest.HomePageTest" name="setUmbrellaInsuranceTest" time="0.0">
    <ignored/>
  </testcase> <!-- setUmbrellaInsuranceTest -->
  <testcase classname="homeTest.HomePageTest" name="setFloodInsuranceTest" time="0.0">
    <ignored/>
  </testcase> <!-- setFloodInsuranceTest -->
</testsuite> <!-- The Hartford Home -->
