<?xml version="1.0" encoding="UTF-8"?>
<testng-results ignored="0" total="0" passed="0" failed="0" skipped="0">
  <reporter-output>
    <line>
      <![CDATA[Extent Report DirectoryC:\Study\Selenium\Selenium\Frameworks\WebAutomationFramework_Team1\TheHartford\target\surefire-reports\html]]>
    </line>
  </reporter-output>
  <suite started-at="2020-08-30T19:58:07 PDT" name="Surefire suite" finished-at="2020-08-30T19:58:07 PDT" duration-ms="7">
    <groups>
    </groups>
    <test started-at="2020-08-30T19:58:07 PDT" name="Surefire test" finished-at="2020-08-30T19:58:07 PDT" duration-ms="7">
      <class name="myAccount.MyAccountTest">
        <test-method is-config="true" signature="extentSetup(org.testng.ITestContext)[pri:0, instance:myAccount.MyAccountTest@6743e411]" started-at="2020-08-30T19:58:06 PDT" name="extentSetup" finished-at="2020-08-30T19:58:07 PDT" duration-ms="427" status="PASS">
          <params>
            <param index="0">
              <value>
                <![CDATA[org.testng.TestRunner@34f7234e]]>
              </value>
            </param>
          </params>
          <reporter-output>
            <line>
              <![CDATA[Extent Report DirectoryC:\Study\Selenium\Selenium\Frameworks\WebAutomationFramework_Team1\TheHartford\target\surefire-reports\html]]>
            </line>
          </reporter-output>
        </test-method> <!-- extentSetup -->
        <test-method is-config="true" signature="generateReport()[pri:0, instance:myAccount.MyAccountTest@6743e411]" started-at="2020-08-30T19:58:07 PDT" name="generateReport" finished-at="2020-08-30T19:58:07 PDT" duration-ms="508" status="PASS">
          <reporter-output>
          </reporter-output>
        </test-method> <!-- generateReport -->
      </class> <!-- myAccount.MyAccountTest -->
    </test> <!-- Surefire test -->
  </suite> <!-- Surefire suite -->
</testng-results>
