<?xml version="1.0" encoding="UTF-8"?>
<testng-results ignored="17" total="29" passed="12" failed="0" skipped="0">
  <reporter-output>
    <line>
      <![CDATA[Extent Report Directory/Users/ramdaneameur/IdeaProjects/WebAutomationFramework_Team1/TheHartford/target/surefire-reports/html]]>
    </line>
  </reporter-output>
  <suite started-at="2020-09-26T01:48:11 EDT" name="The Hartford Automation Test" finished-at="2020-09-26T01:48:48 EDT" duration-ms="36296">
    <groups>
    </groups>
    <test started-at="2020-09-26T01:48:11 EDT" name="The Hartford Home" finished-at="2020-09-26T01:48:48 EDT" duration-ms="36296">
      <class name="homeTest.HomePageTest">
        <test-method is-config="true" signature="extentSetup(org.testng.ITestContext)[pri:0, instance:homeTest.HomePageTest@6107227e]" started-at="2020-09-26T01:48:11 EDT" name="extentSetup" finished-at="2020-09-26T01:48:11 EDT" duration-ms="116" status="PASS">
          <params>
            <param index="0">
              <value>
                <![CDATA[org.testng.TestRunner@2f1d0bbc]]>
              </value>
            </param>
          </params>
          <reporter-output>
            <line>
              <![CDATA[Extent Report Directory/Users/ramdaneameur/IdeaProjects/WebAutomationFramework_Team1/TheHartford/target/surefire-reports/html]]>
            </line>
          </reporter-output>
        </test-method> <!-- extentSetup -->
        <test-method is-config="true" signature="generateReport()[pri:0, instance:homeTest.HomePageTest@6107227e]" started-at="2020-09-26T01:48:48 EDT" name="generateReport" finished-at="2020-09-26T01:48:48 EDT" duration-ms="19" status="PASS">
          <reporter-output>
          </reporter-output>
        </test-method> <!-- generateReport -->
      </class> <!-- homeTest.HomePageTest -->
      <class name="searchTest.SearchPageTest">
        <test-method is-config="true" signature="setUp(boolean, java.lang.String, java.lang.String, java.lang.String, java.lang.String, java.lang.String, java.lang.String)[pri:0, instance:searchTest.SearchPageTest@7c417213]" started-at="2020-09-26T01:48:11 EDT" name="setUp" finished-at="2020-09-26T01:48:14 EDT" duration-ms="3023" status="PASS">
          <params>
            <param index="0">
              <value>
                <![CDATA[false]]>
              </value>
            </param>
            <param index="1">
              <value>
                <![CDATA[browserstack]]>
              </value>
            </param>
            <param index="2">
              <value>
                <![CDATA[OS X]]>
              </value>
            </param>
            <param index="3">
              <value>
                <![CDATA[catalina]]>
              </value>
            </param>
            <param index="4">
              <value>
                <![CDATA[chrome]]>
              </value>
            </param>
            <param index="5">
              <value>
                <![CDATA[85.0]]>
              </value>
            </param>
            <param index="6">
              <value>
                <![CDATA[https://www.thehartford.com/]]>
              </value>
            </param>
          </params>
          <reporter-output>
          </reporter-output>
        </test-method> <!-- setUp -->
        <test-method is-config="true" signature="startExtent(java.lang.reflect.Method)[pri:0, instance:searchTest.SearchPageTest@7c417213]" started-at="2020-09-26T01:48:14 EDT" name="startExtent" finished-at="2020-09-26T01:48:14 EDT" duration-ms="2" status="PASS">
          <params>
            <param index="0">
              <value>
                <![CDATA[public void searchTest.SearchPageTest.TestContactUs()]]>
              </value>
            </param>
          </params>
          <reporter-output>
          </reporter-output>
        </test-method> <!-- startExtent -->
        <test-method is-config="true" signature="getInit()[pri:0, instance:searchTest.SearchPageTest@7c417213]" started-at="2020-09-26T01:48:14 EDT" name="getInit" finished-at="2020-09-26T01:48:14 EDT" duration-ms="28" status="PASS">
          <reporter-output>
          </reporter-output>
        </test-method> <!-- getInit -->
        <test-method signature="TestContactUs()[pri:0, instance:searchTest.SearchPageTest@7c417213]" started-at="2020-09-26T01:48:14 EDT" name="TestContactUs" finished-at="2020-09-26T01:48:15 EDT" duration-ms="569" status="PASS">
          <reporter-output>
          </reporter-output>
        </test-method> <!-- TestContactUs -->
        <test-method is-config="true" signature="afterEachTestMethod(org.testng.ITestResult)[pri:0, instance:searchTest.SearchPageTest@7c417213]" started-at="2020-09-26T01:48:15 EDT" name="afterEachTestMethod" finished-at="2020-09-26T01:48:15 EDT" duration-ms="264" status="PASS">
          <params>
            <param index="0">
              <value>
                <![CDATA[[TestResult name=TestContactUs status=SUCCESS method=SearchPageTest.TestContactUs()[pri:0, instance:searchTest.SearchPageTest@7c417213] output={null}]]]>
              </value>
            </param>
          </params>
          <reporter-output>
          </reporter-output>
        </test-method> <!-- afterEachTestMethod -->
        <test-method is-config="true" signature="cleanUp()[pri:0, instance:searchTest.SearchPageTest@7c417213]" started-at="2020-09-26T01:48:15 EDT" name="cleanUp" finished-at="2020-09-26T01:48:15 EDT" duration-ms="0" status="PASS">
          <reporter-output>
          </reporter-output>
        </test-method> <!-- cleanUp -->
        <test-method is-config="true" signature="setUp(boolean, java.lang.String, java.lang.String, java.lang.String, java.lang.String, java.lang.String, java.lang.String)[pri:0, instance:searchTest.SearchPageTest@7c417213]" started-at="2020-09-26T01:48:15 EDT" name="setUp" finished-at="2020-09-26T01:48:18 EDT" duration-ms="2501" status="PASS">
          <params>
            <param index="0">
              <value>
                <![CDATA[false]]>
              </value>
            </param>
            <param index="1">
              <value>
                <![CDATA[browserstack]]>
              </value>
            </param>
            <param index="2">
              <value>
                <![CDATA[OS X]]>
              </value>
            </param>
            <param index="3">
              <value>
                <![CDATA[catalina]]>
              </value>
            </param>
            <param index="4">
              <value>
                <![CDATA[chrome]]>
              </value>
            </param>
            <param index="5">
              <value>
                <![CDATA[85.0]]>
              </value>
            </param>
            <param index="6">
              <value>
                <![CDATA[https://www.thehartford.com/]]>
              </value>
            </param>
          </params>
          <reporter-output>
          </reporter-output>
        </test-method> <!-- setUp -->
        <test-method is-config="true" signature="startExtent(java.lang.reflect.Method)[pri:0, instance:searchTest.SearchPageTest@7c417213]" started-at="2020-09-26T01:48:18 EDT" name="startExtent" finished-at="2020-09-26T01:48:18 EDT" duration-ms="1" status="PASS">
          <params>
            <param index="0">
              <value>
                <![CDATA[public void searchTest.SearchPageTest.testAccessStat()]]>
              </value>
            </param>
          </params>
          <reporter-output>
          </reporter-output>
        </test-method> <!-- startExtent -->
        <test-method is-config="true" signature="getInit()[pri:0, instance:searchTest.SearchPageTest@7c417213]" started-at="2020-09-26T01:48:18 EDT" name="getInit" finished-at="2020-09-26T01:48:18 EDT" duration-ms="4" status="PASS">
          <reporter-output>
          </reporter-output>
        </test-method> <!-- getInit -->
        <test-method signature="testAccessStat()[pri:0, instance:searchTest.SearchPageTest@7c417213]" started-at="2020-09-26T01:48:18 EDT" name="testAccessStat" finished-at="2020-09-26T01:48:20 EDT" duration-ms="2592" status="PASS">
          <reporter-output>
          </reporter-output>
        </test-method> <!-- testAccessStat -->
        <test-method is-config="true" signature="afterEachTestMethod(org.testng.ITestResult)[pri:0, instance:searchTest.SearchPageTest@7c417213]" started-at="2020-09-26T01:48:20 EDT" name="afterEachTestMethod" finished-at="2020-09-26T01:48:20 EDT" duration-ms="119" status="PASS">
          <params>
            <param index="0">
              <value>
                <![CDATA[[TestResult name=testAccessStat status=SUCCESS method=SearchPageTest.testAccessStat()[pri:0, instance:searchTest.SearchPageTest@7c417213] output={null}]]]>
              </value>
            </param>
          </params>
          <reporter-output>
          </reporter-output>
        </test-method> <!-- afterEachTestMethod -->
        <test-method is-config="true" signature="cleanUp()[pri:0, instance:searchTest.SearchPageTest@7c417213]" started-at="2020-09-26T01:48:20 EDT" name="cleanUp" finished-at="2020-09-26T01:48:20 EDT" duration-ms="1" status="PASS">
          <reporter-output>
          </reporter-output>
        </test-method> <!-- cleanUp -->
        <test-method is-config="true" signature="setUp(boolean, java.lang.String, java.lang.String, java.lang.String, java.lang.String, java.lang.String, java.lang.String)[pri:0, instance:searchTest.SearchPageTest@7c417213]" started-at="2020-09-26T01:48:20 EDT" name="setUp" finished-at="2020-09-26T01:48:23 EDT" duration-ms="2361" status="PASS">
          <params>
            <param index="0">
              <value>
                <![CDATA[false]]>
              </value>
            </param>
            <param index="1">
              <value>
                <![CDATA[browserstack]]>
              </value>
            </param>
            <param index="2">
              <value>
                <![CDATA[OS X]]>
              </value>
            </param>
            <param index="3">
              <value>
                <![CDATA[catalina]]>
              </value>
            </param>
            <param index="4">
              <value>
                <![CDATA[chrome]]>
              </value>
            </param>
            <param index="5">
              <value>
                <![CDATA[85.0]]>
              </value>
            </param>
            <param index="6">
              <value>
                <![CDATA[https://www.thehartford.com/]]>
              </value>
            </param>
          </params>
          <reporter-output>
          </reporter-output>
        </test-method> <!-- setUp -->
        <test-method is-config="true" signature="startExtent(java.lang.reflect.Method)[pri:0, instance:searchTest.SearchPageTest@7c417213]" started-at="2020-09-26T01:48:23 EDT" name="startExtent" finished-at="2020-09-26T01:48:23 EDT" duration-ms="0" status="PASS">
          <params>
            <param index="0">
              <value>
                <![CDATA[public void searchTest.SearchPageTest.testAgentAndProducers()]]>
              </value>
            </param>
          </params>
          <reporter-output>
          </reporter-output>
        </test-method> <!-- startExtent -->
        <test-method is-config="true" signature="getInit()[pri:0, instance:searchTest.SearchPageTest@7c417213]" started-at="2020-09-26T01:48:23 EDT" name="getInit" finished-at="2020-09-26T01:48:23 EDT" duration-ms="3" status="PASS">
          <reporter-output>
          </reporter-output>
        </test-method> <!-- getInit -->
        <test-method signature="testAgentAndProducers()[pri:0, instance:searchTest.SearchPageTest@7c417213]" started-at="2020-09-26T01:48:23 EDT" name="testAgentAndProducers" finished-at="2020-09-26T01:48:23 EDT" duration-ms="632" status="PASS">
          <reporter-output>
          </reporter-output>
        </test-method> <!-- testAgentAndProducers -->
        <test-method is-config="true" signature="afterEachTestMethod(org.testng.ITestResult)[pri:0, instance:searchTest.SearchPageTest@7c417213]" started-at="2020-09-26T01:48:23 EDT" name="afterEachTestMethod" finished-at="2020-09-26T01:48:23 EDT" duration-ms="123" status="PASS">
          <params>
            <param index="0">
              <value>
                <![CDATA[[TestResult name=testAgentAndProducers status=SUCCESS method=SearchPageTest.testAgentAndProducers()[pri:0, instance:searchTest.SearchPageTest@7c417213] output={null}]]]>
              </value>
            </param>
          </params>
          <reporter-output>
          </reporter-output>
        </test-method> <!-- afterEachTestMethod -->
        <test-method is-config="true" signature="cleanUp()[pri:0, instance:searchTest.SearchPageTest@7c417213]" started-at="2020-09-26T01:48:23 EDT" name="cleanUp" finished-at="2020-09-26T01:48:23 EDT" duration-ms="0" status="PASS">
          <reporter-output>
          </reporter-output>
        </test-method> <!-- cleanUp -->
        <test-method is-config="true" signature="setUp(boolean, java.lang.String, java.lang.String, java.lang.String, java.lang.String, java.lang.String, java.lang.String)[pri:0, instance:searchTest.SearchPageTest@7c417213]" started-at="2020-09-26T01:48:23 EDT" name="setUp" finished-at="2020-09-26T01:48:25 EDT" duration-ms="1881" status="PASS">
          <params>
            <param index="0">
              <value>
                <![CDATA[false]]>
              </value>
            </param>
            <param index="1">
              <value>
                <![CDATA[browserstack]]>
              </value>
            </param>
            <param index="2">
              <value>
                <![CDATA[OS X]]>
              </value>
            </param>
            <param index="3">
              <value>
                <![CDATA[catalina]]>
              </value>
            </param>
            <param index="4">
              <value>
                <![CDATA[chrome]]>
              </value>
            </param>
            <param index="5">
              <value>
                <![CDATA[85.0]]>
              </value>
            </param>
            <param index="6">
              <value>
                <![CDATA[https://www.thehartford.com/]]>
              </value>
            </param>
          </params>
          <reporter-output>
          </reporter-output>
        </test-method> <!-- setUp -->
        <test-method is-config="true" signature="startExtent(java.lang.reflect.Method)[pri:0, instance:searchTest.SearchPageTest@7c417213]" started-at="2020-09-26T01:48:25 EDT" name="startExtent" finished-at="2020-09-26T01:48:25 EDT" duration-ms="0" status="PASS">
          <params>
            <param index="0">
              <value>
                <![CDATA[public void searchTest.SearchPageTest.testFeedBack()]]>
              </value>
            </param>
          </params>
          <reporter-output>
          </reporter-output>
        </test-method> <!-- startExtent -->
        <test-method is-config="true" signature="getInit()[pri:0, instance:searchTest.SearchPageTest@7c417213]" started-at="2020-09-26T01:48:25 EDT" name="getInit" finished-at="2020-09-26T01:48:25 EDT" duration-ms="5" status="PASS">
          <reporter-output>
          </reporter-output>
        </test-method> <!-- getInit -->
        <test-method signature="testFeedBack()[pri:0, instance:searchTest.SearchPageTest@7c417213]" started-at="2020-09-26T01:48:25 EDT" name="testFeedBack" finished-at="2020-09-26T01:48:26 EDT" duration-ms="934" status="PASS">
          <reporter-output>
          </reporter-output>
        </test-method> <!-- testFeedBack -->
        <test-method is-config="true" signature="afterEachTestMethod(org.testng.ITestResult)[pri:0, instance:searchTest.SearchPageTest@7c417213]" started-at="2020-09-26T01:48:26 EDT" name="afterEachTestMethod" finished-at="2020-09-26T01:48:26 EDT" duration-ms="124" status="PASS">
          <params>
            <param index="0">
              <value>
                <![CDATA[[TestResult name=testFeedBack status=SUCCESS method=SearchPageTest.testFeedBack()[pri:0, instance:searchTest.SearchPageTest@7c417213] output={null}]]]>
              </value>
            </param>
          </params>
          <reporter-output>
          </reporter-output>
        </test-method> <!-- afterEachTestMethod -->
        <test-method is-config="true" signature="cleanUp()[pri:0, instance:searchTest.SearchPageTest@7c417213]" started-at="2020-09-26T01:48:26 EDT" name="cleanUp" finished-at="2020-09-26T01:48:26 EDT" duration-ms="0" status="PASS">
          <reporter-output>
          </reporter-output>
        </test-method> <!-- cleanUp -->
        <test-method is-config="true" signature="setUp(boolean, java.lang.String, java.lang.String, java.lang.String, java.lang.String, java.lang.String, java.lang.String)[pri:0, instance:searchTest.SearchPageTest@7c417213]" started-at="2020-09-26T01:48:26 EDT" name="setUp" finished-at="2020-09-26T01:48:29 EDT" duration-ms="2334" status="PASS">
          <params>
            <param index="0">
              <value>
                <![CDATA[false]]>
              </value>
            </param>
            <param index="1">
              <value>
                <![CDATA[browserstack]]>
              </value>
            </param>
            <param index="2">
              <value>
                <![CDATA[OS X]]>
              </value>
            </param>
            <param index="3">
              <value>
                <![CDATA[catalina]]>
              </value>
            </param>
            <param index="4">
              <value>
                <![CDATA[chrome]]>
              </value>
            </param>
            <param index="5">
              <value>
                <![CDATA[85.0]]>
              </value>
            </param>
            <param index="6">
              <value>
                <![CDATA[https://www.thehartford.com/]]>
              </value>
            </param>
          </params>
          <reporter-output>
          </reporter-output>
        </test-method> <!-- setUp -->
        <test-method is-config="true" signature="getInit()[pri:0, instance:searchTest.SearchPageTest@7c417213]" started-at="2020-09-26T01:48:29 EDT" name="getInit" finished-at="2020-09-26T01:48:29 EDT" duration-ms="4" status="PASS">
          <reporter-output>
          </reporter-output>
        </test-method> <!-- getInit -->
        <test-method is-config="true" signature="startExtent(java.lang.reflect.Method)[pri:0, instance:searchTest.SearchPageTest@7c417213]" started-at="2020-09-26T01:48:29 EDT" name="startExtent" finished-at="2020-09-26T01:48:29 EDT" duration-ms="0" status="PASS">
          <params>
            <param index="0">
              <value>
                <![CDATA[public void searchTest.SearchPageTest.testFindAnAgentButton()]]>
              </value>
            </param>
          </params>
          <reporter-output>
          </reporter-output>
        </test-method> <!-- startExtent -->
        <test-method signature="testFindAnAgentButton()[pri:0, instance:searchTest.SearchPageTest@7c417213]" started-at="2020-09-26T01:48:29 EDT" name="testFindAnAgentButton" finished-at="2020-09-26T01:48:29 EDT" duration-ms="707" status="PASS">
          <reporter-output>
          </reporter-output>
        </test-method> <!-- testFindAnAgentButton -->
        <test-method is-config="true" signature="afterEachTestMethod(org.testng.ITestResult)[pri:0, instance:searchTest.SearchPageTest@7c417213]" started-at="2020-09-26T01:48:29 EDT" name="afterEachTestMethod" finished-at="2020-09-26T01:48:30 EDT" duration-ms="108" status="PASS">
          <params>
            <param index="0">
              <value>
                <![CDATA[[TestResult name=testFindAnAgentButton status=SUCCESS method=SearchPageTest.testFindAnAgentButton()[pri:0, instance:searchTest.SearchPageTest@7c417213] output={null}]]]>
              </value>
            </param>
          </params>
          <reporter-output>
          </reporter-output>
        </test-method> <!-- afterEachTestMethod -->
        <test-method is-config="true" signature="cleanUp()[pri:0, instance:searchTest.SearchPageTest@7c417213]" started-at="2020-09-26T01:48:30 EDT" name="cleanUp" finished-at="2020-09-26T01:48:30 EDT" duration-ms="0" status="PASS">
          <reporter-output>
          </reporter-output>
        </test-method> <!-- cleanUp -->
        <test-method is-config="true" signature="setUp(boolean, java.lang.String, java.lang.String, java.lang.String, java.lang.String, java.lang.String, java.lang.String)[pri:0, instance:searchTest.SearchPageTest@7c417213]" started-at="2020-09-26T01:48:30 EDT" name="setUp" finished-at="2020-09-26T01:48:31 EDT" duration-ms="1854" status="PASS">
          <params>
            <param index="0">
              <value>
                <![CDATA[false]]>
              </value>
            </param>
            <param index="1">
              <value>
                <![CDATA[browserstack]]>
              </value>
            </param>
            <param index="2">
              <value>
                <![CDATA[OS X]]>
              </value>
            </param>
            <param index="3">
              <value>
                <![CDATA[catalina]]>
              </value>
            </param>
            <param index="4">
              <value>
                <![CDATA[chrome]]>
              </value>
            </param>
            <param index="5">
              <value>
                <![CDATA[85.0]]>
              </value>
            </param>
            <param index="6">
              <value>
                <![CDATA[https://www.thehartford.com/]]>
              </value>
            </param>
          </params>
          <reporter-output>
          </reporter-output>
        </test-method> <!-- setUp -->
        <test-method is-config="true" signature="startExtent(java.lang.reflect.Method)[pri:0, instance:searchTest.SearchPageTest@7c417213]" started-at="2020-09-26T01:48:31 EDT" name="startExtent" finished-at="2020-09-26T01:48:31 EDT" duration-ms="0" status="PASS">
          <params>
            <param index="0">
              <value>
                <![CDATA[public void searchTest.SearchPageTest.testHomeInsurance()]]>
              </value>
            </param>
          </params>
          <reporter-output>
          </reporter-output>
        </test-method> <!-- startExtent -->
        <test-method is-config="true" signature="getInit()[pri:0, instance:searchTest.SearchPageTest@7c417213]" started-at="2020-09-26T01:48:31 EDT" name="getInit" finished-at="2020-09-26T01:48:31 EDT" duration-ms="4" status="PASS">
          <reporter-output>
          </reporter-output>
        </test-method> <!-- getInit -->
        <test-method signature="testHomeInsurance()[pri:0, instance:searchTest.SearchPageTest@7c417213]" started-at="2020-09-26T01:48:31 EDT" name="testHomeInsurance" finished-at="2020-09-26T01:48:32 EDT" duration-ms="493" status="PASS">
          <reporter-output>
          </reporter-output>
        </test-method> <!-- testHomeInsurance -->
        <test-method is-config="true" signature="afterEachTestMethod(org.testng.ITestResult)[pri:0, instance:searchTest.SearchPageTest@7c417213]" started-at="2020-09-26T01:48:32 EDT" name="afterEachTestMethod" finished-at="2020-09-26T01:48:32 EDT" duration-ms="111" status="PASS">
          <params>
            <param index="0">
              <value>
                <![CDATA[[TestResult name=testHomeInsurance status=SUCCESS method=SearchPageTest.testHomeInsurance()[pri:0, instance:searchTest.SearchPageTest@7c417213] output={null}]]]>
              </value>
            </param>
          </params>
          <reporter-output>
          </reporter-output>
        </test-method> <!-- afterEachTestMethod -->
        <test-method is-config="true" signature="cleanUp()[pri:0, instance:searchTest.SearchPageTest@7c417213]" started-at="2020-09-26T01:48:32 EDT" name="cleanUp" finished-at="2020-09-26T01:48:32 EDT" duration-ms="0" status="PASS">
          <reporter-output>
          </reporter-output>
        </test-method> <!-- cleanUp -->
        <test-method is-config="true" signature="setUp(boolean, java.lang.String, java.lang.String, java.lang.String, java.lang.String, java.lang.String, java.lang.String)[pri:0, instance:searchTest.SearchPageTest@7c417213]" started-at="2020-09-26T01:48:32 EDT" name="setUp" finished-at="2020-09-26T01:48:34 EDT" duration-ms="1763" status="PASS">
          <params>
            <param index="0">
              <value>
                <![CDATA[false]]>
              </value>
            </param>
            <param index="1">
              <value>
                <![CDATA[browserstack]]>
              </value>
            </param>
            <param index="2">
              <value>
                <![CDATA[OS X]]>
              </value>
            </param>
            <param index="3">
              <value>
                <![CDATA[catalina]]>
              </value>
            </param>
            <param index="4">
              <value>
                <![CDATA[chrome]]>
              </value>
            </param>
            <param index="5">
              <value>
                <![CDATA[85.0]]>
              </value>
            </param>
            <param index="6">
              <value>
                <![CDATA[https://www.thehartford.com/]]>
              </value>
            </param>
          </params>
          <reporter-output>
          </reporter-output>
        </test-method> <!-- setUp -->
        <test-method is-config="true" signature="startExtent(java.lang.reflect.Method)[pri:0, instance:searchTest.SearchPageTest@7c417213]" started-at="2020-09-26T01:48:34 EDT" name="startExtent" finished-at="2020-09-26T01:48:34 EDT" duration-ms="1" status="PASS">
          <params>
            <param index="0">
              <value>
                <![CDATA[public void searchTest.SearchPageTest.testLegalNotice()]]>
              </value>
            </param>
          </params>
          <reporter-output>
          </reporter-output>
        </test-method> <!-- startExtent -->
        <test-method is-config="true" signature="getInit()[pri:0, instance:searchTest.SearchPageTest@7c417213]" started-at="2020-09-26T01:48:34 EDT" name="getInit" finished-at="2020-09-26T01:48:34 EDT" duration-ms="4" status="PASS">
          <reporter-output>
          </reporter-output>
        </test-method> <!-- getInit -->
        <test-method signature="testLegalNotice()[pri:0, instance:searchTest.SearchPageTest@7c417213]" started-at="2020-09-26T01:48:34 EDT" name="testLegalNotice" finished-at="2020-09-26T01:48:34 EDT" duration-ms="605" status="PASS">
          <reporter-output>
          </reporter-output>
        </test-method> <!-- testLegalNotice -->
        <test-method is-config="true" signature="afterEachTestMethod(org.testng.ITestResult)[pri:0, instance:searchTest.SearchPageTest@7c417213]" started-at="2020-09-26T01:48:34 EDT" name="afterEachTestMethod" finished-at="2020-09-26T01:48:34 EDT" duration-ms="109" status="PASS">
          <params>
            <param index="0">
              <value>
                <![CDATA[[TestResult name=testLegalNotice status=SUCCESS method=SearchPageTest.testLegalNotice()[pri:0, instance:searchTest.SearchPageTest@7c417213] output={null}]]]>
              </value>
            </param>
          </params>
          <reporter-output>
          </reporter-output>
        </test-method> <!-- afterEachTestMethod -->
        <test-method is-config="true" signature="setUp(boolean, java.lang.String, java.lang.String, java.lang.String, java.lang.String, java.lang.String, java.lang.String)[pri:0, instance:searchTest.SearchPageTest@7c417213]" started-at="2020-09-26T01:48:34 EDT" name="setUp" finished-at="2020-09-26T01:48:37 EDT" duration-ms="2017" status="PASS">
          <params>
            <param index="0">
              <value>
                <![CDATA[false]]>
              </value>
            </param>
            <param index="1">
              <value>
                <![CDATA[browserstack]]>
              </value>
            </param>
            <param index="2">
              <value>
                <![CDATA[OS X]]>
              </value>
            </param>
            <param index="3">
              <value>
                <![CDATA[catalina]]>
              </value>
            </param>
            <param index="4">
              <value>
                <![CDATA[chrome]]>
              </value>
            </param>
            <param index="5">
              <value>
                <![CDATA[85.0]]>
              </value>
            </param>
            <param index="6">
              <value>
                <![CDATA[https://www.thehartford.com/]]>
              </value>
            </param>
          </params>
          <reporter-output>
          </reporter-output>
        </test-method> <!-- setUp -->
        <test-method is-config="true" signature="cleanUp()[pri:0, instance:searchTest.SearchPageTest@7c417213]" started-at="2020-09-26T01:48:34 EDT" name="cleanUp" finished-at="2020-09-26T01:48:34 EDT" duration-ms="0" status="PASS">
          <reporter-output>
          </reporter-output>
        </test-method> <!-- cleanUp -->
        <test-method is-config="true" signature="getInit()[pri:0, instance:searchTest.SearchPageTest@7c417213]" started-at="2020-09-26T01:48:37 EDT" name="getInit" finished-at="2020-09-26T01:48:37 EDT" duration-ms="4" status="PASS">
          <reporter-output>
          </reporter-output>
        </test-method> <!-- getInit -->
        <test-method is-config="true" signature="startExtent(java.lang.reflect.Method)[pri:0, instance:searchTest.SearchPageTest@7c417213]" started-at="2020-09-26T01:48:37 EDT" name="startExtent" finished-at="2020-09-26T01:48:37 EDT" duration-ms="0" status="PASS">
          <params>
            <param index="0">
              <value>
                <![CDATA[public void searchTest.SearchPageTest.testMobileApp()]]>
              </value>
            </param>
          </params>
          <reporter-output>
          </reporter-output>
        </test-method> <!-- startExtent -->
        <test-method signature="testMobileApp()[pri:0, instance:searchTest.SearchPageTest@7c417213]" started-at="2020-09-26T01:48:37 EDT" name="testMobileApp" finished-at="2020-09-26T01:48:37 EDT" duration-ms="409" status="PASS">
          <reporter-output>
          </reporter-output>
        </test-method> <!-- testMobileApp -->
        <test-method is-config="true" signature="afterEachTestMethod(org.testng.ITestResult)[pri:0, instance:searchTest.SearchPageTest@7c417213]" started-at="2020-09-26T01:48:37 EDT" name="afterEachTestMethod" finished-at="2020-09-26T01:48:37 EDT" duration-ms="104" status="PASS">
          <params>
            <param index="0">
              <value>
                <![CDATA[[TestResult name=testMobileApp status=SUCCESS method=SearchPageTest.testMobileApp()[pri:0, instance:searchTest.SearchPageTest@7c417213] output={null}]]]>
              </value>
            </param>
          </params>
          <reporter-output>
          </reporter-output>
        </test-method> <!-- afterEachTestMethod -->
        <test-method is-config="true" signature="setUp(boolean, java.lang.String, java.lang.String, java.lang.String, java.lang.String, java.lang.String, java.lang.String)[pri:0, instance:searchTest.SearchPageTest@7c417213]" started-at="2020-09-26T01:48:37 EDT" name="setUp" finished-at="2020-09-26T01:48:39 EDT" duration-ms="1806" status="PASS">
          <params>
            <param index="0">
              <value>
                <![CDATA[false]]>
              </value>
            </param>
            <param index="1">
              <value>
                <![CDATA[browserstack]]>
              </value>
            </param>
            <param index="2">
              <value>
                <![CDATA[OS X]]>
              </value>
            </param>
            <param index="3">
              <value>
                <![CDATA[catalina]]>
              </value>
            </param>
            <param index="4">
              <value>
                <![CDATA[chrome]]>
              </value>
            </param>
            <param index="5">
              <value>
                <![CDATA[85.0]]>
              </value>
            </param>
            <param index="6">
              <value>
                <![CDATA[https://www.thehartford.com/]]>
              </value>
            </param>
          </params>
          <reporter-output>
          </reporter-output>
        </test-method> <!-- setUp -->
        <test-method is-config="true" signature="cleanUp()[pri:0, instance:searchTest.SearchPageTest@7c417213]" started-at="2020-09-26T01:48:37 EDT" name="cleanUp" finished-at="2020-09-26T01:48:37 EDT" duration-ms="0" status="PASS">
          <reporter-output>
          </reporter-output>
        </test-method> <!-- cleanUp -->
        <test-method is-config="true" signature="startExtent(java.lang.reflect.Method)[pri:0, instance:searchTest.SearchPageTest@7c417213]" started-at="2020-09-26T01:48:39 EDT" name="startExtent" finished-at="2020-09-26T01:48:39 EDT" duration-ms="1" status="PASS">
          <params>
            <param index="0">
              <value>
                <![CDATA[public void searchTest.SearchPageTest.testPrivacyPolicy()]]>
              </value>
            </param>
          </params>
          <reporter-output>
          </reporter-output>
        </test-method> <!-- startExtent -->
        <test-method is-config="true" signature="getInit()[pri:0, instance:searchTest.SearchPageTest@7c417213]" started-at="2020-09-26T01:48:39 EDT" name="getInit" finished-at="2020-09-26T01:48:39 EDT" duration-ms="4" status="PASS">
          <reporter-output>
          </reporter-output>
        </test-method> <!-- getInit -->
        <test-method signature="testPrivacyPolicy()[pri:0, instance:searchTest.SearchPageTest@7c417213]" started-at="2020-09-26T01:48:39 EDT" name="testPrivacyPolicy" finished-at="2020-09-26T01:48:39 EDT" duration-ms="553" status="PASS">
          <reporter-output>
          </reporter-output>
        </test-method> <!-- testPrivacyPolicy -->
        <test-method is-config="true" signature="afterEachTestMethod(org.testng.ITestResult)[pri:0, instance:searchTest.SearchPageTest@7c417213]" started-at="2020-09-26T01:48:39 EDT" name="afterEachTestMethod" finished-at="2020-09-26T01:48:39 EDT" duration-ms="102" status="PASS">
          <params>
            <param index="0">
              <value>
                <![CDATA[[TestResult name=testPrivacyPolicy status=SUCCESS method=SearchPageTest.testPrivacyPolicy()[pri:0, instance:searchTest.SearchPageTest@7c417213] output={null}]]]>
              </value>
            </param>
          </params>
          <reporter-output>
          </reporter-output>
        </test-method> <!-- afterEachTestMethod -->
        <test-method is-config="true" signature="cleanUp()[pri:0, instance:searchTest.SearchPageTest@7c417213]" started-at="2020-09-26T01:48:39 EDT" name="cleanUp" finished-at="2020-09-26T01:48:39 EDT" duration-ms="0" status="PASS">
          <reporter-output>
          </reporter-output>
        </test-method> <!-- cleanUp -->
        <test-method is-config="true" signature="setUp(boolean, java.lang.String, java.lang.String, java.lang.String, java.lang.String, java.lang.String, java.lang.String)[pri:0, instance:searchTest.SearchPageTest@7c417213]" started-at="2020-09-26T01:48:39 EDT" name="setUp" finished-at="2020-09-26T01:48:41 EDT" duration-ms="1844" status="PASS">
          <params>
            <param index="0">
              <value>
                <![CDATA[false]]>
              </value>
            </param>
            <param index="1">
              <value>
                <![CDATA[browserstack]]>
              </value>
            </param>
            <param index="2">
              <value>
                <![CDATA[OS X]]>
              </value>
            </param>
            <param index="3">
              <value>
                <![CDATA[catalina]]>
              </value>
            </param>
            <param index="4">
              <value>
                <![CDATA[chrome]]>
              </value>
            </param>
            <param index="5">
              <value>
                <![CDATA[85.0]]>
              </value>
            </param>
            <param index="6">
              <value>
                <![CDATA[https://www.thehartford.com/]]>
              </value>
            </param>
          </params>
          <reporter-output>
          </reporter-output>
        </test-method> <!-- setUp -->
        <test-method is-config="true" signature="startExtent(java.lang.reflect.Method)[pri:0, instance:searchTest.SearchPageTest@7c417213]" started-at="2020-09-26T01:48:41 EDT" name="startExtent" finished-at="2020-09-26T01:48:41 EDT" duration-ms="0" status="PASS">
          <params>
            <param index="0">
              <value>
                <![CDATA[public void searchTest.SearchPageTest.testProdCompensation()]]>
              </value>
            </param>
          </params>
          <reporter-output>
          </reporter-output>
        </test-method> <!-- startExtent -->
        <test-method is-config="true" signature="getInit()[pri:0, instance:searchTest.SearchPageTest@7c417213]" started-at="2020-09-26T01:48:41 EDT" name="getInit" finished-at="2020-09-26T01:48:41 EDT" duration-ms="4" status="PASS">
          <reporter-output>
          </reporter-output>
        </test-method> <!-- getInit -->
        <test-method signature="testProdCompensation()[pri:0, instance:searchTest.SearchPageTest@7c417213]" started-at="2020-09-26T01:48:41 EDT" name="testProdCompensation" finished-at="2020-09-26T01:48:42 EDT" duration-ms="617" status="PASS">
          <reporter-output>
          </reporter-output>
        </test-method> <!-- testProdCompensation -->
        <test-method is-config="true" signature="afterEachTestMethod(org.testng.ITestResult)[pri:0, instance:searchTest.SearchPageTest@7c417213]" started-at="2020-09-26T01:48:42 EDT" name="afterEachTestMethod" finished-at="2020-09-26T01:48:42 EDT" duration-ms="108" status="PASS">
          <params>
            <param index="0">
              <value>
                <![CDATA[[TestResult name=testProdCompensation status=SUCCESS method=SearchPageTest.testProdCompensation()[pri:0, instance:searchTest.SearchPageTest@7c417213] output={null}]]]>
              </value>
            </param>
          </params>
          <reporter-output>
          </reporter-output>
        </test-method> <!-- afterEachTestMethod -->
        <test-method is-config="true" signature="cleanUp()[pri:0, instance:searchTest.SearchPageTest@7c417213]" started-at="2020-09-26T01:48:42 EDT" name="cleanUp" finished-at="2020-09-26T01:48:42 EDT" duration-ms="1" status="PASS">
          <reporter-output>
          </reporter-output>
        </test-method> <!-- cleanUp -->
        <test-method is-config="true" signature="setUp(boolean, java.lang.String, java.lang.String, java.lang.String, java.lang.String, java.lang.String, java.lang.String)[pri:0, instance:searchTest.SearchPageTest@7c417213]" started-at="2020-09-26T01:48:42 EDT" name="setUp" finished-at="2020-09-26T01:48:44 EDT" duration-ms="2117" status="PASS">
          <params>
            <param index="0">
              <value>
                <![CDATA[false]]>
              </value>
            </param>
            <param index="1">
              <value>
                <![CDATA[browserstack]]>
              </value>
            </param>
            <param index="2">
              <value>
                <![CDATA[OS X]]>
              </value>
            </param>
            <param index="3">
              <value>
                <![CDATA[catalina]]>
              </value>
            </param>
            <param index="4">
              <value>
                <![CDATA[chrome]]>
              </value>
            </param>
            <param index="5">
              <value>
                <![CDATA[85.0]]>
              </value>
            </param>
            <param index="6">
              <value>
                <![CDATA[https://www.thehartford.com/]]>
              </value>
            </param>
          </params>
          <reporter-output>
          </reporter-output>
        </test-method> <!-- setUp -->
        <test-method is-config="true" signature="startExtent(java.lang.reflect.Method)[pri:0, instance:searchTest.SearchPageTest@7c417213]" started-at="2020-09-26T01:48:44 EDT" name="startExtent" finished-at="2020-09-26T01:48:44 EDT" duration-ms="1" status="PASS">
          <params>
            <param index="0">
              <value>
                <![CDATA[public void searchTest.SearchPageTest.testReportClaim()]]>
              </value>
            </param>
          </params>
          <reporter-output>
          </reporter-output>
        </test-method> <!-- startExtent -->
        <test-method is-config="true" signature="getInit()[pri:0, instance:searchTest.SearchPageTest@7c417213]" started-at="2020-09-26T01:48:44 EDT" name="getInit" finished-at="2020-09-26T01:48:44 EDT" duration-ms="2" status="PASS">
          <reporter-output>
          </reporter-output>
        </test-method> <!-- getInit -->
        <test-method signature="testReportClaim()[pri:0, instance:searchTest.SearchPageTest@7c417213]" started-at="2020-09-26T01:48:44 EDT" name="testReportClaim" finished-at="2020-09-26T01:48:45 EDT" duration-ms="827" status="PASS">
          <reporter-output>
          </reporter-output>
        </test-method> <!-- testReportClaim -->
        <test-method is-config="true" signature="afterEachTestMethod(org.testng.ITestResult)[pri:0, instance:searchTest.SearchPageTest@7c417213]" started-at="2020-09-26T01:48:45 EDT" name="afterEachTestMethod" finished-at="2020-09-26T01:48:45 EDT" duration-ms="105" status="PASS">
          <params>
            <param index="0">
              <value>
                <![CDATA[[TestResult name=testReportClaim status=SUCCESS method=SearchPageTest.testReportClaim()[pri:0, instance:searchTest.SearchPageTest@7c417213] output={null}]]]>
              </value>
            </param>
          </params>
          <reporter-output>
          </reporter-output>
        </test-method> <!-- afterEachTestMethod -->
        <test-method is-config="true" signature="cleanUp()[pri:0, instance:searchTest.SearchPageTest@7c417213]" started-at="2020-09-26T01:48:45 EDT" name="cleanUp" finished-at="2020-09-26T01:48:45 EDT" duration-ms="0" status="PASS">
          <reporter-output>
          </reporter-output>
        </test-method> <!-- cleanUp -->
        <test-method is-config="true" signature="setUp(boolean, java.lang.String, java.lang.String, java.lang.String, java.lang.String, java.lang.String, java.lang.String)[pri:0, instance:searchTest.SearchPageTest@7c417213]" started-at="2020-09-26T01:48:45 EDT" name="setUp" finished-at="2020-09-26T01:48:47 EDT" duration-ms="2108" status="PASS">
          <params>
            <param index="0">
              <value>
                <![CDATA[false]]>
              </value>
            </param>
            <param index="1">
              <value>
                <![CDATA[browserstack]]>
              </value>
            </param>
            <param index="2">
              <value>
                <![CDATA[OS X]]>
              </value>
            </param>
            <param index="3">
              <value>
                <![CDATA[catalina]]>
              </value>
            </param>
            <param index="4">
              <value>
                <![CDATA[chrome]]>
              </value>
            </param>
            <param index="5">
              <value>
                <![CDATA[85.0]]>
              </value>
            </param>
            <param index="6">
              <value>
                <![CDATA[https://www.thehartford.com/]]>
              </value>
            </param>
          </params>
          <reporter-output>
          </reporter-output>
        </test-method> <!-- setUp -->
        <test-method is-config="true" signature="startExtent(java.lang.reflect.Method)[pri:0, instance:searchTest.SearchPageTest@7c417213]" started-at="2020-09-26T01:48:47 EDT" name="startExtent" finished-at="2020-09-26T01:48:47 EDT" duration-ms="1" status="PASS">
          <params>
            <param index="0">
              <value>
                <![CDATA[public void searchTest.SearchPageTest.testSmallBiz()]]>
              </value>
            </param>
          </params>
          <reporter-output>
          </reporter-output>
        </test-method> <!-- startExtent -->
        <test-method is-config="true" signature="getInit()[pri:0, instance:searchTest.SearchPageTest@7c417213]" started-at="2020-09-26T01:48:47 EDT" name="getInit" finished-at="2020-09-26T01:48:47 EDT" duration-ms="3" status="PASS">
          <reporter-output>
          </reporter-output>
        </test-method> <!-- getInit -->
        <test-method signature="testSmallBiz()[pri:0, instance:searchTest.SearchPageTest@7c417213]" started-at="2020-09-26T01:48:47 EDT" name="testSmallBiz" finished-at="2020-09-26T01:48:47 EDT" duration-ms="149" status="PASS">
          <reporter-output>
          </reporter-output>
        </test-method> <!-- testSmallBiz -->
        <test-method is-config="true" signature="afterEachTestMethod(org.testng.ITestResult)[pri:0, instance:searchTest.SearchPageTest@7c417213]" started-at="2020-09-26T01:48:47 EDT" name="afterEachTestMethod" finished-at="2020-09-26T01:48:47 EDT" duration-ms="120" status="PASS">
          <params>
            <param index="0">
              <value>
                <![CDATA[[TestResult name=testSmallBiz status=SUCCESS method=SearchPageTest.testSmallBiz()[pri:0, instance:searchTest.SearchPageTest@7c417213] output={null}]]]>
              </value>
            </param>
          </params>
          <reporter-output>
          </reporter-output>
        </test-method> <!-- afterEachTestMethod -->
        <test-method is-config="true" signature="cleanUp()[pri:0, instance:searchTest.SearchPageTest@7c417213]" started-at="2020-09-26T01:48:47 EDT" name="cleanUp" finished-at="2020-09-26T01:48:47 EDT" duration-ms="0" status="PASS">
          <reporter-output>
          </reporter-output>
        </test-method> <!-- cleanUp -->
      </class> <!-- searchTest.SearchPageTest -->
    </test> <!-- The Hartford Home -->
  </suite> <!-- The Hartford Automation Test -->
</testng-results>
