<?xml version="1.0" encoding="UTF-8"?>
<testsuite xmlns:xsi="http://www.w3.org/2001/XMLSchema-instance" xsi:noNamespaceSchemaLocation="https://maven.apache.org/surefire/maven-surefire-plugin/xsd/surefire-test-report-3.0.xsd" version="3.0" name="TestSuite" time="360.13" tests="122" errors="0" skipped="95" failures="16">
  <properties>
[...]
</properties>
  <testcase name="setUp[false, false, windows, 10, chrome-options, 34, https://www.thehartford.com/](0)" classname="getAQuoteAuto.GetAQuoteAutoTest" time="80.359">
    <failure message="session not created&#10;from disconnected: unable to connect to renderer&#10;  (Session info: chrome=85.0.4183.121)&#10;Build info: version: &apos;3.141.59&apos;, revision: &apos;e82be7d358&apos;, time: &apos;2018-11-14T08:17:03&apos;&#10;System info: host: &apos;DESKTOP-F15B8L7&apos;, ip: &apos;169.254.252.52&apos;, os.name: &apos;Windows 10&apos;, os.arch: &apos;amd64&apos;, os.version: &apos;10.0&apos;, java.version: &apos;11.0.5&apos;&#10;Driver info: driver.version: ChromeDriver&#10;remote stacktrace: Backtrace:&#10;	Ordinal0 [0x00A287E3+2852835]&#10;	Ordinal0 [0x00915BB1+1727409]&#10;	Ordinal0 [0x007EE4B9+517305]&#10;	Ordinal0 [0x007E4EA3+478883]&#10;	Ordinal0 [0x007EF300+520960]&#10;	Ordinal0 [0x0079E489+189577]&#10;	Ordinal0 [0x0079D7FD+186365]&#10;	Ordinal0 [0x0079B70B+177931]&#10;	Ordinal0 [0x00782584+75140]&#10;	Ordinal0 [0x00783650+79440]&#10;	Ordinal0 [0x007835E9+79337]&#10;	Ordinal0 [0x0092AD5C+1813852]&#10;	GetHandleVerifier [0x00B4C616+1075574]&#10;	GetHandleVerifier [0x00B4C367+1074887]&#10;	GetHandleVerifier [0x00B57497+1120247]&#10;	GetHandleVerifier [0x00B4CC16+1077110]&#10;	Ordinal0 [0x00923206+1782278]&#10;	Ordinal0 [0x0092C3BB+1819579]&#10;	Ordinal0 [0x0092C523+1819939]&#10;	Ordinal0 [0x00942B45+1911621]&#10;	BaseThreadInitThunk [0x75C66359+25]&#10;	RtlGetAppContainerNamedObjectPath [0x77077C24+228]&#10;	RtlGetAppContainerNamedObjectPath [0x77077BF4+180]&#10;" type="org.openqa.selenium.SessionNotCreatedException"><![CDATA[org.openqa.selenium.SessionNotCreatedException: 
session not created
from disconnected: unable to connect to renderer
  (Session info: chrome=85.0.4183.121)
Build info: version: '3.141.59', revision: 'e82be7d358', time: '2018-11-14T08:17:03'
System info: host: 'DESKTOP-F15B8L7', ip: '169.254.252.52', os.name: 'Windows 10', os.arch: 'amd64', os.version: '10.0', java.version: '11.0.5'
Driver info: driver.version: ChromeDriver
remote stacktrace: Backtrace:
	Ordinal0 [0x00A287E3+2852835]
	Ordinal0 [0x00915BB1+1727409]
	Ordinal0 [0x007EE4B9+517305]
	Ordinal0 [0x007E4EA3+478883]
	Ordinal0 [0x007EF300+520960]
	Ordinal0 [0x0079E489+189577]
	Ordinal0 [0x0079D7FD+186365]
	Ordinal0 [0x0079B70B+177931]
	Ordinal0 [0x00782584+75140]
	Ordinal0 [0x00783650+79440]
	Ordinal0 [0x007835E9+79337]
	Ordinal0 [0x0092AD5C+1813852]
	GetHandleVerifier [0x00B4C616+1075574]
	GetHandleVerifier [0x00B4C367+1074887]
	GetHandleVerifier [0x00B57497+1120247]
	GetHandleVerifier [0x00B4CC16+1077110]
	Ordinal0 [0x00923206+1782278]
	Ordinal0 [0x0092C3BB+1819579]
	Ordinal0 [0x0092C523+1819939]
	Ordinal0 [0x00942B45+1911621]
	BaseThreadInitThunk [0x75C66359+25]
	RtlGetAppContainerNamedObjectPath [0x77077C24+228]
	RtlGetAppContainerNamedObjectPath [0x77077BF4+180]

]]></failure>
    <system-out><![CDATA[Extent Report DirectoryC:\Study\Selenium\Selenium\Frameworks\WebAutomationFramework_Team1\TheHartford\target\surefire-reports\html
]]></system-out>
    <system-err><![CDATA[Starting ChromeDriver 84.0.4147.30 (48b3e868b4cc0aa7e8149519690b6f6949e110a8-refs/branch-heads/4147@{#310}) on port 24960
Only local connections are allowed.
Please see https://chromedriver.chromium.org/security-considerations for suggestions on keeping ChromeDriver safe.
ChromeDriver was started successfully.
[1601101772.652][WARNING]: This version of ChromeDriver has not been tested with Chrome version 85.
[1601101785.958][WARNING]: Timed out connecting to Chrome, retrying...
[1601101793.960][WARNING]: Timed out connecting to Chrome, retrying...
[1601101809.967][WARNING]: Timed out connecting to Chrome, giving up.
[1601101814.285][WARNING]: Timed out connecting to Chrome, retrying...
[1601101822.286][WARNING]: Timed out connecting to Chrome, retrying...
[1601101838.287][WARNING]: Timed out connecting to Chrome, giving up.
]]></system-err>
  </testcase>
  <testcase name="startExtent" classname="getAQuoteAuto.GetAQuoteAutoTest" time="0">
    <skipped/>
  </testcase>
  <testcase name="startExtent" classname="getAQuoteAuto.GetAQuoteAutoTest" time="0">
    <skipped/>
  </testcase>
  <testcase name="startExtent" classname="getAQuoteAuto.GetAQuoteAutoTest" time="0">
    <skipped/>
  </testcase>
  <testcase name="startExtent" classname="getAQuoteAuto.GetAQuoteAutoTest" time="0">
    <skipped/>
  </testcase>
  <testcase name="startExtent" classname="getAQuoteAuto.GetAQuoteAutoTest" time="0">
    <skipped/>
  </testcase>
  <testcase name="startExtent" classname="getAQuoteAuto.GetAQuoteAutoTest" time="0">
    <skipped/>
  </testcase>
  <testcase name="startExtent" classname="getAQuoteAuto.GetAQuoteAutoTest" time="0">
    <skipped/>
  </testcase>
  <testcase name="startExtent" classname="getAQuoteAuto.GetAQuoteAutoTest" time="0">
    <skipped/>
  </testcase>
  <testcase name="startExtent" classname="getAQuoteAuto.GetAQuoteAutoTest" time="0">
    <skipped/>
  </testcase>
  <testcase name="startExtent" classname="getAQuoteAuto.GetAQuoteAutoTest" time="0">
    <skipped/>
  </testcase>
  <testcase name="startExtent" classname="getAQuoteAuto.GetAQuoteAutoTest" time="0">
    <skipped/>
  </testcase>
  <testcase name="startExtent" classname="getAQuoteAuto.GetAQuoteAutoTest" time="0">
    <skipped/>
  </testcase>
  <testcase name="clearBrowserCache" classname="getAQuoteAuto.GetAQuoteAutoTest" time="0">
    <skipped/>
  </testcase>
  <testcase name="clearBrowserCache" classname="getAQuoteAuto.GetAQuoteAutoTest" time="0">
    <skipped/>
  </testcase>
  <testcase name="clearBrowserCache" classname="getAQuoteAuto.GetAQuoteAutoTest" time="0">
    <skipped/>
  </testcase>
  <testcase name="clearBrowserCache" classname="getAQuoteAuto.GetAQuoteAutoTest" time="0">
    <skipped/>
  </testcase>
  <testcase name="clearBrowserCache" classname="getAQuoteAuto.GetAQuoteAutoTest" time="0">
    <skipped/>
  </testcase>
  <testcase name="clearBrowserCache" classname="getAQuoteAuto.GetAQuoteAutoTest" time="0">
    <skipped/>
  </testcase>
  <testcase name="clearBrowserCache" classname="getAQuoteAuto.GetAQuoteAutoTest" time="0">
    <skipped/>
  </testcase>
  <testcase name="clearBrowserCache" classname="getAQuoteAuto.GetAQuoteAutoTest" time="0">
    <skipped/>
  </testcase>
  <testcase name="clearBrowserCache" classname="getAQuoteAuto.GetAQuoteAutoTest" time="0">
    <skipped/>
  </testcase>
  <testcase name="clearBrowserCache" classname="getAQuoteAuto.GetAQuoteAutoTest" time="0">
    <skipped/>
  </testcase>
  <testcase name="clearBrowserCache" classname="getAQuoteAuto.GetAQuoteAutoTest" time="0">
    <skipped/>
  </testcase>
  <testcase name="clearBrowserCache" classname="getAQuoteAuto.GetAQuoteAutoTest" time="0">
    <skipped/>
  </testcase>
  <testcase name="getInit" classname="getAQuoteAuto.GetAQuoteAutoTest" time="0">
    <skipped/>
  </testcase>
  <testcase name="getInit" classname="getAQuoteAuto.GetAQuoteAutoTest" time="0">
    <skipped/>
  </testcase>
  <testcase name="getInit" classname="getAQuoteAuto.GetAQuoteAutoTest" time="0">
    <skipped/>
  </testcase>
  <testcase name="getInit" classname="getAQuoteAuto.GetAQuoteAutoTest" time="0">
    <skipped/>
  </testcase>
  <testcase name="getInit" classname="getAQuoteAuto.GetAQuoteAutoTest" time="0">
    <skipped/>
  </testcase>
  <testcase name="getInit" classname="getAQuoteAuto.GetAQuoteAutoTest" time="0">
    <skipped/>
  </testcase>
  <testcase name="getInit" classname="getAQuoteAuto.GetAQuoteAutoTest" time="0">
    <skipped/>
  </testcase>
  <testcase name="getInit" classname="getAQuoteAuto.GetAQuoteAutoTest" time="0">
    <skipped/>
  </testcase>
  <testcase name="getInit" classname="getAQuoteAuto.GetAQuoteAutoTest" time="0">
    <skipped/>
  </testcase>
  <testcase name="getInit" classname="getAQuoteAuto.GetAQuoteAutoTest" time="0">
    <skipped/>
  </testcase>
  <testcase name="getInit" classname="getAQuoteAuto.GetAQuoteAutoTest" time="0">
    <skipped/>
  </testcase>
  <testcase name="getInit" classname="getAQuoteAuto.GetAQuoteAutoTest" time="0">
    <skipped/>
  </testcase>
  <testcase name="maximizeWindow" classname="getAQuoteAuto.GetAQuoteAutoTest" time="0">
    <skipped/>
  </testcase>
  <testcase name="maximizeWindow" classname="getAQuoteAuto.GetAQuoteAutoTest" time="0">
    <skipped/>
  </testcase>
  <testcase name="maximizeWindow" classname="getAQuoteAuto.GetAQuoteAutoTest" time="0">
    <skipped/>
  </testcase>
  <testcase name="maximizeWindow" classname="getAQuoteAuto.GetAQuoteAutoTest" time="0">
    <skipped/>
  </testcase>
  <testcase name="maximizeWindow" classname="getAQuoteAuto.GetAQuoteAutoTest" time="0">
    <skipped/>
  </testcase>
  <testcase name="maximizeWindow" classname="getAQuoteAuto.GetAQuoteAutoTest" time="0">
    <skipped/>
  </testcase>
  <testcase name="maximizeWindow" classname="getAQuoteAuto.GetAQuoteAutoTest" time="0">
    <skipped/>
  </testcase>
  <testcase name="maximizeWindow" classname="getAQuoteAuto.GetAQuoteAutoTest" time="0">
    <skipped/>
  </testcase>
  <testcase name="maximizeWindow" classname="getAQuoteAuto.GetAQuoteAutoTest" time="0">
    <skipped/>
  </testcase>
  <testcase name="maximizeWindow" classname="getAQuoteAuto.GetAQuoteAutoTest" time="0">
    <skipped/>
  </testcase>
  <testcase name="maximizeWindow" classname="getAQuoteAuto.GetAQuoteAutoTest" time="0">
    <skipped/>
  </testcase>
  <testcase name="maximizeWindow" classname="getAQuoteAuto.GetAQuoteAutoTest" time="0">
    <skipped/>
  </testcase>
  <testcase name="testFillOutAboutYou" classname="getAQuoteAuto.GetAQuoteAutoTest" time="0">
    <skipped message="session not created&#10;from disconnected: unable to connect to renderer&#10;  (Session info: chrome=85.0.4183.121)&#10;Build info: version: &apos;3.141.59&apos;, revision: &apos;e82be7d358&apos;, time: &apos;2018-11-14T08:17:03&apos;&#10;System info: host: &apos;DESKTOP-F15B8L7&apos;, ip: &apos;169.254.252.52&apos;, os.name: &apos;Windows 10&apos;, os.arch: &apos;amd64&apos;, os.version: &apos;10.0&apos;, java.version: &apos;11.0.5&apos;&#10;Driver info: driver.version: ChromeDriver&#10;remote stacktrace: Backtrace:&#10;	Ordinal0 [0x00A287E3+2852835]&#10;	Ordinal0 [0x00915BB1+1727409]&#10;	Ordinal0 [0x007EE4B9+517305]&#10;	Ordinal0 [0x007E4EA3+478883]&#10;	Ordinal0 [0x007EF300+520960]&#10;	Ordinal0 [0x0079E489+189577]&#10;	Ordinal0 [0x0079D7FD+186365]&#10;	Ordinal0 [0x0079B70B+177931]&#10;	Ordinal0 [0x00782584+75140]&#10;	Ordinal0 [0x00783650+79440]&#10;	Ordinal0 [0x007835E9+79337]&#10;	Ordinal0 [0x0092AD5C+1813852]&#10;	GetHandleVerifier [0x00B4C616+1075574]&#10;	GetHandleVerifier [0x00B4C367+1074887]&#10;	GetHandleVerifier [0x00B57497+1120247]&#10;	GetHandleVerifier [0x00B4CC16+1077110]&#10;	Ordinal0 [0x00923206+1782278]&#10;	Ordinal0 [0x0092C3BB+1819579]&#10;	Ordinal0 [0x0092C523+1819939]&#10;	Ordinal0 [0x00942B45+1911621]&#10;	BaseThreadInitThunk [0x75C66359+25]&#10;	RtlGetAppContainerNamedObjectPath [0x77077C24+228]&#10;	RtlGetAppContainerNamedObjectPath [0x77077BF4+180]&#10;"/>
  </testcase>
  <testcase name="afterEachTestMethod" classname="getAQuoteAuto.GetAQuoteAutoTest" time="0">
    <skipped/>
  </testcase>
  <testcase name="afterEachTestMethod" classname="getAQuoteAuto.GetAQuoteAutoTest" time="0">
    <skipped/>
  </testcase>
  <testcase name="afterEachTestMethod" classname="getAQuoteAuto.GetAQuoteAutoTest" time="0">
    <skipped/>
  </testcase>
  <testcase name="afterEachTestMethod" classname="getAQuoteAuto.GetAQuoteAutoTest" time="0">
    <skipped/>
  </testcase>
  <testcase name="afterEachTestMethod" classname="getAQuoteAuto.GetAQuoteAutoTest" time="0">
    <skipped/>
  </testcase>
  <testcase name="afterEachTestMethod" classname="getAQuoteAuto.GetAQuoteAutoTest" time="0">
    <skipped/>
  </testcase>
  <testcase name="afterEachTestMethod" classname="getAQuoteAuto.GetAQuoteAutoTest" time="0">
    <skipped/>
  </testcase>
  <testcase name="afterEachTestMethod" classname="getAQuoteAuto.GetAQuoteAutoTest" time="0">
    <skipped/>
  </testcase>
  <testcase name="afterEachTestMethod" classname="getAQuoteAuto.GetAQuoteAutoTest" time="0">
    <skipped/>
  </testcase>
  <testcase name="afterEachTestMethod" classname="getAQuoteAuto.GetAQuoteAutoTest" time="0">
    <skipped/>
  </testcase>
  <testcase name="afterEachTestMethod" classname="getAQuoteAuto.GetAQuoteAutoTest" time="0">
    <skipped/>
  </testcase>
  <testcase name="afterEachTestMethod" classname="getAQuoteAuto.GetAQuoteAutoTest" time="0">
    <skipped/>
  </testcase>
  <testcase name="cleanUp" classname="getAQuoteAuto.GetAQuoteAutoTest" time="0">
    <failure type="java.lang.NullPointerException"><![CDATA[java.lang.NullPointerException
]]></failure>
  </testcase>
  <testcase name="cleanUp" classname="getAQuoteAuto.GetAQuoteAutoTest" time="0">
    <failure type="java.lang.NullPointerException"><![CDATA[java.lang.NullPointerException
]]></failure>
  </testcase>
  <testcase name="cleanUp" classname="getAQuoteAuto.GetAQuoteAutoTest" time="0">
    <failure type="java.lang.NullPointerException"><![CDATA[java.lang.NullPointerException
]]></failure>
  </testcase>
  <testcase name="cleanUp" classname="getAQuoteAuto.GetAQuoteAutoTest" time="0">
    <failure type="java.lang.NullPointerException"><![CDATA[java.lang.NullPointerException
]]></failure>
  </testcase>
  <testcase name="cleanUp" classname="getAQuoteAuto.GetAQuoteAutoTest" time="0">
    <failure type="java.lang.NullPointerException"><![CDATA[java.lang.NullPointerException
]]></failure>
  </testcase>
  <testcase name="cleanUp" classname="getAQuoteAuto.GetAQuoteAutoTest" time="0">
    <failure type="java.lang.NullPointerException"><![CDATA[java.lang.NullPointerException
]]></failure>
  </testcase>
  <testcase name="cleanUp" classname="getAQuoteAuto.GetAQuoteAutoTest" time="0">
    <failure type="java.lang.NullPointerException"><![CDATA[java.lang.NullPointerException
]]></failure>
  </testcase>
  <testcase name="cleanUp" classname="getAQuoteAuto.GetAQuoteAutoTest" time="0">
    <failure type="java.lang.NullPointerException"><![CDATA[java.lang.NullPointerException
]]></failure>
  </testcase>
  <testcase name="cleanUp" classname="getAQuoteAuto.GetAQuoteAutoTest" time="0">
    <failure type="java.lang.NullPointerException"><![CDATA[java.lang.NullPointerException
]]></failure>
  </testcase>
  <testcase name="cleanUp" classname="getAQuoteAuto.GetAQuoteAutoTest" time="0">
    <failure type="java.lang.NullPointerException"><![CDATA[java.lang.NullPointerException
]]></failure>
  </testcase>
  <testcase name="cleanUp" classname="getAQuoteAuto.GetAQuoteAutoTest" time="0">
    <failure type="java.lang.NullPointerException"><![CDATA[java.lang.NullPointerException
]]></failure>
  </testcase>
  <testcase name="cleanUp" classname="getAQuoteAuto.GetAQuoteAutoTest" time="0">
    <failure type="java.lang.NullPointerException"><![CDATA[java.lang.NullPointerException
]]></failure>
  </testcase>
  <testcase name="setUp" classname="getAQuoteAuto.GetAQuoteAutoTest" time="0">
    <skipped/>
  </testcase>
  <testcase name="setUp" classname="getAQuoteAuto.GetAQuoteAutoTest" time="0">
    <skipped/>
  </testcase>
  <testcase name="setUp" classname="getAQuoteAuto.GetAQuoteAutoTest" time="0">
    <skipped/>
  </testcase>
  <testcase name="setUp" classname="getAQuoteAuto.GetAQuoteAutoTest" time="0">
    <skipped/>
  </testcase>
  <testcase name="setUp" classname="getAQuoteAuto.GetAQuoteAutoTest" time="0">
    <skipped/>
  </testcase>
  <testcase name="setUp" classname="getAQuoteAuto.GetAQuoteAutoTest" time="0">
    <skipped/>
  </testcase>
  <testcase name="setUp" classname="getAQuoteAuto.GetAQuoteAutoTest" time="0">
    <skipped/>
  </testcase>
  <testcase name="setUp" classname="getAQuoteAuto.GetAQuoteAutoTest" time="0">
    <skipped/>
  </testcase>
  <testcase name="setUp" classname="getAQuoteAuto.GetAQuoteAutoTest" time="0">
    <skipped/>
  </testcase>
  <testcase name="setUp" classname="getAQuoteAuto.GetAQuoteAutoTest" time="0">
    <skipped/>
  </testcase>
  <testcase name="setUp" classname="getAQuoteAuto.GetAQuoteAutoTest" time="0">
    <skipped/>
  </testcase>
  <testcase name="testValidateAddNissanMaxima2007WithVINConfirmation" classname="getAQuoteAuto.GetAQuoteAutoTest" time="0">
    <skipped message="session not created&#10;from disconnected: unable to connect to renderer&#10;  (Session info: chrome=85.0.4183.121)&#10;Build info: version: &apos;3.141.59&apos;, revision: &apos;e82be7d358&apos;, time: &apos;2018-11-14T08:17:03&apos;&#10;System info: host: &apos;DESKTOP-F15B8L7&apos;, ip: &apos;169.254.252.52&apos;, os.name: &apos;Windows 10&apos;, os.arch: &apos;amd64&apos;, os.version: &apos;10.0&apos;, java.version: &apos;11.0.5&apos;&#10;Driver info: driver.version: ChromeDriver&#10;remote stacktrace: Backtrace:&#10;	Ordinal0 [0x00A287E3+2852835]&#10;	Ordinal0 [0x00915BB1+1727409]&#10;	Ordinal0 [0x007EE4B9+517305]&#10;	Ordinal0 [0x007E4EA3+478883]&#10;	Ordinal0 [0x007EF300+520960]&#10;	Ordinal0 [0x0079E489+189577]&#10;	Ordinal0 [0x0079D7FD+186365]&#10;	Ordinal0 [0x0079B70B+177931]&#10;	Ordinal0 [0x00782584+75140]&#10;	Ordinal0 [0x00783650+79440]&#10;	Ordinal0 [0x007835E9+79337]&#10;	Ordinal0 [0x0092AD5C+1813852]&#10;	GetHandleVerifier [0x00B4C616+1075574]&#10;	GetHandleVerifier [0x00B4C367+1074887]&#10;	GetHandleVerifier [0x00B57497+1120247]&#10;	GetHandleVerifier [0x00B4CC16+1077110]&#10;	Ordinal0 [0x00923206+1782278]&#10;	Ordinal0 [0x0092C3BB+1819579]&#10;	Ordinal0 [0x0092C523+1819939]&#10;	Ordinal0 [0x00942B45+1911621]&#10;	BaseThreadInitThunk [0x75C66359+25]&#10;	RtlGetAppContainerNamedObjectPath [0x77077C24+228]&#10;	RtlGetAppContainerNamedObjectPath [0x77077BF4+180]&#10;"/>
  </testcase>
  <testcase name="testValidateAddVehicleAndGoToYourVehiclePage" classname="getAQuoteAuto.GetAQuoteAutoTest" time="0">
    <skipped/>
  </testcase>
  <testcase name="testValidateDeselectNissanMaxima2007" classname="getAQuoteAuto.GetAQuoteAutoTest" time="0">
    <skipped/>
  </testcase>
  <testcase name="testValidateNissanMaxima2007IsAddedWithVIN" classname="getAQuoteAuto.GetAQuoteAutoTest" time="0">
    <skipped/>
  </testcase>
  <testcase name="testValidateNissanMaxima2016IsAdded" classname="getAQuoteAuto.GetAQuoteAutoTest" time="0">
    <skipped/>
  </testcase>
  <testcase name="testValidatePleaseEnterAValidAddressAlert" classname="getAQuoteAuto.GetAQuoteAutoTest" time="0">
    <skipped/>
  </testcase>
  <testcase name="testValidatePleaseEnterAValidFirstNameAlert" classname="getAQuoteAuto.GetAQuoteAutoTest" time="0">
    <skipped/>
  </testcase>
  <testcase name="testValidatePleaseEnterAValidLastNameAlert" classname="getAQuoteAuto.GetAQuoteAutoTest" time="0">
    <skipped/>
  </testcase>
  <testcase name="testValidatePleaseEnterYourDateOfBirthAlert" classname="getAQuoteAuto.GetAQuoteAutoTest" time="0">
    <skipped/>
  </testcase>
  <testcase name="testValidateQuoteWithoutZipCode" classname="getAQuoteAuto.GetAQuoteAutoTest" time="0">
    <skipped/>
  </testcase>
  <testcase name="testValidateStartQuote" classname="getAQuoteAuto.GetAQuoteAutoTest" time="0">
    <skipped/>
  </testcase>
  <testcase name="generateReport" classname="getAQuoteAuto.GetAQuoteAutoTest" time="0">
    <skipped/>
  </testcase>
  <testcase name="setUp[false, false, windows, 10, chrome-options, 34, https://www.thehartford.com/](0)" classname="getAQuoteBusiness.GetAQuoteBusinessTest" time="60.969">
    <failure message="session not created&#10;from disconnected: unable to connect to renderer&#10;  (Session info: chrome=85.0.4183.121)&#10;Build info: version: &apos;3.141.59&apos;, revision: &apos;e82be7d358&apos;, time: &apos;2018-11-14T08:17:03&apos;&#10;System info: host: &apos;DESKTOP-F15B8L7&apos;, ip: &apos;169.254.252.52&apos;, os.name: &apos;Windows 10&apos;, os.arch: &apos;amd64&apos;, os.version: &apos;10.0&apos;, java.version: &apos;11.0.5&apos;&#10;Driver info: driver.version: ChromeDriver&#10;remote stacktrace: Backtrace:&#10;	Ordinal0 [0x00A287E3+2852835]&#10;	Ordinal0 [0x00915BB1+1727409]&#10;	Ordinal0 [0x007EE4B9+517305]&#10;	Ordinal0 [0x007E4EA3+478883]&#10;	Ordinal0 [0x007EF300+520960]&#10;	Ordinal0 [0x0079E489+189577]&#10;	Ordinal0 [0x0079D7FD+186365]&#10;	Ordinal0 [0x0079B70B+177931]&#10;	Ordinal0 [0x00782584+75140]&#10;	Ordinal0 [0x00783650+79440]&#10;	Ordinal0 [0x007835E9+79337]&#10;	Ordinal0 [0x0092AD5C+1813852]&#10;	GetHandleVerifier [0x00B4C616+1075574]&#10;	GetHandleVerifier [0x00B4C367+1074887]&#10;	GetHandleVerifier [0x00B57497+1120247]&#10;	GetHandleVerifier [0x00B4CC16+1077110]&#10;	Ordinal0 [0x00923206+1782278]&#10;	Ordinal0 [0x0092C3BB+1819579]&#10;	Ordinal0 [0x0092C523+1819939]&#10;	Ordinal0 [0x00942B45+1911621]&#10;	BaseThreadInitThunk [0x75C66359+25]&#10;	RtlGetAppContainerNamedObjectPath [0x77077C24+228]&#10;	RtlGetAppContainerNamedObjectPath [0x77077BF4+180]&#10;" type="org.openqa.selenium.SessionNotCreatedException"><![CDATA[org.openqa.selenium.SessionNotCreatedException: 
session not created
from disconnected: unable to connect to renderer
  (Session info: chrome=85.0.4183.121)
Build info: version: '3.141.59', revision: 'e82be7d358', time: '2018-11-14T08:17:03'
System info: host: 'DESKTOP-F15B8L7', ip: '169.254.252.52', os.name: 'Windows 10', os.arch: 'amd64', os.version: '10.0', java.version: '11.0.5'
Driver info: driver.version: ChromeDriver
remote stacktrace: Backtrace:
	Ordinal0 [0x00A287E3+2852835]
	Ordinal0 [0x00915BB1+1727409]
	Ordinal0 [0x007EE4B9+517305]
	Ordinal0 [0x007E4EA3+478883]
	Ordinal0 [0x007EF300+520960]
	Ordinal0 [0x0079E489+189577]
	Ordinal0 [0x0079D7FD+186365]
	Ordinal0 [0x0079B70B+177931]
	Ordinal0 [0x00782584+75140]
	Ordinal0 [0x00783650+79440]
	Ordinal0 [0x007835E9+79337]
	Ordinal0 [0x0092AD5C+1813852]
	GetHandleVerifier [0x00B4C616+1075574]
	GetHandleVerifier [0x00B4C367+1074887]
	GetHandleVerifier [0x00B57497+1120247]
	GetHandleVerifier [0x00B4CC16+1077110]
	Ordinal0 [0x00923206+1782278]
	Ordinal0 [0x0092C3BB+1819579]
	Ordinal0 [0x0092C523+1819939]
	Ordinal0 [0x00942B45+1911621]
	BaseThreadInitThunk [0x75C66359+25]
	RtlGetAppContainerNamedObjectPath [0x77077C24+228]
	RtlGetAppContainerNamedObjectPath [0x77077BF4+180]

]]></failure>
    <system-err><![CDATA[Starting ChromeDriver 84.0.4147.30 (48b3e868b4cc0aa7e8149519690b6f6949e110a8-refs/branch-heads/4147@{#310}) on port 18502
Only local connections are allowed.
Please see https://chromedriver.chromium.org/security-considerations for suggestions on keeping ChromeDriver safe.
ChromeDriver was started successfully.
[1601101841.257][WARNING]: This version of ChromeDriver has not been tested with Chrome version 85.
[1601101847.367][WARNING]: Timed out connecting to Chrome, retrying...
[1601101855.369][WARNING]: Timed out connecting to Chrome, retrying...
[1601101871.370][WARNING]: Timed out connecting to Chrome, giving up.
[1601101875.375][WARNING]: Timed out connecting to Chrome, retrying...
[1601101883.376][WARNING]: Timed out connecting to Chrome, retrying...
[1601101899.378][WARNING]: Timed out connecting to Chrome, giving up.
]]></system-err>
  </testcase>
  <testcase name="startExtent" classname="getAQuoteBusiness.GetAQuoteBusinessTest" time="0">
    <skipped/>
  </testcase>
  <testcase name="startExtent" classname="getAQuoteBusiness.GetAQuoteBusinessTest" time="0">
    <skipped/>
  </testcase>
  <testcase name="getInit" classname="getAQuoteBusiness.GetAQuoteBusinessTest" time="0">
    <skipped/>
  </testcase>
  <testcase name="getInit" classname="getAQuoteBusiness.GetAQuoteBusinessTest" time="0">
    <skipped/>
  </testcase>
  <testcase name="maximizeWindow" classname="getAQuoteBusiness.GetAQuoteBusinessTest" time="0">
    <skipped/>
  </testcase>
  <testcase name="maximizeWindow" classname="getAQuoteBusiness.GetAQuoteBusinessTest" time="0">
    <skipped/>
  </testcase>
  <testcase name="testVerifyFillOutBeginFormWithoutTypeOfBusiness" classname="getAQuoteBusiness.GetAQuoteBusinessTest" time="0">
    <skipped message="session not created&#10;from disconnected: unable to connect to renderer&#10;  (Session info: chrome=85.0.4183.121)&#10;Build info: version: &apos;3.141.59&apos;, revision: &apos;e82be7d358&apos;, time: &apos;2018-11-14T08:17:03&apos;&#10;System info: host: &apos;DESKTOP-F15B8L7&apos;, ip: &apos;169.254.252.52&apos;, os.name: &apos;Windows 10&apos;, os.arch: &apos;amd64&apos;, os.version: &apos;10.0&apos;, java.version: &apos;11.0.5&apos;&#10;Driver info: driver.version: ChromeDriver&#10;remote stacktrace: Backtrace:&#10;	Ordinal0 [0x00A287E3+2852835]&#10;	Ordinal0 [0x00915BB1+1727409]&#10;	Ordinal0 [0x007EE4B9+517305]&#10;	Ordinal0 [0x007E4EA3+478883]&#10;	Ordinal0 [0x007EF300+520960]&#10;	Ordinal0 [0x0079E489+189577]&#10;	Ordinal0 [0x0079D7FD+186365]&#10;	Ordinal0 [0x0079B70B+177931]&#10;	Ordinal0 [0x00782584+75140]&#10;	Ordinal0 [0x00783650+79440]&#10;	Ordinal0 [0x007835E9+79337]&#10;	Ordinal0 [0x0092AD5C+1813852]&#10;	GetHandleVerifier [0x00B4C616+1075574]&#10;	GetHandleVerifier [0x00B4C367+1074887]&#10;	GetHandleVerifier [0x00B57497+1120247]&#10;	GetHandleVerifier [0x00B4CC16+1077110]&#10;	Ordinal0 [0x00923206+1782278]&#10;	Ordinal0 [0x0092C3BB+1819579]&#10;	Ordinal0 [0x0092C523+1819939]&#10;	Ordinal0 [0x00942B45+1911621]&#10;	BaseThreadInitThunk [0x75C66359+25]&#10;	RtlGetAppContainerNamedObjectPath [0x77077C24+228]&#10;	RtlGetAppContainerNamedObjectPath [0x77077BF4+180]&#10;"/>
  </testcase>
  <testcase name="afterEachTestMethod" classname="getAQuoteBusiness.GetAQuoteBusinessTest" time="0">
    <skipped/>
  </testcase>
  <testcase name="afterEachTestMethod" classname="getAQuoteBusiness.GetAQuoteBusinessTest" time="0">
    <skipped/>
  </testcase>
  <testcase name="cleanUp" classname="getAQuoteBusiness.GetAQuoteBusinessTest" time="0">
    <failure type="java.lang.NullPointerException"><![CDATA[java.lang.NullPointerException
]]></failure>
  </testcase>
  <testcase name="cleanUp" classname="getAQuoteBusiness.GetAQuoteBusinessTest" time="0">
    <failure type="java.lang.NullPointerException"><![CDATA[java.lang.NullPointerException
]]></failure>
  </testcase>
  <testcase name="setUp" classname="getAQuoteBusiness.GetAQuoteBusinessTest" time="0">
    <skipped/>
  </testcase>
  <testcase name="testVerifyNavigateToBeginPage" classname="getAQuoteBusiness.GetAQuoteBusinessTest" time="0">
    <skipped message="session not created&#10;from disconnected: unable to connect to renderer&#10;  (Session info: chrome=85.0.4183.121)&#10;Build info: version: &apos;3.141.59&apos;, revision: &apos;e82be7d358&apos;, time: &apos;2018-11-14T08:17:03&apos;&#10;System info: host: &apos;DESKTOP-F15B8L7&apos;, ip: &apos;169.254.252.52&apos;, os.name: &apos;Windows 10&apos;, os.arch: &apos;amd64&apos;, os.version: &apos;10.0&apos;, java.version: &apos;11.0.5&apos;&#10;Driver info: driver.version: ChromeDriver&#10;remote stacktrace: Backtrace:&#10;	Ordinal0 [0x00A287E3+2852835]&#10;	Ordinal0 [0x00915BB1+1727409]&#10;	Ordinal0 [0x007EE4B9+517305]&#10;	Ordinal0 [0x007E4EA3+478883]&#10;	Ordinal0 [0x007EF300+520960]&#10;	Ordinal0 [0x0079E489+189577]&#10;	Ordinal0 [0x0079D7FD+186365]&#10;	Ordinal0 [0x0079B70B+177931]&#10;	Ordinal0 [0x00782584+75140]&#10;	Ordinal0 [0x00783650+79440]&#10;	Ordinal0 [0x007835E9+79337]&#10;	Ordinal0 [0x0092AD5C+1813852]&#10;	GetHandleVerifier [0x00B4C616+1075574]&#10;	GetHandleVerifier [0x00B4C367+1074887]&#10;	GetHandleVerifier [0x00B57497+1120247]&#10;	GetHandleVerifier [0x00B4CC16+1077110]&#10;	Ordinal0 [0x00923206+1782278]&#10;	Ordinal0 [0x0092C3BB+1819579]&#10;	Ordinal0 [0x0092C523+1819939]&#10;	Ordinal0 [0x00942B45+1911621]&#10;	BaseThreadInitThunk [0x75C66359+25]&#10;	RtlGetAppContainerNamedObjectPath [0x77077C24+228]&#10;	RtlGetAppContainerNamedObjectPath [0x77077BF4+180]&#10;"/>
  </testcase>
  <testcase name="testValidateFillOutAboutYouPageWithoutAddress" classname="getAQuoteHome.GetAQuoteHomeTest" time="14.6">
    <system-out><![CDATA[GetAQuoteHomeTest: test Validate Fill Out About You Page Without Address
]]></system-out>
    <system-err><![CDATA[Starting ChromeDriver 84.0.4147.30 (48b3e868b4cc0aa7e8149519690b6f6949e110a8-refs/branch-heads/4147@{#310}) on port 30651
Only local connections are allowed.
Please see https://chromedriver.chromium.org/security-considerations for suggestions on keeping ChromeDriver safe.
ChromeDriver was started successfully.
[1601101900.663][WARNING]: This version of ChromeDriver has not been tested with Chrome version 85.
Sep. 25, 2020 11:31:42 P.M. org.openqa.selenium.remote.ProtocolHandshake createSession
INFO: Detected dialect: W3C
]]></system-err>
  </testcase>
  <testcase name="testValidateFillOutAboutYouPageWithoutConfirmingMailingAddress" classname="getAQuoteHome.GetAQuoteHomeTest" time="14.184">
    <system-out><![CDATA[GetAQuoteHomeTest: test Validate Fill Out About You Page Without Confirming Mailing Address
]]></system-out>
    <system-err><![CDATA[Starting ChromeDriver 84.0.4147.30 (48b3e868b4cc0aa7e8149519690b6f6949e110a8-refs/branch-heads/4147@{#310}) on port 36256
Only local connections are allowed.
Please see https://chromedriver.chromium.org/security-considerations for suggestions on keeping ChromeDriver safe.
ChromeDriver was started successfully.
[1601101924.919][WARNING]: This version of ChromeDriver has not been tested with Chrome version 85.
Sep. 25, 2020 11:32:07 P.M. org.openqa.selenium.remote.ProtocolHandshake createSession
INFO: Detected dialect: W3C
]]></system-err>
  </testcase>
  <testcase name="testValidateFillOutAboutYouPageWithoutDateOfBirth" classname="getAQuoteHome.GetAQuoteHomeTest" time="12.868">
    <system-out><![CDATA[GetAQuoteHomeTest: test Validate Fill Out About You Page Without Date Of Birth
]]></system-out>
    <system-err><![CDATA[Starting ChromeDriver 84.0.4147.30 (48b3e868b4cc0aa7e8149519690b6f6949e110a8-refs/branch-heads/4147@{#310}) on port 30885
Only local connections are allowed.
Please see https://chromedriver.chromium.org/security-considerations for suggestions on keeping ChromeDriver safe.
ChromeDriver was started successfully.
[1601101947.470][WARNING]: This version of ChromeDriver has not been tested with Chrome version 85.
Sep. 25, 2020 11:32:29 P.M. org.openqa.selenium.remote.ProtocolHandshake createSession
INFO: Detected dialect: W3C
]]></system-err>
  </testcase>
  <testcase name="testValidateFillOutAboutYouPageWithoutFirstName" classname="getAQuoteHome.GetAQuoteHomeTest" time="13.314">
    <system-out><![CDATA[GetAQuoteHomeTest: test Validate Fill Out About You Page Without First Name
]]></system-out>
    <system-err><![CDATA[Starting ChromeDriver 84.0.4147.30 (48b3e868b4cc0aa7e8149519690b6f6949e110a8-refs/branch-heads/4147@{#310}) on port 26359
Only local connections are allowed.
Please see https://chromedriver.chromium.org/security-considerations for suggestions on keeping ChromeDriver safe.
ChromeDriver was started successfully.
[1601101969.347][WARNING]: This version of ChromeDriver has not been tested with Chrome version 85.
Sep. 25, 2020 11:32:51 P.M. org.openqa.selenium.remote.ProtocolHandshake createSession
INFO: Detected dialect: W3C
]]></system-err>
  </testcase>
  <testcase name="testValidateFillOutAboutYouPageWithoutGender" classname="getAQuoteHome.GetAQuoteHomeTest" time="11.856">
    <system-out><![CDATA[GetAQuoteHomeTest: test Validate Fill Out About You Page Without Gender
]]></system-out>
    <system-err><![CDATA[Starting ChromeDriver 84.0.4147.30 (48b3e868b4cc0aa7e8149519690b6f6949e110a8-refs/branch-heads/4147@{#310}) on port 25604
Only local connections are allowed.
Please see https://chromedriver.chromium.org/security-considerations for suggestions on keeping ChromeDriver safe.
ChromeDriver was started successfully.
[1601101990.648][WARNING]: This version of ChromeDriver has not been tested with Chrome version 85.
Sep. 25, 2020 11:33:12 P.M. org.openqa.selenium.remote.ProtocolHandshake createSession
INFO: Detected dialect: W3C
]]></system-err>
  </testcase>
  <testcase name="testValidateFillOutAboutYouPageWithoutLastName" classname="getAQuoteHome.GetAQuoteHomeTest" time="13.032">
    <system-out><![CDATA[GetAQuoteHomeTest: test Validate Fill Out About You Page Without Last Name
]]></system-out>
    <system-err><![CDATA[Starting ChromeDriver 84.0.4147.30 (48b3e868b4cc0aa7e8149519690b6f6949e110a8-refs/branch-heads/4147@{#310}) on port 38916
Only local connections are allowed.
Please see https://chromedriver.chromium.org/security-considerations for suggestions on keeping ChromeDriver safe.
ChromeDriver was started successfully.
[1601102011.610][WARNING]: This version of ChromeDriver has not been tested with Chrome version 85.
Sep. 25, 2020 11:33:33 P.M. org.openqa.selenium.remote.ProtocolHandshake createSession
INFO: Detected dialect: W3C
]]></system-err>
  </testcase>
  <testcase name="testValidateFillOutAboutYouPageWithoutMaritalStatus" classname="getAQuoteHome.GetAQuoteHomeTest" time="13.011">
    <system-out><![CDATA[GetAQuoteHomeTest: test Validate Fill Out About You Page Without Marital Status
]]></system-out>
    <system-err><![CDATA[Starting ChromeDriver 84.0.4147.30 (48b3e868b4cc0aa7e8149519690b6f6949e110a8-refs/branch-heads/4147@{#310}) on port 47093
Only local connections are allowed.
Please see https://chromedriver.chromium.org/security-considerations for suggestions on keeping ChromeDriver safe.
ChromeDriver was started successfully.
[1601102033.578][WARNING]: This version of ChromeDriver has not been tested with Chrome version 85.
Sep. 25, 2020 11:33:55 P.M. org.openqa.selenium.remote.ProtocolHandshake createSession
INFO: Detected dialect: W3C
]]></system-err>
  </testcase>
  <testcase name="testValidateHomeAndCondoQuoteByURL" classname="getAQuoteHome.GetAQuoteHomeTest" time="5.181">
    <system-out><![CDATA[GetAQuoteHomeTest: test Validate Home And Condo Quote By URL
]]></system-out>
    <system-err><![CDATA[Starting ChromeDriver 84.0.4147.30 (48b3e868b4cc0aa7e8149519690b6f6949e110a8-refs/branch-heads/4147@{#310}) on port 16043
Only local connections are allowed.
Please see https://chromedriver.chromium.org/security-considerations for suggestions on keeping ChromeDriver safe.
ChromeDriver was started successfully.
[1601102055.743][WARNING]: This version of ChromeDriver has not been tested with Chrome version 85.
Sep. 25, 2020 11:34:17 P.M. org.openqa.selenium.remote.ProtocolHandshake createSession
INFO: Detected dialect: W3C
]]></system-err>
  </testcase>
  <testcase name="testVerifyFillOutAboutYouPage" classname="getAQuoteHome.GetAQuoteHomeTest" time="15.541">
    <system-err><![CDATA[Starting ChromeDriver 84.0.4147.30 (48b3e868b4cc0aa7e8149519690b6f6949e110a8-refs/branch-heads/4147@{#310}) on port 23002
Only local connections are allowed.
Please see https://chromedriver.chromium.org/security-considerations for suggestions on keeping ChromeDriver safe.
ChromeDriver was started successfully.
[1601102070.233][WARNING]: This version of ChromeDriver has not been tested with Chrome version 85.
Sep. 25, 2020 11:34:32 P.M. org.openqa.selenium.remote.ProtocolHandshake createSession
INFO: Detected dialect: W3C
]]></system-err>
  </testcase>
  <testcase name="testValidateNavigateToImAnEmployerOrPlanAdministratorLogin" classname="myAccount.MyAccountTest" time="2.887">
    <system-out><![CDATA[MyAccountTest: test Validate Navigate To Im An Employer Or Plan Administrator Login
]]></system-out>
    <system-err><![CDATA[Starting ChromeDriver 84.0.4147.30 (48b3e868b4cc0aa7e8149519690b6f6949e110a8-refs/branch-heads/4147@{#310}) on port 4410
Only local connections are allowed.
Please see https://chromedriver.chromium.org/security-considerations for suggestions on keeping ChromeDriver safe.
ChromeDriver was started successfully.
[1601102094.107][WARNING]: This version of ChromeDriver has not been tested with Chrome version 85.
Sep. 25, 2020 11:34:56 P.M. org.openqa.selenium.remote.ProtocolHandshake createSession
INFO: Detected dialect: W3C
]]></system-err>
  </testcase>
  <testcase name="testValidateNavigateToImAnEmployerOrPlanAdministratorRegister" classname="myAccount.MyAccountTest" time="3.116">
    <system-out><![CDATA[MyAccountTest: test Validate Navigate To Im An Employer Or Plan Administrator Register
]]></system-out>
    <system-err><![CDATA[Starting ChromeDriver 84.0.4147.30 (48b3e868b4cc0aa7e8149519690b6f6949e110a8-refs/branch-heads/4147@{#310}) on port 38945
Only local connections are allowed.
Please see https://chromedriver.chromium.org/security-considerations for suggestions on keeping ChromeDriver safe.
ChromeDriver was started successfully.
[1601102106.416][WARNING]: This version of ChromeDriver has not been tested with Chrome version 85.
Sep. 25, 2020 11:35:08 P.M. org.openqa.selenium.remote.ProtocolHandshake createSession
INFO: Detected dialect: W3C
]]></system-err>
  </testcase>
</testsuite>