<?xml version="1.0" encoding="UTF-8"?>
<testng-results ignored="0" total="5" passed="5" failed="0" skipped="0">
  <reporter-output>
    <line>
      <![CDATA[Extent Report Directory/Users/farjanamobin/IdeaProjects/WebAutomationFramework_Team1/TheHartford/target/surefire-reports/html]]>
    </line>
  </reporter-output>
  <suite started-at="2020-09-26T02:11:59 EDT" name="The Hartford Automation Test" finished-at="2020-09-26T02:12:58 EDT" duration-ms="58264">
    <groups>
    </groups>
    <test started-at="2020-09-26T02:11:59 EDT" name="The Hartford Home" finished-at="2020-09-26T02:12:58 EDT" duration-ms="58264">
      <class name="home.HFHomePageTest">
        <test-method is-config="true" signature="extentSetup(org.testng.ITestContext)[pri:0, instance:home.HFHomePageTest@31f9b85e]" started-at="2020-09-26T02:11:59 EDT" name="extentSetup" finished-at="2020-09-26T02:11:59 EDT" duration-ms="350" status="PASS">
          <params>
            <param index="0">
              <value>
                <![CDATA[org.testng.TestRunner@73fc518f]]>
              </value>
            </param>
          </params>
          <reporter-output>
            <line>
              <![CDATA[Extent Report Directory/Users/farjanamobin/IdeaProjects/WebAutomationFramework_Team1/TheHartford/target/surefire-reports/html]]>
            </line>
          </reporter-output>
        </test-method> <!-- extentSetup -->
        <test-method is-config="true" signature="setUp(boolean, java.lang.String, java.lang.String, java.lang.String, java.lang.String, java.lang.String, java.lang.String)[pri:0, instance:home.HFHomePageTest@31f9b85e]" started-at="2020-09-26T02:11:59 EDT" name="setUp" finished-at="2020-09-26T02:12:04 EDT" duration-ms="4497" status="PASS">
          <params>
            <param index="0">
              <value>
                <![CDATA[false]]>
              </value>
            </param>
            <param index="1">
              <value>
                <![CDATA[browserstack]]>
              </value>
            </param>
            <param index="2">
              <value>
                <![CDATA[OS X]]>
              </value>
            </param>
            <param index="3">
              <value>
                <![CDATA[Sierra]]>
              </value>
            </param>
            <param index="4">
              <value>
                <![CDATA[chrome-options]]>
              </value>
            </param>
            <param index="5">
              <value>
                <![CDATA[85.0]]>
              </value>
            </param>
            <param index="6">
              <value>
                <![CDATA[https://www.thehartford.com/]]>
              </value>
            </param>
          </params>
          <reporter-output>
          </reporter-output>
        </test-method> <!-- setUp -->
        <test-method is-config="true" signature="startExtent(java.lang.reflect.Method)[pri:0, instance:home.HFHomePageTest@31f9b85e]" started-at="2020-09-26T02:12:04 EDT" name="startExtent" finished-at="2020-09-26T02:12:04 EDT" duration-ms="13" status="PASS">
          <params>
            <param index="0">
              <value>
                <![CDATA[public void home.HFHomePageTest.testValidateBusinessInsuranceTab() throws java.lang.InterruptedException]]>
              </value>
            </param>
          </params>
          <reporter-output>
          </reporter-output>
        </test-method> <!-- startExtent -->
        <test-method is-config="true" signature="getInit()[pri:0, instance:home.HFHomePageTest@31f9b85e]" started-at="2020-09-26T02:12:04 EDT" name="getInit" finished-at="2020-09-26T02:12:04 EDT" duration-ms="74" status="PASS">
          <reporter-output>
          </reporter-output>
        </test-method> <!-- getInit -->
        <test-method signature="testValidateBusinessInsuranceTab()[pri:0, instance:home.HFHomePageTest@31f9b85e]" started-at="2020-09-26T02:12:04 EDT" name="testValidateBusinessInsuranceTab" finished-at="2020-09-26T02:12:09 EDT" duration-ms="4539" status="PASS">
          <reporter-output>
          </reporter-output>
        </test-method> <!-- testValidateBusinessInsuranceTab -->
        <test-method is-config="true" signature="afterEachTestMethod(org.testng.ITestResult)[pri:0, instance:home.HFHomePageTest@31f9b85e]" started-at="2020-09-26T02:12:09 EDT" name="afterEachTestMethod" finished-at="2020-09-26T02:12:09 EDT" duration-ms="757" status="PASS">
          <params>
            <param index="0">
              <value>
                <![CDATA[[TestResult name=testValidateBusinessInsuranceTab status=SUCCESS method=HFHomePageTest.testValidateBusinessInsuranceTab()[pri:0, instance:home.HFHomePageTest@31f9b85e] output={null}]]]>
              </value>
            </param>
          </params>
          <reporter-output>
          </reporter-output>
        </test-method> <!-- afterEachTestMethod -->
        <test-method is-config="true" signature="cleanUp()[pri:0, instance:home.HFHomePageTest@31f9b85e]" started-at="2020-09-26T02:12:09 EDT" name="cleanUp" finished-at="2020-09-26T02:12:09 EDT" duration-ms="0" status="PASS">
          <reporter-output>
          </reporter-output>
        </test-method> <!-- cleanUp -->
        <test-method is-config="true" signature="setUp(boolean, java.lang.String, java.lang.String, java.lang.String, java.lang.String, java.lang.String, java.lang.String)[pri:0, instance:home.HFHomePageTest@31f9b85e]" started-at="2020-09-26T02:12:09 EDT" name="setUp" finished-at="2020-09-26T02:12:13 EDT" duration-ms="3253" status="PASS">
          <params>
            <param index="0">
              <value>
                <![CDATA[false]]>
              </value>
            </param>
            <param index="1">
              <value>
                <![CDATA[browserstack]]>
              </value>
            </param>
            <param index="2">
              <value>
                <![CDATA[OS X]]>
              </value>
            </param>
            <param index="3">
              <value>
                <![CDATA[Sierra]]>
              </value>
            </param>
            <param index="4">
              <value>
                <![CDATA[chrome-options]]>
              </value>
            </param>
            <param index="5">
              <value>
                <![CDATA[85.0]]>
              </value>
            </param>
            <param index="6">
              <value>
                <![CDATA[https://www.thehartford.com/]]>
              </value>
            </param>
          </params>
          <reporter-output>
          </reporter-output>
        </test-method> <!-- setUp -->
        <test-method is-config="true" signature="startExtent(java.lang.reflect.Method)[pri:0, instance:home.HFHomePageTest@31f9b85e]" started-at="2020-09-26T02:12:13 EDT" name="startExtent" finished-at="2020-09-26T02:12:13 EDT" duration-ms="0" status="PASS">
          <params>
            <param index="0">
              <value>
                <![CDATA[public void home.HFHomePageTest.testValidateCarInsuranceTab() throws java.lang.InterruptedException]]>
              </value>
            </param>
          </params>
          <reporter-output>
          </reporter-output>
        </test-method> <!-- startExtent -->
        <test-method is-config="true" signature="getInit()[pri:0, instance:home.HFHomePageTest@31f9b85e]" started-at="2020-09-26T02:12:13 EDT" name="getInit" finished-at="2020-09-26T02:12:13 EDT" duration-ms="2" status="PASS">
          <reporter-output>
          </reporter-output>
        </test-method> <!-- getInit -->
        <test-method signature="testValidateCarInsuranceTab()[pri:0, instance:home.HFHomePageTest@31f9b85e]" started-at="2020-09-26T02:12:13 EDT" name="testValidateCarInsuranceTab" finished-at="2020-09-26T02:12:21 EDT" duration-ms="7882" status="PASS">
          <reporter-output>
          </reporter-output>
        </test-method> <!-- testValidateCarInsuranceTab -->
        <test-method is-config="true" signature="afterEachTestMethod(org.testng.ITestResult)[pri:0, instance:home.HFHomePageTest@31f9b85e]" started-at="2020-09-26T02:12:21 EDT" name="afterEachTestMethod" finished-at="2020-09-26T02:12:23 EDT" duration-ms="2691" status="PASS">
          <params>
            <param index="0">
              <value>
                <![CDATA[[TestResult name=testValidateCarInsuranceTab status=SUCCESS method=HFHomePageTest.testValidateCarInsuranceTab()[pri:0, instance:home.HFHomePageTest@31f9b85e] output={null}]]]>
              </value>
            </param>
          </params>
          <reporter-output>
          </reporter-output>
        </test-method> <!-- afterEachTestMethod -->
        <test-method is-config="true" signature="cleanUp()[pri:0, instance:home.HFHomePageTest@31f9b85e]" started-at="2020-09-26T02:12:23 EDT" name="cleanUp" finished-at="2020-09-26T02:12:23 EDT" duration-ms="1" status="PASS">
          <reporter-output>
          </reporter-output>
        </test-method> <!-- cleanUp -->
        <test-method is-config="true" signature="setUp(boolean, java.lang.String, java.lang.String, java.lang.String, java.lang.String, java.lang.String, java.lang.String)[pri:0, instance:home.HFHomePageTest@31f9b85e]" started-at="2020-09-26T02:12:23 EDT" name="setUp" finished-at="2020-09-26T02:12:31 EDT" duration-ms="7974" status="PASS">
          <params>
            <param index="0">
              <value>
                <![CDATA[false]]>
              </value>
            </param>
            <param index="1">
              <value>
                <![CDATA[browserstack]]>
              </value>
            </param>
            <param index="2">
              <value>
                <![CDATA[OS X]]>
              </value>
            </param>
            <param index="3">
              <value>
                <![CDATA[Sierra]]>
              </value>
            </param>
            <param index="4">
              <value>
                <![CDATA[chrome-options]]>
              </value>
            </param>
            <param index="5">
              <value>
                <![CDATA[85.0]]>
              </value>
            </param>
            <param index="6">
              <value>
                <![CDATA[https://www.thehartford.com/]]>
              </value>
            </param>
          </params>
          <reporter-output>
          </reporter-output>
        </test-method> <!-- setUp -->
        <test-method is-config="true" signature="startExtent(java.lang.reflect.Method)[pri:0, instance:home.HFHomePageTest@31f9b85e]" started-at="2020-09-26T02:12:31 EDT" name="startExtent" finished-at="2020-09-26T02:12:31 EDT" duration-ms="9" status="PASS">
          <params>
            <param index="0">
              <value>
                <![CDATA[public void home.HFHomePageTest.testValidateCondoInsuranceTab() throws java.lang.InterruptedException]]>
              </value>
            </param>
          </params>
          <reporter-output>
          </reporter-output>
        </test-method> <!-- startExtent -->
        <test-method is-config="true" signature="getInit()[pri:0, instance:home.HFHomePageTest@31f9b85e]" started-at="2020-09-26T02:12:31 EDT" name="getInit" finished-at="2020-09-26T02:12:31 EDT" duration-ms="8" status="PASS">
          <reporter-output>
          </reporter-output>
        </test-method> <!-- getInit -->
        <test-method signature="testValidateCondoInsuranceTab()[pri:0, instance:home.HFHomePageTest@31f9b85e]" started-at="2020-09-26T02:12:31 EDT" name="testValidateCondoInsuranceTab" finished-at="2020-09-26T02:12:37 EDT" duration-ms="5973" status="PASS">
          <reporter-output>
          </reporter-output>
        </test-method> <!-- testValidateCondoInsuranceTab -->
        <test-method is-config="true" signature="afterEachTestMethod(org.testng.ITestResult)[pri:0, instance:home.HFHomePageTest@31f9b85e]" started-at="2020-09-26T02:12:37 EDT" name="afterEachTestMethod" finished-at="2020-09-26T02:12:38 EDT" duration-ms="376" status="PASS">
          <params>
            <param index="0">
              <value>
                <![CDATA[[TestResult name=testValidateCondoInsuranceTab status=SUCCESS method=HFHomePageTest.testValidateCondoInsuranceTab()[pri:0, instance:home.HFHomePageTest@31f9b85e] output={null}]]]>
              </value>
            </param>
          </params>
          <reporter-output>
          </reporter-output>
        </test-method> <!-- afterEachTestMethod -->
        <test-method is-config="true" signature="cleanUp()[pri:0, instance:home.HFHomePageTest@31f9b85e]" started-at="2020-09-26T02:12:38 EDT" name="cleanUp" finished-at="2020-09-26T02:12:38 EDT" duration-ms="0" status="PASS">
          <reporter-output>
          </reporter-output>
        </test-method> <!-- cleanUp -->
        <test-method is-config="true" signature="setUp(boolean, java.lang.String, java.lang.String, java.lang.String, java.lang.String, java.lang.String, java.lang.String)[pri:0, instance:home.HFHomePageTest@31f9b85e]" started-at="2020-09-26T02:12:38 EDT" name="setUp" finished-at="2020-09-26T02:12:43 EDT" duration-ms="5534" status="PASS">
          <params>
            <param index="0">
              <value>
                <![CDATA[false]]>
              </value>
            </param>
            <param index="1">
              <value>
                <![CDATA[browserstack]]>
              </value>
            </param>
            <param index="2">
              <value>
                <![CDATA[OS X]]>
              </value>
            </param>
            <param index="3">
              <value>
                <![CDATA[Sierra]]>
              </value>
            </param>
            <param index="4">
              <value>
                <![CDATA[chrome-options]]>
              </value>
            </param>
            <param index="5">
              <value>
                <![CDATA[85.0]]>
              </value>
            </param>
            <param index="6">
              <value>
                <![CDATA[https://www.thehartford.com/]]>
              </value>
            </param>
          </params>
          <reporter-output>
          </reporter-output>
        </test-method> <!-- setUp -->
        <test-method is-config="true" signature="startExtent(java.lang.reflect.Method)[pri:0, instance:home.HFHomePageTest@31f9b85e]" started-at="2020-09-26T02:12:43 EDT" name="startExtent" finished-at="2020-09-26T02:12:43 EDT" duration-ms="2" status="PASS">
          <params>
            <param index="0">
              <value>
                <![CDATA[public void home.HFHomePageTest.testValidateNewsroomTab() throws java.lang.InterruptedException]]>
              </value>
            </param>
          </params>
          <reporter-output>
          </reporter-output>
        </test-method> <!-- startExtent -->
        <test-method is-config="true" signature="getInit()[pri:0, instance:home.HFHomePageTest@31f9b85e]" started-at="2020-09-26T02:12:43 EDT" name="getInit" finished-at="2020-09-26T02:12:43 EDT" duration-ms="3" status="PASS">
          <reporter-output>
          </reporter-output>
        </test-method> <!-- getInit -->
        <test-method signature="testValidateNewsroomTab()[pri:0, instance:home.HFHomePageTest@31f9b85e]" started-at="2020-09-26T02:12:43 EDT" name="testValidateNewsroomTab" finished-at="2020-09-26T02:12:49 EDT" duration-ms="5786" status="PASS">
          <reporter-output>
          </reporter-output>
        </test-method> <!-- testValidateNewsroomTab -->
        <test-method is-config="true" signature="afterEachTestMethod(org.testng.ITestResult)[pri:0, instance:home.HFHomePageTest@31f9b85e]" started-at="2020-09-26T02:12:49 EDT" name="afterEachTestMethod" finished-at="2020-09-26T02:12:49 EDT" duration-ms="432" status="PASS">
          <params>
            <param index="0">
              <value>
                <![CDATA[[TestResult name=testValidateNewsroomTab status=SUCCESS method=HFHomePageTest.testValidateNewsroomTab()[pri:0, instance:home.HFHomePageTest@31f9b85e] output={null}]]]>
              </value>
            </param>
          </params>
          <reporter-output>
          </reporter-output>
        </test-method> <!-- afterEachTestMethod -->
        <test-method is-config="true" signature="cleanUp()[pri:0, instance:home.HFHomePageTest@31f9b85e]" started-at="2020-09-26T02:12:49 EDT" name="cleanUp" finished-at="2020-09-26T02:12:49 EDT" duration-ms="1" status="PASS">
          <reporter-output>
          </reporter-output>
        </test-method> <!-- cleanUp -->
        <test-method is-config="true" signature="setUp(boolean, java.lang.String, java.lang.String, java.lang.String, java.lang.String, java.lang.String, java.lang.String)[pri:0, instance:home.HFHomePageTest@31f9b85e]" started-at="2020-09-26T02:12:49 EDT" name="setUp" finished-at="2020-09-26T02:12:53 EDT" duration-ms="3553" status="PASS">
          <params>
            <param index="0">
              <value>
                <![CDATA[false]]>
              </value>
            </param>
            <param index="1">
              <value>
                <![CDATA[browserstack]]>
              </value>
            </param>
            <param index="2">
              <value>
                <![CDATA[OS X]]>
              </value>
            </param>
            <param index="3">
              <value>
                <![CDATA[Sierra]]>
              </value>
            </param>
            <param index="4">
              <value>
                <![CDATA[chrome-options]]>
              </value>
            </param>
            <param index="5">
              <value>
                <![CDATA[85.0]]>
              </value>
            </param>
            <param index="6">
              <value>
                <![CDATA[https://www.thehartford.com/]]>
              </value>
            </param>
          </params>
          <reporter-output>
          </reporter-output>
        </test-method> <!-- setUp -->
        <test-method is-config="true" signature="startExtent(java.lang.reflect.Method)[pri:0, instance:home.HFHomePageTest@31f9b85e]" started-at="2020-09-26T02:12:53 EDT" name="startExtent" finished-at="2020-09-26T02:12:53 EDT" duration-ms="0" status="PASS">
          <params>
            <param index="0">
              <value>
                <![CDATA[public void home.HFHomePageTest.testValidateforEmployersTab() throws java.lang.InterruptedException]]>
              </value>
            </param>
          </params>
          <reporter-output>
          </reporter-output>
        </test-method> <!-- startExtent -->
        <test-method is-config="true" signature="getInit()[pri:0, instance:home.HFHomePageTest@31f9b85e]" started-at="2020-09-26T02:12:53 EDT" name="getInit" finished-at="2020-09-26T02:12:53 EDT" duration-ms="1" status="PASS">
          <reporter-output>
          </reporter-output>
        </test-method> <!-- getInit -->
        <test-method signature="testValidateforEmployersTab()[pri:0, instance:home.HFHomePageTest@31f9b85e]" started-at="2020-09-26T02:12:53 EDT" name="testValidateforEmployersTab" finished-at="2020-09-26T02:12:57 EDT" duration-ms="4524" status="PASS">
          <reporter-output>
          </reporter-output>
        </test-method> <!-- testValidateforEmployersTab -->
        <test-method is-config="true" signature="afterEachTestMethod(org.testng.ITestResult)[pri:0, instance:home.HFHomePageTest@31f9b85e]" started-at="2020-09-26T02:12:57 EDT" name="afterEachTestMethod" finished-at="2020-09-26T02:12:58 EDT" duration-ms="290" status="PASS">
          <params>
            <param index="0">
              <value>
                <![CDATA[[TestResult name=testValidateforEmployersTab status=SUCCESS method=HFHomePageTest.testValidateforEmployersTab()[pri:0, instance:home.HFHomePageTest@31f9b85e] output={null}]]]>
              </value>
            </param>
          </params>
          <reporter-output>
          </reporter-output>
        </test-method> <!-- afterEachTestMethod -->
        <test-method is-config="true" signature="cleanUp()[pri:0, instance:home.HFHomePageTest@31f9b85e]" started-at="2020-09-26T02:12:58 EDT" name="cleanUp" finished-at="2020-09-26T02:12:58 EDT" duration-ms="0" status="PASS">
          <reporter-output>
          </reporter-output>
        </test-method> <!-- cleanUp -->
        <test-method is-config="true" signature="generateReport()[pri:0, instance:home.HFHomePageTest@31f9b85e]" started-at="2020-09-26T02:12:58 EDT" name="generateReport" finished-at="2020-09-26T02:12:58 EDT" duration-ms="37" status="PASS">
          <reporter-output>
          </reporter-output>
        </test-method> <!-- generateReport -->
      </class> <!-- home.HFHomePageTest -->
    </test> <!-- The Hartford Home -->
  </suite> <!-- The Hartford Automation Test -->
</testng-results>
