<?xml version="1.0" encoding="UTF-8"?>
<testng-results ignored="0" total="20" passed="15" failed="5" skipped="0">
  <reporter-output>
    <line>
      <![CDATA[Extent Report Directory/Users/syedraza/IdeaProjects/WebAutomationFramework_Team1/TheHartford/target/surefire-reports/html]]>
    </line>
  </reporter-output>
  <suite started-at="2020-09-26T00:23:48 MDT" name="The Hartford Automation Test" finished-at="2020-09-26T00:25:59 MDT" duration-ms="130811">
    <groups>
    </groups>
    <test started-at="2020-09-26T00:23:48 MDT" name="The Hartford Home" finished-at="2020-09-26T00:25:59 MDT" duration-ms="130811">
      <class name="search.SearchTest">
        <test-method is-config="true" signature="extentSetup(org.testng.ITestContext)[pri:0, instance:search.SearchTest@1356d4d4]" started-at="2020-09-26T00:23:48 MDT" name="extentSetup" finished-at="2020-09-26T00:23:48 MDT" duration-ms="260" status="PASS">
          <params>
            <param index="0">
              <value>
                <![CDATA[org.testng.TestRunner@469a7575]]>
              </value>
            </param>
          </params>
          <reporter-output>
            <line>
              <![CDATA[Extent Report Directory/Users/syedraza/IdeaProjects/WebAutomationFramework_Team1/TheHartford/target/surefire-reports/html]]>
            </line>
          </reporter-output>
        </test-method> <!-- extentSetup -->
        <test-method is-config="true" signature="setUp(boolean, java.lang.String, java.lang.String, java.lang.String, java.lang.String, java.lang.String, java.lang.String)[pri:0, instance:search.SearchTest@1356d4d4]" started-at="2020-09-26T00:23:48 MDT" name="setUp" finished-at="2020-09-26T00:23:54 MDT" duration-ms="5982" status="PASS">
          <params>
            <param index="0">
              <value>
                <![CDATA[false]]>
              </value>
            </param>
            <param index="1">
              <value>
                <![CDATA[browserstack]]>
              </value>
            </param>
            <param index="2">
              <value>
                <![CDATA[OS X]]>
              </value>
            </param>
            <param index="3">
              <value>
                <![CDATA[catalina]]>
              </value>
            </param>
            <param index="4">
              <value>
                <![CDATA[chrome-options]]>
              </value>
            </param>
            <param index="5">
              <value>
                <![CDATA[85]]>
              </value>
            </param>
            <param index="6">
              <value>
                <![CDATA[https://www.thehartford.com/]]>
              </value>
            </param>
          </params>
          <reporter-output>
          </reporter-output>
        </test-method> <!-- setUp -->
        <test-method is-config="true" signature="startExtent(java.lang.reflect.Method)[pri:0, instance:search.SearchTest@1356d4d4]" started-at="2020-09-26T00:23:54 MDT" name="startExtent" finished-at="2020-09-26T00:23:54 MDT" duration-ms="8" status="PASS">
          <params>
            <param index="0">
              <value>
                <![CDATA[public void search.SearchTest.TestContactUs()]]>
              </value>
            </param>
          </params>
          <reporter-output>
          </reporter-output>
        </test-method> <!-- startExtent -->
        <test-method is-config="true" signature="getInit()[pri:0, instance:search.SearchTest@1356d4d4]" started-at="2020-09-26T00:23:54 MDT" name="getInit" finished-at="2020-09-26T00:23:54 MDT" duration-ms="37" status="PASS">
          <reporter-output>
          </reporter-output>
        </test-method> <!-- getInit -->
        <test-method signature="TestContactUs()[pri:0, instance:search.SearchTest@1356d4d4]" started-at="2020-09-26T00:23:54 MDT" name="TestContactUs" finished-at="2020-09-26T00:23:55 MDT" duration-ms="801" status="PASS">
          <reporter-output>
          </reporter-output>
        </test-method> <!-- TestContactUs -->
        <test-method is-config="true" signature="afterEachTestMethod(org.testng.ITestResult)[pri:0, instance:search.SearchTest@1356d4d4]" started-at="2020-09-26T00:23:55 MDT" name="afterEachTestMethod" finished-at="2020-09-26T00:23:56 MDT" duration-ms="477" status="PASS">
          <params>
            <param index="0">
              <value>
                <![CDATA[[TestResult name=TestContactUs status=SUCCESS method=SearchTest.TestContactUs()[pri:0, instance:search.SearchTest@1356d4d4] output={null}]]]>
              </value>
            </param>
          </params>
          <reporter-output>
          </reporter-output>
        </test-method> <!-- afterEachTestMethod -->
        <test-method is-config="true" signature="cleanUp()[pri:0, instance:search.SearchTest@1356d4d4]" started-at="2020-09-26T00:23:56 MDT" name="cleanUp" finished-at="2020-09-26T00:23:56 MDT" duration-ms="2" status="PASS">
          <reporter-output>
          </reporter-output>
        </test-method> <!-- cleanUp -->
        <test-method is-config="true" signature="setUp(boolean, java.lang.String, java.lang.String, java.lang.String, java.lang.String, java.lang.String, java.lang.String)[pri:0, instance:search.SearchTest@1356d4d4]" started-at="2020-09-26T00:23:56 MDT" name="setUp" finished-at="2020-09-26T00:24:00 MDT" duration-ms="4424" status="PASS">
          <params>
            <param index="0">
              <value>
                <![CDATA[false]]>
              </value>
            </param>
            <param index="1">
              <value>
                <![CDATA[browserstack]]>
              </value>
            </param>
            <param index="2">
              <value>
                <![CDATA[OS X]]>
              </value>
            </param>
            <param index="3">
              <value>
                <![CDATA[catalina]]>
              </value>
            </param>
            <param index="4">
              <value>
                <![CDATA[chrome-options]]>
              </value>
            </param>
            <param index="5">
              <value>
                <![CDATA[85]]>
              </value>
            </param>
            <param index="6">
              <value>
                <![CDATA[https://www.thehartford.com/]]>
              </value>
            </param>
          </params>
          <reporter-output>
          </reporter-output>
        </test-method> <!-- setUp -->
        <test-method is-config="true" signature="startExtent(java.lang.reflect.Method)[pri:0, instance:search.SearchTest@1356d4d4]" started-at="2020-09-26T00:24:00 MDT" name="startExtent" finished-at="2020-09-26T00:24:00 MDT" duration-ms="1" status="PASS">
          <params>
            <param index="0">
              <value>
                <![CDATA[public void search.SearchTest.testAboutUs()]]>
              </value>
            </param>
          </params>
          <reporter-output>
          </reporter-output>
        </test-method> <!-- startExtent -->
        <test-method is-config="true" signature="getInit()[pri:0, instance:search.SearchTest@1356d4d4]" started-at="2020-09-26T00:24:00 MDT" name="getInit" finished-at="2020-09-26T00:24:00 MDT" duration-ms="8" status="PASS">
          <reporter-output>
          </reporter-output>
        </test-method> <!-- getInit -->
        <test-method signature="testAboutUs()[pri:0, instance:search.SearchTest@1356d4d4]" started-at="2020-09-26T00:24:00 MDT" name="testAboutUs" finished-at="2020-09-26T00:24:05 MDT" duration-ms="5052" status="FAIL">
          <exception class="org.openqa.selenium.NoSuchElementException">
            <message>
              <![CDATA[no such element: Unable to locate element: {"method":"xpath","selector":"//a[@title='About Us']"}
  (Session info: chrome=85.0.4183.121)
For documentation on this error, please visit: https://www.seleniumhq.org/exceptions/no_such_element.html
Build info: version: '3.141.59', revision: 'e82be7d358', time: '2018-11-14T08:17:03'
System info: host: 'Syeds-MBP.ed.shawcable.net', ip: '2604:3d09:6e80:4500:0:0:0:6034%en0', os.name: 'Mac OS X', os.arch: 'x86_64', os.version: '10.15.6', java.version: '11.0.7'
Driver info: org.openqa.selenium.chrome.ChromeDriver
Capabilities {acceptInsecureCerts: false, browserName: chrome, browserVersion: 85.0.4183.121, chrome: {chromedriverVersion: 84.0.4147.30 (48b3e868b4cc0..., userDataDir: /var/folders/xh/fygjm06s7q9...}, goog:chromeOptions: {debuggerAddress: localhost:64394}, javascriptEnabled: true, networkConnectionEnabled: false, pageLoadStrategy: normal, platform: MAC, platformName: MAC, proxy: Proxy(), setWindowRect: true, strictFileInteractability: false, timeouts: {implicit: 0, pageLoad: 300000, script: 30000}, unhandledPromptBehavior: dismiss and notify, webauthn:virtualAuthenticators: true}
Session ID: 38726c93b3b17d8045fa7bf9cf9e9484
*** Element info: {Using=xpath, value=//a[@title='About Us']}]]>
            </message>
            <full-stacktrace>
              <![CDATA[org.openqa.selenium.NoSuchElementException: no such element: Unable to locate element: {"method":"xpath","selector":"//a[@title='About Us']"}
  (Session info: chrome=85.0.4183.121)
For documentation on this error, please visit: https://www.seleniumhq.org/exceptions/no_such_element.html
Build info: version: '3.141.59', revision: 'e82be7d358', time: '2018-11-14T08:17:03'
System info: host: 'Syeds-MBP.ed.shawcable.net', ip: '2604:3d09:6e80:4500:0:0:0:6034%en0', os.name: 'Mac OS X', os.arch: 'x86_64', os.version: '10.15.6', java.version: '11.0.7'
Driver info: org.openqa.selenium.chrome.ChromeDriver
Capabilities {acceptInsecureCerts: false, browserName: chrome, browserVersion: 85.0.4183.121, chrome: {chromedriverVersion: 84.0.4147.30 (48b3e868b4cc0..., userDataDir: /var/folders/xh/fygjm06s7q9...}, goog:chromeOptions: {debuggerAddress: localhost:64394}, javascriptEnabled: true, networkConnectionEnabled: false, pageLoadStrategy: normal, platform: MAC, platformName: MAC, proxy: Proxy(), setWindowRect: true, strictFileInteractability: false, timeouts: {implicit: 0, pageLoad: 300000, script: 30000}, unhandledPromptBehavior: dismiss and notify, webauthn:virtualAuthenticators: true}
Session ID: 38726c93b3b17d8045fa7bf9cf9e9484
*** Element info: {Using=xpath, value=//a[@title='About Us']}
at java.base/jdk.internal.reflect.NativeConstructorAccessorImpl.newInstance0(Native Method)
at java.base/jdk.internal.reflect.NativeConstructorAccessorImpl.newInstance(NativeConstructorAccessorImpl.java:62)
at java.base/jdk.internal.reflect.DelegatingConstructorAccessorImpl.newInstance(DelegatingConstructorAccessorImpl.java:45)
at java.base/java.lang.reflect.Constructor.newInstance(Constructor.java:490)
at org.openqa.selenium.remote.http.W3CHttpResponseCodec.createException(W3CHttpResponseCodec.java:187)
at org.openqa.selenium.remote.http.W3CHttpResponseCodec.decode(W3CHttpResponseCodec.java:122)
at org.openqa.selenium.remote.http.W3CHttpResponseCodec.decode(W3CHttpResponseCodec.java:49)
at org.openqa.selenium.remote.HttpCommandExecutor.execute(HttpCommandExecutor.java:158)
at org.openqa.selenium.remote.service.DriverCommandExecutor.execute(DriverCommandExecutor.java:83)
at org.openqa.selenium.remote.RemoteWebDriver.execute(RemoteWebDriver.java:552)
at org.openqa.selenium.remote.RemoteWebDriver.findElement(RemoteWebDriver.java:323)
at org.openqa.selenium.remote.RemoteWebDriver.findElementByXPath(RemoteWebDriver.java:428)
at org.openqa.selenium.By$ByXPath.findElement(By.java:353)
at org.openqa.selenium.remote.RemoteWebDriver.findElement(RemoteWebDriver.java:315)
at org.openqa.selenium.support.pagefactory.DefaultElementLocator.findElement(DefaultElementLocator.java:69)
at org.openqa.selenium.support.pagefactory.internal.LocatingElementHandler.invoke(LocatingElementHandler.java:38)
at com.sun.proxy.$Proxy14.click(Unknown Source)
at search.Search.findAboutUs(Search.java:187)
at search.SearchTest.testAboutUs(SearchTest.java:75)
at java.base/jdk.internal.reflect.NativeMethodAccessorImpl.invoke0(Native Method)
at java.base/jdk.internal.reflect.NativeMethodAccessorImpl.invoke(NativeMethodAccessorImpl.java:62)
at java.base/jdk.internal.reflect.DelegatingMethodAccessorImpl.invoke(DelegatingMethodAccessorImpl.java:43)
at java.base/java.lang.reflect.Method.invoke(Method.java:566)
at org.testng.internal.MethodInvocationHelper.invokeMethod(MethodInvocationHelper.java:134)
at org.testng.internal.TestInvoker.invokeMethod(TestInvoker.java:597)
at org.testng.internal.TestInvoker.invokeTestMethod(TestInvoker.java:173)
at org.testng.internal.MethodRunner.runInSequence(MethodRunner.java:46)
at org.testng.internal.TestInvoker$MethodInvocationAgent.invoke(TestInvoker.java:816)
at org.testng.internal.TestInvoker.invokeTestMethods(TestInvoker.java:146)
at org.testng.internal.TestMethodWorker.invokeTestMethods(TestMethodWorker.java:146)
at org.testng.internal.TestMethodWorker.run(TestMethodWorker.java:128)
at java.base/java.util.ArrayList.forEach(ArrayList.java:1540)
at org.testng.TestRunner.privateRun(TestRunner.java:766)
at org.testng.TestRunner.run(TestRunner.java:587)
at org.testng.SuiteRunner.runTest(SuiteRunner.java:384)
at org.testng.SuiteRunner.runSequentially(SuiteRunner.java:378)
at org.testng.SuiteRunner.privateRun(SuiteRunner.java:337)
at org.testng.SuiteRunner.run(SuiteRunner.java:286)
at org.testng.SuiteRunnerWorker.runSuite(SuiteRunnerWorker.java:53)
at org.testng.SuiteRunnerWorker.run(SuiteRunnerWorker.java:96)
at org.testng.TestNG.runSuitesSequentially(TestNG.java:1187)
at org.testng.TestNG.runSuitesLocally(TestNG.java:1109)
at org.testng.TestNG.runSuites(TestNG.java:1039)
at org.testng.TestNG.run(TestNG.java:1007)
at org.apache.maven.surefire.testng.TestNGExecutor.run(TestNGExecutor.java:284)
at org.apache.maven.surefire.testng.TestNGXmlTestSuite.execute(TestNGXmlTestSuite.java:75)
at org.apache.maven.surefire.testng.TestNGProvider.invoke(TestNGProvider.java:119)
at org.apache.maven.surefire.booter.ForkedBooter.runSuitesInProcess(ForkedBooter.java:428)
at org.apache.maven.surefire.booter.ForkedBooter.execute(ForkedBooter.java:162)
at org.apache.maven.surefire.booter.ForkedBooter.run(ForkedBooter.java:562)
at org.apache.maven.surefire.booter.ForkedBooter.main(ForkedBooter.java:548)
]]>
            </full-stacktrace>
          </exception> <!-- org.openqa.selenium.NoSuchElementException -->
          <reporter-output>
          </reporter-output>
        </test-method> <!-- testAboutUs -->
        <test-method is-config="true" signature="afterEachTestMethod(org.testng.ITestResult)[pri:0, instance:search.SearchTest@1356d4d4]" started-at="2020-09-26T00:24:05 MDT" name="afterEachTestMethod" finished-at="2020-09-26T00:24:07 MDT" duration-ms="1590" status="PASS">
          <params>
            <param index="0">
              <value>
                <![CDATA[[TestResult name=testAboutUs status=FAILURE method=SearchTest.testAboutUs()[pri:0, instance:search.SearchTest@1356d4d4] output={null}]]]>
              </value>
            </param>
          </params>
          <reporter-output>
          </reporter-output>
        </test-method> <!-- afterEachTestMethod -->
        <test-method is-config="true" signature="cleanUp()[pri:0, instance:search.SearchTest@1356d4d4]" started-at="2020-09-26T00:24:07 MDT" name="cleanUp" finished-at="2020-09-26T00:24:07 MDT" duration-ms="0" status="PASS">
          <reporter-output>
          </reporter-output>
        </test-method> <!-- cleanUp -->
        <test-method is-config="true" signature="setUp(boolean, java.lang.String, java.lang.String, java.lang.String, java.lang.String, java.lang.String, java.lang.String)[pri:0, instance:search.SearchTest@1356d4d4]" started-at="2020-09-26T00:24:07 MDT" name="setUp" finished-at="2020-09-26T00:24:12 MDT" duration-ms="4900" status="PASS">
          <params>
            <param index="0">
              <value>
                <![CDATA[false]]>
              </value>
            </param>
            <param index="1">
              <value>
                <![CDATA[browserstack]]>
              </value>
            </param>
            <param index="2">
              <value>
                <![CDATA[OS X]]>
              </value>
            </param>
            <param index="3">
              <value>
                <![CDATA[catalina]]>
              </value>
            </param>
            <param index="4">
              <value>
                <![CDATA[chrome-options]]>
              </value>
            </param>
            <param index="5">
              <value>
                <![CDATA[85]]>
              </value>
            </param>
            <param index="6">
              <value>
                <![CDATA[https://www.thehartford.com/]]>
              </value>
            </param>
          </params>
          <reporter-output>
          </reporter-output>
        </test-method> <!-- setUp -->
        <test-method is-config="true" signature="startExtent(java.lang.reflect.Method)[pri:0, instance:search.SearchTest@1356d4d4]" started-at="2020-09-26T00:24:12 MDT" name="startExtent" finished-at="2020-09-26T00:24:12 MDT" duration-ms="1" status="PASS">
          <params>
            <param index="0">
              <value>
                <![CDATA[public void search.SearchTest.testAccessStat()]]>
              </value>
            </param>
          </params>
          <reporter-output>
          </reporter-output>
        </test-method> <!-- startExtent -->
        <test-method is-config="true" signature="getInit()[pri:0, instance:search.SearchTest@1356d4d4]" started-at="2020-09-26T00:24:12 MDT" name="getInit" finished-at="2020-09-26T00:24:12 MDT" duration-ms="6" status="PASS">
          <reporter-output>
          </reporter-output>
        </test-method> <!-- getInit -->
        <test-method signature="testAccessStat()[pri:0, instance:search.SearchTest@1356d4d4]" started-at="2020-09-26T00:24:12 MDT" name="testAccessStat" finished-at="2020-09-26T00:24:13 MDT" duration-ms="1032" status="PASS">
          <reporter-output>
          </reporter-output>
        </test-method> <!-- testAccessStat -->
        <test-method is-config="true" signature="afterEachTestMethod(org.testng.ITestResult)[pri:0, instance:search.SearchTest@1356d4d4]" started-at="2020-09-26T00:24:13 MDT" name="afterEachTestMethod" finished-at="2020-09-26T00:24:13 MDT" duration-ms="233" status="PASS">
          <params>
            <param index="0">
              <value>
                <![CDATA[[TestResult name=testAccessStat status=SUCCESS method=SearchTest.testAccessStat()[pri:0, instance:search.SearchTest@1356d4d4] output={null}]]]>
              </value>
            </param>
          </params>
          <reporter-output>
          </reporter-output>
        </test-method> <!-- afterEachTestMethod -->
        <test-method is-config="true" signature="cleanUp()[pri:0, instance:search.SearchTest@1356d4d4]" started-at="2020-09-26T00:24:13 MDT" name="cleanUp" finished-at="2020-09-26T00:24:13 MDT" duration-ms="1" status="PASS">
          <reporter-output>
          </reporter-output>
        </test-method> <!-- cleanUp -->
        <test-method is-config="true" signature="setUp(boolean, java.lang.String, java.lang.String, java.lang.String, java.lang.String, java.lang.String, java.lang.String)[pri:0, instance:search.SearchTest@1356d4d4]" started-at="2020-09-26T00:24:13 MDT" name="setUp" finished-at="2020-09-26T00:24:17 MDT" duration-ms="3928" status="PASS">
          <params>
            <param index="0">
              <value>
                <![CDATA[false]]>
              </value>
            </param>
            <param index="1">
              <value>
                <![CDATA[browserstack]]>
              </value>
            </param>
            <param index="2">
              <value>
                <![CDATA[OS X]]>
              </value>
            </param>
            <param index="3">
              <value>
                <![CDATA[catalina]]>
              </value>
            </param>
            <param index="4">
              <value>
                <![CDATA[chrome-options]]>
              </value>
            </param>
            <param index="5">
              <value>
                <![CDATA[85]]>
              </value>
            </param>
            <param index="6">
              <value>
                <![CDATA[https://www.thehartford.com/]]>
              </value>
            </param>
          </params>
          <reporter-output>
          </reporter-output>
        </test-method> <!-- setUp -->
        <test-method is-config="true" signature="startExtent(java.lang.reflect.Method)[pri:0, instance:search.SearchTest@1356d4d4]" started-at="2020-09-26T00:24:17 MDT" name="startExtent" finished-at="2020-09-26T00:24:17 MDT" duration-ms="1" status="PASS">
          <params>
            <param index="0">
              <value>
                <![CDATA[public void search.SearchTest.testAgentAndProducers()]]>
              </value>
            </param>
          </params>
          <reporter-output>
          </reporter-output>
        </test-method> <!-- startExtent -->
        <test-method is-config="true" signature="getInit()[pri:0, instance:search.SearchTest@1356d4d4]" started-at="2020-09-26T00:24:17 MDT" name="getInit" finished-at="2020-09-26T00:24:17 MDT" duration-ms="5" status="PASS">
          <reporter-output>
          </reporter-output>
        </test-method> <!-- getInit -->
        <test-method signature="testAgentAndProducers()[pri:0, instance:search.SearchTest@1356d4d4]" started-at="2020-09-26T00:24:17 MDT" name="testAgentAndProducers" finished-at="2020-09-26T00:24:18 MDT" duration-ms="1344" status="PASS">
          <reporter-output>
          </reporter-output>
        </test-method> <!-- testAgentAndProducers -->
        <test-method is-config="true" signature="afterEachTestMethod(org.testng.ITestResult)[pri:0, instance:search.SearchTest@1356d4d4]" started-at="2020-09-26T00:24:18 MDT" name="afterEachTestMethod" finished-at="2020-09-26T00:24:18 MDT" duration-ms="176" status="PASS">
          <params>
            <param index="0">
              <value>
                <![CDATA[[TestResult name=testAgentAndProducers status=SUCCESS method=SearchTest.testAgentAndProducers()[pri:0, instance:search.SearchTest@1356d4d4] output={null}]]]>
              </value>
            </param>
          </params>
          <reporter-output>
          </reporter-output>
        </test-method> <!-- afterEachTestMethod -->
        <test-method is-config="true" signature="cleanUp()[pri:0, instance:search.SearchTest@1356d4d4]" started-at="2020-09-26T00:24:18 MDT" name="cleanUp" finished-at="2020-09-26T00:24:18 MDT" duration-ms="1" status="PASS">
          <reporter-output>
          </reporter-output>
        </test-method> <!-- cleanUp -->
        <test-method is-config="true" signature="setUp(boolean, java.lang.String, java.lang.String, java.lang.String, java.lang.String, java.lang.String, java.lang.String)[pri:0, instance:search.SearchTest@1356d4d4]" started-at="2020-09-26T00:24:18 MDT" name="setUp" finished-at="2020-09-26T00:24:22 MDT" duration-ms="3243" status="PASS">
          <params>
            <param index="0">
              <value>
                <![CDATA[false]]>
              </value>
            </param>
            <param index="1">
              <value>
                <![CDATA[browserstack]]>
              </value>
            </param>
            <param index="2">
              <value>
                <![CDATA[OS X]]>
              </value>
            </param>
            <param index="3">
              <value>
                <![CDATA[catalina]]>
              </value>
            </param>
            <param index="4">
              <value>
                <![CDATA[chrome-options]]>
              </value>
            </param>
            <param index="5">
              <value>
                <![CDATA[85]]>
              </value>
            </param>
            <param index="6">
              <value>
                <![CDATA[https://www.thehartford.com/]]>
              </value>
            </param>
          </params>
          <reporter-output>
          </reporter-output>
        </test-method> <!-- setUp -->
        <test-method is-config="true" signature="startExtent(java.lang.reflect.Method)[pri:0, instance:search.SearchTest@1356d4d4]" started-at="2020-09-26T00:24:22 MDT" name="startExtent" finished-at="2020-09-26T00:24:22 MDT" duration-ms="1" status="PASS">
          <params>
            <param index="0">
              <value>
                <![CDATA[public void search.SearchTest.testBusinessTab()]]>
              </value>
            </param>
          </params>
          <reporter-output>
          </reporter-output>
        </test-method> <!-- startExtent -->
        <test-method is-config="true" signature="getInit()[pri:0, instance:search.SearchTest@1356d4d4]" started-at="2020-09-26T00:24:22 MDT" name="getInit" finished-at="2020-09-26T00:24:22 MDT" duration-ms="4" status="PASS">
          <reporter-output>
          </reporter-output>
        </test-method> <!-- getInit -->
        <test-method signature="testBusinessTab()[pri:0, instance:search.SearchTest@1356d4d4]" started-at="2020-09-26T00:24:22 MDT" name="testBusinessTab" finished-at="2020-09-26T00:24:23 MDT" duration-ms="1119" status="FAIL">
          <exception class="java.lang.AssertionError">
            <message>
              <![CDATA[expected [Business, Home & Car Insurance Quotes | The Hartford Insurance] but found []]]>
            </message>
            <full-stacktrace>
              <![CDATA[java.lang.AssertionError: expected [Business, Home & Car Insurance Quotes | The Hartford Insurance] but found []
at org.testng.Assert.fail(Assert.java:97)
at org.testng.Assert.assertEqualsImpl(Assert.java:136)
at org.testng.Assert.assertEquals(Assert.java:118)
at org.testng.Assert.assertEquals(Assert.java:575)
at org.testng.Assert.assertEquals(Assert.java:585)
at search.Search.validateBusinessTab(Search.java:149)
at search.SearchTest.testBusinessTab(SearchTest.java:52)
at java.base/jdk.internal.reflect.NativeMethodAccessorImpl.invoke0(Native Method)
at java.base/jdk.internal.reflect.NativeMethodAccessorImpl.invoke(NativeMethodAccessorImpl.java:62)
at java.base/jdk.internal.reflect.DelegatingMethodAccessorImpl.invoke(DelegatingMethodAccessorImpl.java:43)
at java.base/java.lang.reflect.Method.invoke(Method.java:566)
at org.testng.internal.MethodInvocationHelper.invokeMethod(MethodInvocationHelper.java:134)
at org.testng.internal.TestInvoker.invokeMethod(TestInvoker.java:597)
at org.testng.internal.TestInvoker.invokeTestMethod(TestInvoker.java:173)
at org.testng.internal.MethodRunner.runInSequence(MethodRunner.java:46)
at org.testng.internal.TestInvoker$MethodInvocationAgent.invoke(TestInvoker.java:816)
at org.testng.internal.TestInvoker.invokeTestMethods(TestInvoker.java:146)
at org.testng.internal.TestMethodWorker.invokeTestMethods(TestMethodWorker.java:146)
at org.testng.internal.TestMethodWorker.run(TestMethodWorker.java:128)
at java.base/java.util.ArrayList.forEach(ArrayList.java:1540)
at org.testng.TestRunner.privateRun(TestRunner.java:766)
at org.testng.TestRunner.run(TestRunner.java:587)
at org.testng.SuiteRunner.runTest(SuiteRunner.java:384)
at org.testng.SuiteRunner.runSequentially(SuiteRunner.java:378)
at org.testng.SuiteRunner.privateRun(SuiteRunner.java:337)
at org.testng.SuiteRunner.run(SuiteRunner.java:286)
at org.testng.SuiteRunnerWorker.runSuite(SuiteRunnerWorker.java:53)
at org.testng.SuiteRunnerWorker.run(SuiteRunnerWorker.java:96)
at org.testng.TestNG.runSuitesSequentially(TestNG.java:1187)
at org.testng.TestNG.runSuitesLocally(TestNG.java:1109)
at org.testng.TestNG.runSuites(TestNG.java:1039)
at org.testng.TestNG.run(TestNG.java:1007)
at org.apache.maven.surefire.testng.TestNGExecutor.run(TestNGExecutor.java:284)
at org.apache.maven.surefire.testng.TestNGXmlTestSuite.execute(TestNGXmlTestSuite.java:75)
at org.apache.maven.surefire.testng.TestNGProvider.invoke(TestNGProvider.java:119)
at org.apache.maven.surefire.booter.ForkedBooter.runSuitesInProcess(ForkedBooter.java:428)
at org.apache.maven.surefire.booter.ForkedBooter.execute(ForkedBooter.java:162)
at org.apache.maven.surefire.booter.ForkedBooter.run(ForkedBooter.java:562)
at org.apache.maven.surefire.booter.ForkedBooter.main(ForkedBooter.java:548)
]]>
            </full-stacktrace>
          </exception> <!-- java.lang.AssertionError -->
          <reporter-output>
          </reporter-output>
        </test-method> <!-- testBusinessTab -->
        <test-method is-config="true" signature="afterEachTestMethod(org.testng.ITestResult)[pri:0, instance:search.SearchTest@1356d4d4]" started-at="2020-09-26T00:24:23 MDT" name="afterEachTestMethod" finished-at="2020-09-26T00:24:24 MDT" duration-ms="1587" status="PASS">
          <params>
            <param index="0">
              <value>
                <![CDATA[[TestResult name=testBusinessTab status=FAILURE method=SearchTest.testBusinessTab()[pri:0, instance:search.SearchTest@1356d4d4] output={null}]]]>
              </value>
            </param>
          </params>
          <reporter-output>
          </reporter-output>
        </test-method> <!-- afterEachTestMethod -->
        <test-method is-config="true" signature="cleanUp()[pri:0, instance:search.SearchTest@1356d4d4]" started-at="2020-09-26T00:24:24 MDT" name="cleanUp" finished-at="2020-09-26T00:24:24 MDT" duration-ms="1" status="PASS">
          <reporter-output>
          </reporter-output>
        </test-method> <!-- cleanUp -->
        <test-method is-config="true" signature="setUp(boolean, java.lang.String, java.lang.String, java.lang.String, java.lang.String, java.lang.String, java.lang.String)[pri:0, instance:search.SearchTest@1356d4d4]" started-at="2020-09-26T00:24:24 MDT" name="setUp" finished-at="2020-09-26T00:24:29 MDT" duration-ms="4582" status="PASS">
          <params>
            <param index="0">
              <value>
                <![CDATA[false]]>
              </value>
            </param>
            <param index="1">
              <value>
                <![CDATA[browserstack]]>
              </value>
            </param>
            <param index="2">
              <value>
                <![CDATA[OS X]]>
              </value>
            </param>
            <param index="3">
              <value>
                <![CDATA[catalina]]>
              </value>
            </param>
            <param index="4">
              <value>
                <![CDATA[chrome-options]]>
              </value>
            </param>
            <param index="5">
              <value>
                <![CDATA[85]]>
              </value>
            </param>
            <param index="6">
              <value>
                <![CDATA[https://www.thehartford.com/]]>
              </value>
            </param>
          </params>
          <reporter-output>
          </reporter-output>
        </test-method> <!-- setUp -->
        <test-method is-config="true" signature="startExtent(java.lang.reflect.Method)[pri:0, instance:search.SearchTest@1356d4d4]" started-at="2020-09-26T00:24:29 MDT" name="startExtent" finished-at="2020-09-26T00:24:29 MDT" duration-ms="1" status="PASS">
          <params>
            <param index="0">
              <value>
                <![CDATA[public void search.SearchTest.testCarInsurance()]]>
              </value>
            </param>
          </params>
          <reporter-output>
          </reporter-output>
        </test-method> <!-- startExtent -->
        <test-method is-config="true" signature="getInit()[pri:0, instance:search.SearchTest@1356d4d4]" started-at="2020-09-26T00:24:29 MDT" name="getInit" finished-at="2020-09-26T00:24:29 MDT" duration-ms="6" status="PASS">
          <reporter-output>
          </reporter-output>
        </test-method> <!-- getInit -->
        <test-method signature="testCarInsurance()[pri:0, instance:search.SearchTest@1356d4d4]" started-at="2020-09-26T00:24:29 MDT" name="testCarInsurance" finished-at="2020-09-26T00:24:34 MDT" duration-ms="5184" status="FAIL">
          <exception class="org.openqa.selenium.ElementNotInteractableException">
            <message>
              <![CDATA[element not interactable
  (Session info: chrome=85.0.4183.121)
Build info: version: '3.141.59', revision: 'e82be7d358', time: '2018-11-14T08:17:03'
System info: host: 'Syeds-MBP.ed.shawcable.net', ip: '2604:3d09:6e80:4500:0:0:0:6034%en0', os.name: 'Mac OS X', os.arch: 'x86_64', os.version: '10.15.6', java.version: '11.0.7'
Driver info: org.openqa.selenium.chrome.ChromeDriver
Capabilities {acceptInsecureCerts: false, browserName: chrome, browserVersion: 85.0.4183.121, chrome: {chromedriverVersion: 84.0.4147.30 (48b3e868b4cc0..., userDataDir: /var/folders/xh/fygjm06s7q9...}, goog:chromeOptions: {debuggerAddress: localhost:64617}, javascriptEnabled: true, networkConnectionEnabled: false, pageLoadStrategy: normal, platform: MAC, platformName: MAC, proxy: Proxy(), setWindowRect: true, strictFileInteractability: false, timeouts: {implicit: 0, pageLoad: 300000, script: 30000}, unhandledPromptBehavior: dismiss and notify, webauthn:virtualAuthenticators: true}
Session ID: 0102d3a70a061603047e44374fbee3bb]]>
            </message>
            <full-stacktrace>
              <![CDATA[org.openqa.selenium.ElementNotInteractableException: element not interactable
  (Session info: chrome=85.0.4183.121)
Build info: version: '3.141.59', revision: 'e82be7d358', time: '2018-11-14T08:17:03'
System info: host: 'Syeds-MBP.ed.shawcable.net', ip: '2604:3d09:6e80:4500:0:0:0:6034%en0', os.name: 'Mac OS X', os.arch: 'x86_64', os.version: '10.15.6', java.version: '11.0.7'
Driver info: org.openqa.selenium.chrome.ChromeDriver
Capabilities {acceptInsecureCerts: false, browserName: chrome, browserVersion: 85.0.4183.121, chrome: {chromedriverVersion: 84.0.4147.30 (48b3e868b4cc0..., userDataDir: /var/folders/xh/fygjm06s7q9...}, goog:chromeOptions: {debuggerAddress: localhost:64617}, javascriptEnabled: true, networkConnectionEnabled: false, pageLoadStrategy: normal, platform: MAC, platformName: MAC, proxy: Proxy(), setWindowRect: true, strictFileInteractability: false, timeouts: {implicit: 0, pageLoad: 300000, script: 30000}, unhandledPromptBehavior: dismiss and notify, webauthn:virtualAuthenticators: true}
Session ID: 0102d3a70a061603047e44374fbee3bb
at java.base/jdk.internal.reflect.NativeConstructorAccessorImpl.newInstance0(Native Method)
at java.base/jdk.internal.reflect.NativeConstructorAccessorImpl.newInstance(NativeConstructorAccessorImpl.java:62)
at java.base/jdk.internal.reflect.DelegatingConstructorAccessorImpl.newInstance(DelegatingConstructorAccessorImpl.java:45)
at java.base/java.lang.reflect.Constructor.newInstance(Constructor.java:490)
at org.openqa.selenium.remote.http.W3CHttpResponseCodec.createException(W3CHttpResponseCodec.java:187)
at org.openqa.selenium.remote.http.W3CHttpResponseCodec.decode(W3CHttpResponseCodec.java:122)
at org.openqa.selenium.remote.http.W3CHttpResponseCodec.decode(W3CHttpResponseCodec.java:49)
at org.openqa.selenium.remote.HttpCommandExecutor.execute(HttpCommandExecutor.java:158)
at org.openqa.selenium.remote.service.DriverCommandExecutor.execute(DriverCommandExecutor.java:83)
at org.openqa.selenium.remote.RemoteWebDriver.execute(RemoteWebDriver.java:552)
at org.openqa.selenium.remote.RemoteWebElement.execute(RemoteWebElement.java:285)
at org.openqa.selenium.remote.RemoteWebElement.click(RemoteWebElement.java:84)
at java.base/jdk.internal.reflect.NativeMethodAccessorImpl.invoke0(Native Method)
at java.base/jdk.internal.reflect.NativeMethodAccessorImpl.invoke(NativeMethodAccessorImpl.java:62)
at java.base/jdk.internal.reflect.DelegatingMethodAccessorImpl.invoke(DelegatingMethodAccessorImpl.java:43)
at java.base/java.lang.reflect.Method.invoke(Method.java:566)
at org.openqa.selenium.support.pagefactory.internal.LocatingElementHandler.invoke(LocatingElementHandler.java:51)
at com.sun.proxy.$Proxy14.click(Unknown Source)
at search.Search.carInsuranceCheck(Search.java:378)
at search.SearchTest.testCarInsurance(SearchTest.java:174)
at java.base/jdk.internal.reflect.NativeMethodAccessorImpl.invoke0(Native Method)
at java.base/jdk.internal.reflect.NativeMethodAccessorImpl.invoke(NativeMethodAccessorImpl.java:62)
at java.base/jdk.internal.reflect.DelegatingMethodAccessorImpl.invoke(DelegatingMethodAccessorImpl.java:43)
at java.base/java.lang.reflect.Method.invoke(Method.java:566)
at org.testng.internal.MethodInvocationHelper.invokeMethod(MethodInvocationHelper.java:134)
at org.testng.internal.TestInvoker.invokeMethod(TestInvoker.java:597)
at org.testng.internal.TestInvoker.invokeTestMethod(TestInvoker.java:173)
at org.testng.internal.MethodRunner.runInSequence(MethodRunner.java:46)
at org.testng.internal.TestInvoker$MethodInvocationAgent.invoke(TestInvoker.java:816)
at org.testng.internal.TestInvoker.invokeTestMethods(TestInvoker.java:146)
at org.testng.internal.TestMethodWorker.invokeTestMethods(TestMethodWorker.java:146)
at org.testng.internal.TestMethodWorker.run(TestMethodWorker.java:128)
at java.base/java.util.ArrayList.forEach(ArrayList.java:1540)
at org.testng.TestRunner.privateRun(TestRunner.java:766)
at org.testng.TestRunner.run(TestRunner.java:587)
at org.testng.SuiteRunner.runTest(SuiteRunner.java:384)
at org.testng.SuiteRunner.runSequentially(SuiteRunner.java:378)
at org.testng.SuiteRunner.privateRun(SuiteRunner.java:337)
at org.testng.SuiteRunner.run(SuiteRunner.java:286)
at org.testng.SuiteRunnerWorker.runSuite(SuiteRunnerWorker.java:53)
at org.testng.SuiteRunnerWorker.run(SuiteRunnerWorker.java:96)
at org.testng.TestNG.runSuitesSequentially(TestNG.java:1187)
at org.testng.TestNG.runSuitesLocally(TestNG.java:1109)
at org.testng.TestNG.runSuites(TestNG.java:1039)
at org.testng.TestNG.run(TestNG.java:1007)
at org.apache.maven.surefire.testng.TestNGExecutor.run(TestNGExecutor.java:284)
at org.apache.maven.surefire.testng.TestNGXmlTestSuite.execute(TestNGXmlTestSuite.java:75)
at org.apache.maven.surefire.testng.TestNGProvider.invoke(TestNGProvider.java:119)
at org.apache.maven.surefire.booter.ForkedBooter.runSuitesInProcess(ForkedBooter.java:428)
at org.apache.maven.surefire.booter.ForkedBooter.execute(ForkedBooter.java:162)
at org.apache.maven.surefire.booter.ForkedBooter.run(ForkedBooter.java:562)
at org.apache.maven.surefire.booter.ForkedBooter.main(ForkedBooter.java:548)
]]>
            </full-stacktrace>
          </exception> <!-- org.openqa.selenium.ElementNotInteractableException -->
          <reporter-output>
          </reporter-output>
        </test-method> <!-- testCarInsurance -->
        <test-method is-config="true" signature="afterEachTestMethod(org.testng.ITestResult)[pri:0, instance:search.SearchTest@1356d4d4]" started-at="2020-09-26T00:24:34 MDT" name="afterEachTestMethod" finished-at="2020-09-26T00:24:36 MDT" duration-ms="1458" status="PASS">
          <params>
            <param index="0">
              <value>
                <![CDATA[[TestResult name=testCarInsurance status=FAILURE method=SearchTest.testCarInsurance()[pri:0, instance:search.SearchTest@1356d4d4] output={null}]]]>
              </value>
            </param>
          </params>
          <reporter-output>
          </reporter-output>
        </test-method> <!-- afterEachTestMethod -->
        <test-method is-config="true" signature="cleanUp()[pri:0, instance:search.SearchTest@1356d4d4]" started-at="2020-09-26T00:24:36 MDT" name="cleanUp" finished-at="2020-09-26T00:24:36 MDT" duration-ms="1" status="PASS">
          <reporter-output>
          </reporter-output>
        </test-method> <!-- cleanUp -->
        <test-method is-config="true" signature="setUp(boolean, java.lang.String, java.lang.String, java.lang.String, java.lang.String, java.lang.String, java.lang.String)[pri:0, instance:search.SearchTest@1356d4d4]" started-at="2020-09-26T00:24:36 MDT" name="setUp" finished-at="2020-09-26T00:24:40 MDT" duration-ms="4348" status="PASS">
          <params>
            <param index="0">
              <value>
                <![CDATA[false]]>
              </value>
            </param>
            <param index="1">
              <value>
                <![CDATA[browserstack]]>
              </value>
            </param>
            <param index="2">
              <value>
                <![CDATA[OS X]]>
              </value>
            </param>
            <param index="3">
              <value>
                <![CDATA[catalina]]>
              </value>
            </param>
            <param index="4">
              <value>
                <![CDATA[chrome-options]]>
              </value>
            </param>
            <param index="5">
              <value>
                <![CDATA[85]]>
              </value>
            </param>
            <param index="6">
              <value>
                <![CDATA[https://www.thehartford.com/]]>
              </value>
            </param>
          </params>
          <reporter-output>
          </reporter-output>
        </test-method> <!-- setUp -->
        <test-method is-config="true" signature="startExtent(java.lang.reflect.Method)[pri:0, instance:search.SearchTest@1356d4d4]" started-at="2020-09-26T00:24:40 MDT" name="startExtent" finished-at="2020-09-26T00:24:40 MDT" duration-ms="0" status="PASS">
          <params>
            <param index="0">
              <value>
                <![CDATA[public void search.SearchTest.testEEO()]]>
              </value>
            </param>
          </params>
          <reporter-output>
          </reporter-output>
        </test-method> <!-- startExtent -->
        <test-method is-config="true" signature="getInit()[pri:0, instance:search.SearchTest@1356d4d4]" started-at="2020-09-26T00:24:40 MDT" name="getInit" finished-at="2020-09-26T00:24:40 MDT" duration-ms="5" status="PASS">
          <reporter-output>
          </reporter-output>
        </test-method> <!-- getInit -->
        <test-method signature="testEEO()[pri:0, instance:search.SearchTest@1356d4d4]" started-at="2020-09-26T00:24:40 MDT" name="testEEO" finished-at="2020-09-26T00:24:41 MDT" duration-ms="702" status="PASS">
          <reporter-output>
          </reporter-output>
        </test-method> <!-- testEEO -->
        <test-method is-config="true" signature="afterEachTestMethod(org.testng.ITestResult)[pri:0, instance:search.SearchTest@1356d4d4]" started-at="2020-09-26T00:24:41 MDT" name="afterEachTestMethod" finished-at="2020-09-26T00:24:41 MDT" duration-ms="206" status="PASS">
          <params>
            <param index="0">
              <value>
                <![CDATA[[TestResult name=testEEO status=SUCCESS method=SearchTest.testEEO()[pri:0, instance:search.SearchTest@1356d4d4] output={null}]]]>
              </value>
            </param>
          </params>
          <reporter-output>
          </reporter-output>
        </test-method> <!-- afterEachTestMethod -->
        <test-method is-config="true" signature="cleanUp()[pri:0, instance:search.SearchTest@1356d4d4]" started-at="2020-09-26T00:24:41 MDT" name="cleanUp" finished-at="2020-09-26T00:24:41 MDT" duration-ms="1" status="PASS">
          <reporter-output>
          </reporter-output>
        </test-method> <!-- cleanUp -->
        <test-method is-config="true" signature="setUp(boolean, java.lang.String, java.lang.String, java.lang.String, java.lang.String, java.lang.String, java.lang.String)[pri:0, instance:search.SearchTest@1356d4d4]" started-at="2020-09-26T00:24:41 MDT" name="setUp" finished-at="2020-09-26T00:24:45 MDT" duration-ms="3807" status="PASS">
          <params>
            <param index="0">
              <value>
                <![CDATA[false]]>
              </value>
            </param>
            <param index="1">
              <value>
                <![CDATA[browserstack]]>
              </value>
            </param>
            <param index="2">
              <value>
                <![CDATA[OS X]]>
              </value>
            </param>
            <param index="3">
              <value>
                <![CDATA[catalina]]>
              </value>
            </param>
            <param index="4">
              <value>
                <![CDATA[chrome-options]]>
              </value>
            </param>
            <param index="5">
              <value>
                <![CDATA[85]]>
              </value>
            </param>
            <param index="6">
              <value>
                <![CDATA[https://www.thehartford.com/]]>
              </value>
            </param>
          </params>
          <reporter-output>
          </reporter-output>
        </test-method> <!-- setUp -->
        <test-method is-config="true" signature="startExtent(java.lang.reflect.Method)[pri:0, instance:search.SearchTest@1356d4d4]" started-at="2020-09-26T00:24:45 MDT" name="startExtent" finished-at="2020-09-26T00:24:45 MDT" duration-ms="1" status="PASS">
          <params>
            <param index="0">
              <value>
                <![CDATA[public void search.SearchTest.testEmployeeBanifits()]]>
              </value>
            </param>
          </params>
          <reporter-output>
          </reporter-output>
        </test-method> <!-- startExtent -->
        <test-method is-config="true" signature="getInit()[pri:0, instance:search.SearchTest@1356d4d4]" started-at="2020-09-26T00:24:45 MDT" name="getInit" finished-at="2020-09-26T00:24:45 MDT" duration-ms="7" status="PASS">
          <reporter-output>
          </reporter-output>
        </test-method> <!-- getInit -->
        <test-method signature="testEmployeeBanifits()[pri:0, instance:search.SearchTest@1356d4d4]" started-at="2020-09-26T00:24:45 MDT" name="testEmployeeBanifits" finished-at="2020-09-26T00:24:46 MDT" duration-ms="1219" status="FAIL">
          <exception class="java.lang.AssertionError">
            <message>
              <![CDATA[expected [Business, Home & Car Insurance Quotes | The Hartford Insurance] but found [Employee Benefit Insurance Plans & Coverages | The Hartford]]]>
            </message>
            <full-stacktrace>
              <![CDATA[java.lang.AssertionError: expected [Business, Home & Car Insurance Quotes | The Hartford Insurance] but found [Employee Benefit Insurance Plans & Coverages | The Hartford]
at org.testng.Assert.fail(Assert.java:97)
at org.testng.Assert.assertEqualsImpl(Assert.java:136)
at org.testng.Assert.assertEquals(Assert.java:118)
at org.testng.Assert.assertEquals(Assert.java:575)
at org.testng.Assert.assertEquals(Assert.java:585)
at search.Search.validateEmpBanifits(Search.java:166)
at search.SearchTest.testEmployeeBanifits(SearchTest.java:60)
at java.base/jdk.internal.reflect.NativeMethodAccessorImpl.invoke0(Native Method)
at java.base/jdk.internal.reflect.NativeMethodAccessorImpl.invoke(NativeMethodAccessorImpl.java:62)
at java.base/jdk.internal.reflect.DelegatingMethodAccessorImpl.invoke(DelegatingMethodAccessorImpl.java:43)
at java.base/java.lang.reflect.Method.invoke(Method.java:566)
at org.testng.internal.MethodInvocationHelper.invokeMethod(MethodInvocationHelper.java:134)
at org.testng.internal.TestInvoker.invokeMethod(TestInvoker.java:597)
at org.testng.internal.TestInvoker.invokeTestMethod(TestInvoker.java:173)
at org.testng.internal.MethodRunner.runInSequence(MethodRunner.java:46)
at org.testng.internal.TestInvoker$MethodInvocationAgent.invoke(TestInvoker.java:816)
at org.testng.internal.TestInvoker.invokeTestMethods(TestInvoker.java:146)
at org.testng.internal.TestMethodWorker.invokeTestMethods(TestMethodWorker.java:146)
at org.testng.internal.TestMethodWorker.run(TestMethodWorker.java:128)
at java.base/java.util.ArrayList.forEach(ArrayList.java:1540)
at org.testng.TestRunner.privateRun(TestRunner.java:766)
at org.testng.TestRunner.run(TestRunner.java:587)
at org.testng.SuiteRunner.runTest(SuiteRunner.java:384)
at org.testng.SuiteRunner.runSequentially(SuiteRunner.java:378)
at org.testng.SuiteRunner.privateRun(SuiteRunner.java:337)
at org.testng.SuiteRunner.run(SuiteRunner.java:286)
at org.testng.SuiteRunnerWorker.runSuite(SuiteRunnerWorker.java:53)
at org.testng.SuiteRunnerWorker.run(SuiteRunnerWorker.java:96)
at org.testng.TestNG.runSuitesSequentially(TestNG.java:1187)
at org.testng.TestNG.runSuitesLocally(TestNG.java:1109)
at org.testng.TestNG.runSuites(TestNG.java:1039)
at org.testng.TestNG.run(TestNG.java:1007)
at org.apache.maven.surefire.testng.TestNGExecutor.run(TestNGExecutor.java:284)
at org.apache.maven.surefire.testng.TestNGXmlTestSuite.execute(TestNGXmlTestSuite.java:75)
at org.apache.maven.surefire.testng.TestNGProvider.invoke(TestNGProvider.java:119)
at org.apache.maven.surefire.booter.ForkedBooter.runSuitesInProcess(ForkedBooter.java:428)
at org.apache.maven.surefire.booter.ForkedBooter.execute(ForkedBooter.java:162)
at org.apache.maven.surefire.booter.ForkedBooter.run(ForkedBooter.java:562)
at org.apache.maven.surefire.booter.ForkedBooter.main(ForkedBooter.java:548)
]]>
            </full-stacktrace>
          </exception> <!-- java.lang.AssertionError -->
          <reporter-output>
          </reporter-output>
        </test-method> <!-- testEmployeeBanifits -->
        <test-method is-config="true" signature="afterEachTestMethod(org.testng.ITestResult)[pri:0, instance:search.SearchTest@1356d4d4]" started-at="2020-09-26T00:24:46 MDT" name="afterEachTestMethod" finished-at="2020-09-26T00:24:48 MDT" duration-ms="1801" status="PASS">
          <params>
            <param index="0">
              <value>
                <![CDATA[[TestResult name=testEmployeeBanifits status=FAILURE method=SearchTest.testEmployeeBanifits()[pri:0, instance:search.SearchTest@1356d4d4] output={null}]]]>
              </value>
            </param>
          </params>
          <reporter-output>
          </reporter-output>
        </test-method> <!-- afterEachTestMethod -->
        <test-method is-config="true" signature="cleanUp()[pri:0, instance:search.SearchTest@1356d4d4]" started-at="2020-09-26T00:24:48 MDT" name="cleanUp" finished-at="2020-09-26T00:24:48 MDT" duration-ms="1" status="PASS">
          <reporter-output>
          </reporter-output>
        </test-method> <!-- cleanUp -->
        <test-method is-config="true" signature="setUp(boolean, java.lang.String, java.lang.String, java.lang.String, java.lang.String, java.lang.String, java.lang.String)[pri:0, instance:search.SearchTest@1356d4d4]" started-at="2020-09-26T00:24:48 MDT" name="setUp" finished-at="2020-09-26T00:24:52 MDT" duration-ms="4299" status="PASS">
          <params>
            <param index="0">
              <value>
                <![CDATA[false]]>
              </value>
            </param>
            <param index="1">
              <value>
                <![CDATA[browserstack]]>
              </value>
            </param>
            <param index="2">
              <value>
                <![CDATA[OS X]]>
              </value>
            </param>
            <param index="3">
              <value>
                <![CDATA[catalina]]>
              </value>
            </param>
            <param index="4">
              <value>
                <![CDATA[chrome-options]]>
              </value>
            </param>
            <param index="5">
              <value>
                <![CDATA[85]]>
              </value>
            </param>
            <param index="6">
              <value>
                <![CDATA[https://www.thehartford.com/]]>
              </value>
            </param>
          </params>
          <reporter-output>
          </reporter-output>
        </test-method> <!-- setUp -->
        <test-method is-config="true" signature="startExtent(java.lang.reflect.Method)[pri:0, instance:search.SearchTest@1356d4d4]" started-at="2020-09-26T00:24:52 MDT" name="startExtent" finished-at="2020-09-26T00:24:52 MDT" duration-ms="1" status="PASS">
          <params>
            <param index="0">
              <value>
                <![CDATA[public void search.SearchTest.testFeedBack()]]>
              </value>
            </param>
          </params>
          <reporter-output>
          </reporter-output>
        </test-method> <!-- startExtent -->
        <test-method is-config="true" signature="getInit()[pri:0, instance:search.SearchTest@1356d4d4]" started-at="2020-09-26T00:24:52 MDT" name="getInit" finished-at="2020-09-26T00:24:52 MDT" duration-ms="5" status="PASS">
          <reporter-output>
          </reporter-output>
        </test-method> <!-- getInit -->
        <test-method signature="testFeedBack()[pri:0, instance:search.SearchTest@1356d4d4]" started-at="2020-09-26T00:24:52 MDT" name="testFeedBack" finished-at="2020-09-26T00:24:55 MDT" duration-ms="2924" status="PASS">
          <reporter-output>
          </reporter-output>
        </test-method> <!-- testFeedBack -->
        <test-method is-config="true" signature="afterEachTestMethod(org.testng.ITestResult)[pri:0, instance:search.SearchTest@1356d4d4]" started-at="2020-09-26T00:24:55 MDT" name="afterEachTestMethod" finished-at="2020-09-26T00:24:55 MDT" duration-ms="190" status="PASS">
          <params>
            <param index="0">
              <value>
                <![CDATA[[TestResult name=testFeedBack status=SUCCESS method=SearchTest.testFeedBack()[pri:0, instance:search.SearchTest@1356d4d4] output={null}]]]>
              </value>
            </param>
          </params>
          <reporter-output>
          </reporter-output>
        </test-method> <!-- afterEachTestMethod -->
        <test-method is-config="true" signature="cleanUp()[pri:0, instance:search.SearchTest@1356d4d4]" started-at="2020-09-26T00:24:55 MDT" name="cleanUp" finished-at="2020-09-26T00:24:55 MDT" duration-ms="0" status="PASS">
          <reporter-output>
          </reporter-output>
        </test-method> <!-- cleanUp -->
        <test-method is-config="true" signature="setUp(boolean, java.lang.String, java.lang.String, java.lang.String, java.lang.String, java.lang.String, java.lang.String)[pri:0, instance:search.SearchTest@1356d4d4]" started-at="2020-09-26T00:24:55 MDT" name="setUp" finished-at="2020-09-26T00:24:58 MDT" duration-ms="3181" status="PASS">
          <params>
            <param index="0">
              <value>
                <![CDATA[false]]>
              </value>
            </param>
            <param index="1">
              <value>
                <![CDATA[browserstack]]>
              </value>
            </param>
            <param index="2">
              <value>
                <![CDATA[OS X]]>
              </value>
            </param>
            <param index="3">
              <value>
                <![CDATA[catalina]]>
              </value>
            </param>
            <param index="4">
              <value>
                <![CDATA[chrome-options]]>
              </value>
            </param>
            <param index="5">
              <value>
                <![CDATA[85]]>
              </value>
            </param>
            <param index="6">
              <value>
                <![CDATA[https://www.thehartford.com/]]>
              </value>
            </param>
          </params>
          <reporter-output>
          </reporter-output>
        </test-method> <!-- setUp -->
        <test-method is-config="true" signature="startExtent(java.lang.reflect.Method)[pri:0, instance:search.SearchTest@1356d4d4]" started-at="2020-09-26T00:24:58 MDT" name="startExtent" finished-at="2020-09-26T00:24:58 MDT" duration-ms="1" status="PASS">
          <params>
            <param index="0">
              <value>
                <![CDATA[public void search.SearchTest.testFindAnAgentButton()]]>
              </value>
            </param>
          </params>
          <reporter-output>
          </reporter-output>
        </test-method> <!-- startExtent -->
        <test-method is-config="true" signature="getInit()[pri:0, instance:search.SearchTest@1356d4d4]" started-at="2020-09-26T00:24:58 MDT" name="getInit" finished-at="2020-09-26T00:24:58 MDT" duration-ms="5" status="PASS">
          <reporter-output>
          </reporter-output>
        </test-method> <!-- getInit -->
        <test-method signature="testFindAnAgentButton()[pri:0, instance:search.SearchTest@1356d4d4]" started-at="2020-09-26T00:24:58 MDT" name="testFindAnAgentButton" finished-at="2020-09-26T00:25:00 MDT" duration-ms="1452" status="PASS">
          <reporter-output>
          </reporter-output>
        </test-method> <!-- testFindAnAgentButton -->
        <test-method is-config="true" signature="afterEachTestMethod(org.testng.ITestResult)[pri:0, instance:search.SearchTest@1356d4d4]" started-at="2020-09-26T00:25:00 MDT" name="afterEachTestMethod" finished-at="2020-09-26T00:25:00 MDT" duration-ms="168" status="PASS">
          <params>
            <param index="0">
              <value>
                <![CDATA[[TestResult name=testFindAnAgentButton status=SUCCESS method=SearchTest.testFindAnAgentButton()[pri:0, instance:search.SearchTest@1356d4d4] output={null}]]]>
              </value>
            </param>
          </params>
          <reporter-output>
          </reporter-output>
        </test-method> <!-- afterEachTestMethod -->
        <test-method is-config="true" signature="cleanUp()[pri:0, instance:search.SearchTest@1356d4d4]" started-at="2020-09-26T00:25:00 MDT" name="cleanUp" finished-at="2020-09-26T00:25:00 MDT" duration-ms="1" status="PASS">
          <reporter-output>
          </reporter-output>
        </test-method> <!-- cleanUp -->
        <test-method is-config="true" signature="setUp(boolean, java.lang.String, java.lang.String, java.lang.String, java.lang.String, java.lang.String, java.lang.String)[pri:0, instance:search.SearchTest@1356d4d4]" started-at="2020-09-26T00:25:00 MDT" name="setUp" finished-at="2020-09-26T00:25:04 MDT" duration-ms="4128" status="PASS">
          <params>
            <param index="0">
              <value>
                <![CDATA[false]]>
              </value>
            </param>
            <param index="1">
              <value>
                <![CDATA[browserstack]]>
              </value>
            </param>
            <param index="2">
              <value>
                <![CDATA[OS X]]>
              </value>
            </param>
            <param index="3">
              <value>
                <![CDATA[catalina]]>
              </value>
            </param>
            <param index="4">
              <value>
                <![CDATA[chrome-options]]>
              </value>
            </param>
            <param index="5">
              <value>
                <![CDATA[85]]>
              </value>
            </param>
            <param index="6">
              <value>
                <![CDATA[https://www.thehartford.com/]]>
              </value>
            </param>
          </params>
          <reporter-output>
          </reporter-output>
        </test-method> <!-- setUp -->
        <test-method is-config="true" signature="startExtent(java.lang.reflect.Method)[pri:0, instance:search.SearchTest@1356d4d4]" started-at="2020-09-26T00:25:04 MDT" name="startExtent" finished-at="2020-09-26T00:25:04 MDT" duration-ms="0" status="PASS">
          <params>
            <param index="0">
              <value>
                <![CDATA[public void search.SearchTest.testHomeInsurance()]]>
              </value>
            </param>
          </params>
          <reporter-output>
          </reporter-output>
        </test-method> <!-- startExtent -->
        <test-method is-config="true" signature="getInit()[pri:0, instance:search.SearchTest@1356d4d4]" started-at="2020-09-26T00:25:04 MDT" name="getInit" finished-at="2020-09-26T00:25:04 MDT" duration-ms="4" status="PASS">
          <reporter-output>
          </reporter-output>
        </test-method> <!-- getInit -->
        <test-method signature="testHomeInsurance()[pri:0, instance:search.SearchTest@1356d4d4]" started-at="2020-09-26T00:25:04 MDT" name="testHomeInsurance" finished-at="2020-09-26T00:25:05 MDT" duration-ms="1132" status="PASS">
          <reporter-output>
          </reporter-output>
        </test-method> <!-- testHomeInsurance -->
        <test-method is-config="true" signature="afterEachTestMethod(org.testng.ITestResult)[pri:0, instance:search.SearchTest@1356d4d4]" started-at="2020-09-26T00:25:05 MDT" name="afterEachTestMethod" finished-at="2020-09-26T00:25:05 MDT" duration-ms="163" status="PASS">
          <params>
            <param index="0">
              <value>
                <![CDATA[[TestResult name=testHomeInsurance status=SUCCESS method=SearchTest.testHomeInsurance()[pri:0, instance:search.SearchTest@1356d4d4] output={null}]]]>
              </value>
            </param>
          </params>
          <reporter-output>
          </reporter-output>
        </test-method> <!-- afterEachTestMethod -->
        <test-method is-config="true" signature="cleanUp()[pri:0, instance:search.SearchTest@1356d4d4]" started-at="2020-09-26T00:25:05 MDT" name="cleanUp" finished-at="2020-09-26T00:25:05 MDT" duration-ms="1" status="PASS">
          <reporter-output>
          </reporter-output>
        </test-method> <!-- cleanUp -->
        <test-method is-config="true" signature="setUp(boolean, java.lang.String, java.lang.String, java.lang.String, java.lang.String, java.lang.String, java.lang.String)[pri:0, instance:search.SearchTest@1356d4d4]" started-at="2020-09-26T00:25:05 MDT" name="setUp" finished-at="2020-09-26T00:25:09 MDT" duration-ms="3545" status="PASS">
          <params>
            <param index="0">
              <value>
                <![CDATA[false]]>
              </value>
            </param>
            <param index="1">
              <value>
                <![CDATA[browserstack]]>
              </value>
            </param>
            <param index="2">
              <value>
                <![CDATA[OS X]]>
              </value>
            </param>
            <param index="3">
              <value>
                <![CDATA[catalina]]>
              </value>
            </param>
            <param index="4">
              <value>
                <![CDATA[chrome-options]]>
              </value>
            </param>
            <param index="5">
              <value>
                <![CDATA[85]]>
              </value>
            </param>
            <param index="6">
              <value>
                <![CDATA[https://www.thehartford.com/]]>
              </value>
            </param>
          </params>
          <reporter-output>
          </reporter-output>
        </test-method> <!-- setUp -->
        <test-method is-config="true" signature="getInit()[pri:0, instance:search.SearchTest@1356d4d4]" started-at="2020-09-26T00:25:09 MDT" name="getInit" finished-at="2020-09-26T00:25:09 MDT" duration-ms="5" status="PASS">
          <reporter-output>
          </reporter-output>
        </test-method> <!-- getInit -->
        <test-method is-config="true" signature="startExtent(java.lang.reflect.Method)[pri:0, instance:search.SearchTest@1356d4d4]" started-at="2020-09-26T00:25:09 MDT" name="startExtent" finished-at="2020-09-26T00:25:09 MDT" duration-ms="0" status="PASS">
          <params>
            <param index="0">
              <value>
                <![CDATA[public void search.SearchTest.testHomeTab()]]>
              </value>
            </param>
          </params>
          <reporter-output>
          </reporter-output>
        </test-method> <!-- startExtent -->
        <test-method signature="testHomeTab()[pri:0, instance:search.SearchTest@1356d4d4]" started-at="2020-09-26T00:25:09 MDT" name="testHomeTab" finished-at="2020-09-26T00:25:10 MDT" duration-ms="1451" status="FAIL">
          <exception class="java.lang.AssertionError">
            <message>
              <![CDATA[expected [Business, Home & Car Insurance Quotes | The Hartford Insurance] but found []]]>
            </message>
            <full-stacktrace>
              <![CDATA[java.lang.AssertionError: expected [Business, Home & Car Insurance Quotes | The Hartford Insurance] but found []
at org.testng.Assert.fail(Assert.java:97)
at org.testng.Assert.assertEqualsImpl(Assert.java:136)
at org.testng.Assert.assertEquals(Assert.java:118)
at org.testng.Assert.assertEquals(Assert.java:575)
at org.testng.Assert.assertEquals(Assert.java:585)
at search.Search.validateSetHomeElementCheck(Search.java:132)
at search.SearchTest.testHomeTab(SearchTest.java:44)
at java.base/jdk.internal.reflect.NativeMethodAccessorImpl.invoke0(Native Method)
at java.base/jdk.internal.reflect.NativeMethodAccessorImpl.invoke(NativeMethodAccessorImpl.java:62)
at java.base/jdk.internal.reflect.DelegatingMethodAccessorImpl.invoke(DelegatingMethodAccessorImpl.java:43)
at java.base/java.lang.reflect.Method.invoke(Method.java:566)
at org.testng.internal.MethodInvocationHelper.invokeMethod(MethodInvocationHelper.java:134)
at org.testng.internal.TestInvoker.invokeMethod(TestInvoker.java:597)
at org.testng.internal.TestInvoker.invokeTestMethod(TestInvoker.java:173)
at org.testng.internal.MethodRunner.runInSequence(MethodRunner.java:46)
at org.testng.internal.TestInvoker$MethodInvocationAgent.invoke(TestInvoker.java:816)
at org.testng.internal.TestInvoker.invokeTestMethods(TestInvoker.java:146)
at org.testng.internal.TestMethodWorker.invokeTestMethods(TestMethodWorker.java:146)
at org.testng.internal.TestMethodWorker.run(TestMethodWorker.java:128)
at java.base/java.util.ArrayList.forEach(ArrayList.java:1540)
at org.testng.TestRunner.privateRun(TestRunner.java:766)
at org.testng.TestRunner.run(TestRunner.java:587)
at org.testng.SuiteRunner.runTest(SuiteRunner.java:384)
at org.testng.SuiteRunner.runSequentially(SuiteRunner.java:378)
at org.testng.SuiteRunner.privateRun(SuiteRunner.java:337)
at org.testng.SuiteRunner.run(SuiteRunner.java:286)
at org.testng.SuiteRunnerWorker.runSuite(SuiteRunnerWorker.java:53)
at org.testng.SuiteRunnerWorker.run(SuiteRunnerWorker.java:96)
at org.testng.TestNG.runSuitesSequentially(TestNG.java:1187)
at org.testng.TestNG.runSuitesLocally(TestNG.java:1109)
at org.testng.TestNG.runSuites(TestNG.java:1039)
at org.testng.TestNG.run(TestNG.java:1007)
at org.apache.maven.surefire.testng.TestNGExecutor.run(TestNGExecutor.java:284)
at org.apache.maven.surefire.testng.TestNGXmlTestSuite.execute(TestNGXmlTestSuite.java:75)
at org.apache.maven.surefire.testng.TestNGProvider.invoke(TestNGProvider.java:119)
at org.apache.maven.surefire.booter.ForkedBooter.runSuitesInProcess(ForkedBooter.java:428)
at org.apache.maven.surefire.booter.ForkedBooter.execute(ForkedBooter.java:162)
at org.apache.maven.surefire.booter.ForkedBooter.run(ForkedBooter.java:562)
at org.apache.maven.surefire.booter.ForkedBooter.main(ForkedBooter.java:548)
]]>
            </full-stacktrace>
          </exception> <!-- java.lang.AssertionError -->
          <reporter-output>
          </reporter-output>
        </test-method> <!-- testHomeTab -->
        <test-method is-config="true" signature="afterEachTestMethod(org.testng.ITestResult)[pri:0, instance:search.SearchTest@1356d4d4]" started-at="2020-09-26T00:25:10 MDT" name="afterEachTestMethod" finished-at="2020-09-26T00:25:13 MDT" duration-ms="2172" status="PASS">
          <params>
            <param index="0">
              <value>
                <![CDATA[[TestResult name=testHomeTab status=FAILURE method=SearchTest.testHomeTab()[pri:0, instance:search.SearchTest@1356d4d4] output={null}]]]>
              </value>
            </param>
          </params>
          <reporter-output>
          </reporter-output>
        </test-method> <!-- afterEachTestMethod -->
        <test-method is-config="true" signature="cleanUp()[pri:0, instance:search.SearchTest@1356d4d4]" started-at="2020-09-26T00:25:13 MDT" name="cleanUp" finished-at="2020-09-26T00:25:13 MDT" duration-ms="1" status="PASS">
          <reporter-output>
          </reporter-output>
        </test-method> <!-- cleanUp -->
        <test-method is-config="true" signature="setUp(boolean, java.lang.String, java.lang.String, java.lang.String, java.lang.String, java.lang.String, java.lang.String)[pri:0, instance:search.SearchTest@1356d4d4]" started-at="2020-09-26T00:25:13 MDT" name="setUp" finished-at="2020-09-26T00:25:16 MDT" duration-ms="3709" status="PASS">
          <params>
            <param index="0">
              <value>
                <![CDATA[false]]>
              </value>
            </param>
            <param index="1">
              <value>
                <![CDATA[browserstack]]>
              </value>
            </param>
            <param index="2">
              <value>
                <![CDATA[OS X]]>
              </value>
            </param>
            <param index="3">
              <value>
                <![CDATA[catalina]]>
              </value>
            </param>
            <param index="4">
              <value>
                <![CDATA[chrome-options]]>
              </value>
            </param>
            <param index="5">
              <value>
                <![CDATA[85]]>
              </value>
            </param>
            <param index="6">
              <value>
                <![CDATA[https://www.thehartford.com/]]>
              </value>
            </param>
          </params>
          <reporter-output>
          </reporter-output>
        </test-method> <!-- setUp -->
        <test-method is-config="true" signature="getInit()[pri:0, instance:search.SearchTest@1356d4d4]" started-at="2020-09-26T00:25:16 MDT" name="getInit" finished-at="2020-09-26T00:25:16 MDT" duration-ms="5" status="PASS">
          <reporter-output>
          </reporter-output>
        </test-method> <!-- getInit -->
        <test-method is-config="true" signature="startExtent(java.lang.reflect.Method)[pri:0, instance:search.SearchTest@1356d4d4]" started-at="2020-09-26T00:25:16 MDT" name="startExtent" finished-at="2020-09-26T00:25:16 MDT" duration-ms="0" status="PASS">
          <params>
            <param index="0">
              <value>
                <![CDATA[public void search.SearchTest.testLegalNotice()]]>
              </value>
            </param>
          </params>
          <reporter-output>
          </reporter-output>
        </test-method> <!-- startExtent -->
        <test-method signature="testLegalNotice()[pri:0, instance:search.SearchTest@1356d4d4]" started-at="2020-09-26T00:25:16 MDT" name="testLegalNotice" finished-at="2020-09-26T00:25:17 MDT" duration-ms="1260" status="PASS">
          <reporter-output>
          </reporter-output>
        </test-method> <!-- testLegalNotice -->
        <test-method is-config="true" signature="afterEachTestMethod(org.testng.ITestResult)[pri:0, instance:search.SearchTest@1356d4d4]" started-at="2020-09-26T00:25:17 MDT" name="afterEachTestMethod" finished-at="2020-09-26T00:25:18 MDT" duration-ms="182" status="PASS">
          <params>
            <param index="0">
              <value>
                <![CDATA[[TestResult name=testLegalNotice status=SUCCESS method=SearchTest.testLegalNotice()[pri:0, instance:search.SearchTest@1356d4d4] output={null}]]]>
              </value>
            </param>
          </params>
          <reporter-output>
          </reporter-output>
        </test-method> <!-- afterEachTestMethod -->
        <test-method is-config="true" signature="cleanUp()[pri:0, instance:search.SearchTest@1356d4d4]" started-at="2020-09-26T00:25:18 MDT" name="cleanUp" finished-at="2020-09-26T00:25:18 MDT" duration-ms="1" status="PASS">
          <reporter-output>
          </reporter-output>
        </test-method> <!-- cleanUp -->
        <test-method is-config="true" signature="setUp(boolean, java.lang.String, java.lang.String, java.lang.String, java.lang.String, java.lang.String, java.lang.String)[pri:0, instance:search.SearchTest@1356d4d4]" started-at="2020-09-26T00:25:18 MDT" name="setUp" finished-at="2020-09-26T00:25:21 MDT" duration-ms="3666" status="PASS">
          <params>
            <param index="0">
              <value>
                <![CDATA[false]]>
              </value>
            </param>
            <param index="1">
              <value>
                <![CDATA[browserstack]]>
              </value>
            </param>
            <param index="2">
              <value>
                <![CDATA[OS X]]>
              </value>
            </param>
            <param index="3">
              <value>
                <![CDATA[catalina]]>
              </value>
            </param>
            <param index="4">
              <value>
                <![CDATA[chrome-options]]>
              </value>
            </param>
            <param index="5">
              <value>
                <![CDATA[85]]>
              </value>
            </param>
            <param index="6">
              <value>
                <![CDATA[https://www.thehartford.com/]]>
              </value>
            </param>
          </params>
          <reporter-output>
          </reporter-output>
        </test-method> <!-- setUp -->
        <test-method is-config="true" signature="getInit()[pri:0, instance:search.SearchTest@1356d4d4]" started-at="2020-09-26T00:25:21 MDT" name="getInit" finished-at="2020-09-26T00:25:21 MDT" duration-ms="5" status="PASS">
          <reporter-output>
          </reporter-output>
        </test-method> <!-- getInit -->
        <test-method is-config="true" signature="startExtent(java.lang.reflect.Method)[pri:0, instance:search.SearchTest@1356d4d4]" started-at="2020-09-26T00:25:21 MDT" name="startExtent" finished-at="2020-09-26T00:25:21 MDT" duration-ms="0" status="PASS">
          <params>
            <param index="0">
              <value>
                <![CDATA[public void search.SearchTest.testMobileApp()]]>
              </value>
            </param>
          </params>
          <reporter-output>
          </reporter-output>
        </test-method> <!-- startExtent -->
        <test-method signature="testMobileApp()[pri:0, instance:search.SearchTest@1356d4d4]" started-at="2020-09-26T00:25:21 MDT" name="testMobileApp" finished-at="2020-09-26T00:25:22 MDT" duration-ms="745" status="PASS">
          <reporter-output>
          </reporter-output>
        </test-method> <!-- testMobileApp -->
        <test-method is-config="true" signature="afterEachTestMethod(org.testng.ITestResult)[pri:0, instance:search.SearchTest@1356d4d4]" started-at="2020-09-26T00:25:22 MDT" name="afterEachTestMethod" finished-at="2020-09-26T00:25:22 MDT" duration-ms="202" status="PASS">
          <params>
            <param index="0">
              <value>
                <![CDATA[[TestResult name=testMobileApp status=SUCCESS method=SearchTest.testMobileApp()[pri:0, instance:search.SearchTest@1356d4d4] output={null}]]]>
              </value>
            </param>
          </params>
          <reporter-output>
          </reporter-output>
        </test-method> <!-- afterEachTestMethod -->
        <test-method is-config="true" signature="cleanUp()[pri:0, instance:search.SearchTest@1356d4d4]" started-at="2020-09-26T00:25:22 MDT" name="cleanUp" finished-at="2020-09-26T00:25:22 MDT" duration-ms="1" status="PASS">
          <reporter-output>
          </reporter-output>
        </test-method> <!-- cleanUp -->
        <test-method is-config="true" signature="setUp(boolean, java.lang.String, java.lang.String, java.lang.String, java.lang.String, java.lang.String, java.lang.String)[pri:0, instance:search.SearchTest@1356d4d4]" started-at="2020-09-26T00:25:22 MDT" name="setUp" finished-at="2020-09-26T00:25:26 MDT" duration-ms="3773" status="PASS">
          <params>
            <param index="0">
              <value>
                <![CDATA[false]]>
              </value>
            </param>
            <param index="1">
              <value>
                <![CDATA[browserstack]]>
              </value>
            </param>
            <param index="2">
              <value>
                <![CDATA[OS X]]>
              </value>
            </param>
            <param index="3">
              <value>
                <![CDATA[catalina]]>
              </value>
            </param>
            <param index="4">
              <value>
                <![CDATA[chrome-options]]>
              </value>
            </param>
            <param index="5">
              <value>
                <![CDATA[85]]>
              </value>
            </param>
            <param index="6">
              <value>
                <![CDATA[https://www.thehartford.com/]]>
              </value>
            </param>
          </params>
          <reporter-output>
          </reporter-output>
        </test-method> <!-- setUp -->
        <test-method is-config="true" signature="startExtent(java.lang.reflect.Method)[pri:0, instance:search.SearchTest@1356d4d4]" started-at="2020-09-26T00:25:26 MDT" name="startExtent" finished-at="2020-09-26T00:25:26 MDT" duration-ms="0" status="PASS">
          <params>
            <param index="0">
              <value>
                <![CDATA[public void search.SearchTest.testPrivacyPolicy()]]>
              </value>
            </param>
          </params>
          <reporter-output>
          </reporter-output>
        </test-method> <!-- startExtent -->
        <test-method is-config="true" signature="getInit()[pri:0, instance:search.SearchTest@1356d4d4]" started-at="2020-09-26T00:25:26 MDT" name="getInit" finished-at="2020-09-26T00:25:26 MDT" duration-ms="7" status="PASS">
          <reporter-output>
          </reporter-output>
        </test-method> <!-- getInit -->
        <test-method signature="testPrivacyPolicy()[pri:0, instance:search.SearchTest@1356d4d4]" started-at="2020-09-26T00:25:26 MDT" name="testPrivacyPolicy" finished-at="2020-09-26T00:25:27 MDT" duration-ms="1071" status="PASS">
          <reporter-output>
          </reporter-output>
        </test-method> <!-- testPrivacyPolicy -->
        <test-method is-config="true" signature="afterEachTestMethod(org.testng.ITestResult)[pri:0, instance:search.SearchTest@1356d4d4]" started-at="2020-09-26T00:25:27 MDT" name="afterEachTestMethod" finished-at="2020-09-26T00:25:27 MDT" duration-ms="260" status="PASS">
          <params>
            <param index="0">
              <value>
                <![CDATA[[TestResult name=testPrivacyPolicy status=SUCCESS method=SearchTest.testPrivacyPolicy()[pri:0, instance:search.SearchTest@1356d4d4] output={null}]]]>
              </value>
            </param>
          </params>
          <reporter-output>
          </reporter-output>
        </test-method> <!-- afterEachTestMethod -->
        <test-method is-config="true" signature="cleanUp()[pri:0, instance:search.SearchTest@1356d4d4]" started-at="2020-09-26T00:25:27 MDT" name="cleanUp" finished-at="2020-09-26T00:25:27 MDT" duration-ms="0" status="PASS">
          <reporter-output>
          </reporter-output>
        </test-method> <!-- cleanUp -->
        <test-method is-config="true" signature="setUp(boolean, java.lang.String, java.lang.String, java.lang.String, java.lang.String, java.lang.String, java.lang.String)[pri:0, instance:search.SearchTest@1356d4d4]" started-at="2020-09-26T00:25:27 MDT" name="setUp" finished-at="2020-09-26T00:25:31 MDT" duration-ms="3424" status="PASS">
          <params>
            <param index="0">
              <value>
                <![CDATA[false]]>
              </value>
            </param>
            <param index="1">
              <value>
                <![CDATA[browserstack]]>
              </value>
            </param>
            <param index="2">
              <value>
                <![CDATA[OS X]]>
              </value>
            </param>
            <param index="3">
              <value>
                <![CDATA[catalina]]>
              </value>
            </param>
            <param index="4">
              <value>
                <![CDATA[chrome-options]]>
              </value>
            </param>
            <param index="5">
              <value>
                <![CDATA[85]]>
              </value>
            </param>
            <param index="6">
              <value>
                <![CDATA[https://www.thehartford.com/]]>
              </value>
            </param>
          </params>
          <reporter-output>
          </reporter-output>
        </test-method> <!-- setUp -->
        <test-method is-config="true" signature="startExtent(java.lang.reflect.Method)[pri:0, instance:search.SearchTest@1356d4d4]" started-at="2020-09-26T00:25:31 MDT" name="startExtent" finished-at="2020-09-26T00:25:31 MDT" duration-ms="1" status="PASS">
          <params>
            <param index="0">
              <value>
                <![CDATA[public void search.SearchTest.testProdCompensation()]]>
              </value>
            </param>
          </params>
          <reporter-output>
          </reporter-output>
        </test-method> <!-- startExtent -->
        <test-method is-config="true" signature="getInit()[pri:0, instance:search.SearchTest@1356d4d4]" started-at="2020-09-26T00:25:31 MDT" name="getInit" finished-at="2020-09-26T00:25:31 MDT" duration-ms="4" status="PASS">
          <reporter-output>
          </reporter-output>
        </test-method> <!-- getInit -->
        <test-method signature="testProdCompensation()[pri:0, instance:search.SearchTest@1356d4d4]" started-at="2020-09-26T00:25:31 MDT" name="testProdCompensation" finished-at="2020-09-26T00:25:34 MDT" duration-ms="3211" status="PASS">
          <reporter-output>
          </reporter-output>
        </test-method> <!-- testProdCompensation -->
        <test-method is-config="true" signature="afterEachTestMethod(org.testng.ITestResult)[pri:0, instance:search.SearchTest@1356d4d4]" started-at="2020-09-26T00:25:34 MDT" name="afterEachTestMethod" finished-at="2020-09-26T00:25:34 MDT" duration-ms="292" status="PASS">
          <params>
            <param index="0">
              <value>
                <![CDATA[[TestResult name=testProdCompensation status=SUCCESS method=SearchTest.testProdCompensation()[pri:0, instance:search.SearchTest@1356d4d4] output={null}]]]>
              </value>
            </param>
          </params>
          <reporter-output>
          </reporter-output>
        </test-method> <!-- afterEachTestMethod -->
        <test-method is-config="true" signature="cleanUp()[pri:0, instance:search.SearchTest@1356d4d4]" started-at="2020-09-26T00:25:34 MDT" name="cleanUp" finished-at="2020-09-26T00:25:34 MDT" duration-ms="1" status="PASS">
          <reporter-output>
          </reporter-output>
        </test-method> <!-- cleanUp -->
        <test-method is-config="true" signature="setUp(boolean, java.lang.String, java.lang.String, java.lang.String, java.lang.String, java.lang.String, java.lang.String)[pri:0, instance:search.SearchTest@1356d4d4]" started-at="2020-09-26T00:25:34 MDT" name="setUp" finished-at="2020-09-26T00:25:39 MDT" duration-ms="4459" status="PASS">
          <params>
            <param index="0">
              <value>
                <![CDATA[false]]>
              </value>
            </param>
            <param index="1">
              <value>
                <![CDATA[browserstack]]>
              </value>
            </param>
            <param index="2">
              <value>
                <![CDATA[OS X]]>
              </value>
            </param>
            <param index="3">
              <value>
                <![CDATA[catalina]]>
              </value>
            </param>
            <param index="4">
              <value>
                <![CDATA[chrome-options]]>
              </value>
            </param>
            <param index="5">
              <value>
                <![CDATA[85]]>
              </value>
            </param>
            <param index="6">
              <value>
                <![CDATA[https://www.thehartford.com/]]>
              </value>
            </param>
          </params>
          <reporter-output>
          </reporter-output>
        </test-method> <!-- setUp -->
        <test-method is-config="true" signature="startExtent(java.lang.reflect.Method)[pri:0, instance:search.SearchTest@1356d4d4]" started-at="2020-09-26T00:25:39 MDT" name="startExtent" finished-at="2020-09-26T00:25:39 MDT" duration-ms="1" status="PASS">
          <params>
            <param index="0">
              <value>
                <![CDATA[public void search.SearchTest.testReportClaim()]]>
              </value>
            </param>
          </params>
          <reporter-output>
          </reporter-output>
        </test-method> <!-- startExtent -->
        <test-method is-config="true" signature="getInit()[pri:0, instance:search.SearchTest@1356d4d4]" started-at="2020-09-26T00:25:39 MDT" name="getInit" finished-at="2020-09-26T00:25:39 MDT" duration-ms="5" status="PASS">
          <reporter-output>
          </reporter-output>
        </test-method> <!-- getInit -->
        <test-method signature="testReportClaim()[pri:0, instance:search.SearchTest@1356d4d4]" started-at="2020-09-26T00:25:39 MDT" name="testReportClaim" finished-at="2020-09-26T00:25:41 MDT" duration-ms="1858" status="PASS">
          <reporter-output>
          </reporter-output>
        </test-method> <!-- testReportClaim -->
        <test-method is-config="true" signature="afterEachTestMethod(org.testng.ITestResult)[pri:0, instance:search.SearchTest@1356d4d4]" started-at="2020-09-26T00:25:41 MDT" name="afterEachTestMethod" finished-at="2020-09-26T00:25:41 MDT" duration-ms="238" status="PASS">
          <params>
            <param index="0">
              <value>
                <![CDATA[[TestResult name=testReportClaim status=SUCCESS method=SearchTest.testReportClaim()[pri:0, instance:search.SearchTest@1356d4d4] output={null}]]]>
              </value>
            </param>
          </params>
          <reporter-output>
          </reporter-output>
        </test-method> <!-- afterEachTestMethod -->
        <test-method is-config="true" signature="cleanUp()[pri:0, instance:search.SearchTest@1356d4d4]" started-at="2020-09-26T00:25:41 MDT" name="cleanUp" finished-at="2020-09-26T00:25:41 MDT" duration-ms="1" status="PASS">
          <reporter-output>
          </reporter-output>
        </test-method> <!-- cleanUp -->
        <test-method is-config="true" signature="setUp(boolean, java.lang.String, java.lang.String, java.lang.String, java.lang.String, java.lang.String, java.lang.String)[pri:0, instance:search.SearchTest@1356d4d4]" started-at="2020-09-26T00:25:41 MDT" name="setUp" finished-at="2020-09-26T00:25:45 MDT" duration-ms="4555" status="PASS">
          <params>
            <param index="0">
              <value>
                <![CDATA[false]]>
              </value>
            </param>
            <param index="1">
              <value>
                <![CDATA[browserstack]]>
              </value>
            </param>
            <param index="2">
              <value>
                <![CDATA[OS X]]>
              </value>
            </param>
            <param index="3">
              <value>
                <![CDATA[catalina]]>
              </value>
            </param>
            <param index="4">
              <value>
                <![CDATA[chrome-options]]>
              </value>
            </param>
            <param index="5">
              <value>
                <![CDATA[85]]>
              </value>
            </param>
            <param index="6">
              <value>
                <![CDATA[https://www.thehartford.com/]]>
              </value>
            </param>
          </params>
          <reporter-output>
          </reporter-output>
        </test-method> <!-- setUp -->
        <test-method is-config="true" signature="startExtent(java.lang.reflect.Method)[pri:0, instance:search.SearchTest@1356d4d4]" started-at="2020-09-26T00:25:45 MDT" name="startExtent" finished-at="2020-09-26T00:25:45 MDT" duration-ms="0" status="PASS">
          <params>
            <param index="0">
              <value>
                <![CDATA[public void search.SearchTest.testSearchBoxCheck()]]>
              </value>
            </param>
          </params>
          <reporter-output>
          </reporter-output>
        </test-method> <!-- startExtent -->
        <test-method is-config="true" signature="getInit()[pri:0, instance:search.SearchTest@1356d4d4]" started-at="2020-09-26T00:25:45 MDT" name="getInit" finished-at="2020-09-26T00:25:45 MDT" duration-ms="4" status="PASS">
          <reporter-output>
          </reporter-output>
        </test-method> <!-- getInit -->
        <test-method signature="testSearchBoxCheck()[pri:0, instance:search.SearchTest@1356d4d4]" started-at="2020-09-26T00:25:45 MDT" name="testSearchBoxCheck" finished-at="2020-09-26T00:25:49 MDT" duration-ms="3633" status="PASS">
          <reporter-output>
          </reporter-output>
        </test-method> <!-- testSearchBoxCheck -->
        <test-method is-config="true" signature="afterEachTestMethod(org.testng.ITestResult)[pri:0, instance:search.SearchTest@1356d4d4]" started-at="2020-09-26T00:25:49 MDT" name="afterEachTestMethod" finished-at="2020-09-26T00:25:49 MDT" duration-ms="177" status="PASS">
          <params>
            <param index="0">
              <value>
                <![CDATA[[TestResult name=testSearchBoxCheck status=SUCCESS method=SearchTest.testSearchBoxCheck()[pri:0, instance:search.SearchTest@1356d4d4] output={null}]]]>
              </value>
            </param>
          </params>
          <reporter-output>
          </reporter-output>
        </test-method> <!-- afterEachTestMethod -->
        <test-method is-config="true" signature="cleanUp()[pri:0, instance:search.SearchTest@1356d4d4]" started-at="2020-09-26T00:25:49 MDT" name="cleanUp" finished-at="2020-09-26T00:25:49 MDT" duration-ms="1" status="PASS">
          <reporter-output>
          </reporter-output>
        </test-method> <!-- cleanUp -->
        <test-method is-config="true" signature="setUp(boolean, java.lang.String, java.lang.String, java.lang.String, java.lang.String, java.lang.String, java.lang.String)[pri:0, instance:search.SearchTest@1356d4d4]" started-at="2020-09-26T00:25:49 MDT" name="setUp" finished-at="2020-09-26T00:25:53 MDT" duration-ms="4062" status="PASS">
          <params>
            <param index="0">
              <value>
                <![CDATA[false]]>
              </value>
            </param>
            <param index="1">
              <value>
                <![CDATA[browserstack]]>
              </value>
            </param>
            <param index="2">
              <value>
                <![CDATA[OS X]]>
              </value>
            </param>
            <param index="3">
              <value>
                <![CDATA[catalina]]>
              </value>
            </param>
            <param index="4">
              <value>
                <![CDATA[chrome-options]]>
              </value>
            </param>
            <param index="5">
              <value>
                <![CDATA[85]]>
              </value>
            </param>
            <param index="6">
              <value>
                <![CDATA[https://www.thehartford.com/]]>
              </value>
            </param>
          </params>
          <reporter-output>
          </reporter-output>
        </test-method> <!-- setUp -->
        <test-method is-config="true" signature="startExtent(java.lang.reflect.Method)[pri:0, instance:search.SearchTest@1356d4d4]" started-at="2020-09-26T00:25:53 MDT" name="startExtent" finished-at="2020-09-26T00:25:53 MDT" duration-ms="1" status="PASS">
          <params>
            <param index="0">
              <value>
                <![CDATA[public void search.SearchTest.testSmallBiz()]]>
              </value>
            </param>
          </params>
          <reporter-output>
          </reporter-output>
        </test-method> <!-- startExtent -->
        <test-method is-config="true" signature="getInit()[pri:0, instance:search.SearchTest@1356d4d4]" started-at="2020-09-26T00:25:53 MDT" name="getInit" finished-at="2020-09-26T00:25:53 MDT" duration-ms="7" status="PASS">
          <reporter-output>
          </reporter-output>
        </test-method> <!-- getInit -->
        <test-method signature="testSmallBiz()[pri:0, instance:search.SearchTest@1356d4d4]" started-at="2020-09-26T00:25:53 MDT" name="testSmallBiz" finished-at="2020-09-26T00:25:54 MDT" duration-ms="624" status="PASS">
          <reporter-output>
          </reporter-output>
        </test-method> <!-- testSmallBiz -->
        <test-method is-config="true" signature="afterEachTestMethod(org.testng.ITestResult)[pri:0, instance:search.SearchTest@1356d4d4]" started-at="2020-09-26T00:25:54 MDT" name="afterEachTestMethod" finished-at="2020-09-26T00:25:54 MDT" duration-ms="158" status="PASS">
          <params>
            <param index="0">
              <value>
                <![CDATA[[TestResult name=testSmallBiz status=SUCCESS method=SearchTest.testSmallBiz()[pri:0, instance:search.SearchTest@1356d4d4] output={null}]]]>
              </value>
            </param>
          </params>
          <reporter-output>
          </reporter-output>
        </test-method> <!-- afterEachTestMethod -->
        <test-method is-config="true" signature="cleanUp()[pri:0, instance:search.SearchTest@1356d4d4]" started-at="2020-09-26T00:25:54 MDT" name="cleanUp" finished-at="2020-09-26T00:25:54 MDT" duration-ms="2" status="PASS">
          <reporter-output>
          </reporter-output>
        </test-method> <!-- cleanUp -->
        <test-method is-config="true" signature="setUp(boolean, java.lang.String, java.lang.String, java.lang.String, java.lang.String, java.lang.String, java.lang.String)[pri:0, instance:search.SearchTest@1356d4d4]" started-at="2020-09-26T00:25:54 MDT" name="setUp" finished-at="2020-09-26T00:25:58 MDT" duration-ms="3909" status="PASS">
          <params>
            <param index="0">
              <value>
                <![CDATA[false]]>
              </value>
            </param>
            <param index="1">
              <value>
                <![CDATA[browserstack]]>
              </value>
            </param>
            <param index="2">
              <value>
                <![CDATA[OS X]]>
              </value>
            </param>
            <param index="3">
              <value>
                <![CDATA[catalina]]>
              </value>
            </param>
            <param index="4">
              <value>
                <![CDATA[chrome-options]]>
              </value>
            </param>
            <param index="5">
              <value>
                <![CDATA[85]]>
              </value>
            </param>
            <param index="6">
              <value>
                <![CDATA[https://www.thehartford.com/]]>
              </value>
            </param>
          </params>
          <reporter-output>
          </reporter-output>
        </test-method> <!-- setUp -->
        <test-method is-config="true" signature="startExtent(java.lang.reflect.Method)[pri:0, instance:search.SearchTest@1356d4d4]" started-at="2020-09-26T00:25:58 MDT" name="startExtent" finished-at="2020-09-26T00:25:58 MDT" duration-ms="1" status="PASS">
          <params>
            <param index="0">
              <value>
                <![CDATA[public void search.SearchTest.testtheHartFordImage()]]>
              </value>
            </param>
          </params>
          <reporter-output>
          </reporter-output>
        </test-method> <!-- startExtent -->
        <test-method is-config="true" signature="getInit()[pri:0, instance:search.SearchTest@1356d4d4]" started-at="2020-09-26T00:25:58 MDT" name="getInit" finished-at="2020-09-26T00:25:58 MDT" duration-ms="4" status="PASS">
          <reporter-output>
          </reporter-output>
        </test-method> <!-- getInit -->
        <test-method signature="testtheHartFordImage()[pri:0, instance:search.SearchTest@1356d4d4]" started-at="2020-09-26T00:25:58 MDT" name="testtheHartFordImage" finished-at="2020-09-26T00:25:59 MDT" duration-ms="915" status="PASS">
          <reporter-output>
          </reporter-output>
        </test-method> <!-- testtheHartFordImage -->
        <test-method is-config="true" signature="afterEachTestMethod(org.testng.ITestResult)[pri:0, instance:search.SearchTest@1356d4d4]" started-at="2020-09-26T00:25:59 MDT" name="afterEachTestMethod" finished-at="2020-09-26T00:25:59 MDT" duration-ms="186" status="PASS">
          <params>
            <param index="0">
              <value>
                <![CDATA[[TestResult name=testtheHartFordImage status=SUCCESS method=SearchTest.testtheHartFordImage()[pri:0, instance:search.SearchTest@1356d4d4] output={null}]]]>
              </value>
            </param>
          </params>
          <reporter-output>
          </reporter-output>
        </test-method> <!-- afterEachTestMethod -->
        <test-method is-config="true" signature="cleanUp()[pri:0, instance:search.SearchTest@1356d4d4]" started-at="2020-09-26T00:25:59 MDT" name="cleanUp" finished-at="2020-09-26T00:25:59 MDT" duration-ms="0" status="PASS">
          <reporter-output>
          </reporter-output>
        </test-method> <!-- cleanUp -->
        <test-method is-config="true" signature="generateReport()[pri:0, instance:search.SearchTest@1356d4d4]" started-at="2020-09-26T00:25:59 MDT" name="generateReport" finished-at="2020-09-26T00:25:59 MDT" duration-ms="23" status="PASS">
          <reporter-output>
          </reporter-output>
        </test-method> <!-- generateReport -->
      </class> <!-- search.SearchTest -->
    </test> <!-- The Hartford Home -->
  </suite> <!-- The Hartford Automation Test -->
</testng-results>
