<?xml version="1.0" encoding="UTF-8"?>
<testng-results ignored="6" total="31" passed="11" failed="0" skipped="14">
  <reporter-output>
    <line>
      <![CDATA[Extent Report DirectoryC:\Study\Selenium\Selenium\Frameworks\WebAutomationFramework_Team1\TheHartford\target\surefire-reports\html]]>
    </line>
    <line>
      <![CDATA[GetAQuoteHomeTest: test Validate Fill Out About You Page Without Address]]>
    </line>
    <line>
      <![CDATA[GetAQuoteHomeTest: test Validate Fill Out About You Page Without Confirming Mailing Address]]>
    </line>
    <line>
      <![CDATA[GetAQuoteHomeTest: test Validate Fill Out About You Page Without Date Of Birth]]>
    </line>
    <line>
      <![CDATA[GetAQuoteHomeTest: test Validate Fill Out About You Page Without First Name]]>
    </line>
    <line>
      <![CDATA[GetAQuoteHomeTest: test Validate Fill Out About You Page Without Gender]]>
    </line>
    <line>
      <![CDATA[GetAQuoteHomeTest: test Validate Fill Out About You Page Without Last Name]]>
    </line>
    <line>
      <![CDATA[GetAQuoteHomeTest: test Validate Fill Out About You Page Without Marital Status]]>
    </line>
    <line>
      <![CDATA[GetAQuoteHomeTest: test Validate Home And Condo Quote By URL]]>
    </line>
    <line>
      <![CDATA[MyAccountTest: test Validate Navigate To Im An Employer Or Plan Administrator Login]]>
    </line>
    <line>
      <![CDATA[MyAccountTest: test Validate Navigate To Im An Employer Or Plan Administrator Register]]>
    </line>
  </reporter-output>
  <suite started-at="2020-09-25T23:29:23 PDT" name="Surefire suite" finished-at="2020-09-25T23:35:17 PDT" duration-ms="354692">
    <groups>
    </groups>
    <test started-at="2020-09-25T23:29:23 PDT" name="Surefire test" finished-at="2020-09-25T23:35:17 PDT" duration-ms="354692">
      <class name="myAccount.MyAccountTest">
        <test-method is-config="true" signature="setUp(boolean, java.lang.String, java.lang.String, java.lang.String, java.lang.String, java.lang.String, java.lang.String)[pri:0, instance:myAccount.MyAccountTest@7494f96a]" started-at="2020-09-25T23:34:52 PDT" name="setUp" finished-at="2020-09-25T23:34:57 PDT" duration-ms="4934" status="PASS">
          <params>
            <param index="0">
              <value>
                <![CDATA[false]]>
              </value>
            </param>
            <param index="1">
              <value>
                <![CDATA[false]]>
              </value>
            </param>
            <param index="2">
              <value>
                <![CDATA[windows]]>
              </value>
            </param>
            <param index="3">
              <value>
                <![CDATA[10]]>
              </value>
            </param>
            <param index="4">
              <value>
                <![CDATA[chrome-options]]>
              </value>
            </param>
            <param index="5">
              <value>
                <![CDATA[34]]>
              </value>
            </param>
            <param index="6">
              <value>
                <![CDATA[https://www.thehartford.com/]]>
              </value>
            </param>
          </params>
          <reporter-output>
          </reporter-output>
        </test-method> <!-- setUp -->
        <test-method is-config="true" signature="getInit()[pri:0, instance:myAccount.MyAccountTest@7494f96a]" started-at="2020-09-25T23:34:57 PDT" name="getInit" finished-at="2020-09-25T23:35:01 PDT" duration-ms="3295" status="PASS">
          <reporter-output>
          </reporter-output>
        </test-method> <!-- getInit -->
        <test-method is-config="true" signature="startExtent(java.lang.reflect.Method)[pri:0, instance:myAccount.MyAccountTest@7494f96a]" started-at="2020-09-25T23:34:57 PDT" name="startExtent" finished-at="2020-09-25T23:34:57 PDT" duration-ms="0" status="PASS">
          <params>
            <param index="0">
              <value>
                <![CDATA[public void myAccount.MyAccountTest.testValidateNavigateToImAnEmployerOrPlanAdministratorLogin()]]>
              </value>
            </param>
          </params>
          <reporter-output>
          </reporter-output>
        </test-method> <!-- startExtent -->
        <test-method signature="testValidateNavigateToImAnEmployerOrPlanAdministratorLogin()[pri:0, instance:myAccount.MyAccountTest@7494f96a]" started-at="2020-09-25T23:35:01 PDT" name="testValidateNavigateToImAnEmployerOrPlanAdministratorLogin" finished-at="2020-09-25T23:35:04 PDT" duration-ms="2944" status="PASS">
          <reporter-output>
            <line>
              <![CDATA[MyAccountTest: test Validate Navigate To Im An Employer Or Plan Administrator Login]]>
            </line>
          </reporter-output>
        </test-method> <!-- testValidateNavigateToImAnEmployerOrPlanAdministratorLogin -->
        <test-method is-config="true" signature="afterEachTestMethod(org.testng.ITestResult)[pri:0, instance:myAccount.MyAccountTest@7494f96a]" started-at="2020-09-25T23:35:04 PDT" name="afterEachTestMethod" finished-at="2020-09-25T23:35:05 PDT" duration-ms="1058" status="PASS">
          <params>
            <param index="0">
              <value>
                <![CDATA[[TestResult name=testValidateNavigateToImAnEmployerOrPlanAdministratorLogin status=SUCCESS method=MyAccountTest.testValidateNavigateToImAnEmployerOrPlanAdministratorLogin()[pri:0, instance:myAccount.MyAccountTest@7494f96a] output=MyAccountTest: test Validate Navigate To Im An Employer Or Plan Administrator Login]]]>
              </value>
            </param>
          </params>
          <reporter-output>
          </reporter-output>
        </test-method> <!-- afterEachTestMethod -->
        <test-method is-config="true" signature="cleanUp()[pri:0, instance:myAccount.MyAccountTest@7494f96a]" started-at="2020-09-25T23:35:05 PDT" name="cleanUp" finished-at="2020-09-25T23:35:05 PDT" duration-ms="0" status="PASS">
          <reporter-output>
          </reporter-output>
        </test-method> <!-- cleanUp -->
        <test-method is-config="true" signature="setUp(boolean, java.lang.String, java.lang.String, java.lang.String, java.lang.String, java.lang.String, java.lang.String)[pri:0, instance:myAccount.MyAccountTest@7494f96a]" started-at="2020-09-25T23:35:05 PDT" name="setUp" finished-at="2020-09-25T23:35:10 PDT" duration-ms="5578" status="PASS">
          <params>
            <param index="0">
              <value>
                <![CDATA[false]]>
              </value>
            </param>
            <param index="1">
              <value>
                <![CDATA[false]]>
              </value>
            </param>
            <param index="2">
              <value>
                <![CDATA[windows]]>
              </value>
            </param>
            <param index="3">
              <value>
                <![CDATA[10]]>
              </value>
            </param>
            <param index="4">
              <value>
                <![CDATA[chrome-options]]>
              </value>
            </param>
            <param index="5">
              <value>
                <![CDATA[34]]>
              </value>
            </param>
            <param index="6">
              <value>
                <![CDATA[https://www.thehartford.com/]]>
              </value>
            </param>
          </params>
          <reporter-output>
          </reporter-output>
        </test-method> <!-- setUp -->
        <test-method is-config="true" signature="startExtent(java.lang.reflect.Method)[pri:0, instance:myAccount.MyAccountTest@7494f96a]" started-at="2020-09-25T23:35:10 PDT" name="startExtent" finished-at="2020-09-25T23:35:10 PDT" duration-ms="1" status="PASS">
          <params>
            <param index="0">
              <value>
                <![CDATA[public void myAccount.MyAccountTest.testValidateNavigateToImAnEmployerOrPlanAdministratorRegister()]]>
              </value>
            </param>
          </params>
          <reporter-output>
          </reporter-output>
        </test-method> <!-- startExtent -->
        <test-method is-config="true" signature="getInit()[pri:0, instance:myAccount.MyAccountTest@7494f96a]" started-at="2020-09-25T23:35:10 PDT" name="getInit" finished-at="2020-09-25T23:35:13 PDT" duration-ms="2615" status="PASS">
          <reporter-output>
          </reporter-output>
        </test-method> <!-- getInit -->
        <test-method signature="testValidateNavigateToImAnEmployerOrPlanAdministratorRegister()[pri:0, instance:myAccount.MyAccountTest@7494f96a]" started-at="2020-09-25T23:35:13 PDT" name="testValidateNavigateToImAnEmployerOrPlanAdministratorRegister" finished-at="2020-09-25T23:35:16 PDT" duration-ms="3101" status="PASS">
          <reporter-output>
            <line>
              <![CDATA[MyAccountTest: test Validate Navigate To Im An Employer Or Plan Administrator Register]]>
            </line>
          </reporter-output>
        </test-method> <!-- testValidateNavigateToImAnEmployerOrPlanAdministratorRegister -->
        <test-method is-config="true" signature="afterEachTestMethod(org.testng.ITestResult)[pri:0, instance:myAccount.MyAccountTest@7494f96a]" started-at="2020-09-25T23:35:16 PDT" name="afterEachTestMethod" finished-at="2020-09-25T23:35:17 PDT" duration-ms="1454" status="PASS">
          <params>
            <param index="0">
              <value>
                <![CDATA[[TestResult name=testValidateNavigateToImAnEmployerOrPlanAdministratorRegister status=SUCCESS method=MyAccountTest.testValidateNavigateToImAnEmployerOrPlanAdministratorRegister()[pri:0, instance:myAccount.MyAccountTest@7494f96a] output=MyAccountTest: test Validate Navigate To Im An Employer Or Plan Administrator Register]]]>
              </value>
            </param>
          </params>
          <reporter-output>
          </reporter-output>
        </test-method> <!-- afterEachTestMethod -->
        <test-method is-config="true" signature="cleanUp()[pri:0, instance:myAccount.MyAccountTest@7494f96a]" started-at="2020-09-25T23:35:17 PDT" name="cleanUp" finished-at="2020-09-25T23:35:17 PDT" duration-ms="0" status="PASS">
          <reporter-output>
          </reporter-output>
        </test-method> <!-- cleanUp -->
      </class> <!-- myAccount.MyAccountTest -->
      <class name="getAQuoteHome.GetAQuoteHomeTest">
        <test-method is-config="true" signature="setUp(boolean, java.lang.String, java.lang.String, java.lang.String, java.lang.String, java.lang.String, java.lang.String)[pri:0, instance:getAQuoteHome.GetAQuoteHomeTest@26b3fd41]" started-at="2020-09-25T23:31:39 PDT" name="setUp" finished-at="2020-09-25T23:31:44 PDT" duration-ms="5244" status="PASS">
          <params>
            <param index="0">
              <value>
                <![CDATA[false]]>
              </value>
            </param>
            <param index="1">
              <value>
                <![CDATA[false]]>
              </value>
            </param>
            <param index="2">
              <value>
                <![CDATA[windows]]>
              </value>
            </param>
            <param index="3">
              <value>
                <![CDATA[10]]>
              </value>
            </param>
            <param index="4">
              <value>
                <![CDATA[chrome-options]]>
              </value>
            </param>
            <param index="5">
              <value>
                <![CDATA[34]]>
              </value>
            </param>
            <param index="6">
              <value>
                <![CDATA[https://www.thehartford.com/]]>
              </value>
            </param>
          </params>
          <reporter-output>
          </reporter-output>
        </test-method> <!-- setUp -->
        <test-method is-config="true" signature="startExtent(java.lang.reflect.Method)[pri:0, instance:getAQuoteHome.GetAQuoteHomeTest@26b3fd41]" started-at="2020-09-25T23:31:44 PDT" name="startExtent" finished-at="2020-09-25T23:31:44 PDT" duration-ms="6" status="PASS">
          <params>
            <param index="0">
              <value>
                <![CDATA[public void getAQuoteHome.GetAQuoteHomeTest.testValidateFillOutAboutYouPageWithoutAddress()]]>
              </value>
            </param>
          </params>
          <reporter-output>
          </reporter-output>
        </test-method> <!-- startExtent -->
        <test-method is-config="true" signature="getInit()[pri:0, instance:getAQuoteHome.GetAQuoteHomeTest@26b3fd41]" started-at="2020-09-25T23:31:44 PDT" name="getInit" finished-at="2020-09-25T23:31:44 PDT" duration-ms="6" status="PASS">
          <reporter-output>
          </reporter-output>
        </test-method> <!-- getInit -->
        <test-method is-config="true" signature="maximizeWindow()[pri:0, instance:getAQuoteHome.GetAQuoteHomeTest@26b3fd41]" started-at="2020-09-25T23:31:44 PDT" name="maximizeWindow" finished-at="2020-09-25T23:31:47 PDT" duration-ms="2555" status="PASS">
          <reporter-output>
          </reporter-output>
        </test-method> <!-- maximizeWindow -->
        <test-method signature="testValidateFillOutAboutYouPageWithoutAddress()[pri:0, instance:getAQuoteHome.GetAQuoteHomeTest@26b3fd41]" started-at="2020-09-25T23:31:47 PDT" name="testValidateFillOutAboutYouPageWithoutAddress" finished-at="2020-09-25T23:32:01 PDT" duration-ms="14641" status="PASS">
          <reporter-output>
            <line>
              <![CDATA[GetAQuoteHomeTest: test Validate Fill Out About You Page Without Address]]>
            </line>
          </reporter-output>
        </test-method> <!-- testValidateFillOutAboutYouPageWithoutAddress -->
        <test-method is-config="true" signature="afterEachTestMethod(org.testng.ITestResult)[pri:0, instance:getAQuoteHome.GetAQuoteHomeTest@26b3fd41]" started-at="2020-09-25T23:32:01 PDT" name="afterEachTestMethod" finished-at="2020-09-25T23:32:03 PDT" duration-ms="1277" status="PASS">
          <params>
            <param index="0">
              <value>
                <![CDATA[[TestResult name=testValidateFillOutAboutYouPageWithoutAddress status=SUCCESS method=GetAQuoteHomeTest.testValidateFillOutAboutYouPageWithoutAddress()[pri:0, instance:getAQuoteHome.GetAQuoteHomeTest@26b3fd41] output=GetAQuoteHomeTest: test Validate Fill Out About You Page Without Address]]]>
              </value>
            </param>
          </params>
          <reporter-output>
          </reporter-output>
        </test-method> <!-- afterEachTestMethod -->
        <test-method is-config="true" signature="cleanUp()[pri:0, instance:getAQuoteHome.GetAQuoteHomeTest@26b3fd41]" started-at="2020-09-25T23:32:03 PDT" name="cleanUp" finished-at="2020-09-25T23:32:03 PDT" duration-ms="2" status="PASS">
          <reporter-output>
          </reporter-output>
        </test-method> <!-- cleanUp -->
        <test-method is-config="true" signature="setUp(boolean, java.lang.String, java.lang.String, java.lang.String, java.lang.String, java.lang.String, java.lang.String)[pri:0, instance:getAQuoteHome.GetAQuoteHomeTest@26b3fd41]" started-at="2020-09-25T23:32:03 PDT" name="setUp" finished-at="2020-09-25T23:32:08 PDT" duration-ms="5487" status="PASS">
          <params>
            <param index="0">
              <value>
                <![CDATA[false]]>
              </value>
            </param>
            <param index="1">
              <value>
                <![CDATA[false]]>
              </value>
            </param>
            <param index="2">
              <value>
                <![CDATA[windows]]>
              </value>
            </param>
            <param index="3">
              <value>
                <![CDATA[10]]>
              </value>
            </param>
            <param index="4">
              <value>
                <![CDATA[chrome-options]]>
              </value>
            </param>
            <param index="5">
              <value>
                <![CDATA[34]]>
              </value>
            </param>
            <param index="6">
              <value>
                <![CDATA[https://www.thehartford.com/]]>
              </value>
            </param>
          </params>
          <reporter-output>
          </reporter-output>
        </test-method> <!-- setUp -->
        <test-method is-config="true" signature="startExtent(java.lang.reflect.Method)[pri:0, instance:getAQuoteHome.GetAQuoteHomeTest@26b3fd41]" started-at="2020-09-25T23:32:08 PDT" name="startExtent" finished-at="2020-09-25T23:32:08 PDT" duration-ms="1" status="PASS">
          <params>
            <param index="0">
              <value>
                <![CDATA[public void getAQuoteHome.GetAQuoteHomeTest.testValidateFillOutAboutYouPageWithoutConfirmingMailingAddress()]]>
              </value>
            </param>
          </params>
          <reporter-output>
          </reporter-output>
        </test-method> <!-- startExtent -->
        <test-method is-config="true" signature="getInit()[pri:0, instance:getAQuoteHome.GetAQuoteHomeTest@26b3fd41]" started-at="2020-09-25T23:32:08 PDT" name="getInit" finished-at="2020-09-25T23:32:08 PDT" duration-ms="1" status="PASS">
          <reporter-output>
          </reporter-output>
        </test-method> <!-- getInit -->
        <test-method is-config="true" signature="maximizeWindow()[pri:0, instance:getAQuoteHome.GetAQuoteHomeTest@26b3fd41]" started-at="2020-09-25T23:32:08 PDT" name="maximizeWindow" finished-at="2020-09-25T23:32:10 PDT" duration-ms="2291" status="PASS">
          <reporter-output>
          </reporter-output>
        </test-method> <!-- maximizeWindow -->
        <test-method signature="testValidateFillOutAboutYouPageWithoutConfirmingMailingAddress()[pri:0, instance:getAQuoteHome.GetAQuoteHomeTest@26b3fd41]" started-at="2020-09-25T23:32:10 PDT" name="testValidateFillOutAboutYouPageWithoutConfirmingMailingAddress" finished-at="2020-09-25T23:32:25 PDT" duration-ms="14366" status="PASS">
          <reporter-output>
            <line>
              <![CDATA[GetAQuoteHomeTest: test Validate Fill Out About You Page Without Confirming Mailing Address]]>
            </line>
          </reporter-output>
        </test-method> <!-- testValidateFillOutAboutYouPageWithoutConfirmingMailingAddress -->
        <test-method is-config="true" signature="afterEachTestMethod(org.testng.ITestResult)[pri:0, instance:getAQuoteHome.GetAQuoteHomeTest@26b3fd41]" started-at="2020-09-25T23:32:25 PDT" name="afterEachTestMethod" finished-at="2020-09-25T23:32:26 PDT" duration-ms="851" status="PASS">
          <params>
            <param index="0">
              <value>
                <![CDATA[[TestResult name=testValidateFillOutAboutYouPageWithoutConfirmingMailingAddress status=SUCCESS method=GetAQuoteHomeTest.testValidateFillOutAboutYouPageWithoutConfirmingMailingAddress()[pri:0, instance:getAQuoteHome.GetAQuoteHomeTest@26b3fd41] output=GetAQuoteHomeTest: test Validate Fill Out About You Page Without Confirming Mailing Address]]]>
              </value>
            </param>
          </params>
          <reporter-output>
          </reporter-output>
        </test-method> <!-- afterEachTestMethod -->
        <test-method is-config="true" signature="cleanUp()[pri:0, instance:getAQuoteHome.GetAQuoteHomeTest@26b3fd41]" started-at="2020-09-25T23:32:26 PDT" name="cleanUp" finished-at="2020-09-25T23:32:26 PDT" duration-ms="1" status="PASS">
          <reporter-output>
          </reporter-output>
        </test-method> <!-- cleanUp -->
        <test-method is-config="true" signature="setUp(boolean, java.lang.String, java.lang.String, java.lang.String, java.lang.String, java.lang.String, java.lang.String)[pri:0, instance:getAQuoteHome.GetAQuoteHomeTest@26b3fd41]" started-at="2020-09-25T23:32:26 PDT" name="setUp" finished-at="2020-09-25T23:32:31 PDT" duration-ms="5180" status="PASS">
          <params>
            <param index="0">
              <value>
                <![CDATA[false]]>
              </value>
            </param>
            <param index="1">
              <value>
                <![CDATA[false]]>
              </value>
            </param>
            <param index="2">
              <value>
                <![CDATA[windows]]>
              </value>
            </param>
            <param index="3">
              <value>
                <![CDATA[10]]>
              </value>
            </param>
            <param index="4">
              <value>
                <![CDATA[chrome-options]]>
              </value>
            </param>
            <param index="5">
              <value>
                <![CDATA[34]]>
              </value>
            </param>
            <param index="6">
              <value>
                <![CDATA[https://www.thehartford.com/]]>
              </value>
            </param>
          </params>
          <reporter-output>
          </reporter-output>
        </test-method> <!-- setUp -->
        <test-method is-config="true" signature="startExtent(java.lang.reflect.Method)[pri:0, instance:getAQuoteHome.GetAQuoteHomeTest@26b3fd41]" started-at="2020-09-25T23:32:31 PDT" name="startExtent" finished-at="2020-09-25T23:32:31 PDT" duration-ms="0" status="PASS">
          <params>
            <param index="0">
              <value>
                <![CDATA[public void getAQuoteHome.GetAQuoteHomeTest.testValidateFillOutAboutYouPageWithoutDateOfBirth()]]>
              </value>
            </param>
          </params>
          <reporter-output>
          </reporter-output>
        </test-method> <!-- startExtent -->
        <test-method is-config="true" signature="getInit()[pri:0, instance:getAQuoteHome.GetAQuoteHomeTest@26b3fd41]" started-at="2020-09-25T23:32:31 PDT" name="getInit" finished-at="2020-09-25T23:32:31 PDT" duration-ms="0" status="PASS">
          <reporter-output>
          </reporter-output>
        </test-method> <!-- getInit -->
        <test-method is-config="true" signature="maximizeWindow()[pri:0, instance:getAQuoteHome.GetAQuoteHomeTest@26b3fd41]" started-at="2020-09-25T23:32:31 PDT" name="maximizeWindow" finished-at="2020-09-25T23:32:33 PDT" duration-ms="2547" status="PASS">
          <reporter-output>
          </reporter-output>
        </test-method> <!-- maximizeWindow -->
        <test-method signature="testValidateFillOutAboutYouPageWithoutDateOfBirth()[pri:0, instance:getAQuoteHome.GetAQuoteHomeTest@26b3fd41]" started-at="2020-09-25T23:32:33 PDT" name="testValidateFillOutAboutYouPageWithoutDateOfBirth" finished-at="2020-09-25T23:32:47 PDT" duration-ms="13193" status="PASS">
          <reporter-output>
            <line>
              <![CDATA[GetAQuoteHomeTest: test Validate Fill Out About You Page Without Date Of Birth]]>
            </line>
          </reporter-output>
        </test-method> <!-- testValidateFillOutAboutYouPageWithoutDateOfBirth -->
        <test-method is-config="true" signature="afterEachTestMethod(org.testng.ITestResult)[pri:0, instance:getAQuoteHome.GetAQuoteHomeTest@26b3fd41]" started-at="2020-09-25T23:32:47 PDT" name="afterEachTestMethod" finished-at="2020-09-25T23:32:48 PDT" duration-ms="962" status="PASS">
          <params>
            <param index="0">
              <value>
                <![CDATA[[TestResult name=testValidateFillOutAboutYouPageWithoutDateOfBirth status=SUCCESS method=GetAQuoteHomeTest.testValidateFillOutAboutYouPageWithoutDateOfBirth()[pri:0, instance:getAQuoteHome.GetAQuoteHomeTest@26b3fd41] output=GetAQuoteHomeTest: test Validate Fill Out About You Page Without Date Of Birth]]]>
              </value>
            </param>
          </params>
          <reporter-output>
          </reporter-output>
        </test-method> <!-- afterEachTestMethod -->
        <test-method is-config="true" signature="cleanUp()[pri:0, instance:getAQuoteHome.GetAQuoteHomeTest@26b3fd41]" started-at="2020-09-25T23:32:48 PDT" name="cleanUp" finished-at="2020-09-25T23:32:48 PDT" duration-ms="1" status="PASS">
          <reporter-output>
          </reporter-output>
        </test-method> <!-- cleanUp -->
        <test-method is-config="true" signature="setUp(boolean, java.lang.String, java.lang.String, java.lang.String, java.lang.String, java.lang.String, java.lang.String)[pri:0, instance:getAQuoteHome.GetAQuoteHomeTest@26b3fd41]" started-at="2020-09-25T23:32:48 PDT" name="setUp" finished-at="2020-09-25T23:32:52 PDT" duration-ms="4843" status="PASS">
          <params>
            <param index="0">
              <value>
                <![CDATA[false]]>
              </value>
            </param>
            <param index="1">
              <value>
                <![CDATA[false]]>
              </value>
            </param>
            <param index="2">
              <value>
                <![CDATA[windows]]>
              </value>
            </param>
            <param index="3">
              <value>
                <![CDATA[10]]>
              </value>
            </param>
            <param index="4">
              <value>
                <![CDATA[chrome-options]]>
              </value>
            </param>
            <param index="5">
              <value>
                <![CDATA[34]]>
              </value>
            </param>
            <param index="6">
              <value>
                <![CDATA[https://www.thehartford.com/]]>
              </value>
            </param>
          </params>
          <reporter-output>
          </reporter-output>
        </test-method> <!-- setUp -->
        <test-method is-config="true" signature="startExtent(java.lang.reflect.Method)[pri:0, instance:getAQuoteHome.GetAQuoteHomeTest@26b3fd41]" started-at="2020-09-25T23:32:52 PDT" name="startExtent" finished-at="2020-09-25T23:32:52 PDT" duration-ms="0" status="PASS">
          <params>
            <param index="0">
              <value>
                <![CDATA[public void getAQuoteHome.GetAQuoteHomeTest.testValidateFillOutAboutYouPageWithoutFirstName()]]>
              </value>
            </param>
          </params>
          <reporter-output>
          </reporter-output>
        </test-method> <!-- startExtent -->
        <test-method is-config="true" signature="getInit()[pri:0, instance:getAQuoteHome.GetAQuoteHomeTest@26b3fd41]" started-at="2020-09-25T23:32:52 PDT" name="getInit" finished-at="2020-09-25T23:32:52 PDT" duration-ms="0" status="PASS">
          <reporter-output>
          </reporter-output>
        </test-method> <!-- getInit -->
        <test-method is-config="true" signature="maximizeWindow()[pri:0, instance:getAQuoteHome.GetAQuoteHomeTest@26b3fd41]" started-at="2020-09-25T23:32:52 PDT" name="maximizeWindow" finished-at="2020-09-25T23:32:55 PDT" duration-ms="2188" status="PASS">
          <reporter-output>
          </reporter-output>
        </test-method> <!-- maximizeWindow -->
        <test-method signature="testValidateFillOutAboutYouPageWithoutFirstName()[pri:0, instance:getAQuoteHome.GetAQuoteHomeTest@26b3fd41]" started-at="2020-09-25T23:32:55 PDT" name="testValidateFillOutAboutYouPageWithoutFirstName" finished-at="2020-09-25T23:33:08 PDT" duration-ms="13346" status="PASS">
          <reporter-output>
            <line>
              <![CDATA[GetAQuoteHomeTest: test Validate Fill Out About You Page Without First Name]]>
            </line>
          </reporter-output>
        </test-method> <!-- testValidateFillOutAboutYouPageWithoutFirstName -->
        <test-method is-config="true" signature="afterEachTestMethod(org.testng.ITestResult)[pri:0, instance:getAQuoteHome.GetAQuoteHomeTest@26b3fd41]" started-at="2020-09-25T23:33:08 PDT" name="afterEachTestMethod" finished-at="2020-09-25T23:33:09 PDT" duration-ms="926" status="PASS">
          <params>
            <param index="0">
              <value>
                <![CDATA[[TestResult name=testValidateFillOutAboutYouPageWithoutFirstName status=SUCCESS method=GetAQuoteHomeTest.testValidateFillOutAboutYouPageWithoutFirstName()[pri:0, instance:getAQuoteHome.GetAQuoteHomeTest@26b3fd41] output=GetAQuoteHomeTest: test Validate Fill Out About You Page Without First Name]]]>
              </value>
            </param>
          </params>
          <reporter-output>
          </reporter-output>
        </test-method> <!-- afterEachTestMethod -->
        <test-method is-config="true" signature="cleanUp()[pri:0, instance:getAQuoteHome.GetAQuoteHomeTest@26b3fd41]" started-at="2020-09-25T23:33:09 PDT" name="cleanUp" finished-at="2020-09-25T23:33:09 PDT" duration-ms="0" status="PASS">
          <reporter-output>
          </reporter-output>
        </test-method> <!-- cleanUp -->
        <test-method is-config="true" signature="setUp(boolean, java.lang.String, java.lang.String, java.lang.String, java.lang.String, java.lang.String, java.lang.String)[pri:0, instance:getAQuoteHome.GetAQuoteHomeTest@26b3fd41]" started-at="2020-09-25T23:33:09 PDT" name="setUp" finished-at="2020-09-25T23:33:14 PDT" duration-ms="5387" status="PASS">
          <params>
            <param index="0">
              <value>
                <![CDATA[false]]>
              </value>
            </param>
            <param index="1">
              <value>
                <![CDATA[false]]>
              </value>
            </param>
            <param index="2">
              <value>
                <![CDATA[windows]]>
              </value>
            </param>
            <param index="3">
              <value>
                <![CDATA[10]]>
              </value>
            </param>
            <param index="4">
              <value>
                <![CDATA[chrome-options]]>
              </value>
            </param>
            <param index="5">
              <value>
                <![CDATA[34]]>
              </value>
            </param>
            <param index="6">
              <value>
                <![CDATA[https://www.thehartford.com/]]>
              </value>
            </param>
          </params>
          <reporter-output>
          </reporter-output>
        </test-method> <!-- setUp -->
        <test-method is-config="true" signature="startExtent(java.lang.reflect.Method)[pri:0, instance:getAQuoteHome.GetAQuoteHomeTest@26b3fd41]" started-at="2020-09-25T23:33:14 PDT" name="startExtent" finished-at="2020-09-25T23:33:14 PDT" duration-ms="1" status="PASS">
          <params>
            <param index="0">
              <value>
                <![CDATA[public void getAQuoteHome.GetAQuoteHomeTest.testValidateFillOutAboutYouPageWithoutGender()]]>
              </value>
            </param>
          </params>
          <reporter-output>
          </reporter-output>
        </test-method> <!-- startExtent -->
        <test-method is-config="true" signature="getInit()[pri:0, instance:getAQuoteHome.GetAQuoteHomeTest@26b3fd41]" started-at="2020-09-25T23:33:14 PDT" name="getInit" finished-at="2020-09-25T23:33:14 PDT" duration-ms="1" status="PASS">
          <reporter-output>
          </reporter-output>
        </test-method> <!-- getInit -->
        <test-method is-config="true" signature="maximizeWindow()[pri:0, instance:getAQuoteHome.GetAQuoteHomeTest@26b3fd41]" started-at="2020-09-25T23:33:14 PDT" name="maximizeWindow" finished-at="2020-09-25T23:33:17 PDT" duration-ms="2745" status="PASS">
          <reporter-output>
          </reporter-output>
        </test-method> <!-- maximizeWindow -->
        <test-method signature="testValidateFillOutAboutYouPageWithoutGender()[pri:0, instance:getAQuoteHome.GetAQuoteHomeTest@26b3fd41]" started-at="2020-09-25T23:33:17 PDT" name="testValidateFillOutAboutYouPageWithoutGender" finished-at="2020-09-25T23:33:29 PDT" duration-ms="11912" status="PASS">
          <reporter-output>
            <line>
              <![CDATA[GetAQuoteHomeTest: test Validate Fill Out About You Page Without Gender]]>
            </line>
          </reporter-output>
        </test-method> <!-- testValidateFillOutAboutYouPageWithoutGender -->
        <test-method is-config="true" signature="afterEachTestMethod(org.testng.ITestResult)[pri:0, instance:getAQuoteHome.GetAQuoteHomeTest@26b3fd41]" started-at="2020-09-25T23:33:29 PDT" name="afterEachTestMethod" finished-at="2020-09-25T23:33:30 PDT" duration-ms="984" status="PASS">
          <params>
            <param index="0">
              <value>
                <![CDATA[[TestResult name=testValidateFillOutAboutYouPageWithoutGender status=SUCCESS method=GetAQuoteHomeTest.testValidateFillOutAboutYouPageWithoutGender()[pri:0, instance:getAQuoteHome.GetAQuoteHomeTest@26b3fd41] output=GetAQuoteHomeTest: test Validate Fill Out About You Page Without Gender]]]>
              </value>
            </param>
          </params>
          <reporter-output>
          </reporter-output>
        </test-method> <!-- afterEachTestMethod -->
        <test-method is-config="true" signature="setUp(boolean, java.lang.String, java.lang.String, java.lang.String, java.lang.String, java.lang.String, java.lang.String)[pri:0, instance:getAQuoteHome.GetAQuoteHomeTest@26b3fd41]" started-at="2020-09-25T23:33:30 PDT" name="setUp" finished-at="2020-09-25T23:33:35 PDT" duration-ms="4802" status="PASS">
          <params>
            <param index="0">
              <value>
                <![CDATA[false]]>
              </value>
            </param>
            <param index="1">
              <value>
                <![CDATA[false]]>
              </value>
            </param>
            <param index="2">
              <value>
                <![CDATA[windows]]>
              </value>
            </param>
            <param index="3">
              <value>
                <![CDATA[10]]>
              </value>
            </param>
            <param index="4">
              <value>
                <![CDATA[chrome-options]]>
              </value>
            </param>
            <param index="5">
              <value>
                <![CDATA[34]]>
              </value>
            </param>
            <param index="6">
              <value>
                <![CDATA[https://www.thehartford.com/]]>
              </value>
            </param>
          </params>
          <reporter-output>
          </reporter-output>
        </test-method> <!-- setUp -->
        <test-method is-config="true" signature="cleanUp()[pri:0, instance:getAQuoteHome.GetAQuoteHomeTest@26b3fd41]" started-at="2020-09-25T23:33:30 PDT" name="cleanUp" finished-at="2020-09-25T23:33:30 PDT" duration-ms="0" status="PASS">
          <reporter-output>
          </reporter-output>
        </test-method> <!-- cleanUp -->
        <test-method is-config="true" signature="maximizeWindow()[pri:0, instance:getAQuoteHome.GetAQuoteHomeTest@26b3fd41]" started-at="2020-09-25T23:33:35 PDT" name="maximizeWindow" finished-at="2020-09-25T23:33:38 PDT" duration-ms="3213" status="PASS">
          <reporter-output>
          </reporter-output>
        </test-method> <!-- maximizeWindow -->
        <test-method is-config="true" signature="startExtent(java.lang.reflect.Method)[pri:0, instance:getAQuoteHome.GetAQuoteHomeTest@26b3fd41]" started-at="2020-09-25T23:33:35 PDT" name="startExtent" finished-at="2020-09-25T23:33:35 PDT" duration-ms="0" status="PASS">
          <params>
            <param index="0">
              <value>
                <![CDATA[public void getAQuoteHome.GetAQuoteHomeTest.testValidateFillOutAboutYouPageWithoutLastName()]]>
              </value>
            </param>
          </params>
          <reporter-output>
          </reporter-output>
        </test-method> <!-- startExtent -->
        <test-method is-config="true" signature="getInit()[pri:0, instance:getAQuoteHome.GetAQuoteHomeTest@26b3fd41]" started-at="2020-09-25T23:33:35 PDT" name="getInit" finished-at="2020-09-25T23:33:35 PDT" duration-ms="0" status="PASS">
          <reporter-output>
          </reporter-output>
        </test-method> <!-- getInit -->
        <test-method signature="testValidateFillOutAboutYouPageWithoutLastName()[pri:0, instance:getAQuoteHome.GetAQuoteHomeTest@26b3fd41]" started-at="2020-09-25T23:33:38 PDT" name="testValidateFillOutAboutYouPageWithoutLastName" finished-at="2020-09-25T23:33:51 PDT" duration-ms="13135" status="PASS">
          <reporter-output>
            <line>
              <![CDATA[GetAQuoteHomeTest: test Validate Fill Out About You Page Without Last Name]]>
            </line>
          </reporter-output>
        </test-method> <!-- testValidateFillOutAboutYouPageWithoutLastName -->
        <test-method is-config="true" signature="afterEachTestMethod(org.testng.ITestResult)[pri:0, instance:getAQuoteHome.GetAQuoteHomeTest@26b3fd41]" started-at="2020-09-25T23:33:51 PDT" name="afterEachTestMethod" finished-at="2020-09-25T23:33:52 PDT" duration-ms="861" status="PASS">
          <params>
            <param index="0">
              <value>
                <![CDATA[[TestResult name=testValidateFillOutAboutYouPageWithoutLastName status=SUCCESS method=GetAQuoteHomeTest.testValidateFillOutAboutYouPageWithoutLastName()[pri:0, instance:getAQuoteHome.GetAQuoteHomeTest@26b3fd41] output=GetAQuoteHomeTest: test Validate Fill Out About You Page Without Last Name]]]>
              </value>
            </param>
          </params>
          <reporter-output>
          </reporter-output>
        </test-method> <!-- afterEachTestMethod -->
        <test-method is-config="true" signature="cleanUp()[pri:0, instance:getAQuoteHome.GetAQuoteHomeTest@26b3fd41]" started-at="2020-09-25T23:33:52 PDT" name="cleanUp" finished-at="2020-09-25T23:33:52 PDT" duration-ms="0" status="PASS">
          <reporter-output>
          </reporter-output>
        </test-method> <!-- cleanUp -->
        <test-method is-config="true" signature="setUp(boolean, java.lang.String, java.lang.String, java.lang.String, java.lang.String, java.lang.String, java.lang.String)[pri:0, instance:getAQuoteHome.GetAQuoteHomeTest@26b3fd41]" started-at="2020-09-25T23:33:52 PDT" name="setUp" finished-at="2020-09-25T23:33:57 PDT" duration-ms="5513" status="PASS">
          <params>
            <param index="0">
              <value>
                <![CDATA[false]]>
              </value>
            </param>
            <param index="1">
              <value>
                <![CDATA[false]]>
              </value>
            </param>
            <param index="2">
              <value>
                <![CDATA[windows]]>
              </value>
            </param>
            <param index="3">
              <value>
                <![CDATA[10]]>
              </value>
            </param>
            <param index="4">
              <value>
                <![CDATA[chrome-options]]>
              </value>
            </param>
            <param index="5">
              <value>
                <![CDATA[34]]>
              </value>
            </param>
            <param index="6">
              <value>
                <![CDATA[https://www.thehartford.com/]]>
              </value>
            </param>
          </params>
          <reporter-output>
          </reporter-output>
        </test-method> <!-- setUp -->
        <test-method is-config="true" signature="startExtent(java.lang.reflect.Method)[pri:0, instance:getAQuoteHome.GetAQuoteHomeTest@26b3fd41]" started-at="2020-09-25T23:33:57 PDT" name="startExtent" finished-at="2020-09-25T23:33:57 PDT" duration-ms="0" status="PASS">
          <params>
            <param index="0">
              <value>
                <![CDATA[public void getAQuoteHome.GetAQuoteHomeTest.testValidateFillOutAboutYouPageWithoutMaritalStatus()]]>
              </value>
            </param>
          </params>
          <reporter-output>
          </reporter-output>
        </test-method> <!-- startExtent -->
        <test-method is-config="true" signature="getInit()[pri:0, instance:getAQuoteHome.GetAQuoteHomeTest@26b3fd41]" started-at="2020-09-25T23:33:57 PDT" name="getInit" finished-at="2020-09-25T23:33:57 PDT" duration-ms="1" status="PASS">
          <reporter-output>
          </reporter-output>
        </test-method> <!-- getInit -->
        <test-method is-config="true" signature="maximizeWindow()[pri:0, instance:getAQuoteHome.GetAQuoteHomeTest@26b3fd41]" started-at="2020-09-25T23:33:57 PDT" name="maximizeWindow" finished-at="2020-09-25T23:34:00 PDT" duration-ms="2239" status="PASS">
          <reporter-output>
          </reporter-output>
        </test-method> <!-- maximizeWindow -->
        <test-method signature="testValidateFillOutAboutYouPageWithoutMaritalStatus()[pri:0, instance:getAQuoteHome.GetAQuoteHomeTest@26b3fd41]" started-at="2020-09-25T23:34:00 PDT" name="testValidateFillOutAboutYouPageWithoutMaritalStatus" finished-at="2020-09-25T23:34:13 PDT" duration-ms="13103" status="PASS">
          <reporter-output>
            <line>
              <![CDATA[GetAQuoteHomeTest: test Validate Fill Out About You Page Without Marital Status]]>
            </line>
          </reporter-output>
        </test-method> <!-- testValidateFillOutAboutYouPageWithoutMaritalStatus -->
        <test-method is-config="true" signature="afterEachTestMethod(org.testng.ITestResult)[pri:0, instance:getAQuoteHome.GetAQuoteHomeTest@26b3fd41]" started-at="2020-09-25T23:34:13 PDT" name="afterEachTestMethod" finished-at="2020-09-25T23:34:14 PDT" duration-ms="968" status="PASS">
          <params>
            <param index="0">
              <value>
                <![CDATA[[TestResult name=testValidateFillOutAboutYouPageWithoutMaritalStatus status=SUCCESS method=GetAQuoteHomeTest.testValidateFillOutAboutYouPageWithoutMaritalStatus()[pri:0, instance:getAQuoteHome.GetAQuoteHomeTest@26b3fd41] output=GetAQuoteHomeTest: test Validate Fill Out About You Page Without Marital Status]]]>
              </value>
            </param>
          </params>
          <reporter-output>
          </reporter-output>
        </test-method> <!-- afterEachTestMethod -->
        <test-method is-config="true" signature="cleanUp()[pri:0, instance:getAQuoteHome.GetAQuoteHomeTest@26b3fd41]" started-at="2020-09-25T23:34:14 PDT" name="cleanUp" finished-at="2020-09-25T23:34:14 PDT" duration-ms="0" status="PASS">
          <reporter-output>
          </reporter-output>
        </test-method> <!-- cleanUp -->
        <test-method is-config="true" signature="setUp(boolean, java.lang.String, java.lang.String, java.lang.String, java.lang.String, java.lang.String, java.lang.String)[pri:0, instance:getAQuoteHome.GetAQuoteHomeTest@26b3fd41]" started-at="2020-09-25T23:34:14 PDT" name="setUp" finished-at="2020-09-25T23:34:19 PDT" duration-ms="5573" status="PASS">
          <params>
            <param index="0">
              <value>
                <![CDATA[false]]>
              </value>
            </param>
            <param index="1">
              <value>
                <![CDATA[false]]>
              </value>
            </param>
            <param index="2">
              <value>
                <![CDATA[windows]]>
              </value>
            </param>
            <param index="3">
              <value>
                <![CDATA[10]]>
              </value>
            </param>
            <param index="4">
              <value>
                <![CDATA[chrome-options]]>
              </value>
            </param>
            <param index="5">
              <value>
                <![CDATA[34]]>
              </value>
            </param>
            <param index="6">
              <value>
                <![CDATA[https://www.thehartford.com/]]>
              </value>
            </param>
          </params>
          <reporter-output>
          </reporter-output>
        </test-method> <!-- setUp -->
        <test-method is-config="true" signature="startExtent(java.lang.reflect.Method)[pri:0, instance:getAQuoteHome.GetAQuoteHomeTest@26b3fd41]" started-at="2020-09-25T23:34:19 PDT" name="startExtent" finished-at="2020-09-25T23:34:19 PDT" duration-ms="1" status="PASS">
          <params>
            <param index="0">
              <value>
                <![CDATA[public void getAQuoteHome.GetAQuoteHomeTest.testValidateHomeAndCondoQuoteByURL() throws java.lang.InterruptedException]]>
              </value>
            </param>
          </params>
          <reporter-output>
          </reporter-output>
        </test-method> <!-- startExtent -->
        <test-method is-config="true" signature="getInit()[pri:0, instance:getAQuoteHome.GetAQuoteHomeTest@26b3fd41]" started-at="2020-09-25T23:34:19 PDT" name="getInit" finished-at="2020-09-25T23:34:19 PDT" duration-ms="0" status="PASS">
          <reporter-output>
          </reporter-output>
        </test-method> <!-- getInit -->
        <test-method is-config="true" signature="maximizeWindow()[pri:0, instance:getAQuoteHome.GetAQuoteHomeTest@26b3fd41]" started-at="2020-09-25T23:34:19 PDT" name="maximizeWindow" finished-at="2020-09-25T23:34:22 PDT" duration-ms="2662" status="PASS">
          <reporter-output>
          </reporter-output>
        </test-method> <!-- maximizeWindow -->
        <test-method signature="testValidateHomeAndCondoQuoteByURL()[pri:0, instance:getAQuoteHome.GetAQuoteHomeTest@26b3fd41]" started-at="2020-09-25T23:34:22 PDT" name="testValidateHomeAndCondoQuoteByURL" finished-at="2020-09-25T23:34:27 PDT" duration-ms="5247" status="PASS">
          <reporter-output>
            <line>
              <![CDATA[GetAQuoteHomeTest: test Validate Home And Condo Quote By URL]]>
            </line>
          </reporter-output>
        </test-method> <!-- testValidateHomeAndCondoQuoteByURL -->
        <test-method is-config="true" signature="afterEachTestMethod(org.testng.ITestResult)[pri:0, instance:getAQuoteHome.GetAQuoteHomeTest@26b3fd41]" started-at="2020-09-25T23:34:27 PDT" name="afterEachTestMethod" finished-at="2020-09-25T23:34:29 PDT" duration-ms="1314" status="PASS">
          <params>
            <param index="0">
              <value>
                <![CDATA[[TestResult name=testValidateHomeAndCondoQuoteByURL status=SUCCESS method=GetAQuoteHomeTest.testValidateHomeAndCondoQuoteByURL()[pri:0, instance:getAQuoteHome.GetAQuoteHomeTest@26b3fd41] output=GetAQuoteHomeTest: test Validate Home And Condo Quote By URL]]]>
              </value>
            </param>
          </params>
          <reporter-output>
          </reporter-output>
        </test-method> <!-- afterEachTestMethod -->
        <test-method is-config="true" signature="cleanUp()[pri:0, instance:getAQuoteHome.GetAQuoteHomeTest@26b3fd41]" started-at="2020-09-25T23:34:29 PDT" name="cleanUp" finished-at="2020-09-25T23:34:29 PDT" duration-ms="0" status="PASS">
          <reporter-output>
          </reporter-output>
        </test-method> <!-- cleanUp -->
        <test-method is-config="true" signature="setUp(boolean, java.lang.String, java.lang.String, java.lang.String, java.lang.String, java.lang.String, java.lang.String)[pri:0, instance:getAQuoteHome.GetAQuoteHomeTest@26b3fd41]" started-at="2020-09-25T23:34:29 PDT" name="setUp" finished-at="2020-09-25T23:34:34 PDT" duration-ms="5148" status="PASS">
          <params>
            <param index="0">
              <value>
                <![CDATA[false]]>
              </value>
            </param>
            <param index="1">
              <value>
                <![CDATA[false]]>
              </value>
            </param>
            <param index="2">
              <value>
                <![CDATA[windows]]>
              </value>
            </param>
            <param index="3">
              <value>
                <![CDATA[10]]>
              </value>
            </param>
            <param index="4">
              <value>
                <![CDATA[chrome-options]]>
              </value>
            </param>
            <param index="5">
              <value>
                <![CDATA[34]]>
              </value>
            </param>
            <param index="6">
              <value>
                <![CDATA[https://www.thehartford.com/]]>
              </value>
            </param>
          </params>
          <reporter-output>
          </reporter-output>
        </test-method> <!-- setUp -->
        <test-method is-config="true" signature="startExtent(java.lang.reflect.Method)[pri:0, instance:getAQuoteHome.GetAQuoteHomeTest@26b3fd41]" started-at="2020-09-25T23:34:34 PDT" name="startExtent" finished-at="2020-09-25T23:34:34 PDT" duration-ms="1" status="PASS">
          <params>
            <param index="0">
              <value>
                <![CDATA[public void getAQuoteHome.GetAQuoteHomeTest.testVerifyFillOutAboutYouPage() throws java.lang.InterruptedException]]>
              </value>
            </param>
          </params>
          <reporter-output>
          </reporter-output>
        </test-method> <!-- startExtent -->
        <test-method is-config="true" signature="getInit()[pri:0, instance:getAQuoteHome.GetAQuoteHomeTest@26b3fd41]" started-at="2020-09-25T23:34:34 PDT" name="getInit" finished-at="2020-09-25T23:34:34 PDT" duration-ms="0" status="PASS">
          <reporter-output>
          </reporter-output>
        </test-method> <!-- getInit -->
        <test-method is-config="true" signature="maximizeWindow()[pri:0, instance:getAQuoteHome.GetAQuoteHomeTest@26b3fd41]" started-at="2020-09-25T23:34:34 PDT" name="maximizeWindow" finished-at="2020-09-25T23:34:36 PDT" duration-ms="2291" status="PASS">
          <reporter-output>
          </reporter-output>
        </test-method> <!-- maximizeWindow -->
        <test-method signature="testVerifyFillOutAboutYouPage()[pri:0, instance:getAQuoteHome.GetAQuoteHomeTest@26b3fd41]" started-at="2020-09-25T23:34:36 PDT" name="testVerifyFillOutAboutYouPage" finished-at="2020-09-25T23:34:52 PDT" duration-ms="15613" status="PASS">
          <reporter-output>
          </reporter-output>
        </test-method> <!-- testVerifyFillOutAboutYouPage -->
        <test-method is-config="true" signature="afterEachTestMethod(org.testng.ITestResult)[pri:0, instance:getAQuoteHome.GetAQuoteHomeTest@26b3fd41]" started-at="2020-09-25T23:34:52 PDT" name="afterEachTestMethod" finished-at="2020-09-25T23:34:52 PDT" duration-ms="818" status="PASS">
          <params>
            <param index="0">
              <value>
                <![CDATA[[TestResult name=testVerifyFillOutAboutYouPage status=SUCCESS method=GetAQuoteHomeTest.testVerifyFillOutAboutYouPage()[pri:0, instance:getAQuoteHome.GetAQuoteHomeTest@26b3fd41] output={null}]]]>
              </value>
            </param>
          </params>
          <reporter-output>
          </reporter-output>
        </test-method> <!-- afterEachTestMethod -->
        <test-method is-config="true" signature="cleanUp()[pri:0, instance:getAQuoteHome.GetAQuoteHomeTest@26b3fd41]" started-at="2020-09-25T23:34:52 PDT" name="cleanUp" finished-at="2020-09-25T23:34:52 PDT" duration-ms="0" status="PASS">
          <reporter-output>
          </reporter-output>
        </test-method> <!-- cleanUp -->
      </class> <!-- getAQuoteHome.GetAQuoteHomeTest -->
      <class name="getAQuoteBusiness.GetAQuoteBusinessTest">
        <test-method is-config="true" signature="setUp(boolean, java.lang.String, java.lang.String, java.lang.String, java.lang.String, java.lang.String, java.lang.String)[pri:0, instance:getAQuoteBusiness.GetAQuoteBusinessTest@192c3f1e]" started-at="2020-09-25T23:30:38 PDT" name="setUp" finished-at="2020-09-25T23:31:39 PDT" duration-ms="60962" status="FAIL">
          <params>
            <param index="0">
              <value>
                <![CDATA[false]]>
              </value>
            </param>
            <param index="1">
              <value>
                <![CDATA[false]]>
              </value>
            </param>
            <param index="2">
              <value>
                <![CDATA[windows]]>
              </value>
            </param>
            <param index="3">
              <value>
                <![CDATA[10]]>
              </value>
            </param>
            <param index="4">
              <value>
                <![CDATA[chrome-options]]>
              </value>
            </param>
            <param index="5">
              <value>
                <![CDATA[34]]>
              </value>
            </param>
            <param index="6">
              <value>
                <![CDATA[https://www.thehartford.com/]]>
              </value>
            </param>
          </params>
          <exception class="org.openqa.selenium.SessionNotCreatedException">
            <message>
              <![CDATA[session not created
from disconnected: unable to connect to renderer
  (Session info: chrome=85.0.4183.121)
Build info: version: '3.141.59', revision: 'e82be7d358', time: '2018-11-14T08:17:03'
System info: host: 'DESKTOP-F15B8L7', ip: '169.254.252.52', os.name: 'Windows 10', os.arch: 'amd64', os.version: '10.0', java.version: '11.0.5'
Driver info: driver.version: ChromeDriver
remote stacktrace: Backtrace:
Ordinal0 [0x00A287E3+2852835]
Ordinal0 [0x00915BB1+1727409]
Ordinal0 [0x007EE4B9+517305]
Ordinal0 [0x007E4EA3+478883]
Ordinal0 [0x007EF300+520960]
Ordinal0 [0x0079E489+189577]
Ordinal0 [0x0079D7FD+186365]
Ordinal0 [0x0079B70B+177931]
Ordinal0 [0x00782584+75140]
Ordinal0 [0x00783650+79440]
Ordinal0 [0x007835E9+79337]
Ordinal0 [0x0092AD5C+1813852]
GetHandleVerifier [0x00B4C616+1075574]
GetHandleVerifier [0x00B4C367+1074887]
GetHandleVerifier [0x00B57497+1120247]
GetHandleVerifier [0x00B4CC16+1077110]
Ordinal0 [0x00923206+1782278]
Ordinal0 [0x0092C3BB+1819579]
Ordinal0 [0x0092C523+1819939]
Ordinal0 [0x00942B45+1911621]
BaseThreadInitThunk [0x75C66359+25]
RtlGetAppContainerNamedObjectPath [0x77077C24+228]
RtlGetAppContainerNamedObjectPath [0x77077BF4+180]
]]>
            </message>
            <full-stacktrace>
              <![CDATA[org.openqa.selenium.SessionNotCreatedException: session not created
from disconnected: unable to connect to renderer
  (Session info: chrome=85.0.4183.121)
Build info: version: '3.141.59', revision: 'e82be7d358', time: '2018-11-14T08:17:03'
System info: host: 'DESKTOP-F15B8L7', ip: '169.254.252.52', os.name: 'Windows 10', os.arch: 'amd64', os.version: '10.0', java.version: '11.0.5'
Driver info: driver.version: ChromeDriver
remote stacktrace: Backtrace:
Ordinal0 [0x00A287E3+2852835]
Ordinal0 [0x00915BB1+1727409]
Ordinal0 [0x007EE4B9+517305]
Ordinal0 [0x007E4EA3+478883]
Ordinal0 [0x007EF300+520960]
Ordinal0 [0x0079E489+189577]
Ordinal0 [0x0079D7FD+186365]
Ordinal0 [0x0079B70B+177931]
Ordinal0 [0x00782584+75140]
Ordinal0 [0x00783650+79440]
Ordinal0 [0x007835E9+79337]
Ordinal0 [0x0092AD5C+1813852]
GetHandleVerifier [0x00B4C616+1075574]
GetHandleVerifier [0x00B4C367+1074887]
GetHandleVerifier [0x00B57497+1120247]
GetHandleVerifier [0x00B4CC16+1077110]
Ordinal0 [0x00923206+1782278]
Ordinal0 [0x0092C3BB+1819579]
Ordinal0 [0x0092C523+1819939]
Ordinal0 [0x00942B45+1911621]
BaseThreadInitThunk [0x75C66359+25]
RtlGetAppContainerNamedObjectPath [0x77077C24+228]
RtlGetAppContainerNamedObjectPath [0x77077BF4+180]

at java.base/jdk.internal.reflect.NativeConstructorAccessorImpl.newInstance0(Native Method)
at java.base/jdk.internal.reflect.NativeConstructorAccessorImpl.newInstance(NativeConstructorAccessorImpl.java:62)
at java.base/jdk.internal.reflect.DelegatingConstructorAccessorImpl.newInstance(DelegatingConstructorAccessorImpl.java:45)
at java.base/java.lang.reflect.Constructor.newInstance(Constructor.java:490)
at org.openqa.selenium.remote.W3CHandshakeResponse.lambda$errorHandler$0(W3CHandshakeResponse.java:62)
at org.openqa.selenium.remote.HandshakeResponse.lambda$getResponseFunction$0(HandshakeResponse.java:30)
at org.openqa.selenium.remote.ProtocolHandshake.lambda$createSession$0(ProtocolHandshake.java:126)
at java.base/java.util.stream.ReferencePipeline$3$1.accept(ReferencePipeline.java:195)
at java.base/java.util.Spliterators$ArraySpliterator.tryAdvance(Spliterators.java:958)
at java.base/java.util.stream.ReferencePipeline.forEachWithCancel(ReferencePipeline.java:127)
at java.base/java.util.stream.AbstractPipeline.copyIntoWithCancel(AbstractPipeline.java:502)
at java.base/java.util.stream.AbstractPipeline.copyInto(AbstractPipeline.java:488)
at java.base/java.util.stream.AbstractPipeline.wrapAndCopyInto(AbstractPipeline.java:474)
at java.base/java.util.stream.FindOps$FindOp.evaluateSequential(FindOps.java:150)
at java.base/java.util.stream.AbstractPipeline.evaluate(AbstractPipeline.java:234)
at java.base/java.util.stream.ReferencePipeline.findFirst(ReferencePipeline.java:543)
at org.openqa.selenium.remote.ProtocolHandshake.createSession(ProtocolHandshake.java:128)
at org.openqa.selenium.remote.ProtocolHandshake.createSession(ProtocolHandshake.java:74)
at org.openqa.selenium.remote.HttpCommandExecutor.execute(HttpCommandExecutor.java:136)
at org.openqa.selenium.remote.service.DriverCommandExecutor.execute(DriverCommandExecutor.java:83)
at org.openqa.selenium.remote.RemoteWebDriver.execute(RemoteWebDriver.java:552)
at org.openqa.selenium.remote.RemoteWebDriver.startSession(RemoteWebDriver.java:213)
at org.openqa.selenium.remote.RemoteWebDriver.<init>(RemoteWebDriver.java:131)
at org.openqa.selenium.chrome.ChromeDriver.<init>(ChromeDriver.java:181)
at org.openqa.selenium.chrome.ChromeDriver.<init>(ChromeDriver.java:168)
at org.openqa.selenium.chrome.ChromeDriver.<init>(ChromeDriver.java:157)
at base.CommonAPI.getLocalDriver(CommonAPI.java:168)
at base.CommonAPI.setUp(CommonAPI.java:144)
at java.base/jdk.internal.reflect.NativeMethodAccessorImpl.invoke0(Native Method)
at java.base/jdk.internal.reflect.NativeMethodAccessorImpl.invoke(NativeMethodAccessorImpl.java:62)
at java.base/jdk.internal.reflect.DelegatingMethodAccessorImpl.invoke(DelegatingMethodAccessorImpl.java:43)
at java.base/java.lang.reflect.Method.invoke(Method.java:566)
at org.testng.internal.MethodInvocationHelper.invokeMethod(MethodInvocationHelper.java:134)
at org.testng.internal.MethodInvocationHelper.invokeMethodConsideringTimeout(MethodInvocationHelper.java:63)
at org.testng.internal.ConfigInvoker.invokeConfigurationMethod(ConfigInvoker.java:348)
at org.testng.internal.ConfigInvoker.invokeConfigurations(ConfigInvoker.java:302)
at org.testng.internal.TestInvoker.runConfigMethods(TestInvoker.java:695)
at org.testng.internal.TestInvoker.invokeMethod(TestInvoker.java:523)
at org.testng.internal.TestInvoker.invokeTestMethod(TestInvoker.java:173)
at org.testng.internal.MethodRunner.runInSequence(MethodRunner.java:46)
at org.testng.internal.TestInvoker$MethodInvocationAgent.invoke(TestInvoker.java:816)
at org.testng.internal.TestInvoker.invokeTestMethods(TestInvoker.java:146)
at org.testng.internal.TestMethodWorker.invokeTestMethods(TestMethodWorker.java:146)
at org.testng.internal.TestMethodWorker.run(TestMethodWorker.java:128)
at java.base/java.util.ArrayList.forEach(ArrayList.java:1540)
at org.testng.TestRunner.privateRun(TestRunner.java:766)
at org.testng.TestRunner.run(TestRunner.java:587)
at org.testng.SuiteRunner.runTest(SuiteRunner.java:384)
at org.testng.SuiteRunner.runSequentially(SuiteRunner.java:378)
at org.testng.SuiteRunner.privateRun(SuiteRunner.java:337)
at org.testng.SuiteRunner.run(SuiteRunner.java:286)
at org.testng.SuiteRunnerWorker.runSuite(SuiteRunnerWorker.java:53)
at org.testng.SuiteRunnerWorker.run(SuiteRunnerWorker.java:96)
at org.testng.TestNG.runSuitesSequentially(TestNG.java:1187)
at org.testng.TestNG.runSuitesLocally(TestNG.java:1109)
at org.testng.TestNG.runSuites(TestNG.java:1039)
at org.testng.TestNG.run(TestNG.java:1007)
at org.apache.maven.surefire.testng.TestNGExecutor.run(TestNGExecutor.java:136)
at org.apache.maven.surefire.testng.TestNGDirectoryTestSuite.executeMulti(TestNGDirectoryTestSuite.java:193)
at org.apache.maven.surefire.testng.TestNGDirectoryTestSuite.execute(TestNGDirectoryTestSuite.java:94)
at org.apache.maven.surefire.testng.TestNGProvider.invoke(TestNGProvider.java:145)
at org.apache.maven.surefire.booter.ForkedBooter.runSuitesInProcess(ForkedBooter.java:428)
at org.apache.maven.surefire.booter.ForkedBooter.execute(ForkedBooter.java:162)
at org.apache.maven.surefire.booter.ForkedBooter.run(ForkedBooter.java:562)
at org.apache.maven.surefire.booter.ForkedBooter.main(ForkedBooter.java:548)
]]>
            </full-stacktrace>
          </exception> <!-- org.openqa.selenium.SessionNotCreatedException -->
          <reporter-output>
          </reporter-output>
        </test-method> <!-- setUp -->
        <test-method is-config="true" signature="startExtent(java.lang.reflect.Method)[pri:0, instance:getAQuoteBusiness.GetAQuoteBusinessTest@192c3f1e]" started-at="2020-09-25T23:31:39 PDT" name="startExtent" finished-at="1969-12-31T16:00:00 PST" duration-ms="-1601101899437" status="SKIP">
          <reporter-output>
          </reporter-output>
        </test-method> <!-- startExtent -->
        <test-method is-config="true" signature="getInit()[pri:0, instance:getAQuoteBusiness.GetAQuoteBusinessTest@192c3f1e]" started-at="2020-09-25T23:31:39 PDT" name="getInit" finished-at="1969-12-31T16:00:00 PST" duration-ms="-1601101899437" status="SKIP">
          <reporter-output>
          </reporter-output>
        </test-method> <!-- getInit -->
        <test-method is-config="true" signature="maximizeWindow()[pri:0, instance:getAQuoteBusiness.GetAQuoteBusinessTest@192c3f1e]" started-at="2020-09-25T23:31:39 PDT" name="maximizeWindow" finished-at="1969-12-31T16:00:00 PST" duration-ms="-1601101899438" status="SKIP">
          <reporter-output>
          </reporter-output>
        </test-method> <!-- maximizeWindow -->
        <test-method signature="testVerifyFillOutBeginFormWithoutTypeOfBusiness()[pri:0, instance:getAQuoteBusiness.GetAQuoteBusinessTest@192c3f1e]" started-at="2020-09-25T23:31:39 PDT" name="testVerifyFillOutBeginFormWithoutTypeOfBusiness" finished-at="2020-09-25T23:31:39 PDT" duration-ms="0" status="SKIP">
          <exception class="org.openqa.selenium.SessionNotCreatedException">
            <message>
              <![CDATA[session not created
from disconnected: unable to connect to renderer
  (Session info: chrome=85.0.4183.121)
Build info: version: '3.141.59', revision: 'e82be7d358', time: '2018-11-14T08:17:03'
System info: host: 'DESKTOP-F15B8L7', ip: '169.254.252.52', os.name: 'Windows 10', os.arch: 'amd64', os.version: '10.0', java.version: '11.0.5'
Driver info: driver.version: ChromeDriver
remote stacktrace: Backtrace:
Ordinal0 [0x00A287E3+2852835]
Ordinal0 [0x00915BB1+1727409]
Ordinal0 [0x007EE4B9+517305]
Ordinal0 [0x007E4EA3+478883]
Ordinal0 [0x007EF300+520960]
Ordinal0 [0x0079E489+189577]
Ordinal0 [0x0079D7FD+186365]
Ordinal0 [0x0079B70B+177931]
Ordinal0 [0x00782584+75140]
Ordinal0 [0x00783650+79440]
Ordinal0 [0x007835E9+79337]
Ordinal0 [0x0092AD5C+1813852]
GetHandleVerifier [0x00B4C616+1075574]
GetHandleVerifier [0x00B4C367+1074887]
GetHandleVerifier [0x00B57497+1120247]
GetHandleVerifier [0x00B4CC16+1077110]
Ordinal0 [0x00923206+1782278]
Ordinal0 [0x0092C3BB+1819579]
Ordinal0 [0x0092C523+1819939]
Ordinal0 [0x00942B45+1911621]
BaseThreadInitThunk [0x75C66359+25]
RtlGetAppContainerNamedObjectPath [0x77077C24+228]
RtlGetAppContainerNamedObjectPath [0x77077BF4+180]
]]>
            </message>
            <full-stacktrace>
              <![CDATA[org.openqa.selenium.SessionNotCreatedException: session not created
from disconnected: unable to connect to renderer
  (Session info: chrome=85.0.4183.121)
Build info: version: '3.141.59', revision: 'e82be7d358', time: '2018-11-14T08:17:03'
System info: host: 'DESKTOP-F15B8L7', ip: '169.254.252.52', os.name: 'Windows 10', os.arch: 'amd64', os.version: '10.0', java.version: '11.0.5'
Driver info: driver.version: ChromeDriver
remote stacktrace: Backtrace:
Ordinal0 [0x00A287E3+2852835]
Ordinal0 [0x00915BB1+1727409]
Ordinal0 [0x007EE4B9+517305]
Ordinal0 [0x007E4EA3+478883]
Ordinal0 [0x007EF300+520960]
Ordinal0 [0x0079E489+189577]
Ordinal0 [0x0079D7FD+186365]
Ordinal0 [0x0079B70B+177931]
Ordinal0 [0x00782584+75140]
Ordinal0 [0x00783650+79440]
Ordinal0 [0x007835E9+79337]
Ordinal0 [0x0092AD5C+1813852]
GetHandleVerifier [0x00B4C616+1075574]
GetHandleVerifier [0x00B4C367+1074887]
GetHandleVerifier [0x00B57497+1120247]
GetHandleVerifier [0x00B4CC16+1077110]
Ordinal0 [0x00923206+1782278]
Ordinal0 [0x0092C3BB+1819579]
Ordinal0 [0x0092C523+1819939]
Ordinal0 [0x00942B45+1911621]
BaseThreadInitThunk [0x75C66359+25]
RtlGetAppContainerNamedObjectPath [0x77077C24+228]
RtlGetAppContainerNamedObjectPath [0x77077BF4+180]

at java.base/jdk.internal.reflect.NativeConstructorAccessorImpl.newInstance0(Native Method)
at java.base/jdk.internal.reflect.NativeConstructorAccessorImpl.newInstance(NativeConstructorAccessorImpl.java:62)
at java.base/jdk.internal.reflect.DelegatingConstructorAccessorImpl.newInstance(DelegatingConstructorAccessorImpl.java:45)
at java.base/java.lang.reflect.Constructor.newInstance(Constructor.java:490)
at org.openqa.selenium.remote.W3CHandshakeResponse.lambda$errorHandler$0(W3CHandshakeResponse.java:62)
at org.openqa.selenium.remote.HandshakeResponse.lambda$getResponseFunction$0(HandshakeResponse.java:30)
at org.openqa.selenium.remote.ProtocolHandshake.lambda$createSession$0(ProtocolHandshake.java:126)
at java.base/java.util.stream.ReferencePipeline$3$1.accept(ReferencePipeline.java:195)
at java.base/java.util.Spliterators$ArraySpliterator.tryAdvance(Spliterators.java:958)
at java.base/java.util.stream.ReferencePipeline.forEachWithCancel(ReferencePipeline.java:127)
at java.base/java.util.stream.AbstractPipeline.copyIntoWithCancel(AbstractPipeline.java:502)
at java.base/java.util.stream.AbstractPipeline.copyInto(AbstractPipeline.java:488)
at java.base/java.util.stream.AbstractPipeline.wrapAndCopyInto(AbstractPipeline.java:474)
at java.base/java.util.stream.FindOps$FindOp.evaluateSequential(FindOps.java:150)
at java.base/java.util.stream.AbstractPipeline.evaluate(AbstractPipeline.java:234)
at java.base/java.util.stream.ReferencePipeline.findFirst(ReferencePipeline.java:543)
at org.openqa.selenium.remote.ProtocolHandshake.createSession(ProtocolHandshake.java:128)
at org.openqa.selenium.remote.ProtocolHandshake.createSession(ProtocolHandshake.java:74)
at org.openqa.selenium.remote.HttpCommandExecutor.execute(HttpCommandExecutor.java:136)
at org.openqa.selenium.remote.service.DriverCommandExecutor.execute(DriverCommandExecutor.java:83)
at org.openqa.selenium.remote.RemoteWebDriver.execute(RemoteWebDriver.java:552)
at org.openqa.selenium.remote.RemoteWebDriver.startSession(RemoteWebDriver.java:213)
at org.openqa.selenium.remote.RemoteWebDriver.<init>(RemoteWebDriver.java:131)
at org.openqa.selenium.chrome.ChromeDriver.<init>(ChromeDriver.java:181)
at org.openqa.selenium.chrome.ChromeDriver.<init>(ChromeDriver.java:168)
at org.openqa.selenium.chrome.ChromeDriver.<init>(ChromeDriver.java:157)
at base.CommonAPI.getLocalDriver(CommonAPI.java:168)
at base.CommonAPI.setUp(CommonAPI.java:144)
at java.base/jdk.internal.reflect.NativeMethodAccessorImpl.invoke0(Native Method)
at java.base/jdk.internal.reflect.NativeMethodAccessorImpl.invoke(NativeMethodAccessorImpl.java:62)
at java.base/jdk.internal.reflect.DelegatingMethodAccessorImpl.invoke(DelegatingMethodAccessorImpl.java:43)
at java.base/java.lang.reflect.Method.invoke(Method.java:566)
at org.testng.internal.MethodInvocationHelper.invokeMethod(MethodInvocationHelper.java:134)
at org.testng.internal.MethodInvocationHelper.invokeMethodConsideringTimeout(MethodInvocationHelper.java:63)
at org.testng.internal.ConfigInvoker.invokeConfigurationMethod(ConfigInvoker.java:348)
at org.testng.internal.ConfigInvoker.invokeConfigurations(ConfigInvoker.java:302)
at org.testng.internal.TestInvoker.runConfigMethods(TestInvoker.java:695)
at org.testng.internal.TestInvoker.invokeMethod(TestInvoker.java:523)
at org.testng.internal.TestInvoker.invokeTestMethod(TestInvoker.java:173)
at org.testng.internal.MethodRunner.runInSequence(MethodRunner.java:46)
at org.testng.internal.TestInvoker$MethodInvocationAgent.invoke(TestInvoker.java:816)
at org.testng.internal.TestInvoker.invokeTestMethods(TestInvoker.java:146)
at org.testng.internal.TestMethodWorker.invokeTestMethods(TestMethodWorker.java:146)
at org.testng.internal.TestMethodWorker.run(TestMethodWorker.java:128)
at java.base/java.util.ArrayList.forEach(ArrayList.java:1540)
at org.testng.TestRunner.privateRun(TestRunner.java:766)
at org.testng.TestRunner.run(TestRunner.java:587)
at org.testng.SuiteRunner.runTest(SuiteRunner.java:384)
at org.testng.SuiteRunner.runSequentially(SuiteRunner.java:378)
at org.testng.SuiteRunner.privateRun(SuiteRunner.java:337)
at org.testng.SuiteRunner.run(SuiteRunner.java:286)
at org.testng.SuiteRunnerWorker.runSuite(SuiteRunnerWorker.java:53)
at org.testng.SuiteRunnerWorker.run(SuiteRunnerWorker.java:96)
at org.testng.TestNG.runSuitesSequentially(TestNG.java:1187)
at org.testng.TestNG.runSuitesLocally(TestNG.java:1109)
at org.testng.TestNG.runSuites(TestNG.java:1039)
at org.testng.TestNG.run(TestNG.java:1007)
at org.apache.maven.surefire.testng.TestNGExecutor.run(TestNGExecutor.java:136)
at org.apache.maven.surefire.testng.TestNGDirectoryTestSuite.executeMulti(TestNGDirectoryTestSuite.java:193)
at org.apache.maven.surefire.testng.TestNGDirectoryTestSuite.execute(TestNGDirectoryTestSuite.java:94)
at org.apache.maven.surefire.testng.TestNGProvider.invoke(TestNGProvider.java:145)
at org.apache.maven.surefire.booter.ForkedBooter.runSuitesInProcess(ForkedBooter.java:428)
at org.apache.maven.surefire.booter.ForkedBooter.execute(ForkedBooter.java:162)
at org.apache.maven.surefire.booter.ForkedBooter.run(ForkedBooter.java:562)
at org.apache.maven.surefire.booter.ForkedBooter.main(ForkedBooter.java:548)
]]>
            </full-stacktrace>
          </exception> <!-- org.openqa.selenium.SessionNotCreatedException -->
          <reporter-output>
          </reporter-output>
        </test-method> <!-- testVerifyFillOutBeginFormWithoutTypeOfBusiness -->
        <test-method is-config="true" signature="afterEachTestMethod(org.testng.ITestResult)[pri:0, instance:getAQuoteBusiness.GetAQuoteBusinessTest@192c3f1e]" started-at="2020-09-25T23:31:39 PDT" name="afterEachTestMethod" finished-at="1969-12-31T16:00:00 PST" duration-ms="-1601101899438" status="SKIP">
          <reporter-output>
          </reporter-output>
        </test-method> <!-- afterEachTestMethod -->
        <test-method is-config="true" signature="cleanUp()[pri:0, instance:getAQuoteBusiness.GetAQuoteBusinessTest@192c3f1e]" started-at="2020-09-25T23:31:39 PDT" name="cleanUp" finished-at="2020-09-25T23:31:39 PDT" duration-ms="2" status="FAIL">
          <exception class="java.lang.NullPointerException">
            <full-stacktrace>
              <![CDATA[java.lang.NullPointerException
at base.CommonAPI.cleanUp(CommonAPI.java:206)
at java.base/jdk.internal.reflect.NativeMethodAccessorImpl.invoke0(Native Method)
at java.base/jdk.internal.reflect.NativeMethodAccessorImpl.invoke(NativeMethodAccessorImpl.java:62)
at java.base/jdk.internal.reflect.DelegatingMethodAccessorImpl.invoke(DelegatingMethodAccessorImpl.java:43)
at java.base/java.lang.reflect.Method.invoke(Method.java:566)
at org.testng.internal.MethodInvocationHelper.invokeMethod(MethodInvocationHelper.java:134)
at org.testng.internal.MethodInvocationHelper.invokeMethodConsideringTimeout(MethodInvocationHelper.java:63)
at org.testng.internal.ConfigInvoker.invokeConfigurationMethod(ConfigInvoker.java:348)
at org.testng.internal.ConfigInvoker.invokeConfigurations(ConfigInvoker.java:302)
at org.testng.internal.TestInvoker.runConfigMethods(TestInvoker.java:695)
at org.testng.internal.TestInvoker.runAfterGroupsConfigurations(TestInvoker.java:671)
at org.testng.internal.TestInvoker.invokeMethod(TestInvoker.java:543)
at org.testng.internal.TestInvoker.invokeTestMethod(TestInvoker.java:173)
at org.testng.internal.MethodRunner.runInSequence(MethodRunner.java:46)
at org.testng.internal.TestInvoker$MethodInvocationAgent.invoke(TestInvoker.java:816)
at org.testng.internal.TestInvoker.invokeTestMethods(TestInvoker.java:146)
at org.testng.internal.TestMethodWorker.invokeTestMethods(TestMethodWorker.java:146)
at org.testng.internal.TestMethodWorker.run(TestMethodWorker.java:128)
at java.base/java.util.ArrayList.forEach(ArrayList.java:1540)
at org.testng.TestRunner.privateRun(TestRunner.java:766)
at org.testng.TestRunner.run(TestRunner.java:587)
at org.testng.SuiteRunner.runTest(SuiteRunner.java:384)
at org.testng.SuiteRunner.runSequentially(SuiteRunner.java:378)
at org.testng.SuiteRunner.privateRun(SuiteRunner.java:337)
at org.testng.SuiteRunner.run(SuiteRunner.java:286)
at org.testng.SuiteRunnerWorker.runSuite(SuiteRunnerWorker.java:53)
at org.testng.SuiteRunnerWorker.run(SuiteRunnerWorker.java:96)
at org.testng.TestNG.runSuitesSequentially(TestNG.java:1187)
at org.testng.TestNG.runSuitesLocally(TestNG.java:1109)
at org.testng.TestNG.runSuites(TestNG.java:1039)
at org.testng.TestNG.run(TestNG.java:1007)
at org.apache.maven.surefire.testng.TestNGExecutor.run(TestNGExecutor.java:136)
at org.apache.maven.surefire.testng.TestNGDirectoryTestSuite.executeMulti(TestNGDirectoryTestSuite.java:193)
at org.apache.maven.surefire.testng.TestNGDirectoryTestSuite.execute(TestNGDirectoryTestSuite.java:94)
at org.apache.maven.surefire.testng.TestNGProvider.invoke(TestNGProvider.java:145)
at org.apache.maven.surefire.booter.ForkedBooter.runSuitesInProcess(ForkedBooter.java:428)
at org.apache.maven.surefire.booter.ForkedBooter.execute(ForkedBooter.java:162)
at org.apache.maven.surefire.booter.ForkedBooter.run(ForkedBooter.java:562)
at org.apache.maven.surefire.booter.ForkedBooter.main(ForkedBooter.java:548)
]]>
            </full-stacktrace>
          </exception> <!-- java.lang.NullPointerException -->
          <reporter-output>
          </reporter-output>
        </test-method> <!-- cleanUp -->
        <test-method signature="testVerifyNavigateToBeginPage()[pri:0, instance:getAQuoteBusiness.GetAQuoteBusinessTest@192c3f1e]" started-at="2020-09-25T23:31:39 PDT" name="testVerifyNavigateToBeginPage" finished-at="2020-09-25T23:31:39 PDT" duration-ms="0" status="SKIP">
          <exception class="org.openqa.selenium.SessionNotCreatedException">
            <message>
              <![CDATA[session not created
from disconnected: unable to connect to renderer
  (Session info: chrome=85.0.4183.121)
Build info: version: '3.141.59', revision: 'e82be7d358', time: '2018-11-14T08:17:03'
System info: host: 'DESKTOP-F15B8L7', ip: '169.254.252.52', os.name: 'Windows 10', os.arch: 'amd64', os.version: '10.0', java.version: '11.0.5'
Driver info: driver.version: ChromeDriver
remote stacktrace: Backtrace:
Ordinal0 [0x00A287E3+2852835]
Ordinal0 [0x00915BB1+1727409]
Ordinal0 [0x007EE4B9+517305]
Ordinal0 [0x007E4EA3+478883]
Ordinal0 [0x007EF300+520960]
Ordinal0 [0x0079E489+189577]
Ordinal0 [0x0079D7FD+186365]
Ordinal0 [0x0079B70B+177931]
Ordinal0 [0x00782584+75140]
Ordinal0 [0x00783650+79440]
Ordinal0 [0x007835E9+79337]
Ordinal0 [0x0092AD5C+1813852]
GetHandleVerifier [0x00B4C616+1075574]
GetHandleVerifier [0x00B4C367+1074887]
GetHandleVerifier [0x00B57497+1120247]
GetHandleVerifier [0x00B4CC16+1077110]
Ordinal0 [0x00923206+1782278]
Ordinal0 [0x0092C3BB+1819579]
Ordinal0 [0x0092C523+1819939]
Ordinal0 [0x00942B45+1911621]
BaseThreadInitThunk [0x75C66359+25]
RtlGetAppContainerNamedObjectPath [0x77077C24+228]
RtlGetAppContainerNamedObjectPath [0x77077BF4+180]
]]>
            </message>
            <full-stacktrace>
              <![CDATA[org.openqa.selenium.SessionNotCreatedException: session not created
from disconnected: unable to connect to renderer
  (Session info: chrome=85.0.4183.121)
Build info: version: '3.141.59', revision: 'e82be7d358', time: '2018-11-14T08:17:03'
System info: host: 'DESKTOP-F15B8L7', ip: '169.254.252.52', os.name: 'Windows 10', os.arch: 'amd64', os.version: '10.0', java.version: '11.0.5'
Driver info: driver.version: ChromeDriver
remote stacktrace: Backtrace:
Ordinal0 [0x00A287E3+2852835]
Ordinal0 [0x00915BB1+1727409]
Ordinal0 [0x007EE4B9+517305]
Ordinal0 [0x007E4EA3+478883]
Ordinal0 [0x007EF300+520960]
Ordinal0 [0x0079E489+189577]
Ordinal0 [0x0079D7FD+186365]
Ordinal0 [0x0079B70B+177931]
Ordinal0 [0x00782584+75140]
Ordinal0 [0x00783650+79440]
Ordinal0 [0x007835E9+79337]
Ordinal0 [0x0092AD5C+1813852]
GetHandleVerifier [0x00B4C616+1075574]
GetHandleVerifier [0x00B4C367+1074887]
GetHandleVerifier [0x00B57497+1120247]
GetHandleVerifier [0x00B4CC16+1077110]
Ordinal0 [0x00923206+1782278]
Ordinal0 [0x0092C3BB+1819579]
Ordinal0 [0x0092C523+1819939]
Ordinal0 [0x00942B45+1911621]
BaseThreadInitThunk [0x75C66359+25]
RtlGetAppContainerNamedObjectPath [0x77077C24+228]
RtlGetAppContainerNamedObjectPath [0x77077BF4+180]

at java.base/jdk.internal.reflect.NativeConstructorAccessorImpl.newInstance0(Native Method)
at java.base/jdk.internal.reflect.NativeConstructorAccessorImpl.newInstance(NativeConstructorAccessorImpl.java:62)
at java.base/jdk.internal.reflect.DelegatingConstructorAccessorImpl.newInstance(DelegatingConstructorAccessorImpl.java:45)
at java.base/java.lang.reflect.Constructor.newInstance(Constructor.java:490)
at org.openqa.selenium.remote.W3CHandshakeResponse.lambda$errorHandler$0(W3CHandshakeResponse.java:62)
at org.openqa.selenium.remote.HandshakeResponse.lambda$getResponseFunction$0(HandshakeResponse.java:30)
at org.openqa.selenium.remote.ProtocolHandshake.lambda$createSession$0(ProtocolHandshake.java:126)
at java.base/java.util.stream.ReferencePipeline$3$1.accept(ReferencePipeline.java:195)
at java.base/java.util.Spliterators$ArraySpliterator.tryAdvance(Spliterators.java:958)
at java.base/java.util.stream.ReferencePipeline.forEachWithCancel(ReferencePipeline.java:127)
at java.base/java.util.stream.AbstractPipeline.copyIntoWithCancel(AbstractPipeline.java:502)
at java.base/java.util.stream.AbstractPipeline.copyInto(AbstractPipeline.java:488)
at java.base/java.util.stream.AbstractPipeline.wrapAndCopyInto(AbstractPipeline.java:474)
at java.base/java.util.stream.FindOps$FindOp.evaluateSequential(FindOps.java:150)
at java.base/java.util.stream.AbstractPipeline.evaluate(AbstractPipeline.java:234)
at java.base/java.util.stream.ReferencePipeline.findFirst(ReferencePipeline.java:543)
at org.openqa.selenium.remote.ProtocolHandshake.createSession(ProtocolHandshake.java:128)
at org.openqa.selenium.remote.ProtocolHandshake.createSession(ProtocolHandshake.java:74)
at org.openqa.selenium.remote.HttpCommandExecutor.execute(HttpCommandExecutor.java:136)
at org.openqa.selenium.remote.service.DriverCommandExecutor.execute(DriverCommandExecutor.java:83)
at org.openqa.selenium.remote.RemoteWebDriver.execute(RemoteWebDriver.java:552)
at org.openqa.selenium.remote.RemoteWebDriver.startSession(RemoteWebDriver.java:213)
at org.openqa.selenium.remote.RemoteWebDriver.<init>(RemoteWebDriver.java:131)
at org.openqa.selenium.chrome.ChromeDriver.<init>(ChromeDriver.java:181)
at org.openqa.selenium.chrome.ChromeDriver.<init>(ChromeDriver.java:168)
at org.openqa.selenium.chrome.ChromeDriver.<init>(ChromeDriver.java:157)
at base.CommonAPI.getLocalDriver(CommonAPI.java:168)
at base.CommonAPI.setUp(CommonAPI.java:144)
at java.base/jdk.internal.reflect.NativeMethodAccessorImpl.invoke0(Native Method)
at java.base/jdk.internal.reflect.NativeMethodAccessorImpl.invoke(NativeMethodAccessorImpl.java:62)
at java.base/jdk.internal.reflect.DelegatingMethodAccessorImpl.invoke(DelegatingMethodAccessorImpl.java:43)
at java.base/java.lang.reflect.Method.invoke(Method.java:566)
at org.testng.internal.MethodInvocationHelper.invokeMethod(MethodInvocationHelper.java:134)
at org.testng.internal.MethodInvocationHelper.invokeMethodConsideringTimeout(MethodInvocationHelper.java:63)
at org.testng.internal.ConfigInvoker.invokeConfigurationMethod(ConfigInvoker.java:348)
at org.testng.internal.ConfigInvoker.invokeConfigurations(ConfigInvoker.java:302)
at org.testng.internal.TestInvoker.runConfigMethods(TestInvoker.java:695)
at org.testng.internal.TestInvoker.invokeMethod(TestInvoker.java:523)
at org.testng.internal.TestInvoker.invokeTestMethod(TestInvoker.java:173)
at org.testng.internal.MethodRunner.runInSequence(MethodRunner.java:46)
[...]
at org.apache.maven.surefire.booter.ForkedBooter.run(ForkedBooter.java:562)
at org.apache.maven.surefire.booter.ForkedBooter.main(ForkedBooter.java:548)
]]>
            </full-stacktrace>
          </exception> <!-- java.lang.NullPointerException -->
          <reporter-output>
          </reporter-output>
        </test-method> <!-- cleanUp -->
        <test-method is-config="true" signature="afterEachTestMethod(org.testng.ITestResult)[pri:0, instance:getAQuoteAuto.GetAQuoteAutoTest@1e178745]" started-at="2020-09-25T23:30:38 PDT" name="afterEachTestMethod" finished-at="1969-12-31T16:00:00 PST" duration-ms="-1601101838450" status="SKIP">
          <reporter-output>
          </reporter-output>
        </test-method> <!-- afterEachTestMethod -->
        <test-method is-config="true" signature="setUp(boolean, java.lang.String, java.lang.String, java.lang.String, java.lang.String, java.lang.String, java.lang.String)[pri:0, instance:getAQuoteAuto.GetAQuoteAutoTest@1e178745]" started-at="2020-09-25T23:30:38 PDT" name="setUp" finished-at="1969-12-31T16:00:00 PST" duration-ms="-1601101838451" status="SKIP">
          <reporter-output>
          </reporter-output>
        </test-method> <!-- setUp -->
        <test-method is-config="true" signature="startExtent(java.lang.reflect.Method)[pri:0, instance:getAQuoteAuto.GetAQuoteAutoTest@1e178745]" started-at="2020-09-25T23:30:38 PDT" name="startExtent" finished-at="1969-12-31T16:00:00 PST" duration-ms="-1601101838451" status="SKIP">
          <reporter-output>
          </reporter-output>
        </test-method> <!-- startExtent -->
        <test-method is-config="true" signature="clearBrowserCache()[pri:0, instance:getAQuoteAuto.GetAQuoteAutoTest@1e178745]" started-at="2020-09-25T23:30:38 PDT" name="clearBrowserCache" finished-at="1969-12-31T16:00:00 PST" duration-ms="-1601101838464" status="SKIP">
          <reporter-output>
          </reporter-output>
        </test-method> <!-- clearBrowserCache -->
        <test-method is-config="true" signature="getInit()[pri:0, instance:getAQuoteAuto.GetAQuoteAutoTest@1e178745]" started-at="2020-09-25T23:30:38 PDT" name="getInit" finished-at="1969-12-31T16:00:00 PST" duration-ms="-1601101838464" status="SKIP">
          <reporter-output>
          </reporter-output>
        </test-method> <!-- getInit -->
        <test-method is-config="true" signature="maximizeWindow()[pri:0, instance:getAQuoteAuto.GetAQuoteAutoTest@1e178745]" started-at="2020-09-25T23:30:38 PDT" name="maximizeWindow" finished-at="1969-12-31T16:00:00 PST" duration-ms="-1601101838465" status="SKIP">
          <reporter-output>
          </reporter-output>
        </test-method> <!-- maximizeWindow -->
        <test-method signature="testValidateQuoteWithoutZipCode()[pri:0, instance:getAQuoteAuto.GetAQuoteAutoTest@1e178745]" started-at="2020-09-25T23:30:38 PDT" name="testValidateQuoteWithoutZipCode" finished-at="2020-09-25T23:30:38 PDT" duration-ms="0" status="SKIP">
          <exception class="java.lang.NullPointerException">
            <full-stacktrace>
              <![CDATA[java.lang.NullPointerException
at base.CommonAPI.cleanUp(CommonAPI.java:206)
at java.base/jdk.internal.reflect.NativeMethodAccessorImpl.invoke0(Native Method)
at java.base/jdk.internal.reflect.NativeMethodAccessorImpl.invoke(NativeMethodAccessorImpl.java:62)
at java.base/jdk.internal.reflect.DelegatingMethodAccessorImpl.invoke(DelegatingMethodAccessorImpl.java:43)
at java.base/java.lang.reflect.Method.invoke(Method.java:566)
at org.testng.internal.MethodInvocationHelper.invokeMethod(MethodInvocationHelper.java:134)
at org.testng.internal.MethodInvocationHelper.invokeMethodConsideringTimeout(MethodInvocationHelper.java:63)
at org.testng.internal.ConfigInvoker.invokeConfigurationMethod(ConfigInvoker.java:348)
at org.testng.internal.ConfigInvoker.invokeConfigurations(ConfigInvoker.java:302)
at org.testng.internal.TestInvoker.runConfigMethods(TestInvoker.java:695)
at org.testng.internal.TestInvoker.runAfterGroupsConfigurations(TestInvoker.java:671)
at org.testng.internal.TestInvoker.invokeMethod(TestInvoker.java:543)
at org.testng.internal.TestInvoker.invokeTestMethod(TestInvoker.java:173)
at org.testng.internal.MethodRunner.runInSequence(MethodRunner.java:46)
at org.testng.internal.TestInvoker$MethodInvocationAgent.invoke(TestInvoker.java:816)
at org.testng.internal.TestInvoker.invokeTestMethods(TestInvoker.java:146)
at org.testng.internal.TestMethodWorker.invokeTestMethods(TestMethodWorker.java:146)
at org.testng.internal.TestMethodWorker.run(TestMethodWorker.java:128)
at java.base/java.util.ArrayList.forEach(ArrayList.java:1540)
at org.testng.TestRunner.privateRun(TestRunner.java:766)
at org.testng.TestRunner.run(TestRunner.java:587)
at org.testng.SuiteRunner.runTest(SuiteRunner.java:384)
at org.testng.SuiteRunner.runSequentially(SuiteRunner.java:378)
at org.testng.SuiteRunner.privateRun(SuiteRunner.java:337)
at org.testng.SuiteRunner.run(SuiteRunner.java:286)
at org.testng.SuiteRunnerWorker.runSuite(SuiteRunnerWorker.java:53)
at org.testng.SuiteRunnerWorker.run(SuiteRunnerWorker.java:96)
at org.testng.TestNG.runSuitesSequentially(TestNG.java:1187)
at org.testng.TestNG.runSuitesLocally(TestNG.java:1109)
at org.testng.TestNG.runSuites(TestNG.java:1039)
at org.testng.TestNG.run(TestNG.java:1007)
at org.apache.maven.surefire.testng.TestNGExecutor.run(TestNGExecutor.java:136)
at org.apache.maven.surefire.testng.TestNGDirectoryTestSuite.executeMulti(TestNGDirectoryTestSuite.java:193)
at org.apache.maven.surefire.testng.TestNGDirectoryTestSuite.execute(TestNGDirectoryTestSuite.java:94)
at org.apache.maven.surefire.testng.TestNGProvider.invoke(TestNGProvider.java:145)
at org.apache.maven.surefire.booter.ForkedBooter.runSuitesInProcess(ForkedBooter.java:428)
at org.apache.maven.surefire.booter.ForkedBooter.execute(ForkedBooter.java:162)
at org.apache.maven.surefire.booter.ForkedBooter.run(ForkedBooter.java:562)
at org.apache.maven.surefire.booter.ForkedBooter.main(ForkedBooter.java:548)
]]>
            </full-stacktrace>
          </exception> <!-- java.lang.NullPointerException -->
          <reporter-output>
          </reporter-output>
        </test-method> <!-- testValidateQuoteWithoutZipCode -->
        <test-method is-config="true" signature="cleanUp()[pri:0, instance:getAQuoteAuto.GetAQuoteAutoTest@1e178745]" started-at="2020-09-25T23:30:38 PDT" name="cleanUp" finished-at="2020-09-25T23:30:38 PDT" duration-ms="0" status="FAIL">
          <exception class="java.lang.NullPointerException">
            <full-stacktrace>
              <![CDATA[java.lang.NullPointerException
at base.CommonAPI.cleanUp(CommonAPI.java:206)
at java.base/jdk.internal.reflect.NativeMethodAccessorImpl.invoke0(Native Method)
at java.base/jdk.internal.reflect.NativeMethodAccessorImpl.invoke(NativeMethodAccessorImpl.java:62)
at java.base/jdk.internal.reflect.DelegatingMethodAccessorImpl.invoke(DelegatingMethodAccessorImpl.java:43)
at java.base/java.lang.reflect.Method.invoke(Method.java:566)
at org.testng.internal.MethodInvocationHelper.invokeMethod(MethodInvocationHelper.java:134)
at org.testng.internal.MethodInvocationHelper.invokeMethodConsideringTimeout(MethodInvocationHelper.java:63)
at org.testng.internal.ConfigInvoker.invokeConfigurationMethod(ConfigInvoker.java:348)
at org.testng.internal.ConfigInvoker.invokeConfigurations(ConfigInvoker.java:302)
at org.testng.internal.TestInvoker.runConfigMethods(TestInvoker.java:695)
at org.testng.internal.TestInvoker.runAfterGroupsConfigurations(TestInvoker.java:671)
at org.testng.internal.TestInvoker.invokeMethod(TestInvoker.java:543)
at org.testng.internal.TestInvoker.invokeTestMethod(TestInvoker.java:173)
at org.testng.internal.MethodRunner.runInSequence(MethodRunner.java:46)
at org.testng.internal.TestInvoker$MethodInvocationAgent.invoke(TestInvoker.java:816)
at org.testng.internal.TestInvoker.invokeTestMethods(TestInvoker.java:146)
at org.testng.internal.TestMethodWorker.invokeTestMethods(TestMethodWorker.java:146)
at org.testng.internal.TestMethodWorker.run(TestMethodWorker.java:128)
at java.base/java.util.ArrayList.forEach(ArrayList.java:1540)
at org.testng.TestRunner.privateRun(TestRunner.java:766)
at org.testng.TestRunner.run(TestRunner.java:587)
at org.testng.SuiteRunner.runTest(SuiteRunner.java:384)
at org.testng.SuiteRunner.runSequentially(SuiteRunner.java:378)
at org.testng.SuiteRunner.privateRun(SuiteRunner.java:337)
at org.testng.SuiteRunner.run(SuiteRunner.java:286)
at org.testng.SuiteRunnerWorker.runSuite(SuiteRunnerWorker.java:53)
at org.testng.SuiteRunnerWorker.run(SuiteRunnerWorker.java:96)
at org.testng.TestNG.runSuitesSequentially(TestNG.java:1187)
at org.testng.TestNG.runSuitesLocally(TestNG.java:1109)
at org.testng.TestNG.runSuites(TestNG.java:1039)
at org.testng.TestNG.run(TestNG.java:1007)
at org.apache.maven.surefire.testng.TestNGExecutor.run(TestNGExecutor.java:136)
at org.apache.maven.surefire.testng.TestNGDirectoryTestSuite.executeMulti(TestNGDirectoryTestSuite.java:193)
at org.apache.maven.surefire.testng.TestNGDirectoryTestSuite.execute(TestNGDirectoryTestSuite.java:94)
at org.apache.maven.surefire.testng.TestNGProvider.invoke(TestNGProvider.java:145)
at org.apache.maven.surefire.booter.ForkedBooter.runSuitesInProcess(ForkedBooter.java:428)
at org.apache.maven.surefire.booter.ForkedBooter.execute(ForkedBooter.java:162)
at org.apache.maven.surefire.booter.ForkedBooter.run(ForkedBooter.java:562)
at org.apache.maven.surefire.booter.ForkedBooter.main(ForkedBooter.java:548)
]]>
            </full-stacktrace>
          </exception> <!-- java.lang.NullPointerException -->
          <reporter-output>
          </reporter-output>
        </test-method> <!-- cleanUp -->
        <test-method is-config="true" signature="afterEachTestMethod(org.testng.ITestResult)[pri:0, instance:getAQuoteAuto.GetAQuoteAutoTest@1e178745]" started-at="2020-09-25T23:30:38 PDT" name="afterEachTestMethod" finished-at="1969-12-31T16:00:00 PST" duration-ms="-1601101838466" status="SKIP">
          <reporter-output>
          </reporter-output>
        </test-method> <!-- afterEachTestMethod -->
        <test-method is-config="true" signature="setUp(boolean, java.lang.String, java.lang.String, java.lang.String, java.lang.String, java.lang.String, java.lang.String)[pri:0, instance:getAQuoteAuto.GetAQuoteAutoTest@1e178745]" started-at="2020-09-25T23:30:38 PDT" name="setUp" finished-at="1969-12-31T16:00:00 PST" duration-ms="-1601101838467" status="SKIP">
          <reporter-output>
          </reporter-output>
        </test-method> <!-- setUp -->
        <test-method is-config="true" signature="maximizeWindow()[pri:0, instance:getAQuoteAuto.GetAQuoteAutoTest@1e178745]" started-at="2020-09-25T23:30:38 PDT" name="maximizeWindow" finished-at="1969-12-31T16:00:00 PST" duration-ms="-1601101838468" status="SKIP">
          <reporter-output>
          </reporter-output>
        </test-method> <!-- maximizeWindow -->
        <test-method is-config="true" signature="getInit()[pri:0, instance:getAQuoteAuto.GetAQuoteAutoTest@1e178745]" started-at="2020-09-25T23:30:38 PDT" name="getInit" finished-at="1969-12-31T16:00:00 PST" duration-ms="-1601101838468" status="SKIP">
          <reporter-output>
          </reporter-output>
        </test-method> <!-- getInit -->
        <test-method is-config="true" signature="clearBrowserCache()[pri:0, instance:getAQuoteAuto.GetAQuoteAutoTest@1e178745]" started-at="2020-09-25T23:30:38 PDT" name="clearBrowserCache" finished-at="1969-12-31T16:00:00 PST" duration-ms="-1601101838468" status="SKIP">
          <reporter-output>
          </reporter-output>
        </test-method> <!-- clearBrowserCache -->
        <test-method signature="testValidateStartQuote()[pri:0, instance:getAQuoteAuto.GetAQuoteAutoTest@1e178745]" started-at="2020-09-25T23:30:38 PDT" name="testValidateStartQuote" finished-at="2020-09-25T23:30:38 PDT" duration-ms="0" status="SKIP">
          <exception class="java.lang.NullPointerException">
            <full-stacktrace>
              <![CDATA[java.lang.NullPointerException
at base.CommonAPI.cleanUp(CommonAPI.java:206)
at java.base/jdk.internal.reflect.NativeMethodAccessorImpl.invoke0(Native Method)
at java.base/jdk.internal.reflect.NativeMethodAccessorImpl.invoke(NativeMethodAccessorImpl.java:62)
at java.base/jdk.internal.reflect.DelegatingMethodAccessorImpl.invoke(DelegatingMethodAccessorImpl.java:43)
at java.base/java.lang.reflect.Method.invoke(Method.java:566)
at org.testng.internal.MethodInvocationHelper.invokeMethod(MethodInvocationHelper.java:134)
at org.testng.internal.MethodInvocationHelper.invokeMethodConsideringTimeout(MethodInvocationHelper.java:63)
at org.testng.internal.ConfigInvoker.invokeConfigurationMethod(ConfigInvoker.java:348)
at org.testng.internal.ConfigInvoker.invokeConfigurations(ConfigInvoker.java:302)
at org.testng.internal.TestInvoker.runConfigMethods(TestInvoker.java:695)
at org.testng.internal.TestInvoker.runAfterGroupsConfigurations(TestInvoker.java:671)
at org.testng.internal.TestInvoker.invokeMethod(TestInvoker.java:543)
at org.testng.internal.TestInvoker.invokeTestMethod(TestInvoker.java:173)
at org.testng.internal.MethodRunner.runInSequence(MethodRunner.java:46)
at org.testng.internal.TestInvoker$MethodInvocationAgent.invoke(TestInvoker.java:816)
at org.testng.internal.TestInvoker.invokeTestMethods(TestInvoker.java:146)
at org.testng.internal.TestMethodWorker.invokeTestMethods(TestMethodWorker.java:146)
at org.testng.internal.TestMethodWorker.run(TestMethodWorker.java:128)
at java.base/java.util.ArrayList.forEach(ArrayList.java:1540)
at org.testng.TestRunner.privateRun(TestRunner.java:766)
at org.testng.TestRunner.run(TestRunner.java:587)
at org.testng.SuiteRunner.runTest(SuiteRunner.java:384)
at org.testng.SuiteRunner.runSequentially(SuiteRunner.java:378)
at org.testng.SuiteRunner.privateRun(SuiteRunner.java:337)
at org.testng.SuiteRunner.run(SuiteRunner.java:286)
at org.testng.SuiteRunnerWorker.runSuite(SuiteRunnerWorker.java:53)
at org.testng.SuiteRunnerWorker.run(SuiteRunnerWorker.java:96)
at org.testng.TestNG.runSuitesSequentially(TestNG.java:1187)
at org.testng.TestNG.runSuitesLocally(TestNG.java:1109)
at org.testng.TestNG.runSuites(TestNG.java:1039)
at org.testng.TestNG.run(TestNG.java:1007)
at org.apache.maven.surefire.testng.TestNGExecutor.run(TestNGExecutor.java:136)
at org.apache.maven.surefire.testng.TestNGDirectoryTestSuite.executeMulti(TestNGDirectoryTestSuite.java:193)
at org.apache.maven.surefire.testng.TestNGDirectoryTestSuite.execute(TestNGDirectoryTestSuite.java:94)
at org.apache.maven.surefire.testng.TestNGProvider.invoke(TestNGProvider.java:145)
at org.apache.maven.surefire.booter.ForkedBooter.runSuitesInProcess(ForkedBooter.java:428)
at org.apache.maven.surefire.booter.ForkedBooter.execute(ForkedBooter.java:162)
at org.apache.maven.surefire.booter.ForkedBooter.run(ForkedBooter.java:562)
at org.apache.maven.surefire.booter.ForkedBooter.main(ForkedBooter.java:548)
]]>
            </full-stacktrace>
          </exception> <!-- java.lang.NullPointerException -->
          <reporter-output>
          </reporter-output>
        </test-method> <!-- testValidateStartQuote -->
        <test-method is-config="true" signature="startExtent(java.lang.reflect.Method)[pri:0, instance:getAQuoteAuto.GetAQuoteAutoTest@1e178745]" started-at="2020-09-25T23:30:38 PDT" name="startExtent" finished-at="1969-12-31T16:00:00 PST" duration-ms="-1601101838468" status="SKIP">
          <reporter-output>
          </reporter-output>
        </test-method> <!-- startExtent -->
        <test-method is-config="true" signature="cleanUp()[pri:0, instance:getAQuoteAuto.GetAQuoteAutoTest@1e178745]" started-at="2020-09-25T23:30:38 PDT" name="cleanUp" finished-at="2020-09-25T23:30:38 PDT" duration-ms="0" status="FAIL">
          <exception class="java.lang.NullPointerException">
            <full-stacktrace>
              <![CDATA[java.lang.NullPointerException
at base.CommonAPI.cleanUp(CommonAPI.java:206)
at java.base/jdk.internal.reflect.NativeMethodAccessorImpl.invoke0(Native Method)
at java.base/jdk.internal.reflect.NativeMethodAccessorImpl.invoke(NativeMethodAccessorImpl.java:62)
at java.base/jdk.internal.reflect.DelegatingMethodAccessorImpl.invoke(DelegatingMethodAccessorImpl.java:43)
at java.base/java.lang.reflect.Method.invoke(Method.java:566)
at org.testng.internal.MethodInvocationHelper.invokeMethod(MethodInvocationHelper.java:134)
at org.testng.internal.MethodInvocationHelper.invokeMethodConsideringTimeout(MethodInvocationHelper.java:63)
at org.testng.internal.ConfigInvoker.invokeConfigurationMethod(ConfigInvoker.java:348)
at org.testng.internal.ConfigInvoker.invokeConfigurations(ConfigInvoker.java:302)
at org.testng.internal.TestInvoker.runConfigMethods(TestInvoker.java:695)
at org.testng.internal.TestInvoker.runAfterGroupsConfigurations(TestInvoker.java:671)
at org.testng.internal.TestInvoker.invokeMethod(TestInvoker.java:543)
at org.testng.internal.TestInvoker.invokeTestMethod(TestInvoker.java:173)
at org.testng.internal.MethodRunner.runInSequence(MethodRunner.java:46)
at org.testng.internal.TestInvoker$MethodInvocationAgent.invoke(TestInvoker.java:816)
at org.testng.internal.TestInvoker.invokeTestMethods(TestInvoker.java:146)
at org.testng.internal.TestMethodWorker.invokeTestMethods(TestMethodWorker.java:146)
at org.testng.internal.TestMethodWorker.run(TestMethodWorker.java:128)
at java.base/java.util.ArrayList.forEach(ArrayList.java:1540)
at org.testng.TestRunner.privateRun(TestRunner.java:766)
at org.testng.TestRunner.run(TestRunner.java:587)
at org.testng.SuiteRunner.runTest(SuiteRunner.java:384)
at org.testng.SuiteRunner.runSequentially(SuiteRunner.java:378)
at org.testng.SuiteRunner.privateRun(SuiteRunner.java:337)
at org.testng.SuiteRunner.run(SuiteRunner.java:286)
at org.testng.SuiteRunnerWorker.runSuite(SuiteRunnerWorker.java:53)
at org.testng.SuiteRunnerWorker.run(SuiteRunnerWorker.java:96)
at org.testng.TestNG.runSuitesSequentially(TestNG.java:1187)
at org.testng.TestNG.runSuitesLocally(TestNG.java:1109)
at org.testng.TestNG.runSuites(TestNG.java:1039)
at org.testng.TestNG.run(TestNG.java:1007)
at org.apache.maven.surefire.testng.TestNGExecutor.run(TestNGExecutor.java:136)
at org.apache.maven.surefire.testng.TestNGDirectoryTestSuite.executeMulti(TestNGDirectoryTestSuite.java:193)
at org.apache.maven.surefire.testng.TestNGDirectoryTestSuite.execute(TestNGDirectoryTestSuite.java:94)
at org.apache.maven.surefire.testng.TestNGProvider.invoke(TestNGProvider.java:145)
at org.apache.maven.surefire.booter.ForkedBooter.runSuitesInProcess(ForkedBooter.java:428)
at org.apache.maven.surefire.booter.ForkedBooter.execute(ForkedBooter.java:162)
at org.apache.maven.surefire.booter.ForkedBooter.run(ForkedBooter.java:562)
at org.apache.maven.surefire.booter.ForkedBooter.main(ForkedBooter.java:548)
]]>
            </full-stacktrace>
          </exception> <!-- java.lang.NullPointerException -->
          <reporter-output>
          </reporter-output>
        </test-method> <!-- cleanUp -->
        <test-method is-config="true" signature="afterEachTestMethod(org.testng.ITestResult)[pri:0, instance:getAQuoteAuto.GetAQuoteAutoTest@1e178745]" started-at="2020-09-25T23:30:38 PDT" name="afterEachTestMethod" finished-at="1969-12-31T16:00:00 PST" duration-ms="-1601101838469" status="SKIP">
          <reporter-output>
          </reporter-output>
        </test-method> <!-- afterEachTestMethod -->
        <test-method is-config="true" signature="generateReport()[pri:0, instance:getAQuoteAuto.GetAQuoteAutoTest@1e178745]" started-at="2020-09-25T23:35:17 PDT" name="generateReport" finished-at="1969-12-31T16:00:00 PST" duration-ms="-1601102117997" status="SKIP">
          <reporter-output>
          </reporter-output>
        </test-method> <!-- generateReport -->
      </class> <!-- getAQuoteAuto.GetAQuoteAutoTest -->
    </test> <!-- Surefire test -->
  </suite> <!-- Surefire suite -->
</testng-results>
