<?xml version="1.0" encoding="UTF-8"?>
<testng-results ignored="0" total="0" passed="0" failed="0" skipped="0">
  <reporter-output>
    <line>
      <![CDATA[Extent Report DirectoryC:\Users\Waqas\IdeaProjects\WebAutomationFramework_Team1\NewYorkTimes\target\surefire-reports\html]]>
    </line>
  </reporter-output>
  <suite started-at="2020-09-04T23:36:14 EDT" name="Surefire suite" finished-at="2020-09-04T23:36:14 EDT" duration-ms="7">
    <groups>
    </groups>
    <test started-at="2020-09-04T23:36:14 EDT" name="Surefire test" finished-at="2020-09-04T23:36:14 EDT" duration-ms="7">
      <class name="home.NYTHomePageTest">
        <test-method is-config="true" signature="extentSetup(org.testng.ITestContext)[pri:0, instance:home.NYTHomePageTest@f5958c9]" started-at="2020-09-04T23:36:14 EDT" name="extentSetup" finished-at="2020-09-04T23:36:14 EDT" duration-ms="308" status="PASS">
          <params>
            <param index="0">
              <value>
                <![CDATA[org.testng.TestRunner@4cf8b2dc]]>
              </value>
            </param>
          </params>
          <reporter-output>
            <line>
              <![CDATA[Extent Report DirectoryC:\Users\Waqas\IdeaProjects\WebAutomationFramework_Team1\NewYorkTimes\target\surefire-reports\html]]>
            </line>
          </reporter-output>
        </test-method> <!-- extentSetup -->
        <test-method is-config="true" signature="generateReport()[pri:0, instance:home.NYTHomePageTest@f5958c9]" started-at="2020-09-04T23:36:14 EDT" name="generateReport" finished-at="2020-09-04T23:36:15 EDT" duration-ms="322" status="PASS">
          <reporter-output>
          </reporter-output>
        </test-method> <!-- generateReport -->
      </class> <!-- home.NYTHomePageTest -->
    </test> <!-- Surefire test -->
  </suite> <!-- Surefire suite -->
</testng-results>
