<?xml version="1.0" encoding="UTF-8"?>
<testng-results ignored="0" total="19" passed="18" failed="1" skipped="0">
  <reporter-output>
    <line>
      <![CDATA[Extent Report Directory/Users/syedraza/IdeaProjects/WebAutomationFramework_Team1/NewYorkTimes/target/surefire-reports/html]]>
    </line>
    <line>
      <![CDATA[NYTHomePageTest: test Click On Arts Tab]]>
    </line>
    <line>
      <![CDATA[NYTHomePageTest: test Click On Books Tab]]>
    </line>
    <line>
      <![CDATA[NYTHomePageTest: test Click On Business Tab]]>
    </line>
    <line>
      <![CDATA[NYTHomePageTest: test Click On Food Tab]]>
    </line>
    <line>
      <![CDATA[NYTHomePageTest: test Click On Health Tab]]>
    </line>
    <line>
      <![CDATA[NYTHomePageTest: test Click On Magazine Tab]]>
    </line>
    <line>
      <![CDATA[NYTHomePageTest: test Click On NY Tab]]>
    </line>
    <line>
      <![CDATA[NYTHomePageTest: test Click On Opinion Tab]]>
    </line>
    <line>
      <![CDATA[NYTHomePageTest: test Click On Politics Tab]]>
    </line>
    <line>
      <![CDATA[NYTHomePageTest: test Click On Real Estate Tab]]>
    </line>
    <line>
      <![CDATA[NYTHomePageTest: test Click On Science Tab]]>
    </line>
    <line>
      <![CDATA[NYTHomePageTest: test Click On Sports Tab]]>
    </line>
    <line>
      <![CDATA[NYTHomePageTest: test Click On Style Tab]]>
    </line>
    <line>
      <![CDATA[NYTHomePageTest: test Click On T Magazine Tab]]>
    </line>
    <line>
      <![CDATA[NYTHomePageTest: test Click On Tech Tab]]>
    </line>
    <line>
      <![CDATA[NYTHomePageTest: test Click On Travel Tab]]>
    </line>
    <line>
      <![CDATA[NYTHomePageTest: test Click On USA Tab]]>
    </line>
    <line>
      <![CDATA[NYTHomePageTest: test Click On Video Tab]]>
    </line>
    <line>
      <![CDATA[NYTHomePageTest: test Click On World Tab]]>
    </line>
  </reporter-output>
  <suite started-at="2020-09-26T12:31:44 MDT" name="NY Times Automation Test" finished-at="2020-09-26T12:34:22 MDT" duration-ms="157824">
    <groups>
    </groups>
    <test started-at="2020-09-26T12:31:44 MDT" name="New York Times Home" finished-at="2020-09-26T12:34:22 MDT" duration-ms="157824">
      <class name="home.NYTHomePageTest">
        <test-method is-config="true" signature="extentSetup(org.testng.ITestContext)[pri:0, instance:home.NYTHomePageTest@1356d4d4]" started-at="2020-09-26T12:31:43 MDT" name="extentSetup" finished-at="2020-09-26T12:31:44 MDT" duration-ms="405" status="PASS">
          <params>
            <param index="0">
              <value>
                <![CDATA[org.testng.TestRunner@1c240cf2]]>
              </value>
            </param>
          </params>
          <reporter-output>
            <line>
              <![CDATA[Extent Report Directory/Users/syedraza/IdeaProjects/WebAutomationFramework_Team1/NewYorkTimes/target/surefire-reports/html]]>
            </line>
          </reporter-output>
        </test-method> <!-- extentSetup -->
        <test-method is-config="true" signature="setUp(boolean, java.lang.String, java.lang.String, java.lang.String, java.lang.String, java.lang.String, java.lang.String)[pri:0, instance:home.NYTHomePageTest@1356d4d4]" started-at="2020-09-26T12:31:44 MDT" name="setUp" finished-at="2020-09-26T12:31:48 MDT" duration-ms="4325" status="PASS">
          <params>
            <param index="0">
              <value>
                <![CDATA[false]]>
              </value>
            </param>
            <param index="1">
              <value>
                <![CDATA[browserstack]]>
              </value>
            </param>
            <param index="2">
              <value>
                <![CDATA[OS X]]>
              </value>
            </param>
            <param index="3">
              <value>
                <![CDATA[catalina]]>
              </value>
            </param>
            <param index="4">
              <value>
                <![CDATA[chrome-options]]>
              </value>
            </param>
            <param index="5">
              <value>
                <![CDATA[85.0]]>
              </value>
            </param>
            <param index="6">
              <value>
                <![CDATA[https://www.nytimes.com/]]>
              </value>
            </param>
          </params>
          <reporter-output>
          </reporter-output>
        </test-method> <!-- setUp -->
        <test-method is-config="true" signature="startExtent(java.lang.reflect.Method)[pri:0, instance:home.NYTHomePageTest@1356d4d4]" started-at="2020-09-26T12:31:48 MDT" name="startExtent" finished-at="2020-09-26T12:31:48 MDT" duration-ms="3" status="PASS">
          <params>
            <param index="0">
              <value>
                <![CDATA[public void home.NYTHomePageTest.testClickOnArtsTab() throws java.lang.InterruptedException]]>
              </value>
            </param>
          </params>
          <reporter-output>
          </reporter-output>
        </test-method> <!-- startExtent -->
        <test-method is-config="true" signature="getInit()[pri:0, instance:home.NYTHomePageTest@1356d4d4]" started-at="2020-09-26T12:31:48 MDT" name="getInit" finished-at="2020-09-26T12:31:49 MDT" duration-ms="943" status="PASS">
          <reporter-output>
          </reporter-output>
        </test-method> <!-- getInit -->
        <test-method signature="testClickOnArtsTab()[pri:0, instance:home.NYTHomePageTest@1356d4d4]" started-at="2020-09-26T12:31:49 MDT" name="testClickOnArtsTab" finished-at="2020-09-26T12:31:51 MDT" duration-ms="2284" status="PASS">
          <reporter-output>
            <line>
              <![CDATA[NYTHomePageTest: test Click On Arts Tab]]>
            </line>
          </reporter-output>
        </test-method> <!-- testClickOnArtsTab -->
        <test-method is-config="true" signature="afterEachTestMethod(org.testng.ITestResult)[pri:0, instance:home.NYTHomePageTest@1356d4d4]" started-at="2020-09-26T12:31:51 MDT" name="afterEachTestMethod" finished-at="2020-09-26T12:31:52 MDT" duration-ms="812" status="PASS">
          <params>
            <param index="0">
              <value>
                <![CDATA[[TestResult name=testClickOnArtsTab status=SUCCESS method=NYTHomePageTest.testClickOnArtsTab()[pri:0, instance:home.NYTHomePageTest@1356d4d4] output=NYTHomePageTest: test Click On Arts Tab]]]>
              </value>
            </param>
          </params>
          <reporter-output>
          </reporter-output>
        </test-method> <!-- afterEachTestMethod -->
        <test-method is-config="true" signature="cleanUp()[pri:0, instance:home.NYTHomePageTest@1356d4d4]" started-at="2020-09-26T12:31:52 MDT" name="cleanUp" finished-at="2020-09-26T12:31:52 MDT" duration-ms="0" status="PASS">
          <reporter-output>
          </reporter-output>
        </test-method> <!-- cleanUp -->
        <test-method is-config="true" signature="setUp(boolean, java.lang.String, java.lang.String, java.lang.String, java.lang.String, java.lang.String, java.lang.String)[pri:0, instance:home.NYTHomePageTest@1356d4d4]" started-at="2020-09-26T12:31:52 MDT" name="setUp" finished-at="2020-09-26T12:31:54 MDT" duration-ms="2051" status="PASS">
          <params>
            <param index="0">
              <value>
                <![CDATA[false]]>
              </value>
            </param>
            <param index="1">
              <value>
                <![CDATA[browserstack]]>
              </value>
            </param>
            <param index="2">
              <value>
                <![CDATA[OS X]]>
              </value>
            </param>
            <param index="3">
              <value>
                <![CDATA[catalina]]>
              </value>
            </param>
            <param index="4">
              <value>
                <![CDATA[chrome-options]]>
              </value>
            </param>
            <param index="5">
              <value>
                <![CDATA[85.0]]>
              </value>
            </param>
            <param index="6">
              <value>
                <![CDATA[https://www.nytimes.com/]]>
              </value>
            </param>
          </params>
          <reporter-output>
          </reporter-output>
        </test-method> <!-- setUp -->
        <test-method is-config="true" signature="startExtent(java.lang.reflect.Method)[pri:0, instance:home.NYTHomePageTest@1356d4d4]" started-at="2020-09-26T12:31:54 MDT" name="startExtent" finished-at="2020-09-26T12:31:54 MDT" duration-ms="1" status="PASS">
          <params>
            <param index="0">
              <value>
                <![CDATA[public void home.NYTHomePageTest.testClickOnBooksTab() throws java.lang.InterruptedException]]>
              </value>
            </param>
          </params>
          <reporter-output>
          </reporter-output>
        </test-method> <!-- startExtent -->
        <test-method is-config="true" signature="getInit()[pri:0, instance:home.NYTHomePageTest@1356d4d4]" started-at="2020-09-26T12:31:54 MDT" name="getInit" finished-at="2020-09-26T12:31:55 MDT" duration-ms="901" status="PASS">
          <reporter-output>
          </reporter-output>
        </test-method> <!-- getInit -->
        <test-method signature="testClickOnBooksTab()[pri:0, instance:home.NYTHomePageTest@1356d4d4]" started-at="2020-09-26T12:31:55 MDT" name="testClickOnBooksTab" finished-at="2020-09-26T12:31:58 MDT" duration-ms="2907" status="PASS">
          <reporter-output>
            <line>
              <![CDATA[NYTHomePageTest: test Click On Books Tab]]>
            </line>
          </reporter-output>
        </test-method> <!-- testClickOnBooksTab -->
        <test-method is-config="true" signature="afterEachTestMethod(org.testng.ITestResult)[pri:0, instance:home.NYTHomePageTest@1356d4d4]" started-at="2020-09-26T12:31:58 MDT" name="afterEachTestMethod" finished-at="2020-09-26T12:31:58 MDT" duration-ms="233" status="PASS">
          <params>
            <param index="0">
              <value>
                <![CDATA[[TestResult name=testClickOnBooksTab status=SUCCESS method=NYTHomePageTest.testClickOnBooksTab()[pri:0, instance:home.NYTHomePageTest@1356d4d4] output=NYTHomePageTest: test Click On Books Tab]]]>
              </value>
            </param>
          </params>
          <reporter-output>
          </reporter-output>
        </test-method> <!-- afterEachTestMethod -->
        <test-method is-config="true" signature="cleanUp()[pri:0, instance:home.NYTHomePageTest@1356d4d4]" started-at="2020-09-26T12:31:58 MDT" name="cleanUp" finished-at="2020-09-26T12:31:58 MDT" duration-ms="0" status="PASS">
          <reporter-output>
          </reporter-output>
        </test-method> <!-- cleanUp -->
        <test-method is-config="true" signature="setUp(boolean, java.lang.String, java.lang.String, java.lang.String, java.lang.String, java.lang.String, java.lang.String)[pri:0, instance:home.NYTHomePageTest@1356d4d4]" started-at="2020-09-26T12:31:58 MDT" name="setUp" finished-at="2020-09-26T12:32:03 MDT" duration-ms="4501" status="PASS">
          <params>
            <param index="0">
              <value>
                <![CDATA[false]]>
              </value>
            </param>
            <param index="1">
              <value>
                <![CDATA[browserstack]]>
              </value>
            </param>
            <param index="2">
              <value>
                <![CDATA[OS X]]>
              </value>
            </param>
            <param index="3">
              <value>
                <![CDATA[catalina]]>
              </value>
            </param>
            <param index="4">
              <value>
                <![CDATA[chrome-options]]>
              </value>
            </param>
            <param index="5">
              <value>
                <![CDATA[85.0]]>
              </value>
            </param>
            <param index="6">
              <value>
                <![CDATA[https://www.nytimes.com/]]>
              </value>
            </param>
          </params>
          <reporter-output>
          </reporter-output>
        </test-method> <!-- setUp -->
        <test-method is-config="true" signature="startExtent(java.lang.reflect.Method)[pri:0, instance:home.NYTHomePageTest@1356d4d4]" started-at="2020-09-26T12:32:03 MDT" name="startExtent" finished-at="2020-09-26T12:32:03 MDT" duration-ms="1" status="PASS">
          <params>
            <param index="0">
              <value>
                <![CDATA[public void home.NYTHomePageTest.testClickOnBusinessTab() throws java.lang.InterruptedException]]>
              </value>
            </param>
          </params>
          <reporter-output>
          </reporter-output>
        </test-method> <!-- startExtent -->
        <test-method is-config="true" signature="getInit()[pri:0, instance:home.NYTHomePageTest@1356d4d4]" started-at="2020-09-26T12:32:03 MDT" name="getInit" finished-at="2020-09-26T12:32:03 MDT" duration-ms="177" status="PASS">
          <reporter-output>
          </reporter-output>
        </test-method> <!-- getInit -->
        <test-method signature="testClickOnBusinessTab()[pri:0, instance:home.NYTHomePageTest@1356d4d4]" started-at="2020-09-26T12:32:03 MDT" name="testClickOnBusinessTab" finished-at="2020-09-26T12:32:11 MDT" duration-ms="7832" status="PASS">
          <reporter-output>
            <line>
              <![CDATA[NYTHomePageTest: test Click On Business Tab]]>
            </line>
          </reporter-output>
        </test-method> <!-- testClickOnBusinessTab -->
        <test-method is-config="true" signature="afterEachTestMethod(org.testng.ITestResult)[pri:0, instance:home.NYTHomePageTest@1356d4d4]" started-at="2020-09-26T12:32:11 MDT" name="afterEachTestMethod" finished-at="2020-09-26T12:32:11 MDT" duration-ms="365" status="PASS">
          <params>
            <param index="0">
              <value>
                <![CDATA[[TestResult name=testClickOnBusinessTab status=SUCCESS method=NYTHomePageTest.testClickOnBusinessTab()[pri:0, instance:home.NYTHomePageTest@1356d4d4] output=NYTHomePageTest: test Click On Business Tab]]]>
              </value>
            </param>
          </params>
          <reporter-output>
          </reporter-output>
        </test-method> <!-- afterEachTestMethod -->
        <test-method is-config="true" signature="cleanUp()[pri:0, instance:home.NYTHomePageTest@1356d4d4]" started-at="2020-09-26T12:32:11 MDT" name="cleanUp" finished-at="2020-09-26T12:32:11 MDT" duration-ms="0" status="PASS">
          <reporter-output>
          </reporter-output>
        </test-method> <!-- cleanUp -->
        <test-method is-config="true" signature="setUp(boolean, java.lang.String, java.lang.String, java.lang.String, java.lang.String, java.lang.String, java.lang.String)[pri:0, instance:home.NYTHomePageTest@1356d4d4]" started-at="2020-09-26T12:32:11 MDT" name="setUp" finished-at="2020-09-26T12:32:14 MDT" duration-ms="2605" status="PASS">
          <params>
            <param index="0">
              <value>
                <![CDATA[false]]>
              </value>
            </param>
            <param index="1">
              <value>
                <![CDATA[browserstack]]>
              </value>
            </param>
            <param index="2">
              <value>
                <![CDATA[OS X]]>
              </value>
            </param>
            <param index="3">
              <value>
                <![CDATA[catalina]]>
              </value>
            </param>
            <param index="4">
              <value>
                <![CDATA[chrome-options]]>
              </value>
            </param>
            <param index="5">
              <value>
                <![CDATA[85.0]]>
              </value>
            </param>
            <param index="6">
              <value>
                <![CDATA[https://www.nytimes.com/]]>
              </value>
            </param>
          </params>
          <reporter-output>
          </reporter-output>
        </test-method> <!-- setUp -->
        <test-method is-config="true" signature="startExtent(java.lang.reflect.Method)[pri:0, instance:home.NYTHomePageTest@1356d4d4]" started-at="2020-09-26T12:32:14 MDT" name="startExtent" finished-at="2020-09-26T12:32:14 MDT" duration-ms="1" status="PASS">
          <params>
            <param index="0">
              <value>
                <![CDATA[public void home.NYTHomePageTest.testClickOnFoodTab() throws java.lang.InterruptedException]]>
              </value>
            </param>
          </params>
          <reporter-output>
          </reporter-output>
        </test-method> <!-- startExtent -->
        <test-method is-config="true" signature="getInit()[pri:0, instance:home.NYTHomePageTest@1356d4d4]" started-at="2020-09-26T12:32:14 MDT" name="getInit" finished-at="2020-09-26T12:32:15 MDT" duration-ms="1265" status="PASS">
          <reporter-output>
          </reporter-output>
        </test-method> <!-- getInit -->
        <test-method signature="testClickOnFoodTab()[pri:0, instance:home.NYTHomePageTest@1356d4d4]" started-at="2020-09-26T12:32:15 MDT" name="testClickOnFoodTab" finished-at="2020-09-26T12:32:19 MDT" duration-ms="4241" status="PASS">
          <reporter-output>
            <line>
              <![CDATA[NYTHomePageTest: test Click On Food Tab]]>
            </line>
          </reporter-output>
        </test-method> <!-- testClickOnFoodTab -->
        <test-method is-config="true" signature="afterEachTestMethod(org.testng.ITestResult)[pri:0, instance:home.NYTHomePageTest@1356d4d4]" started-at="2020-09-26T12:32:19 MDT" name="afterEachTestMethod" finished-at="2020-09-26T12:32:20 MDT" duration-ms="310" status="PASS">
          <params>
            <param index="0">
              <value>
                <![CDATA[[TestResult name=testClickOnFoodTab status=SUCCESS method=NYTHomePageTest.testClickOnFoodTab()[pri:0, instance:home.NYTHomePageTest@1356d4d4] output=NYTHomePageTest: test Click On Food Tab]]]>
              </value>
            </param>
          </params>
          <reporter-output>
          </reporter-output>
        </test-method> <!-- afterEachTestMethod -->
        <test-method is-config="true" signature="cleanUp()[pri:0, instance:home.NYTHomePageTest@1356d4d4]" started-at="2020-09-26T12:32:20 MDT" name="cleanUp" finished-at="2020-09-26T12:32:20 MDT" duration-ms="0" status="PASS">
          <reporter-output>
          </reporter-output>
        </test-method> <!-- cleanUp -->
        <test-method is-config="true" signature="setUp(boolean, java.lang.String, java.lang.String, java.lang.String, java.lang.String, java.lang.String, java.lang.String)[pri:0, instance:home.NYTHomePageTest@1356d4d4]" started-at="2020-09-26T12:32:20 MDT" name="setUp" finished-at="2020-09-26T12:32:22 MDT" duration-ms="2236" status="PASS">
          <params>
            <param index="0">
              <value>
                <![CDATA[false]]>
              </value>
            </param>
            <param index="1">
              <value>
                <![CDATA[browserstack]]>
              </value>
            </param>
            <param index="2">
              <value>
                <![CDATA[OS X]]>
              </value>
            </param>
            <param index="3">
              <value>
                <![CDATA[catalina]]>
              </value>
            </param>
            <param index="4">
              <value>
                <![CDATA[chrome-options]]>
              </value>
            </param>
            <param index="5">
              <value>
                <![CDATA[85.0]]>
              </value>
            </param>
            <param index="6">
              <value>
                <![CDATA[https://www.nytimes.com/]]>
              </value>
            </param>
          </params>
          <reporter-output>
          </reporter-output>
        </test-method> <!-- setUp -->
        <test-method is-config="true" signature="startExtent(java.lang.reflect.Method)[pri:0, instance:home.NYTHomePageTest@1356d4d4]" started-at="2020-09-26T12:32:22 MDT" name="startExtent" finished-at="2020-09-26T12:32:22 MDT" duration-ms="0" status="PASS">
          <params>
            <param index="0">
              <value>
                <![CDATA[public void home.NYTHomePageTest.testClickOnHealthTab() throws java.lang.InterruptedException]]>
              </value>
            </param>
          </params>
          <reporter-output>
          </reporter-output>
        </test-method> <!-- startExtent -->
        <test-method is-config="true" signature="getInit()[pri:0, instance:home.NYTHomePageTest@1356d4d4]" started-at="2020-09-26T12:32:22 MDT" name="getInit" finished-at="2020-09-26T12:32:22 MDT" duration-ms="583" status="PASS">
          <reporter-output>
          </reporter-output>
        </test-method> <!-- getInit -->
        <test-method signature="testClickOnHealthTab()[pri:0, instance:home.NYTHomePageTest@1356d4d4]" started-at="2020-09-26T12:32:22 MDT" name="testClickOnHealthTab" finished-at="2020-09-26T12:32:26 MDT" duration-ms="3900" status="PASS">
          <reporter-output>
            <line>
              <![CDATA[NYTHomePageTest: test Click On Health Tab]]>
            </line>
          </reporter-output>
        </test-method> <!-- testClickOnHealthTab -->
        <test-method is-config="true" signature="afterEachTestMethod(org.testng.ITestResult)[pri:0, instance:home.NYTHomePageTest@1356d4d4]" started-at="2020-09-26T12:32:26 MDT" name="afterEachTestMethod" finished-at="2020-09-26T12:32:27 MDT" duration-ms="222" status="PASS">
          <params>
            <param index="0">
              <value>
                <![CDATA[[TestResult name=testClickOnHealthTab status=SUCCESS method=NYTHomePageTest.testClickOnHealthTab()[pri:0, instance:home.NYTHomePageTest@1356d4d4] output=NYTHomePageTest: test Click On Health Tab]]]>
              </value>
            </param>
          </params>
          <reporter-output>
          </reporter-output>
        </test-method> <!-- afterEachTestMethod -->
        <test-method is-config="true" signature="setUp(boolean, java.lang.String, java.lang.String, java.lang.String, java.lang.String, java.lang.String, java.lang.String)[pri:0, instance:home.NYTHomePageTest@1356d4d4]" started-at="2020-09-26T12:32:27 MDT" name="setUp" finished-at="2020-09-26T12:32:29 MDT" duration-ms="2097" status="PASS">
          <params>
            <param index="0">
              <value>
                <![CDATA[false]]>
              </value>
            </param>
            <param index="1">
              <value>
                <![CDATA[browserstack]]>
              </value>
            </param>
            <param index="2">
              <value>
                <![CDATA[OS X]]>
              </value>
            </param>
            <param index="3">
              <value>
                <![CDATA[catalina]]>
              </value>
            </param>
            <param index="4">
              <value>
                <![CDATA[chrome-options]]>
              </value>
            </param>
            <param index="5">
              <value>
                <![CDATA[85.0]]>
              </value>
            </param>
            <param index="6">
              <value>
                <![CDATA[https://www.nytimes.com/]]>
              </value>
            </param>
          </params>
          <reporter-output>
          </reporter-output>
        </test-method> <!-- setUp -->
        <test-method is-config="true" signature="cleanUp()[pri:0, instance:home.NYTHomePageTest@1356d4d4]" started-at="2020-09-26T12:32:27 MDT" name="cleanUp" finished-at="2020-09-26T12:32:27 MDT" duration-ms="0" status="PASS">
          <reporter-output>
          </reporter-output>
        </test-method> <!-- cleanUp -->
        <test-method is-config="true" signature="startExtent(java.lang.reflect.Method)[pri:0, instance:home.NYTHomePageTest@1356d4d4]" started-at="2020-09-26T12:32:29 MDT" name="startExtent" finished-at="2020-09-26T12:32:29 MDT" duration-ms="1" status="PASS">
          <params>
            <param index="0">
              <value>
                <![CDATA[public void home.NYTHomePageTest.testClickOnMagazineTab() throws java.lang.InterruptedException]]>
              </value>
            </param>
          </params>
          <reporter-output>
          </reporter-output>
        </test-method> <!-- startExtent -->
        <test-method is-config="true" signature="getInit()[pri:0, instance:home.NYTHomePageTest@1356d4d4]" started-at="2020-09-26T12:32:29 MDT" name="getInit" finished-at="2020-09-26T12:32:29 MDT" duration-ms="522" status="PASS">
          <reporter-output>
          </reporter-output>
        </test-method> <!-- getInit -->
        <test-method signature="testClickOnMagazineTab()[pri:0, instance:home.NYTHomePageTest@1356d4d4]" started-at="2020-09-26T12:32:29 MDT" name="testClickOnMagazineTab" finished-at="2020-09-26T12:32:33 MDT" duration-ms="4294" status="PASS">
          <reporter-output>
            <line>
              <![CDATA[NYTHomePageTest: test Click On Magazine Tab]]>
            </line>
          </reporter-output>
        </test-method> <!-- testClickOnMagazineTab -->
        <test-method is-config="true" signature="afterEachTestMethod(org.testng.ITestResult)[pri:0, instance:home.NYTHomePageTest@1356d4d4]" started-at="2020-09-26T12:32:33 MDT" name="afterEachTestMethod" finished-at="2020-09-26T12:32:34 MDT" duration-ms="205" status="PASS">
          <params>
            <param index="0">
              <value>
                <![CDATA[[TestResult name=testClickOnMagazineTab status=SUCCESS method=NYTHomePageTest.testClickOnMagazineTab()[pri:0, instance:home.NYTHomePageTest@1356d4d4] output=NYTHomePageTest: test Click On Magazine Tab]]]>
              </value>
            </param>
          </params>
          <reporter-output>
          </reporter-output>
        </test-method> <!-- afterEachTestMethod -->
        <test-method is-config="true" signature="cleanUp()[pri:0, instance:home.NYTHomePageTest@1356d4d4]" started-at="2020-09-26T12:32:34 MDT" name="cleanUp" finished-at="2020-09-26T12:32:34 MDT" duration-ms="1" status="PASS">
          <reporter-output>
          </reporter-output>
        </test-method> <!-- cleanUp -->
        <test-method is-config="true" signature="setUp(boolean, java.lang.String, java.lang.String, java.lang.String, java.lang.String, java.lang.String, java.lang.String)[pri:0, instance:home.NYTHomePageTest@1356d4d4]" started-at="2020-09-26T12:32:34 MDT" name="setUp" finished-at="2020-09-26T12:32:36 MDT" duration-ms="2407" status="PASS">
          <params>
            <param index="0">
              <value>
                <![CDATA[false]]>
              </value>
            </param>
            <param index="1">
              <value>
                <![CDATA[browserstack]]>
              </value>
            </param>
            <param index="2">
              <value>
                <![CDATA[OS X]]>
              </value>
            </param>
            <param index="3">
              <value>
                <![CDATA[catalina]]>
              </value>
            </param>
            <param index="4">
              <value>
                <![CDATA[chrome-options]]>
              </value>
            </param>
            <param index="5">
              <value>
                <![CDATA[85.0]]>
              </value>
            </param>
            <param index="6">
              <value>
                <![CDATA[https://www.nytimes.com/]]>
              </value>
            </param>
          </params>
          <reporter-output>
          </reporter-output>
        </test-method> <!-- setUp -->
        <test-method is-config="true" signature="startExtent(java.lang.reflect.Method)[pri:0, instance:home.NYTHomePageTest@1356d4d4]" started-at="2020-09-26T12:32:36 MDT" name="startExtent" finished-at="2020-09-26T12:32:36 MDT" duration-ms="1" status="PASS">
          <params>
            <param index="0">
              <value>
                <![CDATA[public void home.NYTHomePageTest.testClickOnNYTab() throws java.lang.InterruptedException]]>
              </value>
            </param>
          </params>
          <reporter-output>
          </reporter-output>
        </test-method> <!-- startExtent -->
        <test-method is-config="true" signature="getInit()[pri:0, instance:home.NYTHomePageTest@1356d4d4]" started-at="2020-09-26T12:32:36 MDT" name="getInit" finished-at="2020-09-26T12:32:38 MDT" duration-ms="1715" status="PASS">
          <reporter-output>
          </reporter-output>
        </test-method> <!-- getInit -->
        <test-method signature="testClickOnNYTab()[pri:0, instance:home.NYTHomePageTest@1356d4d4]" started-at="2020-09-26T12:32:38 MDT" name="testClickOnNYTab" finished-at="2020-09-26T12:32:42 MDT" duration-ms="4053" status="FAIL">
          <exception class="java.lang.AssertionError">
            <message>
              <![CDATA[Test case failed expected [New York - The New York Times] but found [U.S. News - The New York Times]]]>
            </message>
            <full-stacktrace>
              <![CDATA[java.lang.AssertionError: Test case failed expected [New York - The New York Times] but found [U.S. News - The New York Times]
at org.testng.Assert.fail(Assert.java:97)
at org.testng.Assert.assertEqualsImpl(Assert.java:136)
at org.testng.Assert.assertEquals(Assert.java:118)
at org.testng.Assert.assertEquals(Assert.java:575)
at home.NYTHomePage.validateClickOnNYTab(NYTHomePage.java:147)
at home.NYTHomePageTest.testClickOnNYTab(NYTHomePageTest.java:66)
at java.base/jdk.internal.reflect.NativeMethodAccessorImpl.invoke0(Native Method)
at java.base/jdk.internal.reflect.NativeMethodAccessorImpl.invoke(NativeMethodAccessorImpl.java:62)
at java.base/jdk.internal.reflect.DelegatingMethodAccessorImpl.invoke(DelegatingMethodAccessorImpl.java:43)
at java.base/java.lang.reflect.Method.invoke(Method.java:566)
at org.testng.internal.MethodInvocationHelper.invokeMethod(MethodInvocationHelper.java:134)
at org.testng.internal.TestInvoker.invokeMethod(TestInvoker.java:597)
at org.testng.internal.TestInvoker.invokeTestMethod(TestInvoker.java:173)
at org.testng.internal.MethodRunner.runInSequence(MethodRunner.java:46)
at org.testng.internal.TestInvoker$MethodInvocationAgent.invoke(TestInvoker.java:816)
at org.testng.internal.TestInvoker.invokeTestMethods(TestInvoker.java:146)
at org.testng.internal.TestMethodWorker.invokeTestMethods(TestMethodWorker.java:146)
at org.testng.internal.TestMethodWorker.run(TestMethodWorker.java:128)
at java.base/java.util.ArrayList.forEach(ArrayList.java:1540)
at org.testng.TestRunner.privateRun(TestRunner.java:766)
at org.testng.TestRunner.run(TestRunner.java:587)
at org.testng.SuiteRunner.runTest(SuiteRunner.java:384)
at org.testng.SuiteRunner.runSequentially(SuiteRunner.java:378)
at org.testng.SuiteRunner.privateRun(SuiteRunner.java:337)
at org.testng.SuiteRunner.run(SuiteRunner.java:286)
at org.testng.SuiteRunnerWorker.runSuite(SuiteRunnerWorker.java:53)
at org.testng.SuiteRunnerWorker.run(SuiteRunnerWorker.java:96)
at org.testng.TestNG.runSuitesSequentially(TestNG.java:1187)
at org.testng.TestNG.runSuitesLocally(TestNG.java:1109)
at org.testng.TestNG.runSuites(TestNG.java:1039)
at org.testng.TestNG.run(TestNG.java:1007)
at org.apache.maven.surefire.testng.TestNGExecutor.run(TestNGExecutor.java:284)
at org.apache.maven.surefire.testng.TestNGXmlTestSuite.execute(TestNGXmlTestSuite.java:75)
at org.apache.maven.surefire.testng.TestNGProvider.invoke(TestNGProvider.java:119)
at org.apache.maven.surefire.booter.ForkedBooter.runSuitesInProcess(ForkedBooter.java:428)
at org.apache.maven.surefire.booter.ForkedBooter.execute(ForkedBooter.java:162)
at org.apache.maven.surefire.booter.ForkedBooter.run(ForkedBooter.java:562)
at org.apache.maven.surefire.booter.ForkedBooter.main(ForkedBooter.java:548)
]]>
            </full-stacktrace>
          </exception> <!-- java.lang.AssertionError -->
          <reporter-output>
            <line>
              <![CDATA[NYTHomePageTest: test Click On NY Tab]]>
            </line>
          </reporter-output>
        </test-method> <!-- testClickOnNYTab -->
        <test-method is-config="true" signature="afterEachTestMethod(org.testng.ITestResult)[pri:0, instance:home.NYTHomePageTest@1356d4d4]" started-at="2020-09-26T12:32:42 MDT" name="afterEachTestMethod" finished-at="2020-09-26T12:32:44 MDT" duration-ms="2625" status="PASS">
          <params>
            <param index="0">
              <value>
                <![CDATA[[TestResult name=testClickOnNYTab status=FAILURE method=NYTHomePageTest.testClickOnNYTab()[pri:0, instance:home.NYTHomePageTest@1356d4d4] output=NYTHomePageTest: test Click On NY Tab]]]>
              </value>
            </param>
          </params>
          <reporter-output>
          </reporter-output>
        </test-method> <!-- afterEachTestMethod -->
        <test-method is-config="true" signature="cleanUp()[pri:0, instance:home.NYTHomePageTest@1356d4d4]" started-at="2020-09-26T12:32:44 MDT" name="cleanUp" finished-at="2020-09-26T12:32:44 MDT" duration-ms="1" status="PASS">
          <reporter-output>
          </reporter-output>
        </test-method> <!-- cleanUp -->
        <test-method is-config="true" signature="setUp(boolean, java.lang.String, java.lang.String, java.lang.String, java.lang.String, java.lang.String, java.lang.String)[pri:0, instance:home.NYTHomePageTest@1356d4d4]" started-at="2020-09-26T12:32:44 MDT" name="setUp" finished-at="2020-09-26T12:32:47 MDT" duration-ms="2713" status="PASS">
          <params>
            <param index="0">
              <value>
                <![CDATA[false]]>
              </value>
            </param>
            <param index="1">
              <value>
                <![CDATA[browserstack]]>
              </value>
            </param>
            <param index="2">
              <value>
                <![CDATA[OS X]]>
              </value>
            </param>
            <param index="3">
              <value>
                <![CDATA[catalina]]>
              </value>
            </param>
            <param index="4">
              <value>
                <![CDATA[chrome-options]]>
              </value>
            </param>
            <param index="5">
              <value>
                <![CDATA[85.0]]>
              </value>
            </param>
            <param index="6">
              <value>
                <![CDATA[https://www.nytimes.com/]]>
              </value>
            </param>
          </params>
          <reporter-output>
          </reporter-output>
        </test-method> <!-- setUp -->
        <test-method is-config="true" signature="startExtent(java.lang.reflect.Method)[pri:0, instance:home.NYTHomePageTest@1356d4d4]" started-at="2020-09-26T12:32:47 MDT" name="startExtent" finished-at="2020-09-26T12:32:47 MDT" duration-ms="0" status="PASS">
          <params>
            <param index="0">
              <value>
                <![CDATA[public void home.NYTHomePageTest.testClickOnOpinionTab() throws java.lang.InterruptedException]]>
              </value>
            </param>
          </params>
          <reporter-output>
          </reporter-output>
        </test-method> <!-- startExtent -->
        <test-method is-config="true" signature="getInit()[pri:0, instance:home.NYTHomePageTest@1356d4d4]" started-at="2020-09-26T12:32:47 MDT" name="getInit" finished-at="2020-09-26T12:32:47 MDT" duration-ms="203" status="PASS">
          <reporter-output>
          </reporter-output>
        </test-method> <!-- getInit -->
        <test-method signature="testClickOnOpinionTab()[pri:0, instance:home.NYTHomePageTest@1356d4d4]" started-at="2020-09-26T12:32:47 MDT" name="testClickOnOpinionTab" finished-at="2020-09-26T12:32:52 MDT" duration-ms="4448" status="PASS">
          <reporter-output>
            <line>
              <![CDATA[NYTHomePageTest: test Click On Opinion Tab]]>
            </line>
          </reporter-output>
        </test-method> <!-- testClickOnOpinionTab -->
        <test-method is-config="true" signature="afterEachTestMethod(org.testng.ITestResult)[pri:0, instance:home.NYTHomePageTest@1356d4d4]" started-at="2020-09-26T12:32:52 MDT" name="afterEachTestMethod" finished-at="2020-09-26T12:32:52 MDT" duration-ms="206" status="PASS">
          <params>
            <param index="0">
              <value>
                <![CDATA[[TestResult name=testClickOnOpinionTab status=SUCCESS method=NYTHomePageTest.testClickOnOpinionTab()[pri:0, instance:home.NYTHomePageTest@1356d4d4] output=NYTHomePageTest: test Click On Opinion Tab]]]>
              </value>
            </param>
          </params>
          <reporter-output>
          </reporter-output>
        </test-method> <!-- afterEachTestMethod -->
        <test-method is-config="true" signature="cleanUp()[pri:0, instance:home.NYTHomePageTest@1356d4d4]" started-at="2020-09-26T12:32:52 MDT" name="cleanUp" finished-at="2020-09-26T12:32:52 MDT" duration-ms="0" status="PASS">
          <reporter-output>
          </reporter-output>
        </test-method> <!-- cleanUp -->
        <test-method is-config="true" signature="setUp(boolean, java.lang.String, java.lang.String, java.lang.String, java.lang.String, java.lang.String, java.lang.String)[pri:0, instance:home.NYTHomePageTest@1356d4d4]" started-at="2020-09-26T12:32:52 MDT" name="setUp" finished-at="2020-09-26T12:32:54 MDT" duration-ms="2390" status="PASS">
          <params>
            <param index="0">
              <value>
                <![CDATA[false]]>
              </value>
            </param>
            <param index="1">
              <value>
                <![CDATA[browserstack]]>
              </value>
            </param>
            <param index="2">
              <value>
                <![CDATA[OS X]]>
              </value>
            </param>
            <param index="3">
              <value>
                <![CDATA[catalina]]>
              </value>
            </param>
            <param index="4">
              <value>
                <![CDATA[chrome-options]]>
              </value>
            </param>
            <param index="5">
              <value>
                <![CDATA[85.0]]>
              </value>
            </param>
            <param index="6">
              <value>
                <![CDATA[https://www.nytimes.com/]]>
              </value>
            </param>
          </params>
          <reporter-output>
          </reporter-output>
        </test-method> <!-- setUp -->
        <test-method is-config="true" signature="startExtent(java.lang.reflect.Method)[pri:0, instance:home.NYTHomePageTest@1356d4d4]" started-at="2020-09-26T12:32:54 MDT" name="startExtent" finished-at="2020-09-26T12:32:54 MDT" duration-ms="1" status="PASS">
          <params>
            <param index="0">
              <value>
                <![CDATA[public void home.NYTHomePageTest.testClickOnPoliticsTab() throws java.lang.InterruptedException]]>
              </value>
            </param>
          </params>
          <reporter-output>
          </reporter-output>
        </test-method> <!-- startExtent -->
        <test-method is-config="true" signature="getInit()[pri:0, instance:home.NYTHomePageTest@1356d4d4]" started-at="2020-09-26T12:32:54 MDT" name="getInit" finished-at="2020-09-26T12:32:55 MDT" duration-ms="1082" status="PASS">
          <reporter-output>
          </reporter-output>
        </test-method> <!-- getInit -->
        <test-method signature="testClickOnPoliticsTab()[pri:0, instance:home.NYTHomePageTest@1356d4d4]" started-at="2020-09-26T12:32:55 MDT" name="testClickOnPoliticsTab" finished-at="2020-09-26T12:33:01 MDT" duration-ms="5625" status="PASS">
          <reporter-output>
            <line>
              <![CDATA[NYTHomePageTest: test Click On Politics Tab]]>
            </line>
          </reporter-output>
        </test-method> <!-- testClickOnPoliticsTab -->
        <test-method is-config="true" signature="afterEachTestMethod(org.testng.ITestResult)[pri:0, instance:home.NYTHomePageTest@1356d4d4]" started-at="2020-09-26T12:33:01 MDT" name="afterEachTestMethod" finished-at="2020-09-26T12:33:01 MDT" duration-ms="209" status="PASS">
          <params>
            <param index="0">
              <value>
                <![CDATA[[TestResult name=testClickOnPoliticsTab status=SUCCESS method=NYTHomePageTest.testClickOnPoliticsTab()[pri:0, instance:home.NYTHomePageTest@1356d4d4] output=NYTHomePageTest: test Click On Politics Tab]]]>
              </value>
            </param>
          </params>
          <reporter-output>
          </reporter-output>
        </test-method> <!-- afterEachTestMethod -->
        <test-method is-config="true" signature="cleanUp()[pri:0, instance:home.NYTHomePageTest@1356d4d4]" started-at="2020-09-26T12:33:01 MDT" name="cleanUp" finished-at="2020-09-26T12:33:01 MDT" duration-ms="0" status="PASS">
          <reporter-output>
          </reporter-output>
        </test-method> <!-- cleanUp -->
        <test-method is-config="true" signature="setUp(boolean, java.lang.String, java.lang.String, java.lang.String, java.lang.String, java.lang.String, java.lang.String)[pri:0, instance:home.NYTHomePageTest@1356d4d4]" started-at="2020-09-26T12:33:01 MDT" name="setUp" finished-at="2020-09-26T12:33:04 MDT" duration-ms="2357" status="PASS">
          <params>
            <param index="0">
              <value>
                <![CDATA[false]]>
              </value>
            </param>
            <param index="1">
              <value>
                <![CDATA[browserstack]]>
              </value>
            </param>
            <param index="2">
              <value>
                <![CDATA[OS X]]>
              </value>
            </param>
            <param index="3">
              <value>
                <![CDATA[catalina]]>
              </value>
            </param>
            <param index="4">
              <value>
                <![CDATA[chrome-options]]>
              </value>
            </param>
            <param index="5">
              <value>
                <![CDATA[85.0]]>
              </value>
            </param>
            <param index="6">
              <value>
                <![CDATA[https://www.nytimes.com/]]>
              </value>
            </param>
          </params>
          <reporter-output>
          </reporter-output>
        </test-method> <!-- setUp -->
        <test-method is-config="true" signature="startExtent(java.lang.reflect.Method)[pri:0, instance:home.NYTHomePageTest@1356d4d4]" started-at="2020-09-26T12:33:04 MDT" name="startExtent" finished-at="2020-09-26T12:33:04 MDT" duration-ms="1" status="PASS">
          <params>
            <param index="0">
              <value>
                <![CDATA[public void home.NYTHomePageTest.testClickOnRealEstateTab() throws java.lang.InterruptedException]]>
              </value>
            </param>
          </params>
          <reporter-output>
          </reporter-output>
        </test-method> <!-- startExtent -->
        <test-method is-config="true" signature="getInit()[pri:0, instance:home.NYTHomePageTest@1356d4d4]" started-at="2020-09-26T12:33:04 MDT" name="getInit" finished-at="2020-09-26T12:33:05 MDT" duration-ms="1209" status="PASS">
          <reporter-output>
          </reporter-output>
        </test-method> <!-- getInit -->
        <test-method signature="testClickOnRealEstateTab()[pri:0, instance:home.NYTHomePageTest@1356d4d4]" started-at="2020-09-26T12:33:05 MDT" name="testClickOnRealEstateTab" finished-at="2020-09-26T12:33:10 MDT" duration-ms="4680" status="PASS">
          <reporter-output>
            <line>
              <![CDATA[NYTHomePageTest: test Click On Real Estate Tab]]>
            </line>
          </reporter-output>
        </test-method> <!-- testClickOnRealEstateTab -->
        <test-method is-config="true" signature="afterEachTestMethod(org.testng.ITestResult)[pri:0, instance:home.NYTHomePageTest@1356d4d4]" started-at="2020-09-26T12:33:10 MDT" name="afterEachTestMethod" finished-at="2020-09-26T12:33:10 MDT" duration-ms="163" status="PASS">
          <params>
            <param index="0">
              <value>
                <![CDATA[[TestResult name=testClickOnRealEstateTab status=SUCCESS method=NYTHomePageTest.testClickOnRealEstateTab()[pri:0, instance:home.NYTHomePageTest@1356d4d4] output=NYTHomePageTest: test Click On Real Estate Tab]]]>
              </value>
            </param>
          </params>
          <reporter-output>
          </reporter-output>
        </test-method> <!-- afterEachTestMethod -->
        <test-method is-config="true" signature="cleanUp()[pri:0, instance:home.NYTHomePageTest@1356d4d4]" started-at="2020-09-26T12:33:10 MDT" name="cleanUp" finished-at="2020-09-26T12:33:10 MDT" duration-ms="1" status="PASS">
          <reporter-output>
          </reporter-output>
        </test-method> <!-- cleanUp -->
        <test-method is-config="true" signature="setUp(boolean, java.lang.String, java.lang.String, java.lang.String, java.lang.String, java.lang.String, java.lang.String)[pri:0, instance:home.NYTHomePageTest@1356d4d4]" started-at="2020-09-26T12:33:10 MDT" name="setUp" finished-at="2020-09-26T12:33:12 MDT" duration-ms="2614" status="PASS">
          <params>
            <param index="0">
              <value>
                <![CDATA[false]]>
              </value>
            </param>
            <param index="1">
              <value>
                <![CDATA[browserstack]]>
              </value>
            </param>
            <param index="2">
              <value>
                <![CDATA[OS X]]>
              </value>
            </param>
            <param index="3">
              <value>
                <![CDATA[catalina]]>
              </value>
            </param>
            <param index="4">
              <value>
                <![CDATA[chrome-options]]>
              </value>
            </param>
            <param index="5">
              <value>
                <![CDATA[85.0]]>
              </value>
            </param>
            <param index="6">
              <value>
                <![CDATA[https://www.nytimes.com/]]>
              </value>
            </param>
          </params>
          <reporter-output>
          </reporter-output>
        </test-method> <!-- setUp -->
        <test-method is-config="true" signature="startExtent(java.lang.reflect.Method)[pri:0, instance:home.NYTHomePageTest@1356d4d4]" started-at="2020-09-26T12:33:12 MDT" name="startExtent" finished-at="2020-09-26T12:33:12 MDT" duration-ms="0" status="PASS">
          <params>
            <param index="0">
              <value>
                <![CDATA[public void home.NYTHomePageTest.testClickOnScienceTab() throws java.lang.InterruptedException]]>
              </value>
            </param>
          </params>
          <reporter-output>
          </reporter-output>
        </test-method> <!-- startExtent -->
        <test-method is-config="true" signature="getInit()[pri:0, instance:home.NYTHomePageTest@1356d4d4]" started-at="2020-09-26T12:33:12 MDT" name="getInit" finished-at="2020-09-26T12:33:13 MDT" duration-ms="189" status="PASS">
          <reporter-output>
          </reporter-output>
        </test-method> <!-- getInit -->
        <test-method signature="testClickOnScienceTab()[pri:0, instance:home.NYTHomePageTest@1356d4d4]" started-at="2020-09-26T12:33:13 MDT" name="testClickOnScienceTab" finished-at="2020-09-26T12:33:16 MDT" duration-ms="3842" status="PASS">
          <reporter-output>
            <line>
              <![CDATA[NYTHomePageTest: test Click On Science Tab]]>
            </line>
          </reporter-output>
        </test-method> <!-- testClickOnScienceTab -->
        <test-method is-config="true" signature="afterEachTestMethod(org.testng.ITestResult)[pri:0, instance:home.NYTHomePageTest@1356d4d4]" started-at="2020-09-26T12:33:16 MDT" name="afterEachTestMethod" finished-at="2020-09-26T12:33:19 MDT" duration-ms="2213" status="PASS">
          <params>
            <param index="0">
              <value>
                <![CDATA[[TestResult name=testClickOnScienceTab status=SUCCESS method=NYTHomePageTest.testClickOnScienceTab()[pri:0, instance:home.NYTHomePageTest@1356d4d4] output=NYTHomePageTest: test Click On Science Tab]]]>
              </value>
            </param>
          </params>
          <reporter-output>
          </reporter-output>
        </test-method> <!-- afterEachTestMethod -->
        <test-method is-config="true" signature="setUp(boolean, java.lang.String, java.lang.String, java.lang.String, java.lang.String, java.lang.String, java.lang.String)[pri:0, instance:home.NYTHomePageTest@1356d4d4]" started-at="2020-09-26T12:33:19 MDT" name="setUp" finished-at="2020-09-26T12:33:21 MDT" duration-ms="2647" status="PASS">
          <params>
            <param index="0">
              <value>
                <![CDATA[false]]>
              </value>
            </param>
            <param index="1">
              <value>
                <![CDATA[browserstack]]>
              </value>
            </param>
            <param index="2">
              <value>
                <![CDATA[OS X]]>
              </value>
            </param>
            <param index="3">
              <value>
                <![CDATA[catalina]]>
              </value>
            </param>
            <param index="4">
              <value>
                <![CDATA[chrome-options]]>
              </value>
            </param>
            <param index="5">
              <value>
                <![CDATA[85.0]]>
              </value>
            </param>
            <param index="6">
              <value>
                <![CDATA[https://www.nytimes.com/]]>
              </value>
            </param>
          </params>
          <reporter-output>
          </reporter-output>
        </test-method> <!-- setUp -->
        <test-method is-config="true" signature="cleanUp()[pri:0, instance:home.NYTHomePageTest@1356d4d4]" started-at="2020-09-26T12:33:19 MDT" name="cleanUp" finished-at="2020-09-26T12:33:19 MDT" duration-ms="0" status="PASS">
          <reporter-output>
          </reporter-output>
        </test-method> <!-- cleanUp -->
        <test-method is-config="true" signature="startExtent(java.lang.reflect.Method)[pri:0, instance:home.NYTHomePageTest@1356d4d4]" started-at="2020-09-26T12:33:21 MDT" name="startExtent" finished-at="2020-09-26T12:33:21 MDT" duration-ms="0" status="PASS">
          <params>
            <param index="0">
              <value>
                <![CDATA[public void home.NYTHomePageTest.testClickOnSportsTab() throws java.lang.InterruptedException]]>
              </value>
            </param>
          </params>
          <reporter-output>
          </reporter-output>
        </test-method> <!-- startExtent -->
        <test-method is-config="true" signature="getInit()[pri:0, instance:home.NYTHomePageTest@1356d4d4]" started-at="2020-09-26T12:33:21 MDT" name="getInit" finished-at="2020-09-26T12:33:21 MDT" duration-ms="181" status="PASS">
          <reporter-output>
          </reporter-output>
        </test-method> <!-- getInit -->
        <test-method signature="testClickOnSportsTab()[pri:0, instance:home.NYTHomePageTest@1356d4d4]" started-at="2020-09-26T12:33:21 MDT" name="testClickOnSportsTab" finished-at="2020-09-26T12:33:25 MDT" duration-ms="3876" status="PASS">
          <reporter-output>
            <line>
              <![CDATA[NYTHomePageTest: test Click On Sports Tab]]>
            </line>
          </reporter-output>
        </test-method> <!-- testClickOnSportsTab -->
        <test-method is-config="true" signature="afterEachTestMethod(org.testng.ITestResult)[pri:0, instance:home.NYTHomePageTest@1356d4d4]" started-at="2020-09-26T12:33:25 MDT" name="afterEachTestMethod" finished-at="2020-09-26T12:33:26 MDT" duration-ms="226" status="PASS">
          <params>
            <param index="0">
              <value>
                <![CDATA[[TestResult name=testClickOnSportsTab status=SUCCESS method=NYTHomePageTest.testClickOnSportsTab()[pri:0, instance:home.NYTHomePageTest@1356d4d4] output=NYTHomePageTest: test Click On Sports Tab]]]>
              </value>
            </param>
          </params>
          <reporter-output>
          </reporter-output>
        </test-method> <!-- afterEachTestMethod -->
        <test-method is-config="true" signature="cleanUp()[pri:0, instance:home.NYTHomePageTest@1356d4d4]" started-at="2020-09-26T12:33:26 MDT" name="cleanUp" finished-at="2020-09-26T12:33:26 MDT" duration-ms="0" status="PASS">
          <reporter-output>
          </reporter-output>
        </test-method> <!-- cleanUp -->
        <test-method is-config="true" signature="setUp(boolean, java.lang.String, java.lang.String, java.lang.String, java.lang.String, java.lang.String, java.lang.String)[pri:0, instance:home.NYTHomePageTest@1356d4d4]" started-at="2020-09-26T12:33:26 MDT" name="setUp" finished-at="2020-09-26T12:33:30 MDT" duration-ms="4026" status="PASS">
          <params>
            <param index="0">
              <value>
                <![CDATA[false]]>
              </value>
            </param>
            <param index="1">
              <value>
                <![CDATA[browserstack]]>
              </value>
            </param>
            <param index="2">
              <value>
                <![CDATA[OS X]]>
              </value>
            </param>
            <param index="3">
              <value>
                <![CDATA[catalina]]>
              </value>
            </param>
            <param index="4">
              <value>
                <![CDATA[chrome-options]]>
              </value>
            </param>
            <param index="5">
              <value>
                <![CDATA[85.0]]>
              </value>
            </param>
            <param index="6">
              <value>
                <![CDATA[https://www.nytimes.com/]]>
              </value>
            </param>
          </params>
          <reporter-output>
          </reporter-output>
        </test-method> <!-- setUp -->
        <test-method is-config="true" signature="startExtent(java.lang.reflect.Method)[pri:0, instance:home.NYTHomePageTest@1356d4d4]" started-at="2020-09-26T12:33:30 MDT" name="startExtent" finished-at="2020-09-26T12:33:30 MDT" duration-ms="1" status="PASS">
          <params>
            <param index="0">
              <value>
                <![CDATA[public void home.NYTHomePageTest.testClickOnStyleTab() throws java.lang.InterruptedException]]>
              </value>
            </param>
          </params>
          <reporter-output>
          </reporter-output>
        </test-method> <!-- startExtent -->
        <test-method is-config="true" signature="getInit()[pri:0, instance:home.NYTHomePageTest@1356d4d4]" started-at="2020-09-26T12:33:30 MDT" name="getInit" finished-at="2020-09-26T12:33:30 MDT" duration-ms="258" status="PASS">
          <reporter-output>
          </reporter-output>
        </test-method> <!-- getInit -->
        <test-method signature="testClickOnStyleTab()[pri:0, instance:home.NYTHomePageTest@1356d4d4]" started-at="2020-09-26T12:33:30 MDT" name="testClickOnStyleTab" finished-at="2020-09-26T12:33:34 MDT" duration-ms="4456" status="PASS">
          <reporter-output>
            <line>
              <![CDATA[NYTHomePageTest: test Click On Style Tab]]>
            </line>
          </reporter-output>
        </test-method> <!-- testClickOnStyleTab -->
        <test-method is-config="true" signature="afterEachTestMethod(org.testng.ITestResult)[pri:0, instance:home.NYTHomePageTest@1356d4d4]" started-at="2020-09-26T12:33:34 MDT" name="afterEachTestMethod" finished-at="2020-09-26T12:33:35 MDT" duration-ms="227" status="PASS">
          <params>
            <param index="0">
              <value>
                <![CDATA[[TestResult name=testClickOnStyleTab status=SUCCESS method=NYTHomePageTest.testClickOnStyleTab()[pri:0, instance:home.NYTHomePageTest@1356d4d4] output=NYTHomePageTest: test Click On Style Tab]]]>
              </value>
            </param>
          </params>
          <reporter-output>
          </reporter-output>
        </test-method> <!-- afterEachTestMethod -->
        <test-method is-config="true" signature="cleanUp()[pri:0, instance:home.NYTHomePageTest@1356d4d4]" started-at="2020-09-26T12:33:35 MDT" name="cleanUp" finished-at="2020-09-26T12:33:35 MDT" duration-ms="0" status="PASS">
          <reporter-output>
          </reporter-output>
        </test-method> <!-- cleanUp -->
        <test-method is-config="true" signature="setUp(boolean, java.lang.String, java.lang.String, java.lang.String, java.lang.String, java.lang.String, java.lang.String)[pri:0, instance:home.NYTHomePageTest@1356d4d4]" started-at="2020-09-26T12:33:35 MDT" name="setUp" finished-at="2020-09-26T12:33:38 MDT" duration-ms="3906" status="PASS">
          <params>
            <param index="0">
              <value>
                <![CDATA[false]]>
              </value>
            </param>
            <param index="1">
              <value>
                <![CDATA[browserstack]]>
              </value>
            </param>
            <param index="2">
              <value>
                <![CDATA[OS X]]>
              </value>
            </param>
            <param index="3">
              <value>
                <![CDATA[catalina]]>
              </value>
            </param>
            <param index="4">
              <value>
                <![CDATA[chrome-options]]>
              </value>
            </param>
            <param index="5">
              <value>
                <![CDATA[85.0]]>
              </value>
            </param>
            <param index="6">
              <value>
                <![CDATA[https://www.nytimes.com/]]>
              </value>
            </param>
          </params>
          <reporter-output>
          </reporter-output>
        </test-method> <!-- setUp -->
        <test-method is-config="true" signature="startExtent(java.lang.reflect.Method)[pri:0, instance:home.NYTHomePageTest@1356d4d4]" started-at="2020-09-26T12:33:38 MDT" name="startExtent" finished-at="2020-09-26T12:33:38 MDT" duration-ms="1" status="PASS">
          <params>
            <param index="0">
              <value>
                <![CDATA[public void home.NYTHomePageTest.testClickOnTMagazineTab() throws java.lang.InterruptedException]]>
              </value>
            </param>
          </params>
          <reporter-output>
          </reporter-output>
        </test-method> <!-- startExtent -->
        <test-method is-config="true" signature="getInit()[pri:0, instance:home.NYTHomePageTest@1356d4d4]" started-at="2020-09-26T12:33:38 MDT" name="getInit" finished-at="2020-09-26T12:33:39 MDT" duration-ms="415" status="PASS">
          <reporter-output>
          </reporter-output>
        </test-method> <!-- getInit -->
        <test-method signature="testClickOnTMagazineTab()[pri:0, instance:home.NYTHomePageTest@1356d4d4]" started-at="2020-09-26T12:33:39 MDT" name="testClickOnTMagazineTab" finished-at="2020-09-26T12:33:45 MDT" duration-ms="5893" status="PASS">
          <reporter-output>
            <line>
              <![CDATA[NYTHomePageTest: test Click On T Magazine Tab]]>
            </line>
          </reporter-output>
        </test-method> <!-- testClickOnTMagazineTab -->
        <test-method is-config="true" signature="afterEachTestMethod(org.testng.ITestResult)[pri:0, instance:home.NYTHomePageTest@1356d4d4]" started-at="2020-09-26T12:33:45 MDT" name="afterEachTestMethod" finished-at="2020-09-26T12:33:45 MDT" duration-ms="310" status="PASS">
          <params>
            <param index="0">
              <value>
                <![CDATA[[TestResult name=testClickOnTMagazineTab status=SUCCESS method=NYTHomePageTest.testClickOnTMagazineTab()[pri:0, instance:home.NYTHomePageTest@1356d4d4] output=NYTHomePageTest: test Click On T Magazine Tab]]]>
              </value>
            </param>
          </params>
          <reporter-output>
          </reporter-output>
        </test-method> <!-- afterEachTestMethod -->
        <test-method is-config="true" signature="cleanUp()[pri:0, instance:home.NYTHomePageTest@1356d4d4]" started-at="2020-09-26T12:33:45 MDT" name="cleanUp" finished-at="2020-09-26T12:33:45 MDT" duration-ms="0" status="PASS">
          <reporter-output>
          </reporter-output>
        </test-method> <!-- cleanUp -->
        <test-method is-config="true" signature="setUp(boolean, java.lang.String, java.lang.String, java.lang.String, java.lang.String, java.lang.String, java.lang.String)[pri:0, instance:home.NYTHomePageTest@1356d4d4]" started-at="2020-09-26T12:33:45 MDT" name="setUp" finished-at="2020-09-26T12:33:47 MDT" duration-ms="2328" status="PASS">
          <params>
            <param index="0">
              <value>
                <![CDATA[false]]>
              </value>
            </param>
            <param index="1">
              <value>
                <![CDATA[browserstack]]>
              </value>
            </param>
            <param index="2">
              <value>
                <![CDATA[OS X]]>
              </value>
            </param>
            <param index="3">
              <value>
                <![CDATA[catalina]]>
              </value>
            </param>
            <param index="4">
              <value>
                <![CDATA[chrome-options]]>
              </value>
            </param>
            <param index="5">
              <value>
                <![CDATA[85.0]]>
              </value>
            </param>
            <param index="6">
              <value>
                <![CDATA[https://www.nytimes.com/]]>
              </value>
            </param>
          </params>
          <reporter-output>
          </reporter-output>
        </test-method> <!-- setUp -->
        <test-method is-config="true" signature="startExtent(java.lang.reflect.Method)[pri:0, instance:home.NYTHomePageTest@1356d4d4]" started-at="2020-09-26T12:33:47 MDT" name="startExtent" finished-at="2020-09-26T12:33:47 MDT" duration-ms="1" status="PASS">
          <params>
            <param index="0">
              <value>
                <![CDATA[public void home.NYTHomePageTest.testClickOnTechTab() throws java.lang.InterruptedException]]>
              </value>
            </param>
          </params>
          <reporter-output>
          </reporter-output>
        </test-method> <!-- startExtent -->
        <test-method is-config="true" signature="getInit()[pri:0, instance:home.NYTHomePageTest@1356d4d4]" started-at="2020-09-26T12:33:47 MDT" name="getInit" finished-at="2020-09-26T12:33:48 MDT" duration-ms="291" status="PASS">
          <reporter-output>
          </reporter-output>
        </test-method> <!-- getInit -->
        <test-method signature="testClickOnTechTab()[pri:0, instance:home.NYTHomePageTest@1356d4d4]" started-at="2020-09-26T12:33:48 MDT" name="testClickOnTechTab" finished-at="2020-09-26T12:33:51 MDT" duration-ms="2948" status="PASS">
          <reporter-output>
            <line>
              <![CDATA[NYTHomePageTest: test Click On Tech Tab]]>
            </line>
          </reporter-output>
        </test-method> <!-- testClickOnTechTab -->
        <test-method is-config="true" signature="afterEachTestMethod(org.testng.ITestResult)[pri:0, instance:home.NYTHomePageTest@1356d4d4]" started-at="2020-09-26T12:33:51 MDT" name="afterEachTestMethod" finished-at="2020-09-26T12:33:51 MDT" duration-ms="209" status="PASS">
          <params>
            <param index="0">
              <value>
                <![CDATA[[TestResult name=testClickOnTechTab status=SUCCESS method=NYTHomePageTest.testClickOnTechTab()[pri:0, instance:home.NYTHomePageTest@1356d4d4] output=NYTHomePageTest: test Click On Tech Tab]]]>
              </value>
            </param>
          </params>
          <reporter-output>
          </reporter-output>
        </test-method> <!-- afterEachTestMethod -->
        <test-method is-config="true" signature="cleanUp()[pri:0, instance:home.NYTHomePageTest@1356d4d4]" started-at="2020-09-26T12:33:51 MDT" name="cleanUp" finished-at="2020-09-26T12:33:51 MDT" duration-ms="0" status="PASS">
          <reporter-output>
          </reporter-output>
        </test-method> <!-- cleanUp -->
        <test-method is-config="true" signature="setUp(boolean, java.lang.String, java.lang.String, java.lang.String, java.lang.String, java.lang.String, java.lang.String)[pri:0, instance:home.NYTHomePageTest@1356d4d4]" started-at="2020-09-26T12:33:51 MDT" name="setUp" finished-at="2020-09-26T12:33:53 MDT" duration-ms="2300" status="PASS">
          <params>
            <param index="0">
              <value>
                <![CDATA[false]]>
              </value>
            </param>
            <param index="1">
              <value>
                <![CDATA[browserstack]]>
              </value>
            </param>
            <param index="2">
              <value>
                <![CDATA[OS X]]>
              </value>
            </param>
            <param index="3">
              <value>
                <![CDATA[catalina]]>
              </value>
            </param>
            <param index="4">
              <value>
                <![CDATA[chrome-options]]>
              </value>
            </param>
            <param index="5">
              <value>
                <![CDATA[85.0]]>
              </value>
            </param>
            <param index="6">
              <value>
                <![CDATA[https://www.nytimes.com/]]>
              </value>
            </param>
          </params>
          <reporter-output>
          </reporter-output>
        </test-method> <!-- setUp -->
        <test-method is-config="true" signature="startExtent(java.lang.reflect.Method)[pri:0, instance:home.NYTHomePageTest@1356d4d4]" started-at="2020-09-26T12:33:53 MDT" name="startExtent" finished-at="2020-09-26T12:33:53 MDT" duration-ms="1" status="PASS">
          <params>
            <param index="0">
              <value>
                <![CDATA[public void home.NYTHomePageTest.testClickOnTravelTab() throws java.lang.InterruptedException]]>
              </value>
            </param>
          </params>
          <reporter-output>
          </reporter-output>
        </test-method> <!-- startExtent -->
        <test-method is-config="true" signature="getInit()[pri:0, instance:home.NYTHomePageTest@1356d4d4]" started-at="2020-09-26T12:33:53 MDT" name="getInit" finished-at="2020-09-26T12:33:53 MDT" duration-ms="380" status="PASS">
          <reporter-output>
          </reporter-output>
        </test-method> <!-- getInit -->
        <test-method signature="testClickOnTravelTab()[pri:0, instance:home.NYTHomePageTest@1356d4d4]" started-at="2020-09-26T12:33:53 MDT" name="testClickOnTravelTab" finished-at="2020-09-26T12:33:58 MDT" duration-ms="4239" status="PASS">
          <reporter-output>
            <line>
              <![CDATA[NYTHomePageTest: test Click On Travel Tab]]>
            </line>
          </reporter-output>
        </test-method> <!-- testClickOnTravelTab -->
        <test-method is-config="true" signature="afterEachTestMethod(org.testng.ITestResult)[pri:0, instance:home.NYTHomePageTest@1356d4d4]" started-at="2020-09-26T12:33:58 MDT" name="afterEachTestMethod" finished-at="2020-09-26T12:33:58 MDT" duration-ms="219" status="PASS">
          <params>
            <param index="0">
              <value>
                <![CDATA[[TestResult name=testClickOnTravelTab status=SUCCESS method=NYTHomePageTest.testClickOnTravelTab()[pri:0, instance:home.NYTHomePageTest@1356d4d4] output=NYTHomePageTest: test Click On Travel Tab]]]>
              </value>
            </param>
          </params>
          <reporter-output>
          </reporter-output>
        </test-method> <!-- afterEachTestMethod -->
        <test-method is-config="true" signature="cleanUp()[pri:0, instance:home.NYTHomePageTest@1356d4d4]" started-at="2020-09-26T12:33:58 MDT" name="cleanUp" finished-at="2020-09-26T12:33:58 MDT" duration-ms="0" status="PASS">
          <reporter-output>
          </reporter-output>
        </test-method> <!-- cleanUp -->
        <test-method is-config="true" signature="setUp(boolean, java.lang.String, java.lang.String, java.lang.String, java.lang.String, java.lang.String, java.lang.String)[pri:0, instance:home.NYTHomePageTest@1356d4d4]" started-at="2020-09-26T12:33:58 MDT" name="setUp" finished-at="2020-09-26T12:34:01 MDT" duration-ms="2739" status="PASS">
          <params>
            <param index="0">
              <value>
                <![CDATA[false]]>
              </value>
            </param>
            <param index="1">
              <value>
                <![CDATA[browserstack]]>
              </value>
            </param>
            <param index="2">
              <value>
                <![CDATA[OS X]]>
              </value>
            </param>
            <param index="3">
              <value>
                <![CDATA[catalina]]>
              </value>
            </param>
            <param index="4">
              <value>
                <![CDATA[chrome-options]]>
              </value>
            </param>
            <param index="5">
              <value>
                <![CDATA[85.0]]>
              </value>
            </param>
            <param index="6">
              <value>
                <![CDATA[https://www.nytimes.com/]]>
              </value>
            </param>
          </params>
          <reporter-output>
          </reporter-output>
        </test-method> <!-- setUp -->
        <test-method is-config="true" signature="getInit()[pri:0, instance:home.NYTHomePageTest@1356d4d4]" started-at="2020-09-26T12:34:01 MDT" name="getInit" finished-at="2020-09-26T12:34:01 MDT" duration-ms="153" status="PASS">
          <reporter-output>
          </reporter-output>
        </test-method> <!-- getInit -->
        <test-method is-config="true" signature="startExtent(java.lang.reflect.Method)[pri:0, instance:home.NYTHomePageTest@1356d4d4]" started-at="2020-09-26T12:34:01 MDT" name="startExtent" finished-at="2020-09-26T12:34:01 MDT" duration-ms="0" status="PASS">
          <params>
            <param index="0">
              <value>
                <![CDATA[public void home.NYTHomePageTest.testClickOnUSATab() throws java.lang.InterruptedException]]>
              </value>
            </param>
          </params>
          <reporter-output>
          </reporter-output>
        </test-method> <!-- startExtent -->
        <test-method signature="testClickOnUSATab()[pri:0, instance:home.NYTHomePageTest@1356d4d4]" started-at="2020-09-26T12:34:01 MDT" name="testClickOnUSATab" finished-at="2020-09-26T12:34:07 MDT" duration-ms="6441" status="PASS">
          <reporter-output>
            <line>
              <![CDATA[NYTHomePageTest: test Click On USA Tab]]>
            </line>
          </reporter-output>
        </test-method> <!-- testClickOnUSATab -->
        <test-method is-config="true" signature="afterEachTestMethod(org.testng.ITestResult)[pri:0, instance:home.NYTHomePageTest@1356d4d4]" started-at="2020-09-26T12:34:07 MDT" name="afterEachTestMethod" finished-at="2020-09-26T12:34:08 MDT" duration-ms="285" status="PASS">
          <params>
            <param index="0">
              <value>
                <![CDATA[[TestResult name=testClickOnUSATab status=SUCCESS method=NYTHomePageTest.testClickOnUSATab()[pri:0, instance:home.NYTHomePageTest@1356d4d4] output=NYTHomePageTest: test Click On USA Tab]]]>
              </value>
            </param>
          </params>
          <reporter-output>
          </reporter-output>
        </test-method> <!-- afterEachTestMethod -->
        <test-method is-config="true" signature="cleanUp()[pri:0, instance:home.NYTHomePageTest@1356d4d4]" started-at="2020-09-26T12:34:08 MDT" name="cleanUp" finished-at="2020-09-26T12:34:08 MDT" duration-ms="0" status="PASS">
          <reporter-output>
          </reporter-output>
        </test-method> <!-- cleanUp -->
        <test-method is-config="true" signature="setUp(boolean, java.lang.String, java.lang.String, java.lang.String, java.lang.String, java.lang.String, java.lang.String)[pri:0, instance:home.NYTHomePageTest@1356d4d4]" started-at="2020-09-26T12:34:08 MDT" name="setUp" finished-at="2020-09-26T12:34:10 MDT" duration-ms="2524" status="PASS">
          <params>
            <param index="0">
              <value>
                <![CDATA[false]]>
              </value>
            </param>
            <param index="1">
              <value>
                <![CDATA[browserstack]]>
              </value>
            </param>
            <param index="2">
              <value>
                <![CDATA[OS X]]>
              </value>
            </param>
            <param index="3">
              <value>
                <![CDATA[catalina]]>
              </value>
            </param>
            <param index="4">
              <value>
                <![CDATA[chrome-options]]>
              </value>
            </param>
            <param index="5">
              <value>
                <![CDATA[85.0]]>
              </value>
            </param>
            <param index="6">
              <value>
                <![CDATA[https://www.nytimes.com/]]>
              </value>
            </param>
          </params>
          <reporter-output>
          </reporter-output>
        </test-method> <!-- setUp -->
        <test-method is-config="true" signature="startExtent(java.lang.reflect.Method)[pri:0, instance:home.NYTHomePageTest@1356d4d4]" started-at="2020-09-26T12:34:10 MDT" name="startExtent" finished-at="2020-09-26T12:34:10 MDT" duration-ms="1" status="PASS">
          <params>
            <param index="0">
              <value>
                <![CDATA[public void home.NYTHomePageTest.testClickOnVideoTab() throws java.lang.InterruptedException]]>
              </value>
            </param>
          </params>
          <reporter-output>
          </reporter-output>
        </test-method> <!-- startExtent -->
        <test-method is-config="true" signature="getInit()[pri:0, instance:home.NYTHomePageTest@1356d4d4]" started-at="2020-09-26T12:34:10 MDT" name="getInit" finished-at="2020-09-26T12:34:10 MDT" duration-ms="204" status="PASS">
          <reporter-output>
          </reporter-output>
        </test-method> <!-- getInit -->
        <test-method signature="testClickOnVideoTab()[pri:0, instance:home.NYTHomePageTest@1356d4d4]" started-at="2020-09-26T12:34:10 MDT" name="testClickOnVideoTab" finished-at="2020-09-26T12:34:14 MDT" duration-ms="4053" status="PASS">
          <reporter-output>
            <line>
              <![CDATA[NYTHomePageTest: test Click On Video Tab]]>
            </line>
          </reporter-output>
        </test-method> <!-- testClickOnVideoTab -->
        <test-method is-config="true" signature="afterEachTestMethod(org.testng.ITestResult)[pri:0, instance:home.NYTHomePageTest@1356d4d4]" started-at="2020-09-26T12:34:14 MDT" name="afterEachTestMethod" finished-at="2020-09-26T12:34:15 MDT" duration-ms="182" status="PASS">
          <params>
            <param index="0">
              <value>
                <![CDATA[[TestResult name=testClickOnVideoTab status=SUCCESS method=NYTHomePageTest.testClickOnVideoTab()[pri:0, instance:home.NYTHomePageTest@1356d4d4] output=NYTHomePageTest: test Click On Video Tab]]]>
              </value>
            </param>
          </params>
          <reporter-output>
          </reporter-output>
        </test-method> <!-- afterEachTestMethod -->
        <test-method is-config="true" signature="setUp(boolean, java.lang.String, java.lang.String, java.lang.String, java.lang.String, java.lang.String, java.lang.String)[pri:0, instance:home.NYTHomePageTest@1356d4d4]" started-at="2020-09-26T12:34:15 MDT" name="setUp" finished-at="2020-09-26T12:34:17 MDT" duration-ms="2154" status="PASS">
          <params>
            <param index="0">
              <value>
                <![CDATA[false]]>
              </value>
            </param>
            <param index="1">
              <value>
                <![CDATA[browserstack]]>
              </value>
            </param>
            <param index="2">
              <value>
                <![CDATA[OS X]]>
              </value>
            </param>
            <param index="3">
              <value>
                <![CDATA[catalina]]>
              </value>
            </param>
            <param index="4">
              <value>
                <![CDATA[chrome-options]]>
              </value>
            </param>
            <param index="5">
              <value>
                <![CDATA[85.0]]>
              </value>
            </param>
            <param index="6">
              <value>
                <![CDATA[https://www.nytimes.com/]]>
              </value>
            </param>
          </params>
          <reporter-output>
          </reporter-output>
        </test-method> <!-- setUp -->
        <test-method is-config="true" signature="cleanUp()[pri:0, instance:home.NYTHomePageTest@1356d4d4]" started-at="2020-09-26T12:34:15 MDT" name="cleanUp" finished-at="2020-09-26T12:34:15 MDT" duration-ms="0" status="PASS">
          <reporter-output>
          </reporter-output>
        </test-method> <!-- cleanUp -->
        <test-method is-config="true" signature="startExtent(java.lang.reflect.Method)[pri:0, instance:home.NYTHomePageTest@1356d4d4]" started-at="2020-09-26T12:34:17 MDT" name="startExtent" finished-at="2020-09-26T12:34:17 MDT" duration-ms="1" status="PASS">
          <params>
            <param index="0">
              <value>
                <![CDATA[public void home.NYTHomePageTest.testClickOnWorldTab() throws java.lang.InterruptedException]]>
              </value>
            </param>
          </params>
          <reporter-output>
          </reporter-output>
        </test-method> <!-- startExtent -->
        <test-method is-config="true" signature="getInit()[pri:0, instance:home.NYTHomePageTest@1356d4d4]" started-at="2020-09-26T12:34:17 MDT" name="getInit" finished-at="2020-09-26T12:34:17 MDT" duration-ms="420" status="PASS">
          <reporter-output>
          </reporter-output>
        </test-method> <!-- getInit -->
        <test-method signature="testClickOnWorldTab()[pri:0, instance:home.NYTHomePageTest@1356d4d4]" started-at="2020-09-26T12:34:17 MDT" name="testClickOnWorldTab" finished-at="2020-09-26T12:34:21 MDT" duration-ms="4319" status="PASS">
          <reporter-output>
            <line>
              <![CDATA[NYTHomePageTest: test Click On World Tab]]>
            </line>
          </reporter-output>
        </test-method> <!-- testClickOnWorldTab -->
        <test-method is-config="true" signature="afterEachTestMethod(org.testng.ITestResult)[pri:0, instance:home.NYTHomePageTest@1356d4d4]" started-at="2020-09-26T12:34:21 MDT" name="afterEachTestMethod" finished-at="2020-09-26T12:34:22 MDT" duration-ms="192" status="PASS">
          <params>
            <param index="0">
              <value>
                <![CDATA[[TestResult name=testClickOnWorldTab status=SUCCESS method=NYTHomePageTest.testClickOnWorldTab()[pri:0, instance:home.NYTHomePageTest@1356d4d4] output=NYTHomePageTest: test Click On World Tab]]]>
              </value>
            </param>
          </params>
          <reporter-output>
          </reporter-output>
        </test-method> <!-- afterEachTestMethod -->
        <test-method is-config="true" signature="cleanUp()[pri:0, instance:home.NYTHomePageTest@1356d4d4]" started-at="2020-09-26T12:34:22 MDT" name="cleanUp" finished-at="2020-09-26T12:34:22 MDT" duration-ms="0" status="PASS">
          <reporter-output>
          </reporter-output>
        </test-method> <!-- cleanUp -->
        <test-method is-config="true" signature="generateReport()[pri:0, instance:home.NYTHomePageTest@1356d4d4]" started-at="2020-09-26T12:34:22 MDT" name="generateReport" finished-at="2020-09-26T12:34:22 MDT" duration-ms="16" status="PASS">
          <reporter-output>
          </reporter-output>
        </test-method> <!-- generateReport -->
      </class> <!-- home.NYTHomePageTest -->
    </test> <!-- New York Times Home -->
  </suite> <!-- NY Times Automation Test -->
</testng-results>
