-------------------------------------------------------------------------------
Test set: TestSuite
-------------------------------------------------------------------------------
Tests run: 33, Failures: 1, Errors: 0, Skipped: 0, Time elapsed: 157.102 s <<< FAILURE! - in TestSuite
homeTest.HomePageTest.setMagazineTest  Time elapsed: 0.654 s  <<< FAILURE!
java.lang.AssertionError: text doesn't match expected [Is It Strange to Say I Miss the Bodies of Strangers?] but found [12,000 Feet Up, With a Storm Coming In]
	at homeTest.HomePageTest.setMagazineTest(HomePageTest.java:144)

