-------------------------------------------------------------------------------
Test set: hoemTest.HomePageTest
-------------------------------------------------------------------------------
Tests run: 7, Failures: 2, Errors: 0, Skipped: 5, Time elapsed: 0.679 s <<< FAILURE! - in hoemTest.HomePageTest
hoemTest.HomePageTest.setUp[false, false, windows, 10, chrome-options, 34, https://www.amazon.com](0)  Time elapsed: 0.566 s  <<< FAILURE!
java.lang.IllegalStateException: The driver is not executable: /Users/ramdaneameur/IdeaProjects/WebAutomationFramework_Team1/Marriott/../Generic/BrowserDriver/windows/chromedriver.exe

hoemTest.HomePageTest.cleanUp  Time elapsed: 0.001 s  <<< FAILURE!
java.lang.NullPointerException

