<?xml version="1.0" encoding="UTF-8"?>
<testng-results ignored="0" total="0" passed="0" failed="0" skipped="0">
  <reporter-output>
    <line>
      <![CDATA[Extent Report Directory/Users/ramdaneameur/IdeaProjects/WebAutomationFramework_Team1/Marriott/target/surefire-reports/html]]>
    </line>
  </reporter-output>
  <suite started-at="2020-09-25T20:43:31 EDT" name="Marriott Automation Test" finished-at="2020-09-25T20:43:31 EDT" duration-ms="3">
    <groups>
    </groups>
    <test started-at="2020-09-25T20:43:31 EDT" name="Marriott Home" finished-at="2020-09-25T20:43:31 EDT" duration-ms="3">
      <class name="hoemTest.HomePageTest">
        <test-method is-config="true" signature="extentSetup(org.testng.ITestContext)[pri:0, instance:hoemTest.HomePageTest@52aa2946]" started-at="2020-09-25T20:43:31 EDT" name="extentSetup" finished-at="2020-09-25T20:43:31 EDT" duration-ms="139" status="PASS">
          <params>
            <param index="0">
              <value>
                <![CDATA[org.testng.TestRunner@44be0077]]>
              </value>
            </param>
          </params>
          <reporter-output>
            <line>
              <![CDATA[Extent Report Directory/Users/ramdaneameur/IdeaProjects/WebAutomationFramework_Team1/Marriott/target/surefire-reports/html]]>
            </line>
          </reporter-output>
        </test-method> <!-- extentSetup -->
        <test-method is-config="true" signature="generateReport()[pri:0, instance:hoemTest.HomePageTest@52aa2946]" started-at="2020-09-25T20:43:31 EDT" name="generateReport" finished-at="2020-09-25T20:43:32 EDT" duration-ms="124" status="PASS">
          <reporter-output>
          </reporter-output>
        </test-method> <!-- generateReport -->
      </class> <!-- hoemTest.HomePageTest -->
    </test> <!-- Marriott Home -->
  </suite> <!-- Marriott Automation Test -->
</testng-results>
