<?xml version="1.0" encoding="UTF-8"?>
<testng-results ignored="0" total="10" passed="7" failed="3" skipped="0">
  <reporter-output>
    <line>
      <![CDATA[Extent Report Directory/Users/farjanamobin/IdeaProjects/WebAutomationFramework_Team1/Marriott/target/surefire-reports/html]]>
    </line>
  </reporter-output>
  <suite started-at="2020-09-05T07:19:51 EDT" name="Marriott Automation Test" finished-at="2020-09-05T07:22:06 EDT" duration-ms="134599">
    <groups>
    </groups>
    <test started-at="2020-09-05T07:19:51 EDT" name="Marriott Home" finished-at="2020-09-05T07:22:06 EDT" duration-ms="134599">
      <class name="home.MarriottHomePageTest">
        <test-method is-config="true" signature="extentSetup(org.testng.ITestContext)[pri:0, instance:home.MarriottHomePageTest@68567e20]" started-at="2020-09-05T07:19:51 EDT" name="extentSetup" finished-at="2020-09-05T07:19:51 EDT" duration-ms="362" status="PASS">
          <params>
            <param index="0">
              <value>
                <![CDATA[org.testng.TestRunner@3d19d85]]>
              </value>
            </param>
          </params>
          <reporter-output>
            <line>
              <![CDATA[Extent Report Directory/Users/farjanamobin/IdeaProjects/WebAutomationFramework_Team1/Marriott/target/surefire-reports/html]]>
            </line>
          </reporter-output>
        </test-method> <!-- extentSetup -->
        <test-method is-config="true" signature="setUp(boolean, java.lang.String, java.lang.String, java.lang.String, java.lang.String, java.lang.String, java.lang.String)[pri:0, instance:home.MarriottHomePageTest@68567e20]" started-at="2020-09-05T07:19:51 EDT" name="setUp" finished-at="2020-09-05T07:20:00 EDT" duration-ms="8824" status="PASS">
          <params>
            <param index="0">
              <value>
                <![CDATA[false]]>
              </value>
            </param>
            <param index="1">
              <value>
                <![CDATA[browserstack]]>
              </value>
            </param>
            <param index="2">
              <value>
                <![CDATA[OS X]]>
              </value>
            </param>
            <param index="3">
              <value>
                <![CDATA[Sierra]]>
              </value>
            </param>
            <param index="4">
              <value>
                <![CDATA[chrome-options]]>
              </value>
            </param>
            <param index="5">
              <value>
                <![CDATA[85.0]]>
              </value>
            </param>
            <param index="6">
              <value>
                <![CDATA[https://www.marriott.com]]>
              </value>
            </param>
          </params>
          <reporter-output>
          </reporter-output>
        </test-method> <!-- setUp -->
        <test-method is-config="true" signature="startExtent(java.lang.reflect.Method)[pri:0, instance:home.MarriottHomePageTest@68567e20]" started-at="2020-09-05T07:20:00 EDT" name="startExtent" finished-at="2020-09-05T07:20:00 EDT" duration-ms="5" status="PASS">
          <params>
            <param index="0">
              <value>
                <![CDATA[public void home.MarriottHomePageTest.testAndValidateAdultGuestNumber()]]>
              </value>
            </param>
          </params>
          <reporter-output>
          </reporter-output>
        </test-method> <!-- startExtent -->
        <test-method is-config="true" signature="getInit()[pri:0, instance:home.MarriottHomePageTest@68567e20]" started-at="2020-09-05T07:20:00 EDT" name="getInit" finished-at="2020-09-05T07:20:00 EDT" duration-ms="33" status="PASS">
          <reporter-output>
          </reporter-output>
        </test-method> <!-- getInit -->
        <test-method signature="testAndValidateAdultGuestNumber()[pri:0, instance:home.MarriottHomePageTest@68567e20]" started-at="2020-09-05T07:20:00 EDT" name="testAndValidateAdultGuestNumber" finished-at="2020-09-05T07:20:07 EDT" duration-ms="6302" status="PASS">
          <reporter-output>
          </reporter-output>
        </test-method> <!-- testAndValidateAdultGuestNumber -->
        <test-method is-config="true" signature="afterEachTestMethod(org.testng.ITestResult)[pri:0, instance:home.MarriottHomePageTest@68567e20]" started-at="2020-09-05T07:20:07 EDT" name="afterEachTestMethod" finished-at="2020-09-05T07:20:07 EDT" duration-ms="699" status="PASS">
          <params>
            <param index="0">
              <value>
                <![CDATA[[TestResult name=testAndValidateAdultGuestNumber status=SUCCESS method=MarriottHomePageTest.testAndValidateAdultGuestNumber()[pri:0, instance:home.MarriottHomePageTest@68567e20] output={null}]]]>
              </value>
            </param>
          </params>
          <reporter-output>
          </reporter-output>
        </test-method> <!-- afterEachTestMethod -->
        <test-method is-config="true" signature="cleanUp()[pri:0, instance:home.MarriottHomePageTest@68567e20]" started-at="2020-09-05T07:20:07 EDT" name="cleanUp" finished-at="2020-09-05T07:20:07 EDT" duration-ms="1" status="PASS">
          <reporter-output>
          </reporter-output>
        </test-method> <!-- cleanUp -->
        <test-method is-config="true" signature="setUp(boolean, java.lang.String, java.lang.String, java.lang.String, java.lang.String, java.lang.String, java.lang.String)[pri:0, instance:home.MarriottHomePageTest@68567e20]" started-at="2020-09-05T07:20:07 EDT" name="setUp" finished-at="2020-09-05T07:20:13 EDT" duration-ms="5945" status="PASS">
          <params>
            <param index="0">
              <value>
                <![CDATA[false]]>
              </value>
            </param>
            <param index="1">
              <value>
                <![CDATA[browserstack]]>
              </value>
            </param>
            <param index="2">
              <value>
                <![CDATA[OS X]]>
              </value>
            </param>
            <param index="3">
              <value>
                <![CDATA[Sierra]]>
              </value>
            </param>
            <param index="4">
              <value>
                <![CDATA[chrome-options]]>
              </value>
            </param>
            <param index="5">
              <value>
                <![CDATA[85.0]]>
              </value>
            </param>
            <param index="6">
              <value>
                <![CDATA[https://www.marriott.com]]>
              </value>
            </param>
          </params>
          <reporter-output>
          </reporter-output>
        </test-method> <!-- setUp -->
        <test-method is-config="true" signature="startExtent(java.lang.reflect.Method)[pri:0, instance:home.MarriottHomePageTest@68567e20]" started-at="2020-09-05T07:20:13 EDT" name="startExtent" finished-at="2020-09-05T07:20:13 EDT" duration-ms="1" status="PASS">
          <params>
            <param index="0">
              <value>
                <![CDATA[public void home.MarriottHomePageTest.testAndValidateCalendar()]]>
              </value>
            </param>
          </params>
          <reporter-output>
          </reporter-output>
        </test-method> <!-- startExtent -->
        <test-method is-config="true" signature="getInit()[pri:0, instance:home.MarriottHomePageTest@68567e20]" started-at="2020-09-05T07:20:13 EDT" name="getInit" finished-at="2020-09-05T07:20:13 EDT" duration-ms="2" status="PASS">
          <reporter-output>
          </reporter-output>
        </test-method> <!-- getInit -->
        <test-method signature="testAndValidateCalendar()[pri:0, instance:home.MarriottHomePageTest@68567e20]" started-at="2020-09-05T07:20:13 EDT" name="testAndValidateCalendar" finished-at="2020-09-05T07:20:21 EDT" duration-ms="8196" status="PASS">
          <reporter-output>
          </reporter-output>
        </test-method> <!-- testAndValidateCalendar -->
        <test-method is-config="true" signature="afterEachTestMethod(org.testng.ITestResult)[pri:0, instance:home.MarriottHomePageTest@68567e20]" started-at="2020-09-05T07:20:21 EDT" name="afterEachTestMethod" finished-at="2020-09-05T07:20:22 EDT" duration-ms="292" status="PASS">
          <params>
            <param index="0">
              <value>
                <![CDATA[[TestResult name=testAndValidateCalendar status=SUCCESS method=MarriottHomePageTest.testAndValidateCalendar()[pri:0, instance:home.MarriottHomePageTest@68567e20] output={null}]]]>
              </value>
            </param>
          </params>
          <reporter-output>
          </reporter-output>
        </test-method> <!-- afterEachTestMethod -->
        <test-method is-config="true" signature="cleanUp()[pri:0, instance:home.MarriottHomePageTest@68567e20]" started-at="2020-09-05T07:20:22 EDT" name="cleanUp" finished-at="2020-09-05T07:20:22 EDT" duration-ms="1" status="PASS">
          <reporter-output>
          </reporter-output>
        </test-method> <!-- cleanUp -->
        <test-method is-config="true" signature="setUp(boolean, java.lang.String, java.lang.String, java.lang.String, java.lang.String, java.lang.String, java.lang.String)[pri:0, instance:home.MarriottHomePageTest@68567e20]" started-at="2020-09-05T07:20:22 EDT" name="setUp" finished-at="2020-09-05T07:20:27 EDT" duration-ms="4930" status="PASS">
          <params>
            <param index="0">
              <value>
                <![CDATA[false]]>
              </value>
            </param>
            <param index="1">
              <value>
                <![CDATA[browserstack]]>
              </value>
            </param>
            <param index="2">
              <value>
                <![CDATA[OS X]]>
              </value>
            </param>
            <param index="3">
              <value>
                <![CDATA[Sierra]]>
              </value>
            </param>
            <param index="4">
              <value>
                <![CDATA[chrome-options]]>
              </value>
            </param>
            <param index="5">
              <value>
                <![CDATA[85.0]]>
              </value>
            </param>
            <param index="6">
              <value>
                <![CDATA[https://www.marriott.com]]>
              </value>
            </param>
          </params>
          <reporter-output>
          </reporter-output>
        </test-method> <!-- setUp -->
        <test-method is-config="true" signature="getInit()[pri:0, instance:home.MarriottHomePageTest@68567e20]" started-at="2020-09-05T07:20:27 EDT" name="getInit" finished-at="2020-09-05T07:20:27 EDT" duration-ms="1" status="PASS">
          <reporter-output>
          </reporter-output>
        </test-method> <!-- getInit -->
        <test-method is-config="true" signature="startExtent(java.lang.reflect.Method)[pri:0, instance:home.MarriottHomePageTest@68567e20]" started-at="2020-09-05T07:20:27 EDT" name="startExtent" finished-at="2020-09-05T07:20:27 EDT" duration-ms="0" status="PASS">
          <params>
            <param index="0">
              <value>
                <![CDATA[public void home.MarriottHomePageTest.testAndValidateChildGuest()]]>
              </value>
            </param>
          </params>
          <reporter-output>
          </reporter-output>
        </test-method> <!-- startExtent -->
        <test-method signature="testAndValidateChildGuest()[pri:0, instance:home.MarriottHomePageTest@68567e20]" started-at="2020-09-05T07:20:27 EDT" name="testAndValidateChildGuest" finished-at="2020-09-05T07:20:33 EDT" duration-ms="5882" status="PASS">
          <reporter-output>
          </reporter-output>
        </test-method> <!-- testAndValidateChildGuest -->
        <test-method is-config="true" signature="afterEachTestMethod(org.testng.ITestResult)[pri:0, instance:home.MarriottHomePageTest@68567e20]" started-at="2020-09-05T07:20:33 EDT" name="afterEachTestMethod" finished-at="2020-09-05T07:20:33 EDT" duration-ms="632" status="PASS">
          <params>
            <param index="0">
              <value>
                <![CDATA[[TestResult name=testAndValidateChildGuest status=SUCCESS method=MarriottHomePageTest.testAndValidateChildGuest()[pri:0, instance:home.MarriottHomePageTest@68567e20] output={null}]]]>
              </value>
            </param>
          </params>
          <reporter-output>
          </reporter-output>
        </test-method> <!-- afterEachTestMethod -->
        <test-method is-config="true" signature="cleanUp()[pri:0, instance:home.MarriottHomePageTest@68567e20]" started-at="2020-09-05T07:20:33 EDT" name="cleanUp" finished-at="2020-09-05T07:20:33 EDT" duration-ms="0" status="PASS">
          <reporter-output>
          </reporter-output>
        </test-method> <!-- cleanUp -->
        <test-method is-config="true" signature="setUp(boolean, java.lang.String, java.lang.String, java.lang.String, java.lang.String, java.lang.String, java.lang.String)[pri:0, instance:home.MarriottHomePageTest@68567e20]" started-at="2020-09-05T07:20:33 EDT" name="setUp" finished-at="2020-09-05T07:20:39 EDT" duration-ms="6195" status="PASS">
          <params>
            <param index="0">
              <value>
                <![CDATA[false]]>
              </value>
            </param>
            <param index="1">
              <value>
                <![CDATA[browserstack]]>
              </value>
            </param>
            <param index="2">
              <value>
                <![CDATA[OS X]]>
              </value>
            </param>
            <param index="3">
              <value>
                <![CDATA[Sierra]]>
              </value>
            </param>
            <param index="4">
              <value>
                <![CDATA[chrome-options]]>
              </value>
            </param>
            <param index="5">
              <value>
                <![CDATA[85.0]]>
              </value>
            </param>
            <param index="6">
              <value>
                <![CDATA[https://www.marriott.com]]>
              </value>
            </param>
          </params>
          <reporter-output>
          </reporter-output>
        </test-method> <!-- setUp -->
        <test-method is-config="true" signature="startExtent(java.lang.reflect.Method)[pri:0, instance:home.MarriottHomePageTest@68567e20]" started-at="2020-09-05T07:20:39 EDT" name="startExtent" finished-at="2020-09-05T07:20:39 EDT" duration-ms="0" status="PASS">
          <params>
            <param index="0">
              <value>
                <![CDATA[public void home.MarriottHomePageTest.testAndValidateDestinationBox() throws java.lang.InterruptedException]]>
              </value>
            </param>
          </params>
          <reporter-output>
          </reporter-output>
        </test-method> <!-- startExtent -->
        <test-method is-config="true" signature="getInit()[pri:0, instance:home.MarriottHomePageTest@68567e20]" started-at="2020-09-05T07:20:39 EDT" name="getInit" finished-at="2020-09-05T07:20:39 EDT" duration-ms="1" status="PASS">
          <reporter-output>
          </reporter-output>
        </test-method> <!-- getInit -->
        <test-method signature="testAndValidateDestinationBox()[pri:0, instance:home.MarriottHomePageTest@68567e20]" started-at="2020-09-05T07:20:39 EDT" name="testAndValidateDestinationBox" finished-at="2020-09-05T07:20:45 EDT" duration-ms="5415" status="FAIL">
          <exception class="org.openqa.selenium.NoSuchElementException">
            <message>
              <![CDATA[no such element: Unable to locate element: {"method":"css selector","selector":"#find-a-hotel-homePage-form > div.l-form-group.m-field-wrap.l-hsearch-labels.clearfix > div.m-field-control.l-margin-bottom-three-quarters.l-datepicker-open.l-xl-col-4.l-pos-relative.js-clearinput.l-hsearch-loc.l-clear.clearfix.js-location.js-auto-complete.sub-takeover.hasOpened > div.l-display-flex > div"}
  (Session info: chrome=85.0.4183.83)
For documentation on this error, please visit: https://www.seleniumhq.org/exceptions/no_such_element.html
Build info: version: '3.141.59', revision: 'e82be7d358', time: '2018-11-14T08:17:03'
System info: host: 'Farjanas-Air', ip: '2604:2000:1700:1c:dd48:c953:d91f:a80d%en0', os.name: 'Mac OS X', os.arch: 'x86_64', os.version: '10.13.6', java.version: '11.0.6'
Driver info: org.openqa.selenium.chrome.ChromeDriver
Capabilities {acceptInsecureCerts: false, browserName: chrome, browserVersion: 85.0.4183.83, chrome: {chromedriverVersion: 85.0.4183.87 (cd6713ebf92fa..., userDataDir: /var/folders/27/nmfyzmzj1c7...}, goog:chromeOptions: {debuggerAddress: localhost:52176}, javascriptEnabled: true, networkConnectionEnabled: false, pageLoadStrategy: normal, platform: MAC, platformName: MAC, proxy: Proxy(), setWindowRect: true, strictFileInteractability: false, timeouts: {implicit: 0, pageLoad: 300000, script: 30000}, unhandledPromptBehavior: dismiss and notify, webauthn:virtualAuthenticators: true}
Session ID: 9828e985788c9d69be9649433a190492
*** Element info: {Using=css selector, value=#find-a-hotel-homePage-form > div.l-form-group.m-field-wrap.l-hsearch-labels.clearfix > div.m-field-control.l-margin-bottom-three-quarters.l-datepicker-open.l-xl-col-4.l-pos-relative.js-clearinput.l-hsearch-loc.l-clear.clearfix.js-location.js-auto-complete.sub-takeover.hasOpened > div.l-display-flex > div}]]>
            </message>
            <full-stacktrace>
              <![CDATA[org.openqa.selenium.NoSuchElementException: no such element: Unable to locate element: {"method":"css selector","selector":"#find-a-hotel-homePage-form > div.l-form-group.m-field-wrap.l-hsearch-labels.clearfix > div.m-field-control.l-margin-bottom-three-quarters.l-datepicker-open.l-xl-col-4.l-pos-relative.js-clearinput.l-hsearch-loc.l-clear.clearfix.js-location.js-auto-complete.sub-takeover.hasOpened > div.l-display-flex > div"}
  (Session info: chrome=85.0.4183.83)
For documentation on this error, please visit: https://www.seleniumhq.org/exceptions/no_such_element.html
Build info: version: '3.141.59', revision: 'e82be7d358', time: '2018-11-14T08:17:03'
System info: host: 'Farjanas-Air', ip: '2604:2000:1700:1c:dd48:c953:d91f:a80d%en0', os.name: 'Mac OS X', os.arch: 'x86_64', os.version: '10.13.6', java.version: '11.0.6'
Driver info: org.openqa.selenium.chrome.ChromeDriver
Capabilities {acceptInsecureCerts: false, browserName: chrome, browserVersion: 85.0.4183.83, chrome: {chromedriverVersion: 85.0.4183.87 (cd6713ebf92fa..., userDataDir: /var/folders/27/nmfyzmzj1c7...}, goog:chromeOptions: {debuggerAddress: localhost:52176}, javascriptEnabled: true, networkConnectionEnabled: false, pageLoadStrategy: normal, platform: MAC, platformName: MAC, proxy: Proxy(), setWindowRect: true, strictFileInteractability: false, timeouts: {implicit: 0, pageLoad: 300000, script: 30000}, unhandledPromptBehavior: dismiss and notify, webauthn:virtualAuthenticators: true}
Session ID: 9828e985788c9d69be9649433a190492
*** Element info: {Using=css selector, value=#find-a-hotel-homePage-form > div.l-form-group.m-field-wrap.l-hsearch-labels.clearfix > div.m-field-control.l-margin-bottom-three-quarters.l-datepicker-open.l-xl-col-4.l-pos-relative.js-clearinput.l-hsearch-loc.l-clear.clearfix.js-location.js-auto-complete.sub-takeover.hasOpened > div.l-display-flex > div}
at java.base/jdk.internal.reflect.NativeConstructorAccessorImpl.newInstance0(Native Method)
at java.base/jdk.internal.reflect.NativeConstructorAccessorImpl.newInstance(NativeConstructorAccessorImpl.java:62)
at java.base/jdk.internal.reflect.DelegatingConstructorAccessorImpl.newInstance(DelegatingConstructorAccessorImpl.java:45)
at java.base/java.lang.reflect.Constructor.newInstance(Constructor.java:490)
at org.openqa.selenium.remote.http.W3CHttpResponseCodec.createException(W3CHttpResponseCodec.java:187)
at org.openqa.selenium.remote.http.W3CHttpResponseCodec.decode(W3CHttpResponseCodec.java:122)
at org.openqa.selenium.remote.http.W3CHttpResponseCodec.decode(W3CHttpResponseCodec.java:49)
at org.openqa.selenium.remote.HttpCommandExecutor.execute(HttpCommandExecutor.java:158)
at org.openqa.selenium.remote.service.DriverCommandExecutor.execute(DriverCommandExecutor.java:83)
at org.openqa.selenium.remote.RemoteWebDriver.execute(RemoteWebDriver.java:552)
at org.openqa.selenium.remote.RemoteWebDriver.findElement(RemoteWebDriver.java:323)
at org.openqa.selenium.remote.RemoteWebDriver.findElementByCssSelector(RemoteWebDriver.java:420)
at org.openqa.selenium.By$ByCssSelector.findElement(By.java:431)
at org.openqa.selenium.remote.RemoteWebDriver.findElement(RemoteWebDriver.java:315)
at org.openqa.selenium.support.pagefactory.DefaultElementLocator.findElement(DefaultElementLocator.java:69)
at org.openqa.selenium.support.pagefactory.internal.LocatingElementHandler.invoke(LocatingElementHandler.java:38)
at com.sun.proxy.$Proxy14.click(Unknown Source)
at home.MarriottHomePage.checkDestinationBox(MarriottHomePage.java:61)
at home.MarriottHomePageTest.testAndValidateDestinationBox(MarriottHomePageTest.java:32)
at java.base/jdk.internal.reflect.NativeMethodAccessorImpl.invoke0(Native Method)
at java.base/jdk.internal.reflect.NativeMethodAccessorImpl.invoke(NativeMethodAccessorImpl.java:62)
at java.base/jdk.internal.reflect.DelegatingMethodAccessorImpl.invoke(DelegatingMethodAccessorImpl.java:43)
at java.base/java.lang.reflect.Method.invoke(Method.java:566)
at org.testng.internal.MethodInvocationHelper.invokeMethod(MethodInvocationHelper.java:134)
at org.testng.internal.TestInvoker.invokeMethod(TestInvoker.java:597)
at org.testng.internal.TestInvoker.invokeTestMethod(TestInvoker.java:173)
at org.testng.internal.MethodRunner.runInSequence(MethodRunner.java:46)
at org.testng.internal.TestInvoker$MethodInvocationAgent.invoke(TestInvoker.java:816)
at org.testng.internal.TestInvoker.invokeTestMethods(TestInvoker.java:146)
at org.testng.internal.TestMethodWorker.invokeTestMethods(TestMethodWorker.java:146)
at org.testng.internal.TestMethodWorker.run(TestMethodWorker.java:128)
at java.base/java.util.ArrayList.forEach(ArrayList.java:1540)
at org.testng.TestRunner.privateRun(TestRunner.java:766)
at org.testng.TestRunner.run(TestRunner.java:587)
at org.testng.SuiteRunner.runTest(SuiteRunner.java:384)
at org.testng.SuiteRunner.runSequentially(SuiteRunner.java:378)
at org.testng.SuiteRunner.privateRun(SuiteRunner.java:337)
at org.testng.SuiteRunner.run(SuiteRunner.java:286)
at org.testng.SuiteRunnerWorker.runSuite(SuiteRunnerWorker.java:53)
at org.testng.SuiteRunnerWorker.run(SuiteRunnerWorker.java:96)
at org.testng.TestNG.runSuitesSequentially(TestNG.java:1187)
at org.testng.TestNG.runSuitesLocally(TestNG.java:1109)
at org.testng.TestNG.runSuites(TestNG.java:1039)
at org.testng.TestNG.run(TestNG.java:1007)
at org.apache.maven.surefire.testng.TestNGExecutor.run(TestNGExecutor.java:284)
at org.apache.maven.surefire.testng.TestNGXmlTestSuite.execute(TestNGXmlTestSuite.java:75)
at org.apache.maven.surefire.testng.TestNGProvider.invoke(TestNGProvider.java:119)
at org.apache.maven.surefire.booter.ForkedBooter.runSuitesInProcess(ForkedBooter.java:428)
at org.apache.maven.surefire.booter.ForkedBooter.execute(ForkedBooter.java:162)
at org.apache.maven.surefire.booter.ForkedBooter.run(ForkedBooter.java:562)
at org.apache.maven.surefire.booter.ForkedBooter.main(ForkedBooter.java:548)
]]>
            </full-stacktrace>
          </exception> <!-- org.openqa.selenium.NoSuchElementException -->
          <reporter-output>
          </reporter-output>
        </test-method> <!-- testAndValidateDestinationBox -->
        <test-method is-config="true" signature="afterEachTestMethod(org.testng.ITestResult)[pri:0, instance:home.MarriottHomePageTest@68567e20]" started-at="2020-09-05T07:20:45 EDT" name="afterEachTestMethod" finished-at="2020-09-05T07:20:46 EDT" duration-ms="772" status="PASS">
          <params>
            <param index="0">
              <value>
                <![CDATA[[TestResult name=testAndValidateDestinationBox status=FAILURE method=MarriottHomePageTest.testAndValidateDestinationBox()[pri:0, instance:home.MarriottHomePageTest@68567e20] output={null}]]]>
              </value>
            </param>
          </params>
          <reporter-output>
          </reporter-output>
        </test-method> <!-- afterEachTestMethod -->
        <test-method is-config="true" signature="cleanUp()[pri:0, instance:home.MarriottHomePageTest@68567e20]" started-at="2020-09-05T07:20:46 EDT" name="cleanUp" finished-at="2020-09-05T07:20:46 EDT" duration-ms="0" status="PASS">
          <reporter-output>
          </reporter-output>
        </test-method> <!-- cleanUp -->
        <test-method is-config="true" signature="setUp(boolean, java.lang.String, java.lang.String, java.lang.String, java.lang.String, java.lang.String, java.lang.String)[pri:0, instance:home.MarriottHomePageTest@68567e20]" started-at="2020-09-05T07:20:46 EDT" name="setUp" finished-at="2020-09-05T07:20:51 EDT" duration-ms="5741" status="PASS">
          <params>
            <param index="0">
              <value>
                <![CDATA[false]]>
              </value>
            </param>
            <param index="1">
              <value>
                <![CDATA[browserstack]]>
              </value>
            </param>
            <param index="2">
              <value>
                <![CDATA[OS X]]>
              </value>
            </param>
            <param index="3">
              <value>
                <![CDATA[Sierra]]>
              </value>
            </param>
            <param index="4">
              <value>
                <![CDATA[chrome-options]]>
              </value>
            </param>
            <param index="5">
              <value>
                <![CDATA[85.0]]>
              </value>
            </param>
            <param index="6">
              <value>
                <![CDATA[https://www.marriott.com]]>
              </value>
            </param>
          </params>
          <reporter-output>
          </reporter-output>
        </test-method> <!-- setUp -->
        <test-method is-config="true" signature="getInit()[pri:0, instance:home.MarriottHomePageTest@68567e20]" started-at="2020-09-05T07:20:51 EDT" name="getInit" finished-at="2020-09-05T07:20:51 EDT" duration-ms="2" status="PASS">
          <reporter-output>
          </reporter-output>
        </test-method> <!-- getInit -->
        <test-method is-config="true" signature="startExtent(java.lang.reflect.Method)[pri:0, instance:home.MarriottHomePageTest@68567e20]" started-at="2020-09-05T07:20:51 EDT" name="startExtent" finished-at="2020-09-05T07:20:51 EDT" duration-ms="0" status="PASS">
          <params>
            <param index="0">
              <value>
                <![CDATA[public void home.MarriottHomePageTest.testAndValidateDeutsch()]]>
              </value>
            </param>
          </params>
          <reporter-output>
          </reporter-output>
        </test-method> <!-- startExtent -->
        <test-method signature="testAndValidateDeutsch()[pri:0, instance:home.MarriottHomePageTest@68567e20]" started-at="2020-09-05T07:20:51 EDT" name="testAndValidateDeutsch" finished-at="2020-09-05T07:20:57 EDT" duration-ms="5394" status="FAIL">
          <exception class="org.openqa.selenium.NoSuchElementException">
            <message>
              <![CDATA[no such element: Unable to locate element: {"method":"xpath","selector":"//*[@id="QuickLinkItem3e94"]"}
  (Session info: chrome=85.0.4183.83)
For documentation on this error, please visit: https://www.seleniumhq.org/exceptions/no_such_element.html
Build info: version: '3.141.59', revision: 'e82be7d358', time: '2018-11-14T08:17:03'
System info: host: 'Farjanas-Air', ip: '2604:2000:1700:1c:dd48:c953:d91f:a80d%en0', os.name: 'Mac OS X', os.arch: 'x86_64', os.version: '10.13.6', java.version: '11.0.6'
Driver info: org.openqa.selenium.chrome.ChromeDriver
Capabilities {acceptInsecureCerts: false, browserName: chrome, browserVersion: 85.0.4183.83, chrome: {chromedriverVersion: 85.0.4183.87 (cd6713ebf92fa..., userDataDir: /var/folders/27/nmfyzmzj1c7...}, goog:chromeOptions: {debuggerAddress: localhost:52348}, javascriptEnabled: true, networkConnectionEnabled: false, pageLoadStrategy: normal, platform: MAC, platformName: MAC, proxy: Proxy(), setWindowRect: true, strictFileInteractability: false, timeouts: {implicit: 0, pageLoad: 300000, script: 30000}, unhandledPromptBehavior: dismiss and notify, webauthn:virtualAuthenticators: true}
Session ID: af3175b922780763eb9a118fee436189
*** Element info: {Using=xpath, value=//*[@id="QuickLinkItem3e94"]}]]>
            </message>
            <full-stacktrace>
              <![CDATA[org.openqa.selenium.NoSuchElementException: no such element: Unable to locate element: {"method":"xpath","selector":"//*[@id="QuickLinkItem3e94"]"}
  (Session info: chrome=85.0.4183.83)
For documentation on this error, please visit: https://www.seleniumhq.org/exceptions/no_such_element.html
Build info: version: '3.141.59', revision: 'e82be7d358', time: '2018-11-14T08:17:03'
System info: host: 'Farjanas-Air', ip: '2604:2000:1700:1c:dd48:c953:d91f:a80d%en0', os.name: 'Mac OS X', os.arch: 'x86_64', os.version: '10.13.6', java.version: '11.0.6'
Driver info: org.openqa.selenium.chrome.ChromeDriver
Capabilities {acceptInsecureCerts: false, browserName: chrome, browserVersion: 85.0.4183.83, chrome: {chromedriverVersion: 85.0.4183.87 (cd6713ebf92fa..., userDataDir: /var/folders/27/nmfyzmzj1c7...}, goog:chromeOptions: {debuggerAddress: localhost:52348}, javascriptEnabled: true, networkConnectionEnabled: false, pageLoadStrategy: normal, platform: MAC, platformName: MAC, proxy: Proxy(), setWindowRect: true, strictFileInteractability: false, timeouts: {implicit: 0, pageLoad: 300000, script: 30000}, unhandledPromptBehavior: dismiss and notify, webauthn:virtualAuthenticators: true}
Session ID: af3175b922780763eb9a118fee436189
*** Element info: {Using=xpath, value=//*[@id="QuickLinkItem3e94"]}
at java.base/jdk.internal.reflect.NativeConstructorAccessorImpl.newInstance0(Native Method)
at java.base/jdk.internal.reflect.NativeConstructorAccessorImpl.newInstance(NativeConstructorAccessorImpl.java:62)
at java.base/jdk.internal.reflect.DelegatingConstructorAccessorImpl.newInstance(DelegatingConstructorAccessorImpl.java:45)
at java.base/java.lang.reflect.Constructor.newInstance(Constructor.java:490)
at org.openqa.selenium.remote.http.W3CHttpResponseCodec.createException(W3CHttpResponseCodec.java:187)
at org.openqa.selenium.remote.http.W3CHttpResponseCodec.decode(W3CHttpResponseCodec.java:122)
at org.openqa.selenium.remote.http.W3CHttpResponseCodec.decode(W3CHttpResponseCodec.java:49)
at org.openqa.selenium.remote.HttpCommandExecutor.execute(HttpCommandExecutor.java:158)
at org.openqa.selenium.remote.service.DriverCommandExecutor.execute(DriverCommandExecutor.java:83)
at org.openqa.selenium.remote.RemoteWebDriver.execute(RemoteWebDriver.java:552)
at org.openqa.selenium.remote.RemoteWebDriver.findElement(RemoteWebDriver.java:323)
at org.openqa.selenium.remote.RemoteWebDriver.findElementByXPath(RemoteWebDriver.java:428)
at org.openqa.selenium.By$ByXPath.findElement(By.java:353)
at org.openqa.selenium.remote.RemoteWebDriver.findElement(RemoteWebDriver.java:315)
at org.openqa.selenium.support.pagefactory.DefaultElementLocator.findElement(DefaultElementLocator.java:69)
at org.openqa.selenium.support.pagefactory.internal.LocatingElementHandler.invoke(LocatingElementHandler.java:38)
at com.sun.proxy.$Proxy14.click(Unknown Source)
at home.MarriottHomePage.checkDeutsch(MarriottHomePage.java:37)
at home.MarriottHomePageTest.testAndValidateDeutsch(MarriottHomePageTest.java:20)
at java.base/jdk.internal.reflect.NativeMethodAccessorImpl.invoke0(Native Method)
at java.base/jdk.internal.reflect.NativeMethodAccessorImpl.invoke(NativeMethodAccessorImpl.java:62)
at java.base/jdk.internal.reflect.DelegatingMethodAccessorImpl.invoke(DelegatingMethodAccessorImpl.java:43)
at java.base/java.lang.reflect.Method.invoke(Method.java:566)
at org.testng.internal.MethodInvocationHelper.invokeMethod(MethodInvocationHelper.java:134)
at org.testng.internal.TestInvoker.invokeMethod(TestInvoker.java:597)
at org.testng.internal.TestInvoker.invokeTestMethod(TestInvoker.java:173)
at org.testng.internal.MethodRunner.runInSequence(MethodRunner.java:46)
at org.testng.internal.TestInvoker$MethodInvocationAgent.invoke(TestInvoker.java:816)
at org.testng.internal.TestInvoker.invokeTestMethods(TestInvoker.java:146)
at org.testng.internal.TestMethodWorker.invokeTestMethods(TestMethodWorker.java:146)
at org.testng.internal.TestMethodWorker.run(TestMethodWorker.java:128)
at java.base/java.util.ArrayList.forEach(ArrayList.java:1540)
at org.testng.TestRunner.privateRun(TestRunner.java:766)
at org.testng.TestRunner.run(TestRunner.java:587)
at org.testng.SuiteRunner.runTest(SuiteRunner.java:384)
at org.testng.SuiteRunner.runSequentially(SuiteRunner.java:378)
at org.testng.SuiteRunner.privateRun(SuiteRunner.java:337)
at org.testng.SuiteRunner.run(SuiteRunner.java:286)
at org.testng.SuiteRunnerWorker.runSuite(SuiteRunnerWorker.java:53)
at org.testng.SuiteRunnerWorker.run(SuiteRunnerWorker.java:96)
at org.testng.TestNG.runSuitesSequentially(TestNG.java:1187)
at org.testng.TestNG.runSuitesLocally(TestNG.java:1109)
at org.testng.TestNG.runSuites(TestNG.java:1039)
at org.testng.TestNG.run(TestNG.java:1007)
at org.apache.maven.surefire.testng.TestNGExecutor.run(TestNGExecutor.java:284)
at org.apache.maven.surefire.testng.TestNGXmlTestSuite.execute(TestNGXmlTestSuite.java:75)
at org.apache.maven.surefire.testng.TestNGProvider.invoke(TestNGProvider.java:119)
at org.apache.maven.surefire.booter.ForkedBooter.runSuitesInProcess(ForkedBooter.java:428)
at org.apache.maven.surefire.booter.ForkedBooter.execute(ForkedBooter.java:162)
at org.apache.maven.surefire.booter.ForkedBooter.run(ForkedBooter.java:562)
at org.apache.maven.surefire.booter.ForkedBooter.main(ForkedBooter.java:548)
]]>
            </full-stacktrace>
          </exception> <!-- org.openqa.selenium.NoSuchElementException -->
          <reporter-output>
          </reporter-output>
        </test-method> <!-- testAndValidateDeutsch -->
        <test-method is-config="true" signature="afterEachTestMethod(org.testng.ITestResult)[pri:0, instance:home.MarriottHomePageTest@68567e20]" started-at="2020-09-05T07:20:57 EDT" name="afterEachTestMethod" finished-at="2020-09-05T07:20:58 EDT" duration-ms="1721" status="PASS">
          <params>
            <param index="0">
              <value>
                <![CDATA[[TestResult name=testAndValidateDeutsch status=FAILURE method=MarriottHomePageTest.testAndValidateDeutsch()[pri:0, instance:home.MarriottHomePageTest@68567e20] output={null}]]]>
              </value>
            </param>
          </params>
          <reporter-output>
          </reporter-output>
        </test-method> <!-- afterEachTestMethod -->
        <test-method is-config="true" signature="cleanUp()[pri:0, instance:home.MarriottHomePageTest@68567e20]" started-at="2020-09-05T07:20:58 EDT" name="cleanUp" finished-at="2020-09-05T07:20:58 EDT" duration-ms="0" status="PASS">
          <reporter-output>
          </reporter-output>
        </test-method> <!-- cleanUp -->
        <test-method is-config="true" signature="setUp(boolean, java.lang.String, java.lang.String, java.lang.String, java.lang.String, java.lang.String, java.lang.String)[pri:0, instance:home.MarriottHomePageTest@68567e20]" started-at="2020-09-05T07:20:58 EDT" name="setUp" finished-at="2020-09-05T07:21:04 EDT" duration-ms="5091" status="PASS">
          <params>
            <param index="0">
              <value>
                <![CDATA[false]]>
              </value>
            </param>
            <param index="1">
              <value>
                <![CDATA[browserstack]]>
              </value>
            </param>
            <param index="2">
              <value>
                <![CDATA[OS X]]>
              </value>
            </param>
            <param index="3">
              <value>
                <![CDATA[Sierra]]>
              </value>
            </param>
            <param index="4">
              <value>
                <![CDATA[chrome-options]]>
              </value>
            </param>
            <param index="5">
              <value>
                <![CDATA[85.0]]>
              </value>
            </param>
            <param index="6">
              <value>
                <![CDATA[https://www.marriott.com]]>
              </value>
            </param>
          </params>
          <reporter-output>
          </reporter-output>
        </test-method> <!-- setUp -->
        <test-method is-config="true" signature="startExtent(java.lang.reflect.Method)[pri:0, instance:home.MarriottHomePageTest@68567e20]" started-at="2020-09-05T07:21:04 EDT" name="startExtent" finished-at="2020-09-05T07:21:04 EDT" duration-ms="1" status="PASS">
          <params>
            <param index="0">
              <value>
                <![CDATA[public void home.MarriottHomePageTest.testAndValidateEspanol()]]>
              </value>
            </param>
          </params>
          <reporter-output>
          </reporter-output>
        </test-method> <!-- startExtent -->
        <test-method is-config="true" signature="getInit()[pri:0, instance:home.MarriottHomePageTest@68567e20]" started-at="2020-09-05T07:21:04 EDT" name="getInit" finished-at="2020-09-05T07:21:04 EDT" duration-ms="1" status="PASS">
          <reporter-output>
          </reporter-output>
        </test-method> <!-- getInit -->
        <test-method signature="testAndValidateEspanol()[pri:0, instance:home.MarriottHomePageTest@68567e20]" started-at="2020-09-05T07:21:04 EDT" name="testAndValidateEspanol" finished-at="2020-09-05T07:21:09 EDT" duration-ms="5529" status="FAIL">
          <exception class="org.openqa.selenium.NoSuchElementException">
            <message>
              <![CDATA[no such element: Unable to locate element: {"method":"xpath","selector":"//*[@id="QuickLinkItem3e94"]"}
  (Session info: chrome=85.0.4183.83)
For documentation on this error, please visit: https://www.seleniumhq.org/exceptions/no_such_element.html
Build info: version: '3.141.59', revision: 'e82be7d358', time: '2018-11-14T08:17:03'
System info: host: 'Farjanas-Air', ip: '2604:2000:1700:1c:dd48:c953:d91f:a80d%en0', os.name: 'Mac OS X', os.arch: 'x86_64', os.version: '10.13.6', java.version: '11.0.6'
Driver info: org.openqa.selenium.chrome.ChromeDriver
Capabilities {acceptInsecureCerts: false, browserName: chrome, browserVersion: 85.0.4183.83, chrome: {chromedriverVersion: 85.0.4183.87 (cd6713ebf92fa..., userDataDir: /var/folders/27/nmfyzmzj1c7...}, goog:chromeOptions: {debuggerAddress: localhost:52511}, javascriptEnabled: true, networkConnectionEnabled: false, pageLoadStrategy: normal, platform: MAC, platformName: MAC, proxy: Proxy(), setWindowRect: true, strictFileInteractability: false, timeouts: {implicit: 0, pageLoad: 300000, script: 30000}, unhandledPromptBehavior: dismiss and notify, webauthn:virtualAuthenticators: true}
Session ID: a323da28d943b184f8b95061579ae98c
*** Element info: {Using=xpath, value=//*[@id="QuickLinkItem3e94"]}]]>
            </message>
            <full-stacktrace>
              <![CDATA[org.openqa.selenium.NoSuchElementException: no such element: Unable to locate element: {"method":"xpath","selector":"//*[@id="QuickLinkItem3e94"]"}
  (Session info: chrome=85.0.4183.83)
For documentation on this error, please visit: https://www.seleniumhq.org/exceptions/no_such_element.html
Build info: version: '3.141.59', revision: 'e82be7d358', time: '2018-11-14T08:17:03'
System info: host: 'Farjanas-Air', ip: '2604:2000:1700:1c:dd48:c953:d91f:a80d%en0', os.name: 'Mac OS X', os.arch: 'x86_64', os.version: '10.13.6', java.version: '11.0.6'
Driver info: org.openqa.selenium.chrome.ChromeDriver
Capabilities {acceptInsecureCerts: false, browserName: chrome, browserVersion: 85.0.4183.83, chrome: {chromedriverVersion: 85.0.4183.87 (cd6713ebf92fa..., userDataDir: /var/folders/27/nmfyzmzj1c7...}, goog:chromeOptions: {debuggerAddress: localhost:52511}, javascriptEnabled: true, networkConnectionEnabled: false, pageLoadStrategy: normal, platform: MAC, platformName: MAC, proxy: Proxy(), setWindowRect: true, strictFileInteractability: false, timeouts: {implicit: 0, pageLoad: 300000, script: 30000}, unhandledPromptBehavior: dismiss and notify, webauthn:virtualAuthenticators: true}
Session ID: a323da28d943b184f8b95061579ae98c
*** Element info: {Using=xpath, value=//*[@id="QuickLinkItem3e94"]}
at java.base/jdk.internal.reflect.NativeConstructorAccessorImpl.newInstance0(Native Method)
at java.base/jdk.internal.reflect.NativeConstructorAccessorImpl.newInstance(NativeConstructorAccessorImpl.java:62)
at java.base/jdk.internal.reflect.DelegatingConstructorAccessorImpl.newInstance(DelegatingConstructorAccessorImpl.java:45)
at java.base/java.lang.reflect.Constructor.newInstance(Constructor.java:490)
at org.openqa.selenium.remote.http.W3CHttpResponseCodec.createException(W3CHttpResponseCodec.java:187)
at org.openqa.selenium.remote.http.W3CHttpResponseCodec.decode(W3CHttpResponseCodec.java:122)
at org.openqa.selenium.remote.http.W3CHttpResponseCodec.decode(W3CHttpResponseCodec.java:49)
at org.openqa.selenium.remote.HttpCommandExecutor.execute(HttpCommandExecutor.java:158)
at org.openqa.selenium.remote.service.DriverCommandExecutor.execute(DriverCommandExecutor.java:83)
at org.openqa.selenium.remote.RemoteWebDriver.execute(RemoteWebDriver.java:552)
at org.openqa.selenium.remote.RemoteWebDriver.findElement(RemoteWebDriver.java:323)
at org.openqa.selenium.remote.RemoteWebDriver.findElementByXPath(RemoteWebDriver.java:428)
at org.openqa.selenium.By$ByXPath.findElement(By.java:353)
at org.openqa.selenium.remote.RemoteWebDriver.findElement(RemoteWebDriver.java:315)
at org.openqa.selenium.support.pagefactory.DefaultElementLocator.findElement(DefaultElementLocator.java:69)
at org.openqa.selenium.support.pagefactory.internal.LocatingElementHandler.invoke(LocatingElementHandler.java:38)
at com.sun.proxy.$Proxy14.click(Unknown Source)
at home.MarriottHomePage.checkEspanol(MarriottHomePage.java:49)
at home.MarriottHomePageTest.testAndValidateEspanol(MarriottHomePageTest.java:26)
at java.base/jdk.internal.reflect.NativeMethodAccessorImpl.invoke0(Native Method)
at java.base/jdk.internal.reflect.NativeMethodAccessorImpl.invoke(NativeMethodAccessorImpl.java:62)
at java.base/jdk.internal.reflect.DelegatingMethodAccessorImpl.invoke(DelegatingMethodAccessorImpl.java:43)
at java.base/java.lang.reflect.Method.invoke(Method.java:566)
at org.testng.internal.MethodInvocationHelper.invokeMethod(MethodInvocationHelper.java:134)
at org.testng.internal.TestInvoker.invokeMethod(TestInvoker.java:597)
at org.testng.internal.TestInvoker.invokeTestMethod(TestInvoker.java:173)
at org.testng.internal.MethodRunner.runInSequence(MethodRunner.java:46)
at org.testng.internal.TestInvoker$MethodInvocationAgent.invoke(TestInvoker.java:816)
at org.testng.internal.TestInvoker.invokeTestMethods(TestInvoker.java:146)
at org.testng.internal.TestMethodWorker.invokeTestMethods(TestMethodWorker.java:146)
at org.testng.internal.TestMethodWorker.run(TestMethodWorker.java:128)
at java.base/java.util.ArrayList.forEach(ArrayList.java:1540)
at org.testng.TestRunner.privateRun(TestRunner.java:766)
at org.testng.TestRunner.run(TestRunner.java:587)
at org.testng.SuiteRunner.runTest(SuiteRunner.java:384)
at org.testng.SuiteRunner.runSequentially(SuiteRunner.java:378)
at org.testng.SuiteRunner.privateRun(SuiteRunner.java:337)
at org.testng.SuiteRunner.run(SuiteRunner.java:286)
at org.testng.SuiteRunnerWorker.runSuite(SuiteRunnerWorker.java:53)
at org.testng.SuiteRunnerWorker.run(SuiteRunnerWorker.java:96)
at org.testng.TestNG.runSuitesSequentially(TestNG.java:1187)
at org.testng.TestNG.runSuitesLocally(TestNG.java:1109)
at org.testng.TestNG.runSuites(TestNG.java:1039)
at org.testng.TestNG.run(TestNG.java:1007)
at org.apache.maven.surefire.testng.TestNGExecutor.run(TestNGExecutor.java:284)
at org.apache.maven.surefire.testng.TestNGXmlTestSuite.execute(TestNGXmlTestSuite.java:75)
at org.apache.maven.surefire.testng.TestNGProvider.invoke(TestNGProvider.java:119)
at org.apache.maven.surefire.booter.ForkedBooter.runSuitesInProcess(ForkedBooter.java:428)
at org.apache.maven.surefire.booter.ForkedBooter.execute(ForkedBooter.java:162)
at org.apache.maven.surefire.booter.ForkedBooter.run(ForkedBooter.java:562)
at org.apache.maven.surefire.booter.ForkedBooter.main(ForkedBooter.java:548)
]]>
            </full-stacktrace>
          </exception> <!-- org.openqa.selenium.NoSuchElementException -->
          <reporter-output>
          </reporter-output>
        </test-method> <!-- testAndValidateEspanol -->
        <test-method is-config="true" signature="afterEachTestMethod(org.testng.ITestResult)[pri:0, instance:home.MarriottHomePageTest@68567e20]" started-at="2020-09-05T07:21:09 EDT" name="afterEachTestMethod" finished-at="2020-09-05T07:21:10 EDT" duration-ms="734" status="PASS">
          <params>
            <param index="0">
              <value>
                <![CDATA[[TestResult name=testAndValidateEspanol status=FAILURE method=MarriottHomePageTest.testAndValidateEspanol()[pri:0, instance:home.MarriottHomePageTest@68567e20] output={null}]]]>
              </value>
            </param>
          </params>
          <reporter-output>
          </reporter-output>
        </test-method> <!-- afterEachTestMethod -->
        <test-method is-config="true" signature="cleanUp()[pri:0, instance:home.MarriottHomePageTest@68567e20]" started-at="2020-09-05T07:21:10 EDT" name="cleanUp" finished-at="2020-09-05T07:21:10 EDT" duration-ms="0" status="PASS">
          <reporter-output>
          </reporter-output>
        </test-method> <!-- cleanUp -->
        <test-method is-config="true" signature="setUp(boolean, java.lang.String, java.lang.String, java.lang.String, java.lang.String, java.lang.String, java.lang.String)[pri:0, instance:home.MarriottHomePageTest@68567e20]" started-at="2020-09-05T07:21:10 EDT" name="setUp" finished-at="2020-09-05T07:21:15 EDT" duration-ms="4775" status="PASS">
          <params>
            <param index="0">
              <value>
                <![CDATA[false]]>
              </value>
            </param>
            <param index="1">
              <value>
                <![CDATA[browserstack]]>
              </value>
            </param>
            <param index="2">
              <value>
                <![CDATA[OS X]]>
              </value>
            </param>
            <param index="3">
              <value>
                <![CDATA[Sierra]]>
              </value>
            </param>
            <param index="4">
              <value>
                <![CDATA[chrome-options]]>
              </value>
            </param>
            <param index="5">
              <value>
                <![CDATA[85.0]]>
              </value>
            </param>
            <param index="6">
              <value>
                <![CDATA[https://www.marriott.com]]>
              </value>
            </param>
          </params>
          <reporter-output>
          </reporter-output>
        </test-method> <!-- setUp -->
        <test-method is-config="true" signature="startExtent(java.lang.reflect.Method)[pri:0, instance:home.MarriottHomePageTest@68567e20]" started-at="2020-09-05T07:21:15 EDT" name="startExtent" finished-at="2020-09-05T07:21:15 EDT" duration-ms="1" status="PASS">
          <params>
            <param index="0">
              <value>
                <![CDATA[public void home.MarriottHomePageTest.testAndValidateHotelFindingProcess() throws java.lang.InterruptedException]]>
              </value>
            </param>
          </params>
          <reporter-output>
          </reporter-output>
        </test-method> <!-- startExtent -->
        <test-method is-config="true" signature="getInit()[pri:0, instance:home.MarriottHomePageTest@68567e20]" started-at="2020-09-05T07:21:15 EDT" name="getInit" finished-at="2020-09-05T07:21:15 EDT" duration-ms="2" status="PASS">
          <reporter-output>
          </reporter-output>
        </test-method> <!-- getInit -->
        <test-method signature="testAndValidateHotelFindingProcess()[pri:0, instance:home.MarriottHomePageTest@68567e20]" started-at="2020-09-05T07:21:15 EDT" name="testAndValidateHotelFindingProcess" finished-at="2020-09-05T07:21:29 EDT" duration-ms="14268" status="PASS">
          <reporter-output>
          </reporter-output>
        </test-method> <!-- testAndValidateHotelFindingProcess -->
        <test-method is-config="true" signature="afterEachTestMethod(org.testng.ITestResult)[pri:0, instance:home.MarriottHomePageTest@68567e20]" started-at="2020-09-05T07:21:29 EDT" name="afterEachTestMethod" finished-at="2020-09-05T07:21:29 EDT" duration-ms="260" status="PASS">
          <params>
            <param index="0">
              <value>
                <![CDATA[[TestResult name=testAndValidateHotelFindingProcess status=SUCCESS method=MarriottHomePageTest.testAndValidateHotelFindingProcess()[pri:0, instance:home.MarriottHomePageTest@68567e20] output={null}]]]>
              </value>
            </param>
          </params>
          <reporter-output>
          </reporter-output>
        </test-method> <!-- afterEachTestMethod -->
        <test-method is-config="true" signature="cleanUp()[pri:0, instance:home.MarriottHomePageTest@68567e20]" started-at="2020-09-05T07:21:29 EDT" name="cleanUp" finished-at="2020-09-05T07:21:29 EDT" duration-ms="1" status="PASS">
          <reporter-output>
          </reporter-output>
        </test-method> <!-- cleanUp -->
        <test-method is-config="true" signature="setUp(boolean, java.lang.String, java.lang.String, java.lang.String, java.lang.String, java.lang.String, java.lang.String)[pri:0, instance:home.MarriottHomePageTest@68567e20]" started-at="2020-09-05T07:21:29 EDT" name="setUp" finished-at="2020-09-05T07:21:35 EDT" duration-ms="5499" status="PASS">
          <params>
            <param index="0">
              <value>
                <![CDATA[false]]>
              </value>
            </param>
            <param index="1">
              <value>
                <![CDATA[browserstack]]>
              </value>
            </param>
            <param index="2">
              <value>
                <![CDATA[OS X]]>
              </value>
            </param>
            <param index="3">
              <value>
                <![CDATA[Sierra]]>
              </value>
            </param>
            <param index="4">
              <value>
                <![CDATA[chrome-options]]>
              </value>
            </param>
            <param index="5">
              <value>
                <![CDATA[85.0]]>
              </value>
            </param>
            <param index="6">
              <value>
                <![CDATA[https://www.marriott.com]]>
              </value>
            </param>
          </params>
          <reporter-output>
          </reporter-output>
        </test-method> <!-- setUp -->
        <test-method is-config="true" signature="startExtent(java.lang.reflect.Method)[pri:0, instance:home.MarriottHomePageTest@68567e20]" started-at="2020-09-05T07:21:35 EDT" name="startExtent" finished-at="2020-09-05T07:21:35 EDT" duration-ms="1" status="PASS">
          <params>
            <param index="0">
              <value>
                <![CDATA[public void home.MarriottHomePageTest.testAndValidateNumberOfRooms()]]>
              </value>
            </param>
          </params>
          <reporter-output>
          </reporter-output>
        </test-method> <!-- startExtent -->
        <test-method is-config="true" signature="getInit()[pri:0, instance:home.MarriottHomePageTest@68567e20]" started-at="2020-09-05T07:21:35 EDT" name="getInit" finished-at="2020-09-05T07:21:35 EDT" duration-ms="1" status="PASS">
          <reporter-output>
          </reporter-output>
        </test-method> <!-- getInit -->
        <test-method signature="testAndValidateNumberOfRooms()[pri:0, instance:home.MarriottHomePageTest@68567e20]" started-at="2020-09-05T07:21:35 EDT" name="testAndValidateNumberOfRooms" finished-at="2020-09-05T07:21:41 EDT" duration-ms="6272" status="PASS">
          <reporter-output>
          </reporter-output>
        </test-method> <!-- testAndValidateNumberOfRooms -->
        <test-method is-config="true" signature="afterEachTestMethod(org.testng.ITestResult)[pri:0, instance:home.MarriottHomePageTest@68567e20]" started-at="2020-09-05T07:21:41 EDT" name="afterEachTestMethod" finished-at="2020-09-05T07:21:41 EDT" duration-ms="234" status="PASS">
          <params>
            <param index="0">
              <value>
                <![CDATA[[TestResult name=testAndValidateNumberOfRooms status=SUCCESS method=MarriottHomePageTest.testAndValidateNumberOfRooms()[pri:0, instance:home.MarriottHomePageTest@68567e20] output={null}]]]>
              </value>
            </param>
          </params>
          <reporter-output>
          </reporter-output>
        </test-method> <!-- afterEachTestMethod -->
        <test-method is-config="true" signature="cleanUp()[pri:0, instance:home.MarriottHomePageTest@68567e20]" started-at="2020-09-05T07:21:41 EDT" name="cleanUp" finished-at="2020-09-05T07:21:41 EDT" duration-ms="1" status="PASS">
          <reporter-output>
          </reporter-output>
        </test-method> <!-- cleanUp -->
        <test-method is-config="true" signature="setUp(boolean, java.lang.String, java.lang.String, java.lang.String, java.lang.String, java.lang.String, java.lang.String)[pri:0, instance:home.MarriottHomePageTest@68567e20]" started-at="2020-09-05T07:21:41 EDT" name="setUp" finished-at="2020-09-05T07:21:46 EDT" duration-ms="4492" status="PASS">
          <params>
            <param index="0">
              <value>
                <![CDATA[false]]>
              </value>
            </param>
            <param index="1">
              <value>
                <![CDATA[browserstack]]>
              </value>
            </param>
            <param index="2">
              <value>
                <![CDATA[OS X]]>
              </value>
            </param>
            <param index="3">
              <value>
                <![CDATA[Sierra]]>
              </value>
            </param>
            <param index="4">
              <value>
                <![CDATA[chrome-options]]>
              </value>
            </param>
            <param index="5">
              <value>
                <![CDATA[85.0]]>
              </value>
            </param>
            <param index="6">
              <value>
                <![CDATA[https://www.marriott.com]]>
              </value>
            </param>
          </params>
          <reporter-output>
          </reporter-output>
        </test-method> <!-- setUp -->
        <test-method is-config="true" signature="startExtent(java.lang.reflect.Method)[pri:0, instance:home.MarriottHomePageTest@68567e20]" started-at="2020-09-05T07:21:46 EDT" name="startExtent" finished-at="2020-09-05T07:21:46 EDT" duration-ms="1" status="PASS">
          <params>
            <param index="0">
              <value>
                <![CDATA[public void home.MarriottHomePageTest.testAndValidateSpecialRate()]]>
              </value>
            </param>
          </params>
          <reporter-output>
          </reporter-output>
        </test-method> <!-- startExtent -->
        <test-method is-config="true" signature="getInit()[pri:0, instance:home.MarriottHomePageTest@68567e20]" started-at="2020-09-05T07:21:46 EDT" name="getInit" finished-at="2020-09-05T07:21:46 EDT" duration-ms="1" status="PASS">
          <reporter-output>
          </reporter-output>
        </test-method> <!-- getInit -->
        <test-method signature="testAndValidateSpecialRate()[pri:0, instance:home.MarriottHomePageTest@68567e20]" started-at="2020-09-05T07:21:46 EDT" name="testAndValidateSpecialRate" finished-at="2020-09-05T07:21:53 EDT" duration-ms="6974" status="PASS">
          <reporter-output>
          </reporter-output>
        </test-method> <!-- testAndValidateSpecialRate -->
        <test-method is-config="true" signature="afterEachTestMethod(org.testng.ITestResult)[pri:0, instance:home.MarriottHomePageTest@68567e20]" started-at="2020-09-05T07:21:53 EDT" name="afterEachTestMethod" finished-at="2020-09-05T07:21:53 EDT" duration-ms="233" status="PASS">
          <params>
            <param index="0">
              <value>
                <![CDATA[[TestResult name=testAndValidateSpecialRate status=SUCCESS method=MarriottHomePageTest.testAndValidateSpecialRate()[pri:0, instance:home.MarriottHomePageTest@68567e20] output={null}]]]>
              </value>
            </param>
          </params>
          <reporter-output>
          </reporter-output>
        </test-method> <!-- afterEachTestMethod -->
        <test-method is-config="true" signature="cleanUp()[pri:0, instance:home.MarriottHomePageTest@68567e20]" started-at="2020-09-05T07:21:53 EDT" name="cleanUp" finished-at="2020-09-05T07:21:53 EDT" duration-ms="0" status="PASS">
          <reporter-output>
          </reporter-output>
        </test-method> <!-- cleanUp -->
        <test-method is-config="true" signature="setUp(boolean, java.lang.String, java.lang.String, java.lang.String, java.lang.String, java.lang.String, java.lang.String)[pri:0, instance:home.MarriottHomePageTest@68567e20]" started-at="2020-09-05T07:21:53 EDT" name="setUp" finished-at="2020-09-05T07:22:00 EDT" duration-ms="6965" status="PASS">
          <params>
            <param index="0">
              <value>
                <![CDATA[false]]>
              </value>
            </param>
            <param index="1">
              <value>
                <![CDATA[browserstack]]>
              </value>
            </param>
            <param index="2">
              <value>
                <![CDATA[OS X]]>
              </value>
            </param>
            <param index="3">
              <value>
                <![CDATA[Sierra]]>
              </value>
            </param>
            <param index="4">
              <value>
                <![CDATA[chrome-options]]>
              </value>
            </param>
            <param index="5">
              <value>
                <![CDATA[85.0]]>
              </value>
            </param>
            <param index="6">
              <value>
                <![CDATA[https://www.marriott.com]]>
              </value>
            </param>
          </params>
          <reporter-output>
          </reporter-output>
        </test-method> <!-- setUp -->
        <test-method is-config="true" signature="getInit()[pri:0, instance:home.MarriottHomePageTest@68567e20]" started-at="2020-09-05T07:22:00 EDT" name="getInit" finished-at="2020-09-05T07:22:00 EDT" duration-ms="2" status="PASS">
          <reporter-output>
          </reporter-output>
        </test-method> <!-- getInit -->
        <test-method is-config="true" signature="startExtent(java.lang.reflect.Method)[pri:0, instance:home.MarriottHomePageTest@68567e20]" started-at="2020-09-05T07:22:00 EDT" name="startExtent" finished-at="2020-09-05T07:22:00 EDT" duration-ms="0" status="PASS">
          <params>
            <param index="0">
              <value>
                <![CDATA[public void home.MarriottHomePageTest.testAndValidateUsePointCheckBox()]]>
              </value>
            </param>
          </params>
          <reporter-output>
          </reporter-output>
        </test-method> <!-- startExtent -->
        <test-method signature="testAndValidateUsePointCheckBox()[pri:0, instance:home.MarriottHomePageTest@68567e20]" started-at="2020-09-05T07:22:00 EDT" name="testAndValidateUsePointCheckBox" finished-at="2020-09-05T07:22:06 EDT" duration-ms="5975" status="PASS">
          <reporter-output>
          </reporter-output>
        </test-method> <!-- testAndValidateUsePointCheckBox -->
        <test-method is-config="true" signature="afterEachTestMethod(org.testng.ITestResult)[pri:0, instance:home.MarriottHomePageTest@68567e20]" started-at="2020-09-05T07:22:06 EDT" name="afterEachTestMethod" finished-at="2020-09-05T07:22:06 EDT" duration-ms="222" status="PASS">
          <params>
            <param index="0">
              <value>
                <![CDATA[[TestResult name=testAndValidateUsePointCheckBox status=SUCCESS method=MarriottHomePageTest.testAndValidateUsePointCheckBox()[pri:0, instance:home.MarriottHomePageTest@68567e20] output={null}]]]>
              </value>
            </param>
          </params>
          <reporter-output>
          </reporter-output>
        </test-method> <!-- afterEachTestMethod -->
        <test-method is-config="true" signature="cleanUp()[pri:0, instance:home.MarriottHomePageTest@68567e20]" started-at="2020-09-05T07:22:06 EDT" name="cleanUp" finished-at="2020-09-05T07:22:06 EDT" duration-ms="0" status="PASS">
          <reporter-output>
          </reporter-output>
        </test-method> <!-- cleanUp -->
        <test-method is-config="true" signature="generateReport()[pri:0, instance:home.MarriottHomePageTest@68567e20]" started-at="2020-09-05T07:22:06 EDT" name="generateReport" finished-at="2020-09-05T07:22:06 EDT" duration-ms="28" status="PASS">
          <reporter-output>
          </reporter-output>
        </test-method> <!-- generateReport -->
      </class> <!-- home.MarriottHomePageTest -->
    </test> <!-- Marriott Home -->
  </suite> <!-- Marriott Automation Test -->
</testng-results>
