<?xml version="1.0" encoding="UTF-8"?>
<!-- Generated by org.testng.reporters.JUnitXMLReporter -->
<testsuite ignored="4" hostname="Syeds-MBP.ed.shawcable.net" failures="0" tests="1" name="Amazon Home" time="20.595" errors="0" timestamp="2020-08-31T23:03:28 MDT">
  <testcase classname="testhome.HomePageTest" name="testSearchBoxCheckGetItemsListFromDB" time="16.268"/>
  <testcase classname="testhome.HomePageTest" name="testSearchBoxCheckUsingGetItemValue" time="0.0">
    <ignored/>
  </testcase> <!-- testSearchBoxCheckUsingGetItemValue -->
  <testcase classname="testhome.HomePageTest" name="testSearchBoxCheck" time="0.0">
    <ignored/>
  </testcase> <!-- testSearchBoxCheck -->
  <testcase classname="testhome.HomePageTest" name="testSearchBoxCheckGetItemsListFromExcel" time="0.0">
    <ignored/>
  </testcase> <!-- testSearchBoxCheckGetItemsListFromExcel -->
  <testcase classname="testhome.HomePageTest" name="testSearchBoxCheck1" time="0.0">
    <ignored/>
  </testcase> <!-- testSearchBoxCheck1 -->
</testsuite> <!-- Amazon Home -->
